*Epoch=1 LR=0.00030
GenLosses: [0.5780154960155487]
ClaLosses: [1.1655226925611495]
ErrorEval=0.37900

*Epoch=2 LR=0.00030
GenLosses: [0.48876292097568513]
ClaLosses: [0.38333743205666543]
ErrorEval=0.45130

*Epoch=3 LR=0.00030
GenLosses: [0.48377757412195205]
ClaLosses: [0.157967119269073]
ErrorEval=0.35060

*Epoch=4 LR=0.00030
GenLosses: [0.48084097003936765]
ClaLosses: [0.08952836710773408]
ErrorEval=0.35260

*Epoch=5 LR=0.00030
GenLosses: [0.49200559824705126]
ClaLosses: [0.06578839268349111]
ErrorEval=0.30340

*Epoch=6 LR=0.00030
GenLosses: [0.4990246874094009]
ClaLosses: [0.05944503587251529]
ErrorEval=0.28950

*Epoch=7 LR=0.00030
GenLosses: [0.49876800674200056]
ClaLosses: [0.04967856736201793]
ErrorEval=0.28520

*Epoch=8 LR=0.00030
GenLosses: [0.48154523998498916]
ClaLosses: [0.04192843931401148]
ErrorEval=0.28740

*Epoch=9 LR=0.00030
GenLosses: [0.49143978244066224]
ClaLosses: [0.041256488958722914]
ErrorEval=0.27680

*Epoch=10 LR=0.00030
GenLosses: [0.4523623274564743]
ClaLosses: [0.07294168807938695]
ErrorEval=0.27710

*Epoch=11 LR=0.00030
GenLosses: [0.44148500788211825]
ClaLosses: [0.05843409490585327]
ErrorEval=0.26640

*Epoch=12 LR=0.00030
GenLosses: [0.443367673933506]
ClaLosses: [0.047392552219331266]
ErrorEval=0.25790

*Epoch=13 LR=0.00030
GenLosses: [0.44398660510778426]
ClaLosses: [0.1032690444290638]
ErrorEval=0.25990

*Epoch=14 LR=0.00030
GenLosses: [0.44641929972171784]
ClaLosses: [0.04176031705737114]
ErrorEval=0.24470

*Epoch=15 LR=0.00030
GenLosses: [0.4316544601917267]
ClaLosses: [0.054016366820782424]
ErrorEval=0.24250

*Epoch=16 LR=0.00030
GenLosses: [0.42225504195690156]
ClaLosses: [0.07678820666670799]
ErrorEval=0.23070

*Epoch=17 LR=0.00030
GenLosses: [0.4267669630050659]
ClaLosses: [0.05938659266754985]
ErrorEval=0.21820

*Epoch=18 LR=0.00030
GenLosses: [0.43291656374931337]
ClaLosses: [0.06266843854263425]
ErrorEval=0.22690

*Epoch=19 LR=0.00030
GenLosses: [0.42526002442836763]
ClaLosses: [0.07541830189153552]
ErrorEval=0.22880

*Epoch=20 LR=0.00030
GenLosses: [0.42677303999662397]
ClaLosses: [0.08273811701685191]
ErrorEval=0.22470

*Epoch=21 LR=0.00030
GenLosses: [0.42669990605115893]
ClaLosses: [0.07131158318370581]
ErrorEval=0.22240

*Epoch=22 LR=0.00030
GenLosses: [0.4225140541791916]
ClaLosses: [0.05828959022462368]
ErrorEval=0.21390

*Epoch=23 LR=0.00030
GenLosses: [0.43452228462696074]
ClaLosses: [0.12268290201947094]
ErrorEval=0.23280

*Epoch=24 LR=0.00030
GenLosses: [0.4205651409626007]
ClaLosses: [0.06182368082553148]
ErrorEval=0.21110

*Epoch=25 LR=0.00030
GenLosses: [0.42436227524280545]
ClaLosses: [0.06588612832501531]
ErrorEval=0.20980

*Epoch=26 LR=0.00030
GenLosses: [0.42471396940946576]
ClaLosses: [0.08360013917833567]
ErrorEval=0.22610

*Epoch=27 LR=0.00030
GenLosses: [0.42151904928684236]
ClaLosses: [0.08408185116201639]
ErrorEval=0.22110

*Epoch=28 LR=0.00030
GenLosses: [0.4228043861985207]
ClaLosses: [0.07778789735585451]
ErrorEval=0.20490

*Epoch=29 LR=0.00030
GenLosses: [0.42578651040792465]
ClaLosses: [0.07427311043068767]
ErrorEval=0.21150

*Epoch=30 LR=0.00030
GenLosses: [0.4235121792554855]
ClaLosses: [0.09508930841088295]
ErrorEval=0.20550

*Epoch=31 LR=0.00030
GenLosses: [0.4183176392316818]
ClaLosses: [0.08697470856457949]
ErrorEval=0.20250

*Epoch=32 LR=0.00030
GenLosses: [0.4125623780488968]
ClaLosses: [0.08895796406641603]
ErrorEval=0.20640

*Epoch=33 LR=0.00030
GenLosses: [0.4155352574586868]
ClaLosses: [0.10197015865892171]
ErrorEval=0.20200

*Epoch=34 LR=0.00030
GenLosses: [0.4238013173341751]
ClaLosses: [0.08503487223386764]
ErrorEval=0.19700

*Epoch=35 LR=0.00030
GenLosses: [0.41998981809616087]
ClaLosses: [0.1016434813439846]
ErrorEval=0.19890

*Epoch=36 LR=0.00030
GenLosses: [0.41202838337421416]
ClaLosses: [0.0978240963742137]
ErrorEval=0.19620

*Epoch=37 LR=0.00030
GenLosses: [0.4119417731165886]
ClaLosses: [0.10652194306254387]
ErrorEval=0.19510

*Epoch=38 LR=0.00030
GenLosses: [0.4162401382923126]
ClaLosses: [0.09458262529969215]
ErrorEval=0.20160

*Epoch=39 LR=0.00030
GenLosses: [0.41149391746520997]
ClaLosses: [0.10166653224080802]
ErrorEval=0.19940

*Epoch=40 LR=0.00030
GenLosses: [0.416092660009861]
ClaLosses: [0.1157023627012968]
ErrorEval=0.19440

*Epoch=41 LR=0.00030
GenLosses: [0.4185858091711998]
ClaLosses: [0.12379589720070362]
ErrorEval=0.20250

*Epoch=42 LR=0.00030
GenLosses: [0.41509333753585814]
ClaLosses: [0.11596912636607885]
ErrorEval=0.19240

*Epoch=43 LR=0.00030
GenLosses: [0.42056307518482205]
ClaLosses: [0.11219054024666547]
ErrorEval=0.19400

*Epoch=44 LR=0.00030
GenLosses: [0.4055729190707207]
ClaLosses: [0.11643468863517047]
ErrorEval=0.19150

*Epoch=45 LR=0.00030
GenLosses: [0.4050959666967392]
ClaLosses: [0.12060864673554897]
ErrorEval=0.18960

*Epoch=46 LR=0.00030
GenLosses: [0.414131374835968]
ClaLosses: [0.1209791871085763]
ErrorEval=0.21590

*Epoch=47 LR=0.00030
GenLosses: [0.40915998369455336]
ClaLosses: [0.127995889775455]
ErrorEval=0.19770

*Epoch=48 LR=0.00030
GenLosses: [0.4034669509530067]
ClaLosses: [0.13224219193309544]
ErrorEval=0.18850

*Epoch=49 LR=0.00030
GenLosses: [0.39808278715610507]
ClaLosses: [0.12474249298870564]
ErrorEval=0.18660

*Epoch=50 LR=0.00030
GenLosses: [0.4192930690050125]
ClaLosses: [0.13808958926051856]
ErrorEval=0.19460

*Epoch=51 LR=0.00030
GenLosses: [0.41129645943641663]
ClaLosses: [0.13863821690529585]
ErrorEval=0.18750

*Epoch=52 LR=0.00030
GenLosses: [0.40102908831834794]
ClaLosses: [0.1410704542323947]
ErrorEval=0.19380

*Epoch=53 LR=0.00030
GenLosses: [0.39555521684885026]
ClaLosses: [0.14255199705809354]
ErrorEval=0.18220

*Epoch=54 LR=0.00030
GenLosses: [0.4003885253071785]
ClaLosses: [0.14930467620491983]
ErrorEval=0.18970

*Epoch=55 LR=0.00030
GenLosses: [0.3972114534378052]
ClaLosses: [0.14713342216610908]
ErrorEval=0.18660

*Epoch=56 LR=0.00030
GenLosses: [0.4029850047826767]
ClaLosses: [0.14898835846036673]
ErrorEval=0.18830

*Epoch=57 LR=0.00030
GenLosses: [0.40096550995111463]
ClaLosses: [0.1489316934645176]
ErrorEval=0.19290

*Epoch=58 LR=0.00030
GenLosses: [0.40395769739151]
ClaLosses: [0.15530476225167514]
ErrorEval=0.18600

*Epoch=59 LR=0.00030
GenLosses: [0.3937838804721832]
ClaLosses: [0.15078006513416767]
ErrorEval=0.19020

*Epoch=60 LR=0.00030
GenLosses: [0.4038635534644127]
ClaLosses: [0.15255453342199327]
ErrorEval=0.18430

*Epoch=61 LR=0.00030
GenLosses: [0.39331727105379105]
ClaLosses: [0.15694598242640495]
ErrorEval=0.18460

*Epoch=62 LR=0.00030
GenLosses: [0.3996830222606659]
ClaLosses: [0.17210239407420158]
ErrorEval=0.18160

*Epoch=63 LR=0.00030
GenLosses: [0.4115884808897972]
ClaLosses: [0.16223439516127108]
ErrorEval=0.19030

*Epoch=64 LR=0.00030
GenLosses: [0.4233198814988136]
ClaLosses: [0.16693212080001832]
ErrorEval=0.19050

*Epoch=65 LR=0.00030
GenLosses: [0.4133818438649178]
ClaLosses: [0.16545119972527028]
ErrorEval=0.18880

*Epoch=66 LR=0.00030
GenLosses: [0.41100243496894834]
ClaLosses: [0.17149649915099144]
ErrorEval=0.19110

*Epoch=67 LR=0.00030
GenLosses: [0.40150763338804246]
ClaLosses: [0.16021117036044596]
ErrorEval=0.18120

*Epoch=68 LR=0.00030
GenLosses: [0.3876476250886917]
ClaLosses: [0.1701492607742548]
ErrorEval=0.19600

*Epoch=69 LR=0.00030
GenLosses: [0.39376035147905347]
ClaLosses: [0.17603085125982762]
ErrorEval=0.18920

*Epoch=70 LR=0.00030
GenLosses: [0.37740744364261625]
ClaLosses: [0.16008368468284606]
ErrorEval=0.18440

*Epoch=71 LR=0.00030
GenLosses: [0.4017680658102036]
ClaLosses: [0.1849495180249214]
ErrorEval=0.18270

*Epoch=72 LR=0.00030
GenLosses: [0.40204944092035294]
ClaLosses: [0.16889877952635288]
ErrorEval=0.18620

*Epoch=73 LR=0.00030
GenLosses: [0.39801853358745576]
ClaLosses: [0.1642256514877081]
ErrorEval=0.17700

*Epoch=74 LR=0.00030
GenLosses: [0.4073432292938232]
ClaLosses: [0.16560745730996132]
ErrorEval=0.17970

*Epoch=75 LR=0.00030
GenLosses: [0.39743684911727906]
ClaLosses: [0.16235255686193706]
ErrorEval=0.18840

*Epoch=76 LR=0.00030
GenLosses: [0.3952628319263458]
ClaLosses: [0.16874896964430808]
ErrorEval=0.18570

*Epoch=77 LR=0.00030
GenLosses: [0.40333526593446734]
ClaLosses: [0.1648069705069065]
ErrorEval=0.17760

*Epoch=78 LR=0.00030
GenLosses: [0.41259833103418353]
ClaLosses: [0.16514935499429703]
ErrorEval=0.17710

*Epoch=79 LR=0.00030
GenLosses: [0.385657025039196]
ClaLosses: [0.16817871475219726]
ErrorEval=0.18280

*Epoch=80 LR=0.00030
GenLosses: [0.4027086840867996]
ClaLosses: [0.16253383865952492]
ErrorEval=0.18620

*Epoch=81 LR=0.00030
GenLosses: [0.40302528578042984]
ClaLosses: [0.16086118178069592]
ErrorEval=0.18630

*Epoch=82 LR=0.00030
GenLosses: [0.4094300311803818]
ClaLosses: [0.17044841453433038]
ErrorEval=0.18270

*Epoch=83 LR=0.00030
GenLosses: [0.4008077910542488]
ClaLosses: [0.16277616623044014]
ErrorEval=0.18470

*Epoch=84 LR=0.00030
GenLosses: [0.38623436135053635]
ClaLosses: [0.15696636877954007]
ErrorEval=0.17760

*Epoch=85 LR=0.00030
GenLosses: [0.3993052342534065]
ClaLosses: [0.16120164755731822]
ErrorEval=0.17680

*Epoch=86 LR=0.00030
GenLosses: [0.3915117709040642]
ClaLosses: [0.16046970719099043]
ErrorEval=0.18610

*Epoch=87 LR=0.00030
GenLosses: [0.38902098858356476]
ClaLosses: [0.157794720441103]
ErrorEval=0.17740

*Epoch=88 LR=0.00030
GenLosses: [0.4199106921553612]
ClaLosses: [0.1473638236746192]
ErrorEval=0.17850

*Epoch=89 LR=0.00030
GenLosses: [0.409548266351223]
ClaLosses: [0.15193266628682614]
ErrorEval=0.18260

*Epoch=90 LR=0.00030
GenLosses: [0.4011127977967262]
ClaLosses: [0.1590159615725279]
ErrorEval=0.18520

*Epoch=91 LR=0.00030
GenLosses: [0.40153894686698915]
ClaLosses: [0.15448067744076252]
ErrorEval=0.18510

*Epoch=92 LR=0.00030
GenLosses: [0.39973337376117707]
ClaLosses: [0.15226402869820596]
ErrorEval=0.18240

*Epoch=93 LR=0.00030
GenLosses: [0.3912775604724884]
ClaLosses: [0.15358390222489834]
ErrorEval=0.17730

*Epoch=94 LR=0.00030
GenLosses: [0.4063979613780975]
ClaLosses: [0.15314463821053506]
ErrorEval=0.18500

*Epoch=95 LR=0.00030
GenLosses: [0.3990121703147888]
ClaLosses: [0.15210591850429772]
ErrorEval=0.18570

*Epoch=96 LR=0.00030
GenLosses: [0.3847906783819199]
ClaLosses: [0.1466467078924179]
ErrorEval=0.17560

*Epoch=97 LR=0.00030
GenLosses: [0.39870995128154757]
ClaLosses: [0.14736490789800882]
ErrorEval=0.17430

*Epoch=98 LR=0.00030
GenLosses: [0.38656207209825516]
ClaLosses: [0.13734764015674591]
ErrorEval=0.18640

*Epoch=99 LR=0.00030
GenLosses: [0.3955650895833969]
ClaLosses: [0.14022859272360802]
ErrorEval=0.18040

*Epoch=100 LR=0.00030
GenLosses: [0.48010926246643065]
ClaLosses: [0.1704320515692234]
ErrorEval=0.18760

*Epoch=101 LR=0.00030
GenLosses: [0.4869079270362854]
ClaLosses: [0.17611107854545116]
ErrorEval=0.17970

*Epoch=102 LR=0.00030
GenLosses: [0.4892354412674904]
ClaLosses: [0.15985121305286884]
ErrorEval=0.18440

*Epoch=103 LR=0.00030
GenLosses: [0.49530303829908373]
ClaLosses: [0.1582793275490403]
ErrorEval=0.17890

*Epoch=104 LR=0.00030
GenLosses: [0.49396841448545453]
ClaLosses: [0.17853297489881514]
ErrorEval=0.18030

*Epoch=105 LR=0.00030
GenLosses: [0.49107548922300337]
ClaLosses: [0.160729286134243]
ErrorEval=0.18270

*Epoch=106 LR=0.00030
GenLosses: [0.49212484347820284]
ClaLosses: [0.15747758100926876]
ErrorEval=0.17870

*Epoch=107 LR=0.00030
GenLosses: [0.49351180499792097]
ClaLosses: [0.16618977454304695]
ErrorEval=0.17630

*Epoch=108 LR=0.00030
GenLosses: [0.4921122454404831]
ClaLosses: [0.15460404652357101]
ErrorEval=0.17310

*Epoch=109 LR=0.00030
GenLosses: [0.4935625104904175]
ClaLosses: [0.15386874540150167]
ErrorEval=0.18020

*Epoch=110 LR=0.00030
GenLosses: [0.4830860736966133]
ClaLosses: [0.15023433028161526]
ErrorEval=0.17820

*Epoch=111 LR=0.00030
GenLosses: [0.4869910025596619]
ClaLosses: [0.1595294185578823]
ErrorEval=0.18760

*Epoch=112 LR=0.00030
GenLosses: [0.4817883358001709]
ClaLosses: [0.14390319864451886]
ErrorEval=0.17770

*Epoch=113 LR=0.00030
GenLosses: [0.48601946645975114]
ClaLosses: [0.14832167313992978]
ErrorEval=0.17500

*Epoch=114 LR=0.00030
GenLosses: [0.48037198108434676]
ClaLosses: [0.14276582258939743]
ErrorEval=0.16810

*Epoch=115 LR=0.00030
GenLosses: [0.47949008929729464]
ClaLosses: [0.15013834868371487]
ErrorEval=0.17670

*Epoch=116 LR=0.00030
GenLosses: [0.47596870684623716]
ClaLosses: [0.1442531630396843]
ErrorEval=0.17710

*Epoch=117 LR=0.00030
GenLosses: [0.4814069498181343]
ClaLosses: [0.1420980843603611]
ErrorEval=0.17650

*Epoch=118 LR=0.00030
GenLosses: [0.48012794375419615]
ClaLosses: [0.14344065742194653]
ErrorEval=0.17500

*Epoch=119 LR=0.00030
GenLosses: [0.4828479698896408]
ClaLosses: [0.1429248333349824]
ErrorEval=0.17670

*Epoch=120 LR=0.00030
GenLosses: [0.4805240985751152]
ClaLosses: [0.13920740086585284]
ErrorEval=0.17510

*Epoch=121 LR=0.00030
GenLosses: [0.480059846162796]
ClaLosses: [0.14146299996972084]
ErrorEval=0.18000

*Epoch=122 LR=0.00030
GenLosses: [0.48331342059373855]
ClaLosses: [0.13361924859136343]
ErrorEval=0.17580

*Epoch=123 LR=0.00030
GenLosses: [0.48013034492731094]
ClaLosses: [0.15041649516671896]
ErrorEval=0.17910

*Epoch=124 LR=0.00030
GenLosses: [0.4862097753286362]
ClaLosses: [0.13918820746243]
ErrorEval=0.17860

*Epoch=125 LR=0.00030
GenLosses: [0.4803787506222725]
ClaLosses: [0.13457859679311515]
ErrorEval=0.17550

*Epoch=126 LR=0.00030
GenLosses: [0.474887310564518]
ClaLosses: [0.1376664765626192]
ErrorEval=0.17640

*Epoch=127 LR=0.00030
GenLosses: [0.47903321743011473]
ClaLosses: [0.13164570321142674]
ErrorEval=0.18210

*Epoch=128 LR=0.00030
GenLosses: [0.482328773856163]
ClaLosses: [0.12991397731006146]
ErrorEval=0.17450

*Epoch=129 LR=0.00030
GenLosses: [0.48140181362628937]
ClaLosses: [0.13462665966898202]
ErrorEval=0.17050

*Epoch=130 LR=0.00030
GenLosses: [0.48037942773103715]
ClaLosses: [0.12955437794327737]
ErrorEval=0.17120

*Epoch=131 LR=0.00030
GenLosses: [0.47660069423913953]
ClaLosses: [0.14544895417988302]
ErrorEval=0.17780

*Epoch=132 LR=0.00030
GenLosses: [0.47893550342321395]
ClaLosses: [0.130711071819067]
ErrorEval=0.17310

*Epoch=133 LR=0.00030
GenLosses: [0.47287696063518525]
ClaLosses: [0.12792627122998237]
ErrorEval=0.17960

*Epoch=134 LR=0.00030
GenLosses: [0.4743773294091225]
ClaLosses: [0.12815406727790832]
ErrorEval=0.17790

*Epoch=135 LR=0.00030
GenLosses: [0.473967800617218]
ClaLosses: [0.14070680384337902]
ErrorEval=0.17250

*Epoch=136 LR=0.00030
GenLosses: [0.4727377392053604]
ClaLosses: [0.13163090606033803]
ErrorEval=0.17270

*Epoch=137 LR=0.00030
GenLosses: [0.47522402882575987]
ClaLosses: [0.13283101075142623]
ErrorEval=0.17460

*Epoch=138 LR=0.00030
GenLosses: [0.47551187986135485]
ClaLosses: [0.13067215562611817]
ErrorEval=0.17440

*Epoch=139 LR=0.00030
GenLosses: [0.4764025272130966]
ClaLosses: [0.12246275800466537]
ErrorEval=0.17250

*Epoch=140 LR=0.00030
GenLosses: [0.47683389753103256]
ClaLosses: [0.12563523483276368]
ErrorEval=0.17410

*Epoch=141 LR=0.00030
GenLosses: [0.47311259084939955]
ClaLosses: [0.12118128368258477]
ErrorEval=0.17920

*Epoch=142 LR=0.00030
GenLosses: [0.4753391093015671]
ClaLosses: [0.13311350152641535]
ErrorEval=0.16870

*Epoch=143 LR=0.00030
GenLosses: [0.4770572165250778]
ClaLosses: [0.12566170988231898]
ErrorEval=0.17330

*Epoch=144 LR=0.00030
GenLosses: [0.47768146139383316]
ClaLosses: [0.12262198069691659]
ErrorEval=0.16830

*Epoch=145 LR=0.00030
GenLosses: [0.47817097663879393]
ClaLosses: [0.13358868364989757]
ErrorEval=0.17420

*Epoch=146 LR=0.00030
GenLosses: [0.47926743257045745]
ClaLosses: [0.12382247141003609]
ErrorEval=0.18360

*Epoch=147 LR=0.00030
GenLosses: [0.4836404511928558]
ClaLosses: [0.12299275387078523]
ErrorEval=0.18010

*Epoch=148 LR=0.00030
GenLosses: [0.4810015221834183]
ClaLosses: [0.12222521878778934]
ErrorEval=0.17230

*Epoch=149 LR=0.00030
GenLosses: [0.48012535107135773]
ClaLosses: [0.12152178354561328]
ErrorEval=0.17670

*Epoch=150 LR=0.00030
GenLosses: [0.48221695214509963]
ClaLosses: [0.1211834393069148]
ErrorEval=0.17140

*Epoch=151 LR=0.00030
GenLosses: [0.4715220438838005]
ClaLosses: [0.12025393766909838]
ErrorEval=0.17500

*Epoch=152 LR=0.00030
GenLosses: [0.4777502818107605]
ClaLosses: [0.11757490519434213]
ErrorEval=0.16810

*Epoch=153 LR=0.00030
GenLosses: [0.47863557386398314]
ClaLosses: [0.12121764211356639]
ErrorEval=0.16910

*Epoch=154 LR=0.00030
GenLosses: [0.479653301358223]
ClaLosses: [0.1195982264354825]
ErrorEval=0.17010

*Epoch=155 LR=0.00030
GenLosses: [0.4734073114991188]
ClaLosses: [0.11803437010198832]
ErrorEval=0.17610

*Epoch=156 LR=0.00030
GenLosses: [0.47435685515403747]
ClaLosses: [0.11839140773564577]
ErrorEval=0.17040

*Epoch=157 LR=0.00030
GenLosses: [0.4759808765053749]
ClaLosses: [0.11708996128290891]
ErrorEval=0.17290

*Epoch=158 LR=0.00030
GenLosses: [0.47124518018960954]
ClaLosses: [0.11954731390625238]
ErrorEval=0.17770

*Epoch=159 LR=0.00030
GenLosses: [0.4715956375002861]
ClaLosses: [0.1282846639305353]
ErrorEval=0.17450

*Epoch=160 LR=0.00030
GenLosses: [0.47091552591323854]
ClaLosses: [0.1153825733140111]
ErrorEval=0.17050

*Epoch=161 LR=0.00030
GenLosses: [0.47631250739097597]
ClaLosses: [0.11602925544977188]
ErrorEval=0.16900

*Epoch=162 LR=0.00030
GenLosses: [0.477683115363121]
ClaLosses: [0.11258099225908517]
ErrorEval=0.17000

*Epoch=163 LR=0.00030
GenLosses: [0.47099976187944415]
ClaLosses: [0.11906384489685297]
ErrorEval=0.17390

*Epoch=164 LR=0.00030
GenLosses: [0.47358559811115264]
ClaLosses: [0.1232157364487648]
ErrorEval=0.17320

*Epoch=165 LR=0.00030
GenLosses: [0.47608697605133055]
ClaLosses: [0.1175338833257556]
ErrorEval=0.17660

*Epoch=166 LR=0.00030
GenLosses: [0.47272396272420886]
ClaLosses: [0.11019222630560398]
ErrorEval=0.17080

*Epoch=167 LR=0.00030
GenLosses: [0.4733490816354752]
ClaLosses: [0.10871326472610235]
ErrorEval=0.16820

*Epoch=168 LR=0.00030
GenLosses: [0.4751766065955162]
ClaLosses: [0.11159361964464187]
ErrorEval=0.17900

*Epoch=169 LR=0.00030
GenLosses: [0.47394319134950635]
ClaLosses: [0.10981066024303436]
ErrorEval=0.17190

*Epoch=170 LR=0.00030
GenLosses: [0.4784088864922523]
ClaLosses: [0.12448372483998538]
ErrorEval=0.17260

*Epoch=171 LR=0.00030
GenLosses: [0.4755875424146652]
ClaLosses: [0.116342409491539]
ErrorEval=0.17230

*Epoch=172 LR=0.00030
GenLosses: [0.47212904477119444]
ClaLosses: [0.11197231978923082]
ErrorEval=0.17100

*Epoch=173 LR=0.00030
GenLosses: [0.46942943447828295]
ClaLosses: [0.11245730201900005]
ErrorEval=0.16800

*Epoch=174 LR=0.00030
GenLosses: [0.47100022315979007]
ClaLosses: [0.11480075017362833]
ErrorEval=0.16950

*Epoch=175 LR=0.00030
GenLosses: [0.4699107429981232]
ClaLosses: [0.10788512311130762]
ErrorEval=0.16850

*Epoch=176 LR=0.00030
GenLosses: [0.4703207263350487]
ClaLosses: [0.10795456781983376]
ErrorEval=0.17140

*Epoch=177 LR=0.00030
GenLosses: [0.4724269607067108]
ClaLosses: [0.11161318500339985]
ErrorEval=0.17410

*Epoch=178 LR=0.00030
GenLosses: [0.4669991875886917]
ClaLosses: [0.10986280101537704]
ErrorEval=0.16920

*Epoch=179 LR=0.00030
GenLosses: [0.46588261079788207]
ClaLosses: [0.10807267580926418]
ErrorEval=0.16780

*Epoch=180 LR=0.00030
GenLosses: [0.4654154272675514]
ClaLosses: [0.11058624520152807]
ErrorEval=0.17890

*Epoch=181 LR=0.00030
GenLosses: [0.4621960157752037]
ClaLosses: [0.10517013943195343]
ErrorEval=0.16970

*Epoch=182 LR=0.00030
GenLosses: [0.45822185969352724]
ClaLosses: [0.11133190929144621]
ErrorEval=0.17090

*Epoch=183 LR=0.00030
GenLosses: [0.4560977511405945]
ClaLosses: [0.10683756814152003]
ErrorEval=0.17350

*Epoch=184 LR=0.00030
GenLosses: [0.4576373176574707]
ClaLosses: [0.11108281800150871]
ErrorEval=0.16990

*Epoch=185 LR=0.00030
GenLosses: [0.45046058225631713]
ClaLosses: [0.11187519401311874]
ErrorEval=0.17760

*Epoch=186 LR=0.00030
GenLosses: [0.4513732540011406]
ClaLosses: [0.10746780731528997]
ErrorEval=0.17090

*Epoch=187 LR=0.00030
GenLosses: [0.44749607956409454]
ClaLosses: [0.10743674317002297]
ErrorEval=0.16750

*Epoch=188 LR=0.00030
GenLosses: [0.44870487540960313]
ClaLosses: [0.1012820694707334]
ErrorEval=0.17410

*Epoch=189 LR=0.00030
GenLosses: [0.45238474881649016]
ClaLosses: [0.11040561172366142]
ErrorEval=0.17790

*Epoch=190 LR=0.00030
GenLosses: [0.45429798221588136]
ClaLosses: [0.10722826402634382]
ErrorEval=0.16870

*Epoch=191 LR=0.00030
GenLosses: [0.4543138383626938]
ClaLosses: [0.10770430389791727]
ErrorEval=0.16840

*Epoch=192 LR=0.00030
GenLosses: [0.4475825244784355]
ClaLosses: [0.10979119525849819]
ErrorEval=0.16930

*Epoch=193 LR=0.00030
GenLosses: [0.4359637877345085]
ClaLosses: [0.1029913073182106]
ErrorEval=0.17060

*Epoch=194 LR=0.00030
GenLosses: [0.42736726039648054]
ClaLosses: [0.10662042644619942]
ErrorEval=0.16980

*Epoch=195 LR=0.00030
GenLosses: [0.4304454943537712]
ClaLosses: [0.10539335189014673]
ErrorEval=0.17120

*Epoch=196 LR=0.00030
GenLosses: [0.429621459543705]
ClaLosses: [0.10544876592606306]
ErrorEval=0.16770

*Epoch=197 LR=0.00030
GenLosses: [0.4296837866306305]
ClaLosses: [0.10352669293433428]
ErrorEval=0.16900

*Epoch=198 LR=0.00030
GenLosses: [0.426245342373848]
ClaLosses: [0.10037281255796551]
ErrorEval=0.18050

*Epoch=199 LR=0.00030
GenLosses: [0.42676010406017306]
ClaLosses: [0.10003588388115167]
ErrorEval=0.17400

*Epoch=200 LR=0.00030
GenLosses: [0.4186785188317299]
ClaLosses: [0.10325364049524069]
ErrorEval=0.16920

*Epoch=201 LR=0.00030
GenLosses: [0.426751815199852]
ClaLosses: [0.10213091614842415]
ErrorEval=0.17200

*Epoch=202 LR=0.00030
GenLosses: [0.4298687744140625]
ClaLosses: [0.10133438243716955]
ErrorEval=0.17480

*Epoch=203 LR=0.00030
GenLosses: [0.43346138048171995]
ClaLosses: [0.1060399944409728]
ErrorEval=0.17280

*Epoch=204 LR=0.00030
GenLosses: [0.42678930711746216]
ClaLosses: [0.10257023507356644]
ErrorEval=0.16740

*Epoch=205 LR=0.00030
GenLosses: [0.4321045592427254]
ClaLosses: [0.09760143475234509]
ErrorEval=0.16950

*Epoch=206 LR=0.00030
GenLosses: [0.42867254531383514]
ClaLosses: [0.09744893232733011]
ErrorEval=0.16940

*Epoch=207 LR=0.00030
GenLosses: [0.43448008424043655]
ClaLosses: [0.0985729455947876]
ErrorEval=0.17400

*Epoch=208 LR=0.00030
GenLosses: [0.43401387786865236]
ClaLosses: [0.10537115589529276]
ErrorEval=0.17140

*Epoch=209 LR=0.00030
GenLosses: [0.4344534137248993]
ClaLosses: [0.10006297171860934]
ErrorEval=0.17350

*Epoch=210 LR=0.00030
GenLosses: [0.4357656072378159]
ClaLosses: [0.09796594218537212]
ErrorEval=0.16790

*Epoch=211 LR=0.00030
GenLosses: [0.4436968550086021]
ClaLosses: [0.10449357470870017]
ErrorEval=0.16990

*Epoch=212 LR=0.00030
GenLosses: [0.43560810029506686]
ClaLosses: [0.09673102505132555]
ErrorEval=0.17640

*Epoch=213 LR=0.00030
GenLosses: [0.4347486371994019]
ClaLosses: [0.09712052401155233]
ErrorEval=0.17670

*Epoch=214 LR=0.00030
GenLosses: [0.43638157814741135]
ClaLosses: [0.09838767183572054]
ErrorEval=0.17510

*Epoch=215 LR=0.00030
GenLosses: [0.43565149104595186]
ClaLosses: [0.10220617996901274]
ErrorEval=0.16810

*Epoch=216 LR=0.00030
GenLosses: [0.43642048579454423]
ClaLosses: [0.10232089648395777]
ErrorEval=0.16820

*Epoch=217 LR=0.00030
GenLosses: [0.44123712414503097]
ClaLosses: [0.10114740636572242]
ErrorEval=0.17290

*Epoch=218 LR=0.00030
GenLosses: [0.43992644453048707]
ClaLosses: [0.0951400789692998]
ErrorEval=0.17350

*Epoch=219 LR=0.00030
GenLosses: [0.43964329922199247]
ClaLosses: [0.10379305816441774]
ErrorEval=0.16900

*Epoch=220 LR=0.00030
GenLosses: [0.44202864450216295]
ClaLosses: [0.09469809562712908]
ErrorEval=0.16910

*Epoch=221 LR=0.00030
GenLosses: [0.443486536860466]
ClaLosses: [0.09986531776934862]
ErrorEval=0.17660

*Epoch=222 LR=0.00030
GenLosses: [0.4428147077560425]
ClaLosses: [0.09417733330279589]
ErrorEval=0.16740

*Epoch=223 LR=0.00030
GenLosses: [0.4430124229192734]
ClaLosses: [0.09604933424293995]
ErrorEval=0.17030

*Epoch=224 LR=0.00030
GenLosses: [0.4452335770726204]
ClaLosses: [0.10346215879172087]
ErrorEval=0.17410

*Epoch=225 LR=0.00030
GenLosses: [0.4454823378324509]
ClaLosses: [0.09445992021635174]
ErrorEval=0.17190

*Epoch=226 LR=0.00030
GenLosses: [0.44646396827697754]
ClaLosses: [0.09979637163877488]
ErrorEval=0.17360

*Epoch=227 LR=0.00030
GenLosses: [0.4456485441327095]
ClaLosses: [0.09576360415294767]
ErrorEval=0.16900

*Epoch=228 LR=0.00030
GenLosses: [0.4450618434548378]
ClaLosses: [0.09028586101531982]
ErrorEval=0.17190

*Epoch=229 LR=0.00030
GenLosses: [0.44696866822242737]
ClaLosses: [0.09924894239380956]
ErrorEval=0.16910

*Epoch=230 LR=0.00030
GenLosses: [0.4467455778121948]
ClaLosses: [0.09325778690725565]
ErrorEval=0.17070

*Epoch=231 LR=0.00030
GenLosses: [0.44920201641321184]
ClaLosses: [0.09481505776196718]
ErrorEval=0.16640

*Epoch=232 LR=0.00030
GenLosses: [0.4482183645963669]
ClaLosses: [0.09464297384023666]
ErrorEval=0.17080

*Epoch=233 LR=0.00030
GenLosses: [0.44899090713262557]
ClaLosses: [0.0967898549735546]
ErrorEval=0.17040

*Epoch=234 LR=0.00030
GenLosses: [0.4507552725672722]
ClaLosses: [0.09526383310183882]
ErrorEval=0.17050

*Epoch=235 LR=0.00030
GenLosses: [0.44771662884950636]
ClaLosses: [0.09062705557793378]
ErrorEval=0.18190

*Epoch=236 LR=0.00030
GenLosses: [0.4504066848754883]
ClaLosses: [0.09040267957374454]
ErrorEval=0.16960

*Epoch=237 LR=0.00030
GenLosses: [0.45000789147615433]
ClaLosses: [0.09615469176322222]
ErrorEval=0.17030

*Epoch=238 LR=0.00030
GenLosses: [0.45215961420536044]
ClaLosses: [0.09117297924682498]
ErrorEval=0.16780

*Epoch=239 LR=0.00030
GenLosses: [0.45010566836595534]
ClaLosses: [0.09619216753542423]
ErrorEval=0.17960

*Epoch=240 LR=0.00030
GenLosses: [0.45178908401727674]
ClaLosses: [0.09376552120596171]
ErrorEval=0.16770

*Epoch=241 LR=0.00030
GenLosses: [0.45109071606397627]
ClaLosses: [0.0909876526594162]
ErrorEval=0.16590

*Epoch=242 LR=0.00030
GenLosses: [0.4508401167988777]
ClaLosses: [0.09249889111891389]
ErrorEval=0.17300

*Epoch=243 LR=0.00030
GenLosses: [0.45135994309186933]
ClaLosses: [0.09001242277398705]
ErrorEval=0.16950

*Epoch=244 LR=0.00030
GenLosses: [0.4519149277806282]
ClaLosses: [0.08583886007964611]
ErrorEval=0.17070

*Epoch=245 LR=0.00030
GenLosses: [0.4520153648257256]
ClaLosses: [0.08979602493718267]
ErrorEval=0.17250

*Epoch=246 LR=0.00030
GenLosses: [0.4524856508374214]
ClaLosses: [0.09507442148029804]
ErrorEval=0.17870

*Epoch=247 LR=0.00030
GenLosses: [0.45246589881181715]
ClaLosses: [0.09067521374672652]
ErrorEval=0.16960

*Epoch=248 LR=0.00030
GenLosses: [0.45331187123060224]
ClaLosses: [0.09663082375749946]
ErrorEval=0.16560

*Epoch=249 LR=0.00030
GenLosses: [0.45409617489576337]
ClaLosses: [0.09364956630021334]
ErrorEval=0.16570

*Epoch=250 LR=0.00030
GenLosses: [0.4538562362790108]
ClaLosses: [0.08938904295861722]
ErrorEval=0.16470

*Epoch=251 LR=0.00030
GenLosses: [0.4540582644343376]
ClaLosses: [0.08865272906795144]
ErrorEval=0.16870

*Epoch=252 LR=0.00030
GenLosses: [0.45340125578641893]
ClaLosses: [0.09359123805165291]
ErrorEval=0.17180

*Epoch=253 LR=0.00030
GenLosses: [0.4536956603527069]
ClaLosses: [0.08919507313519716]
ErrorEval=0.16800

*Epoch=254 LR=0.00030
GenLosses: [0.45354204446077345]
ClaLosses: [0.08490534075722099]
ErrorEval=0.16790

*Epoch=255 LR=0.00030
GenLosses: [0.4556124047040939]
ClaLosses: [0.09144688180088997]
ErrorEval=0.17220

*Epoch=256 LR=0.00030
GenLosses: [0.4544818075299263]
ClaLosses: [0.09191638205572963]
ErrorEval=0.17550

*Epoch=257 LR=0.00030
GenLosses: [0.45513571983575823]
ClaLosses: [0.08671980428695679]
ErrorEval=0.17620

*Epoch=258 LR=0.00030
GenLosses: [0.4547034440040588]
ClaLosses: [0.08672747134044767]
ErrorEval=0.16730

*Epoch=259 LR=0.00030
GenLosses: [0.45468609750270844]
ClaLosses: [0.09311886524036526]
ErrorEval=0.16990

*Epoch=260 LR=0.00030
GenLosses: [0.455474534034729]
ClaLosses: [0.08374443307891488]
ErrorEval=0.16890

*Epoch=261 LR=0.00030
GenLosses: [0.45463413804769515]
ClaLosses: [0.08867448067292572]
ErrorEval=0.17110

*Epoch=262 LR=0.00030
GenLosses: [0.45506951636075976]
ClaLosses: [0.08936394105479122]
ErrorEval=0.17700

*Epoch=263 LR=0.00030
GenLosses: [0.45562225955724717]
ClaLosses: [0.08588064549490809]
ErrorEval=0.16860

*Epoch=264 LR=0.00030
GenLosses: [0.4560674502849579]
ClaLosses: [0.08483922470733524]
ErrorEval=0.16880

*Epoch=265 LR=0.00030
GenLosses: [0.45553604316711427]
ClaLosses: [0.08747269602492452]
ErrorEval=0.16810

*Epoch=266 LR=0.00030
GenLosses: [0.4565018482208252]
ClaLosses: [0.08392492223531008]
ErrorEval=0.17040

*Epoch=267 LR=0.00030
GenLosses: [0.45595192110538485]
ClaLosses: [0.08340347974561155]
ErrorEval=0.16930

*Epoch=268 LR=0.00030
GenLosses: [0.4553291877508163]
ClaLosses: [0.08214188724756241]
ErrorEval=0.16970

*Epoch=269 LR=0.00030
GenLosses: [0.4574494301080704]
ClaLosses: [0.0838236945234239]
ErrorEval=0.17480

*Epoch=270 LR=0.00030
GenLosses: [0.4562557809948921]
ClaLosses: [0.08550102145597338]
ErrorEval=0.17130

*Epoch=271 LR=0.00030
GenLosses: [0.45656406635046004]
ClaLosses: [0.08675085851922631]
ErrorEval=0.18080

*Epoch=272 LR=0.00030
GenLosses: [0.4556884937286377]
ClaLosses: [0.0850997759103775]
ErrorEval=0.17050

*Epoch=273 LR=0.00030
GenLosses: [0.456232173204422]
ClaLosses: [0.08326426189020276]
ErrorEval=0.17510

*Epoch=274 LR=0.00030
GenLosses: [0.4559966515302658]
ClaLosses: [0.08478630051016807]
ErrorEval=0.17090

*Epoch=275 LR=0.00030
GenLosses: [0.45588211286067964]
ClaLosses: [0.0787018701210618]
ErrorEval=0.17290

*Epoch=276 LR=0.00030
GenLosses: [0.45480323255062105]
ClaLosses: [0.09025302761420607]
ErrorEval=0.16970

*Epoch=277 LR=0.00030
GenLosses: [0.4562913658618927]
ClaLosses: [0.07886062345094978]
ErrorEval=0.16990

*Epoch=278 LR=0.00030
GenLosses: [0.4560125126242638]
ClaLosses: [0.0821765887942165]
ErrorEval=0.16280

*Epoch=279 LR=0.00030
GenLosses: [0.4557263451218605]
ClaLosses: [0.08045529780164361]
ErrorEval=0.16270

*Epoch=280 LR=0.00030
GenLosses: [0.45624330937862395]
ClaLosses: [0.08441751536913217]
ErrorEval=0.16820

*Epoch=281 LR=0.00030
GenLosses: [0.45689192366600034]
ClaLosses: [0.08255349083989859]
ErrorEval=0.17040

*Epoch=282 LR=0.00030
GenLosses: [0.4562275525331497]
ClaLosses: [0.07926719568856061]
ErrorEval=0.17040

*Epoch=283 LR=0.00030
GenLosses: [0.4573030136823654]
ClaLosses: [0.07807325003296137]
ErrorEval=0.17370

*Epoch=284 LR=0.00030
GenLosses: [0.4576725543141365]
ClaLosses: [0.09885606466606259]
ErrorEval=0.17610

*Epoch=285 LR=0.00030
GenLosses: [0.45612618416547773]
ClaLosses: [0.07828367155045271]
ErrorEval=0.16950

*Epoch=286 LR=0.00030
GenLosses: [0.45697985029220584]
ClaLosses: [0.08299853856116533]
ErrorEval=0.16980

*Epoch=287 LR=0.00030
GenLosses: [0.45671711349487304]
ClaLosses: [0.07861174695566296]
ErrorEval=0.17020

*Epoch=288 LR=0.00030
GenLosses: [0.4566399120092392]
ClaLosses: [0.07963862114027143]
ErrorEval=0.16880

*Epoch=289 LR=0.00030
GenLosses: [0.4554116177558899]
ClaLosses: [0.08167745109647512]
ErrorEval=0.16970

*Epoch=290 LR=0.00030
GenLosses: [0.4565169258713722]
ClaLosses: [0.0813540781699121]
ErrorEval=0.17440

*Epoch=291 LR=0.00030
GenLosses: [0.45597972398996356]
ClaLosses: [0.08443544576317072]
ErrorEval=0.17680

*Epoch=292 LR=0.00030
GenLosses: [0.4567416869401932]
ClaLosses: [0.08103699678741395]
ErrorEval=0.20420

*Epoch=293 LR=0.00030
GenLosses: [0.45766509187221527]
ClaLosses: [0.08136826525256037]
ErrorEval=0.17380

*Epoch=294 LR=0.00030
GenLosses: [0.45705842357873916]
ClaLosses: [0.0756296870931983]
ErrorEval=0.17240

*Epoch=295 LR=0.00030
GenLosses: [0.45657667392492296]
ClaLosses: [0.07826520735397935]
ErrorEval=0.17480

*Epoch=296 LR=0.00030
GenLosses: [0.4555866211652756]
ClaLosses: [0.07397726936638355]
ErrorEval=0.16890

*Epoch=297 LR=0.00030
GenLosses: [0.45565247946977616]
ClaLosses: [0.07506681797094643]
ErrorEval=0.17060

*Epoch=298 LR=0.00030
GenLosses: [0.45694208627939226]
ClaLosses: [0.08075120082125067]
ErrorEval=0.16770

*Epoch=299 LR=0.00030
GenLosses: [0.45687129646539687]
ClaLosses: [0.08236415008455515]
ErrorEval=0.16550

*Epoch=300 LR=0.00030
GenLosses: [0.45672026300430296]
ClaLosses: [0.07717477566190065]
ErrorEval=0.17020

*Epoch=301 LR=0.00030
GenLosses: [0.45637989979982374]
ClaLosses: [0.08008029286935925]
ErrorEval=0.17260

*Epoch=302 LR=0.00030
GenLosses: [0.45745229089260103]
ClaLosses: [0.0795295993089676]
ErrorEval=0.17000

*Epoch=303 LR=0.00029
GenLosses: [0.45760659259557723]
ClaLosses: [0.07845485074445606]
ErrorEval=0.16760

*Epoch=304 LR=0.00029
GenLosses: [0.45744242322444917]
ClaLosses: [0.07801149254478514]
ErrorEval=0.16820

*Epoch=305 LR=0.00029
GenLosses: [0.45771462601423263]
ClaLosses: [0.081389838129282]
ErrorEval=0.16840

*Epoch=306 LR=0.00029
GenLosses: [0.4565781498551369]
ClaLosses: [0.07632001480832697]
ErrorEval=0.17030

*Epoch=307 LR=0.00029
GenLosses: [0.45715674161911013]
ClaLosses: [0.07852840028516948]
ErrorEval=0.17090

*Epoch=308 LR=0.00029
GenLosses: [0.45729795104265214]
ClaLosses: [0.07080679905600845]
ErrorEval=0.17360

*Epoch=309 LR=0.00029
GenLosses: [0.4573079025745392]
ClaLosses: [0.0769617063961923]
ErrorEval=0.16840

*Epoch=310 LR=0.00028
GenLosses: [0.45815863126516343]
ClaLosses: [0.07714001666381955]
ErrorEval=0.17520

*Epoch=311 LR=0.00028
GenLosses: [0.457768197953701]
ClaLosses: [0.07008703932724893]
ErrorEval=0.17640

*Epoch=312 LR=0.00028
GenLosses: [0.45822938561439513]
ClaLosses: [0.06885930412821471]
ErrorEval=0.17930

*Epoch=313 LR=0.00028
GenLosses: [0.45767370975017546]
ClaLosses: [0.07284725657477975]
ErrorEval=0.17330

*Epoch=314 LR=0.00028
GenLosses: [0.4572822395563126]
ClaLosses: [0.06826325061172248]
ErrorEval=0.17390

*Epoch=315 LR=0.00028
GenLosses: [0.45837564647197726]
ClaLosses: [0.07211042533814907]
ErrorEval=0.16990

*Epoch=316 LR=0.00028
GenLosses: [0.45726367783546445]
ClaLosses: [0.07258632941357791]
ErrorEval=0.16950

*Epoch=317 LR=0.00027
GenLosses: [0.45730062621831896]
ClaLosses: [0.06644269864447415]
ErrorEval=0.16820

*Epoch=318 LR=0.00027
GenLosses: [0.4571976256966591]
ClaLosses: [0.07256766734272242]
ErrorEval=0.17310

*Epoch=319 LR=0.00027
GenLosses: [0.45866456282138823]
ClaLosses: [0.06922477974742651]
ErrorEval=0.17170

*Epoch=320 LR=0.00027
GenLosses: [0.4573969955444336]
ClaLosses: [0.06277286252379417]
ErrorEval=0.17080

*Epoch=321 LR=0.00027
GenLosses: [0.4583923378586769]
ClaLosses: [0.0668022116906941]
ErrorEval=0.17220

*Epoch=322 LR=0.00027
GenLosses: [0.4575152214765549]
ClaLosses: [0.0639279272025451]
ErrorEval=0.17480

*Epoch=323 LR=0.00027
GenLosses: [0.4567511939406395]
ClaLosses: [0.06309415997378529]
ErrorEval=0.17430

*Epoch=324 LR=0.00026
GenLosses: [0.45763114804029464]
ClaLosses: [0.06535701880976558]
ErrorEval=0.17760

*Epoch=325 LR=0.00026
GenLosses: [0.4566790266633034]
ClaLosses: [0.06542235503531993]
ErrorEval=0.17030

*Epoch=326 LR=0.00026
GenLosses: [0.4554556333422661]
ClaLosses: [0.06314804883673787]
ErrorEval=0.17170

*Epoch=327 LR=0.00026
GenLosses: [0.45615377455949785]
ClaLosses: [0.06145866242051125]
ErrorEval=0.16910

*Epoch=328 LR=0.00026
GenLosses: [0.45465642803907397]
ClaLosses: [0.06687769241258502]
ErrorEval=0.16750

*Epoch=329 LR=0.00026
GenLosses: [0.45602786445617677]
ClaLosses: [0.06069381691887975]
ErrorEval=0.16890

*Epoch=330 LR=0.00026
GenLosses: [0.4560953457951546]
ClaLosses: [0.06045974923297763]
ErrorEval=0.16660

*Epoch=331 LR=0.00026
GenLosses: [0.45647098565101624]
ClaLosses: [0.06389943956956268]
ErrorEval=0.17360

*Epoch=332 LR=0.00025
GenLosses: [0.4564755258560181]
ClaLosses: [0.05868241953663528]
ErrorEval=0.16730

*Epoch=333 LR=0.00025
GenLosses: [0.4561858422160149]
ClaLosses: [0.061886246176436545]
ErrorEval=0.17290

*Epoch=334 LR=0.00025
GenLosses: [0.45648769158124924]
ClaLosses: [0.061840949160978195]
ErrorEval=0.17300

*Epoch=335 LR=0.00025
GenLosses: [0.456392138004303]
ClaLosses: [0.0589117614813149]
ErrorEval=0.17020

*Epoch=336 LR=0.00025
GenLosses: [0.4553604375720024]
ClaLosses: [0.056921166136860844]
ErrorEval=0.16690

*Epoch=337 LR=0.00025
GenLosses: [0.4563037831187248]
ClaLosses: [0.05785968703310937]
ErrorEval=0.17010

*Epoch=338 LR=0.00025
GenLosses: [0.4570460766553879]
ClaLosses: [0.05376030351407826]
ErrorEval=0.17050

*Epoch=339 LR=0.00025
GenLosses: [0.4559909341931343]
ClaLosses: [0.057558629886247215]
ErrorEval=0.16760

*Epoch=340 LR=0.00024
GenLosses: [0.4563933713436127]
ClaLosses: [0.05616460665408522]
ErrorEval=0.16780

*Epoch=341 LR=0.00024
GenLosses: [0.4559822108745575]
ClaLosses: [0.05590480483323336]
ErrorEval=0.17230

*Epoch=342 LR=0.00024
GenLosses: [0.4570437159538269]
ClaLosses: [0.053786411585286256]
ErrorEval=0.17250

*Epoch=343 LR=0.00024
GenLosses: [0.4553086170554161]
ClaLosses: [0.054882470929063856]
ErrorEval=0.17090

*Epoch=344 LR=0.00024
GenLosses: [0.45649975252151487]
ClaLosses: [0.0521672291662544]
ErrorEval=0.17070

*Epoch=345 LR=0.00024
GenLosses: [0.456550395488739]
ClaLosses: [0.05254022633377463]
ErrorEval=0.17060

*Epoch=346 LR=0.00024
GenLosses: [0.4557217047214508]
ClaLosses: [0.0553349804924801]
ErrorEval=0.17100

*Epoch=347 LR=0.00024
GenLosses: [0.4558762834072113]
ClaLosses: [0.052049462324008346]
ErrorEval=0.16800

*Epoch=348 LR=0.00023
GenLosses: [0.4566098577976227]
ClaLosses: [0.05383099767938256]
ErrorEval=0.17210

*Epoch=349 LR=0.00023
GenLosses: [0.45605363124608994]
ClaLosses: [0.052422730239108206]
ErrorEval=0.16960

*Epoch=350 LR=0.00023
GenLosses: [0.45488459676504134]
ClaLosses: [0.05056891412846744]
ErrorEval=0.16570

*Epoch=351 LR=0.00023
GenLosses: [0.45544171053171156]
ClaLosses: [0.047496827302500606]
ErrorEval=0.16570

*Epoch=352 LR=0.00023
GenLosses: [0.455433109998703]
ClaLosses: [0.04782837197650224]
ErrorEval=0.16740

*Epoch=353 LR=0.00023
GenLosses: [0.4560700325965881]
ClaLosses: [0.04830756010115147]
ErrorEval=0.16990

*Epoch=354 LR=0.00023
GenLosses: [0.45563621616363525]
ClaLosses: [0.04932912867050618]
ErrorEval=0.16810

*Epoch=355 LR=0.00023
GenLosses: [0.4557869570851326]
ClaLosses: [0.04799928904231638]
ErrorEval=0.17090

*Epoch=356 LR=0.00023
GenLosses: [0.4556479987502098]
ClaLosses: [0.04998008265532553]
ErrorEval=0.17020

*Epoch=357 LR=0.00022
GenLosses: [0.4558804728388786]
ClaLosses: [0.04693662203103304]
ErrorEval=0.16990

*Epoch=358 LR=0.00022
GenLosses: [0.45561814057826994]
ClaLosses: [0.04715433660522103]
ErrorEval=0.16950

*Epoch=359 LR=0.00022
GenLosses: [0.45691833525896075]
ClaLosses: [0.04510362214408815]
ErrorEval=0.16980

*Epoch=360 LR=0.00022
GenLosses: [0.4564601672887802]
ClaLosses: [0.048109904523938894]
ErrorEval=0.17240

*Epoch=361 LR=0.00022
GenLosses: [0.45624703282117846]
ClaLosses: [0.04731459635309875]
ErrorEval=0.17210

*Epoch=362 LR=0.00022
GenLosses: [0.45567194592952726]
ClaLosses: [0.04763738941587508]
ErrorEval=0.17080

*Epoch=363 LR=0.00022
GenLosses: [0.4572339126467705]
ClaLosses: [0.04678706848993897]
ErrorEval=0.17370

*Epoch=364 LR=0.00022
GenLosses: [0.4560399679541588]
ClaLosses: [0.04490575210470706]
ErrorEval=0.17180

*Epoch=365 LR=0.00022
GenLosses: [0.45741342604160307]
ClaLosses: [0.04145730649121106]
ErrorEval=0.17140

*Epoch=366 LR=0.00021
GenLosses: [0.4567755531668663]
ClaLosses: [0.04286344840377569]
ErrorEval=0.16970

*Epoch=367 LR=0.00021
GenLosses: [0.4571283589601517]
ClaLosses: [0.04061327024549246]
ErrorEval=0.16980

*Epoch=368 LR=0.00021
GenLosses: [0.4561986383795738]
ClaLosses: [0.04157216574531049]
ErrorEval=0.17010

*Epoch=369 LR=0.00021
GenLosses: [0.4565451650619507]
ClaLosses: [0.042776336970739064]
ErrorEval=0.16660

*Epoch=370 LR=0.00021
GenLosses: [0.4575815225839615]
ClaLosses: [0.042192895989865066]
ErrorEval=0.17320

*Epoch=371 LR=0.00021
GenLosses: [0.45795209860801694]
ClaLosses: [0.04222259162273258]
ErrorEval=0.17280

*Epoch=372 LR=0.00021
GenLosses: [0.45736071532964706]
ClaLosses: [0.04126455561630428]
ErrorEval=0.17260

*Epoch=373 LR=0.00021
GenLosses: [0.4572475578188896]
ClaLosses: [0.041517693198286]
ErrorEval=0.17230

*Epoch=374 LR=0.00021
GenLosses: [0.4575020599961281]
ClaLosses: [0.03664080099202693]
ErrorEval=0.17110

*Epoch=375 LR=0.00020
GenLosses: [0.4575166565775871]
ClaLosses: [0.03730309146735817]
ErrorEval=0.17040

*Epoch=376 LR=0.00020
GenLosses: [0.45739735770225526]
ClaLosses: [0.03839334696624428]
ErrorEval=0.17310

*Epoch=377 LR=0.00020
GenLosses: [0.4578530260920525]
ClaLosses: [0.03923157096467912]
ErrorEval=0.17430

*Epoch=378 LR=0.00020
GenLosses: [0.45803529566526413]
ClaLosses: [0.038269841328263283]
ErrorEval=0.17420

*Epoch=379 LR=0.00020
GenLosses: [0.45756396067142485]
ClaLosses: [0.03558341147191822]
ErrorEval=0.16890

*Epoch=380 LR=0.00020
GenLosses: [0.45787357157468794]
ClaLosses: [0.03401824931614101]
ErrorEval=0.16860

*Epoch=381 LR=0.00020
GenLosses: [0.4580689165592194]
ClaLosses: [0.03723851909581572]
ErrorEval=0.17370

*Epoch=382 LR=0.00020
GenLosses: [0.4576762298345566]
ClaLosses: [0.035601045698858795]
ErrorEval=0.17230

*Epoch=383 LR=0.00020
GenLosses: [0.45779689913988114]
ClaLosses: [0.03697717791236937]
ErrorEval=0.16980

*Epoch=384 LR=0.00020
GenLosses: [0.4579043262004852]
ClaLosses: [0.03624201315827668]
ErrorEval=0.17180

*Epoch=385 LR=0.00019
GenLosses: [0.45791646593809127]
ClaLosses: [0.033398892189376056]
ErrorEval=0.17050

*Epoch=386 LR=0.00019
GenLosses: [0.45791880929470063]
ClaLosses: [0.03257083677407354]
ErrorEval=0.17080

*Epoch=387 LR=0.00019
GenLosses: [0.4573867028951645]
ClaLosses: [0.034191958180628715]
ErrorEval=0.17240

*Epoch=388 LR=0.00019
GenLosses: [0.45754604536294935]
ClaLosses: [0.03043158084154129]
ErrorEval=0.17460

*Epoch=389 LR=0.00019
GenLosses: [0.4572882998585701]
ClaLosses: [0.037420953114517035]
ErrorEval=0.17380

*Epoch=390 LR=0.00019
GenLosses: [0.458342336833477]
ClaLosses: [0.03381994561851025]
ErrorEval=0.17220

*Epoch=391 LR=0.00019
GenLosses: [0.45758646935224534]
ClaLosses: [0.0323676536809653]
ErrorEval=0.16740

*Epoch=392 LR=0.00019
GenLosses: [0.4579151298999786]
ClaLosses: [0.033412723222747444]
ErrorEval=0.17070

*Epoch=393 LR=0.00019
GenLosses: [0.45707981729507446]
ClaLosses: [0.03280207951832563]
ErrorEval=0.16890

*Epoch=394 LR=0.00019
GenLosses: [0.45690503507852553]
ClaLosses: [0.02991555668693036]
ErrorEval=0.16850

*Epoch=395 LR=0.00019
GenLosses: [0.4570615511536598]
ClaLosses: [0.02843672965466976]
ErrorEval=0.16910

*Epoch=396 LR=0.00018
GenLosses: [0.45647216898202897]
ClaLosses: [0.03482313510682434]
ErrorEval=0.17010

*Epoch=397 LR=0.00018
GenLosses: [0.4566501813530922]
ClaLosses: [0.03099295965116471]
ErrorEval=0.17380

*Epoch=398 LR=0.00018
GenLosses: [0.4563943055868149]
ClaLosses: [0.03178070282563567]
ErrorEval=0.17360

*Epoch=399 LR=0.00018
GenLosses: [0.4566258695721626]
ClaLosses: [0.029785063643939794]
ErrorEval=0.17190

