*Epoch=1 LR=0.00100
GenLosses:[2.0322684971491496]
ClaLosses:[0.01786333845584709]
ErrorEval=0.03190

*Epoch=2 LR=0.00100
GenLosses:[1.50128515124321]
ClaLosses:[0.014736224292483323]
ErrorEval=0.02480

*Epoch=3 LR=0.00100
GenLosses:[1.1512617951631545]
ClaLosses:[0.028680267861126037]
ErrorEval=0.02520

*Epoch=4 LR=0.00100
GenLosses:[1.0286852367719015]
ClaLosses:[0.01471775990588133]
ErrorEval=0.02320

*Epoch=5 LR=0.00100
GenLosses:[0.9089934033155441]
ClaLosses:[0.014449863483570526]
ErrorEval=0.02300

*Epoch=6 LR=0.00100
GenLosses:[0.8492882134517034]
ClaLosses:[0.013043370293548212]
ErrorEval=0.02200

*Epoch=7 LR=0.00100
GenLosses:[0.8167104703187943]
ClaLosses:[0.019482500487027064]
ErrorEval=0.02640

*Epoch=8 LR=0.00100
GenLosses:[0.7449144039551417]
ClaLosses:[0.013514903113796477]
ErrorEval=0.02230

*Epoch=9 LR=0.00100
GenLosses:[0.7070905923843384]
ClaLosses:[0.015901222606026916]
ErrorEval=0.02590

*Epoch=10 LR=0.00100
GenLosses:[0.6773460334539414]
ClaLosses:[0.4283398780453878]
ErrorEval=0.03160

*Epoch=11 LR=0.00100
GenLosses:[0.657512236436208]
ClaLosses:[0.4295197222841344]
ErrorEval=0.02680

*Epoch=12 LR=0.00100
GenLosses:[0.6379210784037908]
ClaLosses:[0.4384441705617264]
ErrorEval=0.02700

*Epoch=13 LR=0.00100
GenLosses:[0.6335168784856796]
ClaLosses:[0.43495540162328533]
ErrorEval=0.02260

*Epoch=14 LR=0.00100
GenLosses:[0.615564101934433]
ClaLosses:[0.44392437373486077]
ErrorEval=0.02790

*Epoch=15 LR=0.00100
GenLosses:[0.5992167063554128]
ClaLosses:[0.4409023421390177]
ErrorEval=0.02570

*Epoch=16 LR=0.00100
GenLosses:[0.5901265207926433]
ClaLosses:[0.4406337191458262]
ErrorEval=0.02430

*Epoch=17 LR=0.00100
GenLosses:[0.6123528995116552]
ClaLosses:[0.4377235682847698]
ErrorEval=0.02120

*Epoch=18 LR=0.00100
GenLosses:[0.872050777276357]
ClaLosses:[0.4152807660706245]
ErrorEval=0.02160

*Epoch=19 LR=0.00100
GenLosses:[0.6062176509698232]
ClaLosses:[0.4398166668013115]
ErrorEval=0.02390

*Epoch=20 LR=0.00100
GenLosses:[0.5733428676923116]
ClaLosses:[0.4414459279519926]
ErrorEval=0.02190

*Epoch=21 LR=0.00100
GenLosses:[0.5542554489771525]
ClaLosses:[0.4466573496658627]
ErrorEval=0.02140

*Epoch=22 LR=0.00100
GenLosses:[0.5820115979512532]
ClaLosses:[0.4460197542321144]
ErrorEval=0.02760

*Epoch=23 LR=0.00100
GenLosses:[0.5800355843702952]
ClaLosses:[0.44648901719153145]
ErrorEval=0.02430

*Epoch=24 LR=0.00100
GenLosses:[0.8719508501887322]
ClaLosses:[0.4220047531234147]
ErrorEval=0.02450

*Epoch=25 LR=0.00100
GenLosses:[1.3008559670050939]
ClaLosses:[0.37169460403512244]
ErrorEval=0.02590

*Epoch=26 LR=0.00100
GenLosses:[0.5634495933850606]
ClaLosses:[0.44488597218330017]
ErrorEval=0.02980

*Epoch=27 LR=0.00100
GenLosses:[0.5600440132617951]
ClaLosses:[0.44461989021222287]
ErrorEval=0.02600

*Epoch=28 LR=0.00100
GenLosses:[0.5900805805126826]
ClaLosses:[0.44229196090389383]
ErrorEval=0.02240

*Epoch=29 LR=0.00100
GenLosses:[0.5247436125079791]
ClaLosses:[0.4528459833355574]
ErrorEval=0.02310

*Epoch=30 LR=0.00100
GenLosses:[0.5394052370389303]
ClaLosses:[0.4504326332972108]
ErrorEval=0.02340

*Epoch=31 LR=0.00100
GenLosses:[0.5180494770407676]
ClaLosses:[0.45233442543160074]
ErrorEval=0.02140

*Epoch=32 LR=0.00100
GenLosses:[0.50579285800457]
ClaLosses:[0.45385647657166145]
ErrorEval=0.02060

*Epoch=33 LR=0.00100
GenLosses:[0.5072328877449036]
ClaLosses:[0.4552813631781552]
ErrorEval=0.02680

*Epoch=34 LR=0.00100
GenLosses:[0.5167538953820864]
ClaLosses:[0.4556093904001919]
ErrorEval=0.02530

*Epoch=35 LR=0.00100
GenLosses:[0.5063520396749178]
ClaLosses:[0.4544107745610822]
ErrorEval=0.02240

*Epoch=36 LR=0.00100
GenLosses:[0.5031702237327894]
ClaLosses:[0.45488874161541454]
ErrorEval=0.02530

*Epoch=37 LR=0.00100
GenLosses:[0.5000172944863638]
ClaLosses:[0.45573817666196664]
ErrorEval=0.02090

*Epoch=38 LR=0.00100
GenLosses:[0.5492608972390493]
ClaLosses:[0.4502402188816928]
ErrorEval=0.01980

*Epoch=39 LR=0.00100
GenLosses:[0.4960975796977679]
ClaLosses:[0.4584370174197611]
ErrorEval=0.02140

*Epoch=40 LR=0.00100
GenLosses:[0.49340132117271424]
ClaLosses:[0.4570929163873477]
ErrorEval=0.02180

*Epoch=41 LR=0.00100
GenLosses:[0.5009919080138207]
ClaLosses:[0.4564403546227257]
ErrorEval=0.02590

*Epoch=42 LR=0.00100
GenLosses:[0.4916185944279035]
ClaLosses:[0.4579885045279492]
ErrorEval=0.02590

*Epoch=43 LR=0.00100
GenLosses:[0.4909849045674006]
ClaLosses:[0.45778298562921615]
ErrorEval=0.02350

*Epoch=44 LR=0.00100
GenLosses:[0.48955869396527607]
ClaLosses:[0.45703979579190235]
ErrorEval=0.02280

*Epoch=45 LR=0.00100
GenLosses:[0.49451530367136004]
ClaLosses:[0.4572385676222]
ErrorEval=0.02200

*Epoch=46 LR=0.00100
GenLosses:[0.4872416470448176]
ClaLosses:[0.4573071505751359]
ErrorEval=0.02220

*Epoch=47 LR=0.00100
GenLosses:[0.48907899647951125]
ClaLosses:[0.4589530606393072]
ErrorEval=0.02320

*Epoch=48 LR=0.00100
GenLosses:[0.4883352599541346]
ClaLosses:[0.4588871742303661]
ErrorEval=0.02110

*Epoch=49 LR=0.00100
GenLosses:[0.48865091701348623]
ClaLosses:[0.4589278294490898]
ErrorEval=0.02160

*Epoch=50 LR=0.00100
GenLosses:[0.48695127576589586]
ClaLosses:[0.4579764300349139]
ErrorEval=0.02090

*Epoch=51 LR=0.00100
GenLosses:[0.484080761273702]
ClaLosses:[0.4582042953587454]
ErrorEval=0.01940

*Epoch=52 LR=0.00100
GenLosses:[0.48479482253392536]
ClaLosses:[0.4574202535485455]
ErrorEval=0.02050

*Epoch=53 LR=0.00100
GenLosses:[0.4841547376910845]
ClaLosses:[0.45904003527924053]
ErrorEval=0.02230

*Epoch=54 LR=0.00100
GenLosses:[0.483095615208149]
ClaLosses:[0.45897464936377297]
ErrorEval=0.02220

*Epoch=55 LR=0.00100
GenLosses:[0.4841081533829371]
ClaLosses:[0.45875757032941533]
ErrorEval=0.02010

*Epoch=56 LR=0.00100
GenLosses:[0.4819114141662916]
ClaLosses:[0.4583350726452064]
ErrorEval=0.01940

*Epoch=57 LR=0.00100
GenLosses:[0.4841268301010132]
ClaLosses:[0.4581438878680465]
ErrorEval=0.02170

*Epoch=58 LR=0.00100
GenLosses:[0.48270047436157865]
ClaLosses:[0.45803623993059017]
ErrorEval=0.01890

*Epoch=59 LR=0.00100
GenLosses:[0.481831828157107]
ClaLosses:[0.4585815636463297]
ErrorEval=0.01890

*Epoch=60 LR=0.00100
GenLosses:[0.4809960629542669]
ClaLosses:[0.4589900969353485]
ErrorEval=0.02230

*Epoch=61 LR=0.00100
GenLosses:[0.4796124205986659]
ClaLosses:[0.4583029126246753]
ErrorEval=0.01770

*Epoch=62 LR=0.00100
GenLosses:[0.4813044747710228]
ClaLosses:[0.4585314160605983]
ErrorEval=0.01920

*Epoch=63 LR=0.00100
GenLosses:[0.48050720582405726]
ClaLosses:[0.4585984918949798]
ErrorEval=0.01890

*Epoch=64 LR=0.00100
GenLosses:[0.4810085571805636]
ClaLosses:[0.45903215935026187]
ErrorEval=0.01940

*Epoch=65 LR=0.00100
GenLosses:[0.4782463166117668]
ClaLosses:[0.4584191850257805]
ErrorEval=0.01710

*Epoch=66 LR=0.00100
GenLosses:[0.4787898065646489]
ClaLosses:[0.4592738755669344]
ErrorEval=0.01900

*Epoch=67 LR=0.00100
GenLosses:[0.4786145132780075]
ClaLosses:[0.4587197566451555]
ErrorEval=0.02020

*Epoch=68 LR=0.00100
GenLosses:[0.47808558305104576]
ClaLosses:[0.4590598548610013]
ErrorEval=0.01890

*Epoch=69 LR=0.00100
GenLosses:[0.4779489376147588]
ClaLosses:[0.4595499267807219]
ErrorEval=0.01940

*Epoch=70 LR=0.00100
GenLosses:[0.4763882060845693]
ClaLosses:[0.4592020808711813]
ErrorEval=0.01900

*Epoch=71 LR=0.00100
GenLosses:[0.47825121382872265]
ClaLosses:[0.45856904755991934]
ErrorEval=0.01850

*Epoch=72 LR=0.00100
GenLosses:[0.4778188492854436]
ClaLosses:[0.4588105121266696]
ErrorEval=0.01720

*Epoch=73 LR=0.00100
GenLosses:[0.4767167967557907]
ClaLosses:[0.45823098087548514]
ErrorEval=0.01560

*Epoch=74 LR=0.00100
GenLosses:[0.4770794166127841]
ClaLosses:[0.4594655007502204]
ErrorEval=0.01880

*Epoch=75 LR=0.00100
GenLosses:[0.47668280323346457]
ClaLosses:[0.4592853938627647]
ErrorEval=0.01780

*Epoch=76 LR=0.00100
GenLosses:[0.4769272587696711]
ClaLosses:[0.45875518597033343]
ErrorEval=0.01940

*Epoch=77 LR=0.00100
GenLosses:[0.476688933968544]
ClaLosses:[0.4602275209874826]
ErrorEval=0.02070

*Epoch=78 LR=0.00100
GenLosses:[0.4777436817685763]
ClaLosses:[0.4595245023756908]
ErrorEval=0.01990

*Epoch=79 LR=0.00100
GenLosses:[0.47639278451601663]
ClaLosses:[0.4591763408650004]
ErrorEval=0.02080

*Epoch=80 LR=0.00100
GenLosses:[0.4758495189746221]
ClaLosses:[0.45870639047774064]
ErrorEval=0.02130

*Epoch=81 LR=0.00100
GenLosses:[0.4763718142112096]
ClaLosses:[0.45923469226883695]
ErrorEval=0.02090

*Epoch=82 LR=0.00100
GenLosses:[0.47525821993748346]
ClaLosses:[0.4585710606370382]
ErrorEval=0.02400

*Epoch=83 LR=0.00100
GenLosses:[0.47599376827478407]
ClaLosses:[0.4594497563664968]
ErrorEval=0.02160

*Epoch=84 LR=0.00100
GenLosses:[0.47622959395249687]
ClaLosses:[0.45917367936258585]
ErrorEval=0.01970

*Epoch=85 LR=0.00100
GenLosses:[0.47493745694557826]
ClaLosses:[0.45951683877471583]
ErrorEval=0.01940

*Epoch=86 LR=0.00100
GenLosses:[0.4752007363239924]
ClaLosses:[0.4590748026389818]
ErrorEval=0.02100

*Epoch=87 LR=0.00100
GenLosses:[0.4749515716234843]
ClaLosses:[0.45914555333442403]
ErrorEval=0.01810

*Epoch=88 LR=0.00100
GenLosses:[0.47483347992102304]
ClaLosses:[0.4592997577326726]
ErrorEval=0.01970

*Epoch=89 LR=0.00100
GenLosses:[0.4757333618402481]
ClaLosses:[0.4597296071907644]
ErrorEval=0.02380

*Epoch=90 LR=0.00100
GenLosses:[0.47492066502571106]
ClaLosses:[0.4596306929999466]
ErrorEval=0.02240

*Epoch=91 LR=0.00100
GenLosses:[0.4748356095949809]
ClaLosses:[0.45914940619654476]
ErrorEval=0.02040

*Epoch=92 LR=0.00100
GenLosses:[0.474234933257103]
ClaLosses:[0.4590141629347785]
ErrorEval=0.02070

*Epoch=93 LR=0.00100
GenLosses:[0.4734608460466067]
ClaLosses:[0.4585733752694657]
ErrorEval=0.01810

*Epoch=94 LR=0.00100
GenLosses:[0.4749458016951879]
ClaLosses:[0.45869755687508634]
ErrorEval=0.01820

*Epoch=95 LR=0.00100
GenLosses:[0.473957025706768]
ClaLosses:[0.4604555757254076]
ErrorEval=0.02050

*Epoch=96 LR=0.00100
GenLosses:[0.47391957680384317]
ClaLosses:[0.4590091039630462]
ErrorEval=0.01940

*Epoch=97 LR=0.00100
GenLosses:[0.4738183275858561]
ClaLosses:[0.45895805819170704]
ErrorEval=0.01940

*Epoch=98 LR=0.00100
GenLosses:[0.47327284862597785]
ClaLosses:[0.45895686692217974]
ErrorEval=0.01830

*Epoch=99 LR=0.00100
GenLosses:[0.47403127282857893]
ClaLosses:[0.4592274852514928]
ErrorEval=0.01940

*Epoch=100 LR=0.00100
GenLosses:[0.4741281600793203]
ClaLosses:[0.45913594102559047]
ErrorEval=0.01710

*Epoch=101 LR=0.00100
GenLosses:[0.47436422675848006]
ClaLosses:[0.459094033911876]
ErrorEval=0.01880

*Epoch=102 LR=0.00100
GenLosses:[0.4743809546033541]
ClaLosses:[0.4591916595361869]
ErrorEval=0.01850

*Epoch=103 LR=0.00100
GenLosses:[0.473300970296065]
ClaLosses:[0.4594360807246783]
ErrorEval=0.01910

*Epoch=104 LR=0.00100
GenLosses:[0.47357815484205884]
ClaLosses:[0.45965154446906564]
ErrorEval=0.02010

*Epoch=105 LR=0.00100
GenLosses:[0.4727132558822632]
ClaLosses:[0.45914502737575996]
ErrorEval=0.02010

*Epoch=106 LR=0.00100
GenLosses:[0.4738566026091576]
ClaLosses:[0.45877897942832446]
ErrorEval=0.01930

*Epoch=107 LR=0.00100
GenLosses:[0.47338029245535534]
ClaLosses:[0.4591135666385935]
ErrorEval=0.01890

*Epoch=108 LR=0.00100
GenLosses:[0.4729137357076009]
ClaLosses:[0.4590335464937862]
ErrorEval=0.02130

*Epoch=109 LR=0.00100
GenLosses:[0.4728215270241102]
ClaLosses:[0.4591087735967983]
ErrorEval=0.01830

*Epoch=110 LR=0.00100
GenLosses:[0.4743703598777453]
ClaLosses:[0.45908798993663763]
ErrorEval=0.01940

*Epoch=111 LR=0.00100
GenLosses:[0.4739404477675756]
ClaLosses:[0.45886921653334467]
ErrorEval=0.02080

*Epoch=112 LR=0.00100
GenLosses:[0.47393048405647276]
ClaLosses:[0.4587021122967879]
ErrorEval=0.02080

*Epoch=113 LR=0.00100
GenLosses:[0.4738237138589223]
ClaLosses:[0.45895422261120644]
ErrorEval=0.01910

*Epoch=114 LR=0.00100
GenLosses:[0.4737492436170578]
ClaLosses:[0.45881066910445517]
ErrorEval=0.02000

*Epoch=115 LR=0.00100
GenLosses:[0.4729649089773496]
ClaLosses:[0.45924684896931]
ErrorEval=0.01800

*Epoch=116 LR=0.00100
GenLosses:[0.47324647307395934]
ClaLosses:[0.4593269304474292]
ErrorEval=0.01890

*Epoch=117 LR=0.00100
GenLosses:[0.4720387660463651]
ClaLosses:[0.45878715609301424]
ErrorEval=0.01800

*Epoch=118 LR=0.00100
GenLosses:[0.4730895568927129]
ClaLosses:[0.4594248912460814]
ErrorEval=0.01640

*Epoch=119 LR=0.00100
GenLosses:[0.47278173357248304]
ClaLosses:[0.4585350616372396]
ErrorEval=0.01500

*Epoch=120 LR=0.00100
GenLosses:[0.4728187319636345]
ClaLosses:[0.45872859775888314]
ErrorEval=0.01530

*Epoch=121 LR=0.00100
GenLosses:[0.47394155770540236]
ClaLosses:[0.4590347183587526]
ErrorEval=0.01720

*Epoch=122 LR=0.00100
GenLosses:[0.47345424761374794]
ClaLosses:[0.4591990572651984]
ErrorEval=0.01600

*Epoch=123 LR=0.00100
GenLosses:[0.47406485964854556]
ClaLosses:[0.4592718665407231]
ErrorEval=0.01580

*Epoch=124 LR=0.00100
GenLosses:[0.47260371247927346]
ClaLosses:[0.4589312678423375]
ErrorEval=0.01650

*Epoch=125 LR=0.00100
GenLosses:[0.47196695188681287]
ClaLosses:[0.4585337600066477]
ErrorEval=0.01760

*Epoch=126 LR=0.00100
GenLosses:[0.47295490821202596]
ClaLosses:[0.45895150179632327]
ErrorEval=0.01640

*Epoch=127 LR=0.00100
GenLosses:[0.4727811809380849]
ClaLosses:[0.4585158308995724]
ErrorEval=0.01690

*Epoch=128 LR=0.00100
GenLosses:[0.4737290703256925]
ClaLosses:[0.4594082811493206]
ErrorEval=0.01980

*Epoch=129 LR=0.00100
GenLosses:[0.47345508138338727]
ClaLosses:[0.45915378534525153]
ErrorEval=0.01960

*Epoch=130 LR=0.00100
GenLosses:[0.47204614301522574]
ClaLosses:[0.45909813162869995]
ErrorEval=0.01870

*Epoch=131 LR=0.00100
GenLosses:[0.472485954562823]
ClaLosses:[0.45882255138352235]
ErrorEval=0.01720

*Epoch=132 LR=0.00100
GenLosses:[0.4722467013200124]
ClaLosses:[0.4593672897965101]
ErrorEval=0.01560

*Epoch=133 LR=0.00100
GenLosses:[0.47141908834377927]
ClaLosses:[0.45864115843149195]
ErrorEval=0.01640

*Epoch=134 LR=0.00100
GenLosses:[0.4721758124232292]
ClaLosses:[0.45847058738789864]
ErrorEval=0.01560

*Epoch=135 LR=0.00100
GenLosses:[0.4719043359160423]
ClaLosses:[0.4603395663082434]
ErrorEval=0.01940

*Epoch=136 LR=0.00100
GenLosses:[0.4718614881237348]
ClaLosses:[0.45918293987328546]
ErrorEval=0.01740

*Epoch=137 LR=0.00100
GenLosses:[0.47217314183712006]
ClaLosses:[0.45899444901963316]
ErrorEval=0.01650

*Epoch=138 LR=0.00100
GenLosses:[0.472341184814771]
ClaLosses:[0.45936219920892324]
ErrorEval=0.01730

*Epoch=139 LR=0.00100
GenLosses:[0.47272819896539053]
ClaLosses:[0.4582508862715789]
ErrorEval=0.01570

*Epoch=140 LR=0.00100
GenLosses:[0.47256349414587023]
ClaLosses:[0.45937079707835493]
ErrorEval=0.01550

*Epoch=141 LR=0.00100
GenLosses:[0.47280697931845983]
ClaLosses:[0.45862285223801974]
ErrorEval=0.01440

*Epoch=142 LR=0.00100
GenLosses:[0.47217248727877936]
ClaLosses:[0.4587934100173881]
ErrorEval=0.01490

*Epoch=143 LR=0.00100
GenLosses:[0.4718331410487493]
ClaLosses:[0.45898966404475344]
ErrorEval=0.01530

*Epoch=144 LR=0.00100
GenLosses:[0.47119288474321364]
ClaLosses:[0.458987441890337]
ErrorEval=0.01740

*Epoch=145 LR=0.00100
GenLosses:[0.47235544681549074]
ClaLosses:[0.4589082611055409]
ErrorEval=0.01620

*Epoch=146 LR=0.00100
GenLosses:[0.47258913824955623]
ClaLosses:[0.4585091387567861]
ErrorEval=0.01770

*Epoch=147 LR=0.00100
GenLosses:[0.47237796237071356]
ClaLosses:[0.4588264250518746]
ErrorEval=0.01680

*Epoch=148 LR=0.00100
GenLosses:[0.4729734776417414]
ClaLosses:[0.45885941858132745]
ErrorEval=0.01790

*Epoch=149 LR=0.00100
GenLosses:[0.47200555006663003]
ClaLosses:[0.4587089055505493]
ErrorEval=0.01670

*Epoch=150 LR=0.00100
GenLosses:[0.4717610658208529]
ClaLosses:[0.4588305974284692]
ErrorEval=0.01690

*Epoch=151 LR=0.00100
GenLosses:[0.4724917686978976]
ClaLosses:[0.46066979493036997]
ErrorEval=0.01840

*Epoch=152 LR=0.00100
GenLosses:[0.4717845142881076]
ClaLosses:[0.4592276173786681]
ErrorEval=0.02200

*Epoch=153 LR=0.00100
GenLosses:[0.4715892407298088]
ClaLosses:[0.4591641181690623]
ErrorEval=0.01910

*Epoch=154 LR=0.00100
GenLosses:[0.4721781917413076]
ClaLosses:[0.45895478192756667]
ErrorEval=0.01930

*Epoch=155 LR=0.00100
GenLosses:[0.47145955671866735]
ClaLosses:[0.45891252641523733]
ErrorEval=0.01950

*Epoch=156 LR=0.00100
GenLosses:[0.47199932545423506]
ClaLosses:[0.45937089386146207]
ErrorEval=0.01960

*Epoch=157 LR=0.00100
GenLosses:[0.4714981021483739]
ClaLosses:[0.45857223900822836]
ErrorEval=0.01920

*Epoch=158 LR=0.00100
GenLosses:[0.47215882847706475]
ClaLosses:[0.45912299879161234]
ErrorEval=0.02010

*Epoch=159 LR=0.00100
GenLosses:[0.4714320712288221]
ClaLosses:[0.4586491739650168]
ErrorEval=0.01650

*Epoch=160 LR=0.00100
GenLosses:[0.47177634755770365]
ClaLosses:[0.4587243978165994]
ErrorEval=0.01600

*Epoch=161 LR=0.00100
GenLosses:[0.4707991526524226]
ClaLosses:[0.4587348758379615]
ErrorEval=0.01500

*Epoch=162 LR=0.00100
GenLosses:[0.4707945101459821]
ClaLosses:[0.45851736583043184]
ErrorEval=0.01650

*Epoch=163 LR=0.00100
GenLosses:[0.47144826551278435]
ClaLosses:[0.4594715506241366]
ErrorEval=0.01660

*Epoch=164 LR=0.00100
GenLosses:[0.4712482339143753]
ClaLosses:[0.45929952987001116]
ErrorEval=0.01810

*Epoch=165 LR=0.00100
GenLosses:[0.47211980054775876]
ClaLosses:[0.45899051826781734]
ErrorEval=0.01650

*Epoch=166 LR=0.00100
GenLosses:[0.47098947038253147]
ClaLosses:[0.45879992519773083]
ErrorEval=0.01540

*Epoch=167 LR=0.00100
GenLosses:[0.4719652328888575]
ClaLosses:[0.45853157736815725]
ErrorEval=0.01570

*Epoch=168 LR=0.00100
GenLosses:[0.47112754205862684]
ClaLosses:[0.459103058405823]
ErrorEval=0.01380

*Epoch=169 LR=0.00100
GenLosses:[0.470972820520401]
ClaLosses:[0.4588546342717412]
ErrorEval=0.01430

*Epoch=170 LR=0.00100
GenLosses:[0.47087732156117756]
ClaLosses:[0.4585674268082224]
ErrorEval=0.01450

*Epoch=171 LR=0.00100
GenLosses:[0.47128224283456804]
ClaLosses:[0.4592145020091392]
ErrorEval=0.01540

*Epoch=172 LR=0.00100
GenLosses:[0.47161909302075705]
ClaLosses:[0.4585852602423778]
ErrorEval=0.01410

*Epoch=173 LR=0.00100
GenLosses:[0.4710635757446289]
ClaLosses:[0.4588160454476091]
ErrorEval=0.01500

*Epoch=174 LR=0.00100
GenLosses:[0.47142038613557813]
ClaLosses:[0.45894890822417705]
ErrorEval=0.01530

*Epoch=175 LR=0.00100
GenLosses:[0.4714722936352094]
ClaLosses:[0.45875420229693237]
ErrorEval=0.01730

*Epoch=176 LR=0.00100
GenLosses:[0.4711329663793246]
ClaLosses:[0.4587769827355037]
ErrorEval=0.01680

*Epoch=177 LR=0.00100
GenLosses:[0.4711919742822647]
ClaLosses:[0.4588799422510553]
ErrorEval=0.01600

*Epoch=178 LR=0.00100
GenLosses:[0.4713964628179868]
ClaLosses:[0.45915676428033997]
ErrorEval=0.01690

*Epoch=179 LR=0.00100
GenLosses:[0.47095012933015823]
ClaLosses:[0.45886188311028]
ErrorEval=0.01520

*Epoch=180 LR=0.00100
GenLosses:[0.47145476470390957]
ClaLosses:[0.4583885341777448]
ErrorEval=0.01730

*Epoch=181 LR=0.00100
GenLosses:[0.4706202235817909]
ClaLosses:[0.4589395384141163]
ErrorEval=0.01540

*Epoch=182 LR=0.00100
GenLosses:[0.47148683249950407]
ClaLosses:[0.4596054786020781]
ErrorEval=0.01820

*Epoch=183 LR=0.00100
GenLosses:[0.4712712487578392]
ClaLosses:[0.45911799058787334]
ErrorEval=0.01650

*Epoch=184 LR=0.00100
GenLosses:[0.47111680924892424]
ClaLosses:[0.4586615139880747]
ErrorEval=0.01480

*Epoch=185 LR=0.00100
GenLosses:[0.47118579685688017]
ClaLosses:[0.45884434498154264]
ErrorEval=0.01690

*Epoch=186 LR=0.00100
GenLosses:[0.47130858729283015]
ClaLosses:[0.45879691872119516]
ErrorEval=0.01570

*Epoch=187 LR=0.00100
GenLosses:[0.4711627628405889]
ClaLosses:[0.458610779842883]
ErrorEval=0.01500

*Epoch=188 LR=0.00100
GenLosses:[0.4712465665737788]
ClaLosses:[0.4587852244415463]
ErrorEval=0.01460

*Epoch=189 LR=0.00100
GenLosses:[0.4711525245507558]
ClaLosses:[0.45881043529815335]
ErrorEval=0.01590

*Epoch=190 LR=0.00100
GenLosses:[0.4708009069164594]
ClaLosses:[0.4585438402663678]
ErrorEval=0.01610

*Epoch=191 LR=0.00100
GenLosses:[0.4707853961984316]
ClaLosses:[0.4587140670882569]
ErrorEval=0.01550

*Epoch=192 LR=0.00100
GenLosses:[0.4706642046570778]
ClaLosses:[0.4587832739210261]
ErrorEval=0.01340

*Epoch=193 LR=0.00100
GenLosses:[0.47123562355836235]
ClaLosses:[0.4591711709652904]
ErrorEval=0.01390

*Epoch=194 LR=0.00100
GenLosses:[0.4709745724995931]
ClaLosses:[0.45845668080587654]
ErrorEval=0.01240

*Epoch=195 LR=0.00100
GenLosses:[0.4708330171306928]
ClaLosses:[0.45888225012277656]
ErrorEval=0.01310

*Epoch=196 LR=0.00100
GenLosses:[0.4703878879547119]
ClaLosses:[0.4584401921167339]
ErrorEval=0.01330

*Epoch=197 LR=0.00100
GenLosses:[0.4712585489948591]
ClaLosses:[0.4588768857141081]
ErrorEval=0.01470

*Epoch=198 LR=0.00100
GenLosses:[0.47149509370327]
ClaLosses:[0.4589525080559499]
ErrorEval=0.01380

*Epoch=199 LR=0.00100
GenLosses:[0.4704392582178116]
ClaLosses:[0.4587627261475713]
ErrorEval=0.01550

*Epoch=200 LR=0.00100
GenLosses:[0.4715760228037834]
ClaLosses:[0.458721604725876]
ErrorEval=0.01650

*Epoch=201 LR=0.00100
GenLosses:[0.4709795671701431]
ClaLosses:[0.45850653304138284]
ErrorEval=0.01840

*Epoch=202 LR=0.00100
GenLosses:[0.4706398766239484]
ClaLosses:[0.45893234535616595]
ErrorEval=0.01660

*Epoch=203 LR=0.00100
GenLosses:[0.47107232302427293]
ClaLosses:[0.45883986829785944]
ErrorEval=0.01620

*Epoch=204 LR=0.00100
GenLosses:[0.4708159958322843]
ClaLosses:[0.4590475923686632]
ErrorEval=0.01610

*Epoch=205 LR=0.00100
GenLosses:[0.4708422256509463]
ClaLosses:[0.4585475861647155]
ErrorEval=0.01720

*Epoch=206 LR=0.00100
GenLosses:[0.4707504421472549]
ClaLosses:[0.45919264110368846]
ErrorEval=0.01830

*Epoch=207 LR=0.00100
GenLosses:[0.47051730076471965]
ClaLosses:[0.45863639425131564]
ErrorEval=0.01880

*Epoch=208 LR=0.00100
GenLosses:[0.47136425574620566]
ClaLosses:[0.45849319097766433]
ErrorEval=0.01980

*Epoch=209 LR=0.00100
GenLosses:[0.4707118069132169]
ClaLosses:[0.4585978909027464]
ErrorEval=0.01910

*Epoch=210 LR=0.00100
GenLosses:[0.4710760415593783]
ClaLosses:[0.4584430943056809]
ErrorEval=0.01960

*Epoch=211 LR=0.00100
GenLosses:[0.4710051968693733]
ClaLosses:[0.4588272359375085]
ErrorEval=0.01850

*Epoch=212 LR=0.00100
GenLosses:[0.4715956171353658]
ClaLosses:[0.45986848199307784]
ErrorEval=0.01880

*Epoch=213 LR=0.00100
GenLosses:[0.4708207153280576]
ClaLosses:[0.4585602811648101]
ErrorEval=0.02110

*Epoch=214 LR=0.00100
GenLosses:[0.47079150905211764]
ClaLosses:[0.4582474941556678]
ErrorEval=0.01810

*Epoch=215 LR=0.00100
GenLosses:[0.47148422956466673]
ClaLosses:[0.45888379282962916]
ErrorEval=0.01820

*Epoch=216 LR=0.00100
GenLosses:[0.470965857108434]
ClaLosses:[0.4600816701336901]
ErrorEval=0.01890

*Epoch=217 LR=0.00100
GenLosses:[0.4710319054126739]
ClaLosses:[0.4587489413266916]
ErrorEval=0.01880

*Epoch=218 LR=0.00100
GenLosses:[0.47109933574994406]
ClaLosses:[0.45824159151735055]
ErrorEval=0.01650

*Epoch=219 LR=0.00100
GenLosses:[0.47129333039124804]
ClaLosses:[0.45868603036047384]
ErrorEval=0.01860

*Epoch=220 LR=0.00100
GenLosses:[0.47066415260235467]
ClaLosses:[0.45853322829073456]
ErrorEval=0.01670

*Epoch=221 LR=0.00100
GenLosses:[0.4713348082701365]
ClaLosses:[0.45861749225565857]
ErrorEval=0.01720

*Epoch=222 LR=0.00100
GenLosses:[0.4711156695087751]
ClaLosses:[0.45879926440893937]
ErrorEval=0.01730

*Epoch=223 LR=0.00100
GenLosses:[0.4710727662841479]
ClaLosses:[0.4589083281739872]
ErrorEval=0.01970

*Epoch=224 LR=0.00100
GenLosses:[0.47115893989801405]
ClaLosses:[0.45888925006037445]
ErrorEval=0.01780

*Epoch=225 LR=0.00100
GenLosses:[0.47080233335495]
ClaLosses:[0.4590349413549815]
ErrorEval=0.01770

*Epoch=226 LR=0.00100
GenLosses:[0.4705531240502993]
ClaLosses:[0.45864793631892153]
ErrorEval=0.01690

*Epoch=227 LR=0.00100
GenLosses:[0.47091110676527026]
ClaLosses:[0.45892721938121556]
ErrorEval=0.01870

*Epoch=228 LR=0.00100
GenLosses:[0.470498648583889]
ClaLosses:[0.4589410593796895]
ErrorEval=0.02030

*Epoch=229 LR=0.00100
GenLosses:[0.4708565406004588]
ClaLosses:[0.45874731073633823]
ErrorEval=0.01910

*Epoch=230 LR=0.00100
GenLosses:[0.4710171400507291]
ClaLosses:[0.4587764094729383]
ErrorEval=0.01690

*Epoch=231 LR=0.00100
GenLosses:[0.4709744306405385]
ClaLosses:[0.45823165176828135]
ErrorEval=0.01750

*Epoch=232 LR=0.00100
GenLosses:[0.47058153043190637]
ClaLosses:[0.4587950910569894]
ErrorEval=0.02030

*Epoch=233 LR=0.00100
GenLosses:[0.4702861628929774]
ClaLosses:[0.4583926677247043]
ErrorEval=0.01830

*Epoch=234 LR=0.00100
GenLosses:[0.47055009136597314]
ClaLosses:[0.4588391350501895]
ErrorEval=0.01850

*Epoch=235 LR=0.00100
GenLosses:[0.47067391405502956]
ClaLosses:[0.4582297770493709]
ErrorEval=0.01810

*Epoch=236 LR=0.00100
GenLosses:[0.4712745154897372]
ClaLosses:[0.45859861306734645]
ErrorEval=0.01670

*Epoch=237 LR=0.00100
GenLosses:[0.4711021346847216]
ClaLosses:[0.45881995581809804]
ErrorEval=0.01840

*Epoch=238 LR=0.00100
GenLosses:[0.4713217496871948]
ClaLosses:[0.45857581570814754]
ErrorEval=0.01510

*Epoch=239 LR=0.00100
GenLosses:[0.47148052881161373]
ClaLosses:[0.4594299689726791]
ErrorEval=0.01880

*Epoch=240 LR=0.00100
GenLosses:[0.4702906084060669]
ClaLosses:[0.45857291781644755]
ErrorEval=0.01840

*Epoch=241 LR=0.00100
GenLosses:[0.4699766778945923]
ClaLosses:[0.45832309451149894]
ErrorEval=0.01670

*Epoch=242 LR=0.00100
GenLosses:[0.4711172805229823]
ClaLosses:[0.45899663775693833]
ErrorEval=0.01820

*Epoch=243 LR=0.00100
GenLosses:[0.4710825396577517]
ClaLosses:[0.45880268506242705]
ErrorEval=0.01790

*Epoch=244 LR=0.00100
GenLosses:[0.47111092388629916]
ClaLosses:[0.4587056449031088]
ErrorEval=0.01480

*Epoch=245 LR=0.00100
GenLosses:[0.47031966427961985]
ClaLosses:[0.4585005127991364]
ErrorEval=0.01450

*Epoch=246 LR=0.00100
GenLosses:[0.4708820600310961]
ClaLosses:[0.4584261737641778]
ErrorEval=0.01590

*Epoch=247 LR=0.00100
GenLosses:[0.47103517631689706]
ClaLosses:[0.45849224453872145]
ErrorEval=0.01660

*Epoch=248 LR=0.00100
GenLosses:[0.47112541675567626]
ClaLosses:[0.45904744937207503]
ErrorEval=0.01520

*Epoch=249 LR=0.00100
GenLosses:[0.4711068763335546]
ClaLosses:[0.4586044675878161]
ErrorEval=0.01440

*Epoch=250 LR=0.00100
GenLosses:[0.4708576681216558]
ClaLosses:[0.4584015994044691]
ErrorEval=0.01430

*Epoch=251 LR=0.00100
GenLosses:[0.47020881950855253]
ClaLosses:[0.45851945458604565]
ErrorEval=0.01460

*Epoch=252 LR=0.00100
GenLosses:[0.47073512703180315]
ClaLosses:[0.4583480377664631]
ErrorEval=0.01470

*Epoch=253 LR=0.00100
GenLosses:[0.4704731889565786]
ClaLosses:[0.45866517918271493]
ErrorEval=0.01530

*Epoch=254 LR=0.00100
GenLosses:[0.47072161495685577]
ClaLosses:[0.4582198788255721]
ErrorEval=0.01510

*Epoch=255 LR=0.00100
GenLosses:[0.4709025126695633]
ClaLosses:[0.4585741034234233]
ErrorEval=0.01670

*Epoch=256 LR=0.00100
GenLosses:[0.470227878789107]
ClaLosses:[0.45865630897959014]
ErrorEval=0.01720

*Epoch=257 LR=0.00100
GenLosses:[0.4707489662369092]
ClaLosses:[0.4580533134193408]
ErrorEval=0.01560

*Epoch=258 LR=0.00100
GenLosses:[0.47078827768564224]
ClaLosses:[0.4589545417002423]
ErrorEval=0.01620

*Epoch=259 LR=0.00100
GenLosses:[0.47088642507791517]
ClaLosses:[0.4584640439730683]
ErrorEval=0.01610

*Epoch=260 LR=0.00100
GenLosses:[0.4709874287247658]
ClaLosses:[0.4590771918601802]
ErrorEval=0.01740

*Epoch=261 LR=0.00100
GenLosses:[0.4701497942209244]
ClaLosses:[0.45821920405642713]
ErrorEval=0.01680

*Epoch=262 LR=0.00100
GenLosses:[0.4706515805919965]
ClaLosses:[0.4585878059508542]
ErrorEval=0.01780

*Epoch=263 LR=0.00100
GenLosses:[0.47112667342027026]
ClaLosses:[0.4585954550898802]
ErrorEval=0.01590

*Epoch=264 LR=0.00100
GenLosses:[0.47046976854403816]
ClaLosses:[0.45867733647510117]
ErrorEval=0.01670

*Epoch=265 LR=0.00100
GenLosses:[0.4701755810777346]
ClaLosses:[0.4583880064915233]
ErrorEval=0.01560

*Epoch=266 LR=0.00100
GenLosses:[0.4707740119099617]
ClaLosses:[0.4585848870573533]
ErrorEval=0.01470

*Epoch=267 LR=0.00100
GenLosses:[0.4712824641664823]
ClaLosses:[0.45849734787567703]
ErrorEval=0.01290

*Epoch=268 LR=0.00100
GenLosses:[0.4705919974048932]
ClaLosses:[0.4583114077077554]
ErrorEval=0.01370

*Epoch=269 LR=0.00100
GenLosses:[0.4710734058419863]
ClaLosses:[0.45841811174695174]
ErrorEval=0.01590

*Epoch=270 LR=0.00100
GenLosses:[0.47048057794570924]
ClaLosses:[0.4587055028568788]
ErrorEval=0.01530

*Epoch=271 LR=0.00100
GenLosses:[0.4710991570353508]
ClaLosses:[0.45870713765728044]
ErrorEval=0.01470

*Epoch=272 LR=0.00100
GenLosses:[0.47045176059007643]
ClaLosses:[0.4584157526951871]
ErrorEval=0.01500

*Epoch=273 LR=0.00100
GenLosses:[0.4711573921640714]
ClaLosses:[0.4590374938491429]
ErrorEval=0.01950

*Epoch=274 LR=0.00100
GenLosses:[0.4706604828437169]
ClaLosses:[0.458164310396485]
ErrorEval=0.01900

*Epoch=275 LR=0.00100
GenLosses:[0.4704523904124896]
ClaLosses:[0.45898848314073937]
ErrorEval=0.01540

*Epoch=276 LR=0.00100
GenLosses:[0.47087188353141146]
ClaLosses:[0.4580325310449592]
ErrorEval=0.01710

*Epoch=277 LR=0.00100
GenLosses:[0.470627354880174]
ClaLosses:[0.4586312425580539]
ErrorEval=0.01740

*Epoch=278 LR=0.00100
GenLosses:[0.47121764669815697]
ClaLosses:[0.45860657489428536]
ErrorEval=0.01840

*Epoch=279 LR=0.00100
GenLosses:[0.4719613867004712]
ClaLosses:[0.459144998791107]
ErrorEval=0.01780

*Epoch=280 LR=0.00100
GenLosses:[0.4703849033514659]
ClaLosses:[0.4588346345340815]
ErrorEval=0.01890

*Epoch=281 LR=0.00100
GenLosses:[0.47092918743689854]
ClaLosses:[0.4587888575391032]
ErrorEval=0.01770

*Epoch=282 LR=0.00100
GenLosses:[0.4709038613239924]
ClaLosses:[0.45853313212688496]
ErrorEval=0.01690

*Epoch=283 LR=0.00100
GenLosses:[0.4709395843744278]
ClaLosses:[0.458446092968156]
ErrorEval=0.01790

*Epoch=284 LR=0.00100
GenLosses:[0.4709403947989146]
ClaLosses:[0.45883845088427033]
ErrorEval=0.01590

*Epoch=285 LR=0.00100
GenLosses:[0.4713015169898669]
ClaLosses:[0.45846897062287195]
ErrorEval=0.01830

*Epoch=286 LR=0.00100
GenLosses:[0.4704971267779668]
ClaLosses:[0.4584618403420556]
ErrorEval=0.01520

*Epoch=287 LR=0.00100
GenLosses:[0.47081837664047876]
ClaLosses:[0.4584522731722843]
ErrorEval=0.01570

*Epoch=288 LR=0.00100
GenLosses:[0.4708851808309555]
ClaLosses:[0.4582037435775064]
ErrorEval=0.01620

*Epoch=289 LR=0.00100
GenLosses:[0.47049369792143503]
ClaLosses:[0.45853924384717865]
ErrorEval=0.01620

*Epoch=290 LR=0.00100
GenLosses:[0.4702012937267621]
ClaLosses:[0.4587859922432248]
ErrorEval=0.01620

*Epoch=291 LR=0.00100
GenLosses:[0.4710681667923927]
ClaLosses:[0.45887584691113015]
ErrorEval=0.01880

*Epoch=292 LR=0.00100
GenLosses:[0.4705733414491018]
ClaLosses:[0.4585807610813751]
ErrorEval=0.01830

*Epoch=293 LR=0.00100
GenLosses:[0.4709562291701635]
ClaLosses:[0.45882974607826954]
ErrorEval=0.01710

*Epoch=294 LR=0.00100
GenLosses:[0.4710524257024129]
ClaLosses:[0.458709664875993]
ErrorEval=0.01590

*Epoch=295 LR=0.00100
GenLosses:[0.47074310849110285]
ClaLosses:[0.4582357546339749]
ErrorEval=0.01640

*Epoch=296 LR=0.00100
GenLosses:[0.4713111670811971]
ClaLosses:[0.45819844360290307]
ErrorEval=0.01510

*Epoch=297 LR=0.00100
GenLosses:[0.4715459644794464]
ClaLosses:[0.4582992574249254]
ErrorEval=0.01370

*Epoch=298 LR=0.00100
GenLosses:[0.47085906366507213]
ClaLosses:[0.4583408416739401]
ErrorEval=0.01260

*Epoch=299 LR=0.00100
GenLosses:[0.47096293141444523]
ClaLosses:[0.4581464951710971]
ErrorEval=0.01440

*Epoch=300 LR=0.00100
GenLosses:[0.47066450347503025]
ClaLosses:[0.47122086280285563]
ErrorEval=0.01050

*Epoch=301 LR=0.00100
GenLosses:[0.47099912265936533]
ClaLosses:[0.4672888917093166]
ErrorEval=0.00890

*Epoch=302 LR=0.00099
GenLosses:[0.4710223877429962]
ClaLosses:[0.46652882034260956]
ErrorEval=0.00930

*Epoch=303 LR=0.00099
GenLosses:[0.47086631844441096]
ClaLosses:[0.46533307654818373]
ErrorEval=0.00890

*Epoch=304 LR=0.00098
GenLosses:[0.47073513716459275]
ClaLosses:[0.46463857200035097]
ErrorEval=0.00940

*Epoch=305 LR=0.00098
GenLosses:[0.4705363220969836]
ClaLosses:[0.46442239171716126]
ErrorEval=0.00950

*Epoch=306 LR=0.00097
GenLosses:[0.4709164643287659]
ClaLosses:[0.4644196621139801]
ErrorEval=0.00880

*Epoch=307 LR=0.00097
GenLosses:[0.4710935205221176]
ClaLosses:[0.4643566107395019]
ErrorEval=0.00850

*Epoch=308 LR=0.00096
GenLosses:[0.4706973291436831]
ClaLosses:[0.4633779578873618]
ErrorEval=0.00810

*Epoch=309 LR=0.00096
GenLosses:[0.47178515324989956]
ClaLosses:[0.46309501138668147]
ErrorEval=0.00780

*Epoch=310 LR=0.00095
GenLosses:[0.47136186142762504]
ClaLosses:[0.46301482348276496]
ErrorEval=0.00810

*Epoch=311 LR=0.00095
GenLosses:[0.47042259951432547]
ClaLosses:[0.46327405169843594]
ErrorEval=0.00840

*Epoch=312 LR=0.00094
GenLosses:[0.47072687149047854]
ClaLosses:[0.46324039457622046]
ErrorEval=0.00870

*Epoch=313 LR=0.00094
GenLosses:[0.47082272499799727]
ClaLosses:[0.4631184618855423]
ErrorEval=0.00780

*Epoch=314 LR=0.00093
GenLosses:[0.4704444832603137]
ClaLosses:[0.46331997763439886]
ErrorEval=0.00870

*Epoch=315 LR=0.00093
GenLosses:[0.4704407491286596]
ClaLosses:[0.4626926136834633]
ErrorEval=0.00790

*Epoch=316 LR=0.00092
GenLosses:[0.4706725400686264]
ClaLosses:[0.4623774269415869]
ErrorEval=0.00820

*Epoch=317 LR=0.00092
GenLosses:[0.47018360753854116]
ClaLosses:[0.4622938847753467]
ErrorEval=0.00740

*Epoch=318 LR=0.00091
GenLosses:[0.4717118260264397]
ClaLosses:[0.4628149090380913]
ErrorEval=0.00770

*Epoch=319 LR=0.00091
GenLosses:[0.47078451166550317]
ClaLosses:[0.4629160261730821]
ErrorEval=0.00650

*Epoch=320 LR=0.00090
GenLosses:[0.4706058659156164]
ClaLosses:[0.46278513211458727]
ErrorEval=0.00680

*Epoch=321 LR=0.00090
GenLosses:[0.4712425198157628]
ClaLosses:[0.46233903778905555]
ErrorEval=0.00670

*Epoch=322 LR=0.00090
GenLosses:[0.4716137888034185]
ClaLosses:[0.46263699463183977]
ErrorEval=0.00690

*Epoch=323 LR=0.00089
GenLosses:[0.47126119206349054]
ClaLosses:[0.46219211520612524]
ErrorEval=0.00670

*Epoch=324 LR=0.00089
GenLosses:[0.47118687589963276]
ClaLosses:[0.461806735136302]
ErrorEval=0.00700

*Epoch=325 LR=0.00088
GenLosses:[0.47052024215459826]
ClaLosses:[0.46223038954158835]
ErrorEval=0.00690

*Epoch=326 LR=0.00088
GenLosses:[0.47092372248570125]
ClaLosses:[0.46173159875458347]
ErrorEval=0.00750

*Epoch=327 LR=0.00087
GenLosses:[0.4701492672165235]
ClaLosses:[0.4616605433226465]
ErrorEval=0.00700

*Epoch=328 LR=0.00087
GenLosses:[0.4713435356815656]
ClaLosses:[0.4625260378110044]
ErrorEval=0.00750

*Epoch=329 LR=0.00086
GenLosses:[0.4717746193210284]
ClaLosses:[0.46156555110075004]
ErrorEval=0.00720

*Epoch=330 LR=0.00086
GenLosses:[0.47072074135144554]
ClaLosses:[0.46180589555369456]
ErrorEval=0.00720

*Epoch=331 LR=0.00086
GenLosses:[0.4707543209195137]
ClaLosses:[0.4608883534378573]
ErrorEval=0.00750

*Epoch=332 LR=0.00085
GenLosses:[0.4703855963548024]
ClaLosses:[0.461038073844816]
ErrorEval=0.00670

*Epoch=333 LR=0.00085
GenLosses:[0.4714772153894107]
ClaLosses:[0.46144657110394205]
ErrorEval=0.00710

*Epoch=334 LR=0.00084
GenLosses:[0.47068952172994616]
ClaLosses:[0.46140107454230483]
ErrorEval=0.00690

*Epoch=335 LR=0.00084
GenLosses:[0.47088065057992934]
ClaLosses:[0.461672397034514]
ErrorEval=0.00670

*Epoch=336 LR=0.00083
GenLosses:[0.47096560219923655]
ClaLosses:[0.46154312788439295]
ErrorEval=0.00710

*Epoch=337 LR=0.00083
GenLosses:[0.47052083392937977]
ClaLosses:[0.4609772021445647]
ErrorEval=0.00630

*Epoch=338 LR=0.00083
GenLosses:[0.4707868347565333]
ClaLosses:[0.46183445551453284]
ErrorEval=0.00620

*Epoch=339 LR=0.00082
GenLosses:[0.47095194945732755]
ClaLosses:[0.46102830218530644]
ErrorEval=0.00680

*Epoch=340 LR=0.00082
GenLosses:[0.4709248173236847]
ClaLosses:[0.46123457188038147]
ErrorEval=0.00710

*Epoch=341 LR=0.00081
GenLosses:[0.47131859948237737]
ClaLosses:[0.46219556132649386]
ErrorEval=0.00700

*Epoch=342 LR=0.00081
GenLosses:[0.47085101177295047]
ClaLosses:[0.4612731666997156]
ErrorEval=0.00640

*Epoch=343 LR=0.00081
GenLosses:[0.4707749014099439]
ClaLosses:[0.4617119249760509]
ErrorEval=0.00630

*Epoch=344 LR=0.00080
GenLosses:[0.4709713767965635]
ClaLosses:[0.4613601849006658]
ErrorEval=0.00630

*Epoch=345 LR=0.00080
GenLosses:[0.4715909546613693]
ClaLosses:[0.4613849303288787]
ErrorEval=0.00660

*Epoch=346 LR=0.00079
GenLosses:[0.4711098474264145]
ClaLosses:[0.4615566905713591]
ErrorEval=0.00700

*Epoch=347 LR=0.00079
GenLosses:[0.47060001144806546]
ClaLosses:[0.46080480476277613]
ErrorEval=0.00650

*Epoch=348 LR=0.00079
GenLosses:[0.47101555615663526]
ClaLosses:[0.4615634820708048]
ErrorEval=0.00680

*Epoch=349 LR=0.00078
GenLosses:[0.47051935106515885]
ClaLosses:[0.46091182955053434]
ErrorEval=0.00670

*Epoch=350 LR=0.00078
GenLosses:[0.4716034331917763]
ClaLosses:[0.460982478055578]
ErrorEval=0.00650

*Epoch=351 LR=0.00077
GenLosses:[0.47135017842054366]
ClaLosses:[0.46125742790675806]
ErrorEval=0.00690

*Epoch=352 LR=0.00077
GenLosses:[0.47125357886155445]
ClaLosses:[0.46096529923517837]
ErrorEval=0.00650

*Epoch=353 LR=0.00077
GenLosses:[0.4716663513580958]
ClaLosses:[0.4616184281887086]
ErrorEval=0.00630

*Epoch=354 LR=0.00076
GenLosses:[0.47091530481974286]
ClaLosses:[0.4612798623991743]
ErrorEval=0.00610

*Epoch=355 LR=0.00076
GenLosses:[0.47122969806194304]
ClaLosses:[0.46099674947092645]
ErrorEval=0.00640

*Epoch=356 LR=0.00076
GenLosses:[0.47126453210910163]
ClaLosses:[0.4610721817466641]
ErrorEval=0.00680

*Epoch=357 LR=0.00075
GenLosses:[0.4713305692871412]
ClaLosses:[0.46110088167454166]
ErrorEval=0.00650

*Epoch=358 LR=0.00075
GenLosses:[0.47163804252942404]
ClaLosses:[0.46089381891758335]
ErrorEval=0.00650

*Epoch=359 LR=0.00074
GenLosses:[0.47123569836219154]
ClaLosses:[0.46127354494056744]
ErrorEval=0.00610

*Epoch=360 LR=0.00074
GenLosses:[0.47122020135323206]
ClaLosses:[0.46053542098155675]
ErrorEval=0.00610

*Epoch=361 LR=0.00074
GenLosses:[0.47140068223079046]
ClaLosses:[0.4609469375132683]
ErrorEval=0.00620

*Epoch=362 LR=0.00073
GenLosses:[0.47108153263727826]
ClaLosses:[0.4608160001666401]
ErrorEval=0.00570

*Epoch=363 LR=0.00073
GenLosses:[0.47091240525245665]
ClaLosses:[0.46078115936730835]
ErrorEval=0.00600

*Epoch=364 LR=0.00073
GenLosses:[0.4712282093365987]
ClaLosses:[0.46018464523701774]
ErrorEval=0.00580

*Epoch=365 LR=0.00072
GenLosses:[0.4712201956907908]
ClaLosses:[0.4599671713513258]
ErrorEval=0.00610

*Epoch=366 LR=0.00072
GenLosses:[0.4704092691342036]
ClaLosses:[0.4607541019522323]
ErrorEval=0.00580

*Epoch=367 LR=0.00071
GenLosses:[0.4714029332002004]
ClaLosses:[0.46072193009694057]
ErrorEval=0.00560

*Epoch=368 LR=0.00071
GenLosses:[0.47163365334272384]
ClaLosses:[0.4607497065500465]
ErrorEval=0.00610

*Epoch=369 LR=0.00071
GenLosses:[0.4708281754453977]
ClaLosses:[0.46069753189612545]
ErrorEval=0.00550

*Epoch=370 LR=0.00070
GenLosses:[0.47136474241813026]
ClaLosses:[0.46064853710762793]
ErrorEval=0.00570

*Epoch=371 LR=0.00070
GenLosses:[0.4713447410861651]
ClaLosses:[0.46073361550933317]
ErrorEval=0.00600

*Epoch=372 LR=0.00070
GenLosses:[0.4712598459919294]
ClaLosses:[0.46037578536486146]
ErrorEval=0.00600

*Epoch=373 LR=0.00069
GenLosses:[0.4716093753774961]
ClaLosses:[0.46050861487946]
ErrorEval=0.00630

*Epoch=374 LR=0.00069
GenLosses:[0.47211327562729516]
ClaLosses:[0.4607463944340441]
ErrorEval=0.00640

*Epoch=375 LR=0.00069
GenLosses:[0.47149903694788614]
ClaLosses:[0.4609642986239544]
ErrorEval=0.00630

*Epoch=376 LR=0.00068
GenLosses:[0.47143100182215375]
ClaLosses:[0.4605154616744722]
ErrorEval=0.00630

*Epoch=377 LR=0.00068
GenLosses:[0.4713902856906255]
ClaLosses:[0.46045980414162063]
ErrorEval=0.00650

*Epoch=378 LR=0.00068
GenLosses:[0.4713012624780337]
ClaLosses:[0.46092686395485893]
ErrorEval=0.00660

*Epoch=379 LR=0.00067
GenLosses:[0.47118774702151617]
ClaLosses:[0.4606368447487183]
ErrorEval=0.00610

*Epoch=380 LR=0.00067
GenLosses:[0.47165511737267174]
ClaLosses:[0.46101768928586534]
ErrorEval=0.00640

*Epoch=381 LR=0.00067
GenLosses:[0.4712389789024989]
ClaLosses:[0.4610905481224079]
ErrorEval=0.00590

*Epoch=382 LR=0.00066
GenLosses:[0.47147299130757647]
ClaLosses:[0.46008154025712816]
ErrorEval=0.00630

*Epoch=383 LR=0.00066
GenLosses:[0.47152525673309964]
ClaLosses:[0.46023006976296266]
ErrorEval=0.00650

*Epoch=384 LR=0.00066
GenLosses:[0.47146458019812904]
ClaLosses:[0.46046730090404253]
ErrorEval=0.00590

*Epoch=385 LR=0.00065
GenLosses:[0.4713031430045764]
ClaLosses:[0.46059311595914904]
ErrorEval=0.00600

*Epoch=386 LR=0.00065
GenLosses:[0.4713943217198054]
ClaLosses:[0.4612323546769533]
ErrorEval=0.00590

*Epoch=387 LR=0.00065
GenLosses:[0.47138037989536924]
ClaLosses:[0.46096364006480256]
ErrorEval=0.00640

*Epoch=388 LR=0.00064
GenLosses:[0.4715309542417526]
ClaLosses:[0.4600791167967455]
ErrorEval=0.00650

*Epoch=389 LR=0.00064
GenLosses:[0.47131468176841734]
ClaLosses:[0.4604527668339377]
ErrorEval=0.00610

*Epoch=390 LR=0.00064
GenLosses:[0.4711372882127762]
ClaLosses:[0.4606191471851802]
ErrorEval=0.00620

*Epoch=391 LR=0.00063
GenLosses:[0.4718537010749181]
ClaLosses:[0.4601790628502413]
ErrorEval=0.00590

*Epoch=392 LR=0.00063
GenLosses:[0.4712388154864311]
ClaLosses:[0.460132713883454]
ErrorEval=0.00620

*Epoch=393 LR=0.00063
GenLosses:[0.47219283719857535]
ClaLosses:[0.4601399251288844]
ErrorEval=0.00650

*Epoch=394 LR=0.00062
GenLosses:[0.47203717231750486]
ClaLosses:[0.4602432474946076]
ErrorEval=0.00600

*Epoch=395 LR=0.00062
GenLosses:[0.47126886546611785]
ClaLosses:[0.46020704263806766]
ErrorEval=0.00610

*Epoch=396 LR=0.00062
GenLosses:[0.4716100333134333]
ClaLosses:[0.4605451908550765]
ErrorEval=0.00620

*Epoch=397 LR=0.00061
GenLosses:[0.47152505298455555]
ClaLosses:[0.4596299137562462]
ErrorEval=0.00630

*Epoch=398 LR=0.00061
GenLosses:[0.471095595061779]
ClaLosses:[0.46015639880229126]
ErrorEval=0.00590

*Epoch=399 LR=0.00061
GenLosses:[0.47177082975705464]
ClaLosses:[0.46040844631595607]
ErrorEval=0.00600

*Epoch=400 LR=0.00061
GenLosses:[0.4718067836761475]
ClaLosses:[0.4602628997563927]
ErrorEval=0.00590

*Epoch=401 LR=0.00060
GenLosses:[0.4717918589711189]
ClaLosses:[0.46016457858243653]
ErrorEval=0.00590

*Epoch=402 LR=0.00060
GenLosses:[0.47124955505132676]
ClaLosses:[0.46066781987840416]
ErrorEval=0.00590

*Epoch=403 LR=0.00060
GenLosses:[0.4716197364528974]
ClaLosses:[0.4608897748309851]
ErrorEval=0.00620

*Epoch=404 LR=0.00059
GenLosses:[0.4714998464783033]
ClaLosses:[0.46043210540629453]
ErrorEval=0.00570

*Epoch=405 LR=0.00059
GenLosses:[0.4718272813161214]
ClaLosses:[0.46082653275887214]
ErrorEval=0.00630

*Epoch=406 LR=0.00059
GenLosses:[0.47226625939210254]
ClaLosses:[0.4600402852542581]
ErrorEval=0.00610

*Epoch=407 LR=0.00058
GenLosses:[0.47118090629577636]
ClaLosses:[0.4595206530919895]
ErrorEval=0.00550

*Epoch=408 LR=0.00058
GenLosses:[0.4715625410278638]
ClaLosses:[0.46026857573120716]
ErrorEval=0.00560

*Epoch=409 LR=0.00058
GenLosses:[0.47133580009142556]
ClaLosses:[0.46035736367300295]
ErrorEval=0.00530

*Epoch=410 LR=0.00058
GenLosses:[0.47173769503831864]
ClaLosses:[0.4601110007661565]
ErrorEval=0.00570

*Epoch=411 LR=0.00057
GenLosses:[0.4719333400328954]
ClaLosses:[0.4601829606959453]
ErrorEval=0.00550

*Epoch=412 LR=0.00057
GenLosses:[0.4718499122063319]
ClaLosses:[0.45995550974029]
ErrorEval=0.00570

*Epoch=413 LR=0.00057
GenLosses:[0.4708114849527677]
ClaLosses:[0.4601447406108811]
ErrorEval=0.00580

*Epoch=414 LR=0.00056
GenLosses:[0.47206152538458507]
ClaLosses:[0.4601736516200052]
ErrorEval=0.00560

*Epoch=415 LR=0.00056
GenLosses:[0.4713077654441198]
ClaLosses:[0.4599792805236649]
ErrorEval=0.00500

*Epoch=416 LR=0.00056
GenLosses:[0.4715444944302241]
ClaLosses:[0.46058804295753786]
ErrorEval=0.00580

*Epoch=417 LR=0.00056
GenLosses:[0.4715359798073769]
ClaLosses:[0.4597083974319085]
ErrorEval=0.00580

*Epoch=418 LR=0.00055
GenLosses:[0.47195124745368955]
ClaLosses:[0.4597957762047512]
ErrorEval=0.00570

*Epoch=419 LR=0.00055
GenLosses:[0.47176359862089157]
ClaLosses:[0.46028597468216814]
ErrorEval=0.00590

*Epoch=420 LR=0.00055
GenLosses:[0.47209558556477227]
ClaLosses:[0.4602761029402465]
ErrorEval=0.00550

*Epoch=421 LR=0.00055
GenLosses:[0.4720809045433998]
ClaLosses:[0.4602104111793522]
ErrorEval=0.00610

*Epoch=422 LR=0.00054
GenLosses:[0.4716304782032967]
ClaLosses:[0.4601138185586073]
ErrorEval=0.00560

*Epoch=423 LR=0.00054
GenLosses:[0.4718922007083893]
ClaLosses:[0.46032660999554026]
ErrorEval=0.00570

*Epoch=424 LR=0.00054
GenLosses:[0.4719019395112991]
ClaLosses:[0.45988322982973073]
ErrorEval=0.00630

*Epoch=425 LR=0.00053
GenLosses:[0.4721744054555893]
ClaLosses:[0.45983366927897423]
ErrorEval=0.00580

*Epoch=426 LR=0.00053
GenLosses:[0.4722655718525251]
ClaLosses:[0.46068907880828297]
ErrorEval=0.00560

*Epoch=427 LR=0.00053
GenLosses:[0.4718008061250051]
ClaLosses:[0.4599273295951976]
ErrorEval=0.00570

*Epoch=428 LR=0.00053
GenLosses:[0.47177977780501046]
ClaLosses:[0.4599153732993708]
ErrorEval=0.00630

*Epoch=429 LR=0.00052
GenLosses:[0.47200031330188114]
ClaLosses:[0.4600212462836435]
ErrorEval=0.00660

*Epoch=430 LR=0.00052
GenLosses:[0.47169127702713015]
ClaLosses:[0.46021902419252037]
ErrorEval=0.00650

*Epoch=431 LR=0.00052
GenLosses:[0.4715998061498006]
ClaLosses:[0.4600606685724133]
ErrorEval=0.00630

*Epoch=432 LR=0.00052
GenLosses:[0.4716443551580111]
ClaLosses:[0.4601219433496609]
ErrorEval=0.00600

*Epoch=433 LR=0.00051
GenLosses:[0.47126844177643457]
ClaLosses:[0.4600576375416755]
ErrorEval=0.00620

*Epoch=434 LR=0.00051
GenLosses:[0.47146965980529787]
ClaLosses:[0.4596312560896101]
ErrorEval=0.00580

*Epoch=435 LR=0.00051
GenLosses:[0.47165501803159715]
ClaLosses:[0.45991885943557387]
ErrorEval=0.00550

*Epoch=436 LR=0.00051
GenLosses:[0.4718953830997149]
ClaLosses:[0.45995535244047564]
ErrorEval=0.00540

*Epoch=437 LR=0.00050
GenLosses:[0.4723187297582626]
ClaLosses:[0.46007117100759587]
ErrorEval=0.00550

*Epoch=438 LR=0.00050
GenLosses:[0.47187432219584785]
ClaLosses:[0.46054239221527127]
ErrorEval=0.00560

*Epoch=439 LR=0.00050
GenLosses:[0.4719599586725235]
ClaLosses:[0.45953646470079434]
ErrorEval=0.00580

*Epoch=440 LR=0.00050
GenLosses:[0.47202348232269287]
ClaLosses:[0.45943542221706546]
ErrorEval=0.00580

*Epoch=441 LR=0.00049
GenLosses:[0.4725595051050186]
ClaLosses:[0.4604610423186426]
ErrorEval=0.00560

*Epoch=442 LR=0.00049
GenLosses:[0.47236543387174607]
ClaLosses:[0.4599680465563027]
ErrorEval=0.00580

*Epoch=443 LR=0.00049
GenLosses:[0.47170460800329844]
ClaLosses:[0.459557938042356]
ErrorEval=0.00540

*Epoch=444 LR=0.00049
GenLosses:[0.4726470743616422]
ClaLosses:[0.45943608320042717]
ErrorEval=0.00580

*Epoch=445 LR=0.00048
GenLosses:[0.472040465871493]
ClaLosses:[0.4593419216808143]
ErrorEval=0.00600

*Epoch=446 LR=0.00048
GenLosses:[0.47280173629522326]
ClaLosses:[0.4597121818204533]
ErrorEval=0.00570

*Epoch=447 LR=0.00048
GenLosses:[0.47218862891197205]
ClaLosses:[0.459744148126499]
ErrorEval=0.00530

*Epoch=448 LR=0.00048
GenLosses:[0.47206678440173466]
ClaLosses:[0.4594772959277364]
ErrorEval=0.00560

*Epoch=449 LR=0.00047
GenLosses:[0.4717673703034719]
ClaLosses:[0.45984821617364086]
ErrorEval=0.00560

*Epoch=450 LR=0.00047
GenLosses:[0.47214197407166164]
ClaLosses:[0.460111883580284]
ErrorEval=0.00570

*Epoch=451 LR=0.00047
GenLosses:[0.4716913302739461]
ClaLosses:[0.45966414362383545]
ErrorEval=0.00550

*Epoch=452 LR=0.00047
GenLosses:[0.4716487939159075]
ClaLosses:[0.4596124686517448]
ErrorEval=0.00590

*Epoch=453 LR=0.00046
GenLosses:[0.4721419324477514]
ClaLosses:[0.45968779848497376]
ErrorEval=0.00530

*Epoch=454 LR=0.00046
GenLosses:[0.4719971043864886]
ClaLosses:[0.45980676495004325]
ErrorEval=0.00580

*Epoch=455 LR=0.00046
GenLosses:[0.4718585853775342]
ClaLosses:[0.4598911630077047]
ErrorEval=0.00570

*Epoch=456 LR=0.00046
GenLosses:[0.4722143749396006]
ClaLosses:[0.45965645225042917]
ErrorEval=0.00550

*Epoch=457 LR=0.00046
GenLosses:[0.47189347525437675]
ClaLosses:[0.4592848190749035]
ErrorEval=0.00560

*Epoch=458 LR=0.00045
GenLosses:[0.47243491480747857]
ClaLosses:[0.4596907370788517]
ErrorEval=0.00550

*Epoch=459 LR=0.00045
GenLosses:[0.4713828922311465]
ClaLosses:[0.459562781217457]
ErrorEval=0.00550

*Epoch=460 LR=0.00045
GenLosses:[0.4714670412739118]
ClaLosses:[0.4593758557675985]
ErrorEval=0.00540

*Epoch=461 LR=0.00045
GenLosses:[0.47164241681496305]
ClaLosses:[0.4597127443982993]
ErrorEval=0.00560

*Epoch=462 LR=0.00044
GenLosses:[0.47164095848798754]
ClaLosses:[0.4595088086278564]
ErrorEval=0.00550

*Epoch=463 LR=0.00044
GenLosses:[0.4719267670313517]
ClaLosses:[0.4594759827964713]
ErrorEval=0.00570

*Epoch=464 LR=0.00044
GenLosses:[0.4720112955570221]
ClaLosses:[0.4596976874708824]
ErrorEval=0.00560

*Epoch=465 LR=0.00044
GenLosses:[0.47181615442037583]
ClaLosses:[0.45935680633272047]
ErrorEval=0.00520

*Epoch=466 LR=0.00044
GenLosses:[0.4719451118508975]
ClaLosses:[0.45951597385169635]
ErrorEval=0.00510

*Epoch=467 LR=0.00043
GenLosses:[0.4721896470586459]
ClaLosses:[0.45981126226806046]
ErrorEval=0.00550

*Epoch=468 LR=0.00043
GenLosses:[0.47222866425911586]
ClaLosses:[0.46011268984370446]
ErrorEval=0.00530

*Epoch=469 LR=0.00043
GenLosses:[0.47181200871864953]
ClaLosses:[0.46024200087740524]
ErrorEval=0.00550

*Epoch=470 LR=0.00043
GenLosses:[0.4720834963520368]
ClaLosses:[0.4604390571173903]
ErrorEval=0.00560

*Epoch=471 LR=0.00042
GenLosses:[0.4724739097555478]
ClaLosses:[0.46020198982830646]
ErrorEval=0.00550

*Epoch=472 LR=0.00042
GenLosses:[0.47250395725170774]
ClaLosses:[0.4598571839981362]
ErrorEval=0.00570

*Epoch=473 LR=0.00042
GenLosses:[0.4725251191854477]
ClaLosses:[0.45988448836458096]
ErrorEval=0.00500

*Epoch=474 LR=0.00042
GenLosses:[0.4720918580889702]
ClaLosses:[0.4602789900435739]
ErrorEval=0.00570

*Epoch=475 LR=0.00042
GenLosses:[0.472057630221049]
ClaLosses:[0.46021561747212975]
ErrorEval=0.00560

*Epoch=476 LR=0.00041
GenLosses:[0.4717850136756897]
ClaLosses:[0.4595557141332681]
ErrorEval=0.00550

*Epoch=477 LR=0.00041
GenLosses:[0.47151959280172984]
ClaLosses:[0.45988100449938296]
ErrorEval=0.00530

*Epoch=478 LR=0.00041
GenLosses:[0.4720064722498258]
ClaLosses:[0.45919910608406544]
ErrorEval=0.00530

*Epoch=479 LR=0.00041
GenLosses:[0.4722341903050741]
ClaLosses:[0.4596805078862702]
ErrorEval=0.00530

*Epoch=480 LR=0.00041
GenLosses:[0.4726815836628278]
ClaLosses:[0.46023581734201474]
ErrorEval=0.00530

*Epoch=481 LR=0.00040
GenLosses:[0.4721799056728681]
ClaLosses:[0.4595113093714724]
ErrorEval=0.00570

*Epoch=482 LR=0.00040
GenLosses:[0.4715225174029668]
ClaLosses:[0.4593193341778587]
ErrorEval=0.00560

*Epoch=483 LR=0.00040
GenLosses:[0.4718448046843211]
ClaLosses:[0.4598615770819994]
ErrorEval=0.00520

*Epoch=484 LR=0.00040
GenLosses:[0.4716409823298454]
ClaLosses:[0.45936295766079854]
ErrorEval=0.00580

*Epoch=485 LR=0.00040
GenLosses:[0.47170353452364605]
ClaLosses:[0.4594175273123312]
ErrorEval=0.00520

*Epoch=486 LR=0.00039
GenLosses:[0.472166037162145]
ClaLosses:[0.4595961296272235]
ErrorEval=0.00540

*Epoch=487 LR=0.00039
GenLosses:[0.4716319148739179]
ClaLosses:[0.4598403575435259]
ErrorEval=0.00550

*Epoch=488 LR=0.00039
GenLosses:[0.47206762741009395]
ClaLosses:[0.4595742346915997]
ErrorEval=0.00630

*Epoch=489 LR=0.00039
GenLosses:[0.4723992129166921]
ClaLosses:[0.4595890932963658]
ErrorEval=0.00610

*Epoch=490 LR=0.00039
GenLosses:[0.4725050405661265]
ClaLosses:[0.45950569902752664]
ErrorEval=0.00600

*Epoch=491 LR=0.00038
GenLosses:[0.4724578153093656]
ClaLosses:[0.46000932054207916]
ErrorEval=0.00580

*Epoch=492 LR=0.00038
GenLosses:[0.4721813811858495]
ClaLosses:[0.4593175579267726]
ErrorEval=0.00530

*Epoch=493 LR=0.00038
GenLosses:[0.47240859240293503]
ClaLosses:[0.45912723434466585]
ErrorEval=0.00550

*Epoch=494 LR=0.00038
GenLosses:[0.4723867306113243]
ClaLosses:[0.4600755793518055]
ErrorEval=0.00550

*Epoch=495 LR=0.00038
GenLosses:[0.4717137778798739]
ClaLosses:[0.4594378218038608]
ErrorEval=0.00540

*Epoch=496 LR=0.00037
GenLosses:[0.472072772582372]
ClaLosses:[0.45914474034522734]
ErrorEval=0.00550

*Epoch=497 LR=0.00037
GenLosses:[0.4725832490126292]
ClaLosses:[0.46049986193052944]
ErrorEval=0.00530

*Epoch=498 LR=0.00037
GenLosses:[0.47217584987481437]
ClaLosses:[0.45972229798250747]
ErrorEval=0.00530

*Epoch=499 LR=0.00037
GenLosses:[0.4723931449651718]
ClaLosses:[0.459439385892688]
ErrorEval=0.00610

*Epoch=500 LR=0.00037
GenLosses:[0.47265764872233074]
ClaLosses:[0.45961844366195104]
ErrorEval=0.00580

*Epoch=501 LR=0.00037
GenLosses:[0.4725056677063306]
ClaLosses:[0.4597127137762709]
ErrorEval=0.00540

*Epoch=502 LR=0.00036
GenLosses:[0.4725174451867739]
ClaLosses:[0.4595565578087771]
ErrorEval=0.00560

*Epoch=503 LR=0.00036
GenLosses:[0.47228291233380637]
ClaLosses:[0.459392408855336]
ErrorEval=0.00580

*Epoch=504 LR=0.00036
GenLosses:[0.4723398025830587]
ClaLosses:[0.4593778883389454]
ErrorEval=0.00570

*Epoch=505 LR=0.00036
GenLosses:[0.4722064839800199]
ClaLosses:[0.4597534915688304]
ErrorEval=0.00530

*Epoch=506 LR=0.00036
GenLosses:[0.47270334740479786]
ClaLosses:[0.45965346440348404]
ErrorEval=0.00550

*Epoch=507 LR=0.00035
GenLosses:[0.4721960774064064]
ClaLosses:[0.4591984357710461]
ErrorEval=0.00600

*Epoch=508 LR=0.00035
GenLosses:[0.4719760173559189]
ClaLosses:[0.45937035731737214]
ErrorEval=0.00530

*Epoch=509 LR=0.00035
GenLosses:[0.47196195224920906]
ClaLosses:[0.4597316644337024]
ErrorEval=0.00510

*Epoch=510 LR=0.00035
GenLosses:[0.4717117237051328]
ClaLosses:[0.4592522790966914]
ErrorEval=0.00560

*Epoch=511 LR=0.00035
GenLosses:[0.4728104614218076]
ClaLosses:[0.45982342361311745]
ErrorEval=0.00560

*Epoch=512 LR=0.00035
GenLosses:[0.4719837896029154]
ClaLosses:[0.459040833049204]
ErrorEval=0.00530

*Epoch=513 LR=0.00034
GenLosses:[0.4718861944476763]
ClaLosses:[0.459318686263476]
ErrorEval=0.00580

*Epoch=514 LR=0.00034
GenLosses:[0.47234599471092226]
ClaLosses:[0.4594544367098098]
ErrorEval=0.00490

*Epoch=515 LR=0.00034
GenLosses:[0.4718209265669187]
ClaLosses:[0.45950794356051344]
ErrorEval=0.00530

*Epoch=516 LR=0.00034
GenLosses:[0.4721276654799779]
ClaLosses:[0.45917241606453807]
ErrorEval=0.00560

*Epoch=517 LR=0.00034
GenLosses:[0.47238222767909366]
ClaLosses:[0.45993895009497154]
ErrorEval=0.00530

*Epoch=518 LR=0.00034
GenLosses:[0.47222103089094164]
ClaLosses:[0.46001226705660725]
ErrorEval=0.00540

*Epoch=519 LR=0.00033
GenLosses:[0.471891204615434]
ClaLosses:[0.4593081791297043]
ErrorEval=0.00540

*Epoch=520 LR=0.00033
GenLosses:[0.47227489451567334]
ClaLosses:[0.45990104362204126]
ErrorEval=0.00530

*Epoch=521 LR=0.00033
GenLosses:[0.47187025249004366]
ClaLosses:[0.4590206933915468]
ErrorEval=0.00560

*Epoch=522 LR=0.00033
GenLosses:[0.472118684053421]
ClaLosses:[0.45905922498244567]
ErrorEval=0.00550

*Epoch=523 LR=0.00033
GenLosses:[0.47248206575711565]
ClaLosses:[0.4595049749273347]
ErrorEval=0.00540

*Epoch=524 LR=0.00033
GenLosses:[0.4725267392396927]
ClaLosses:[0.4594206109886263]
ErrorEval=0.00580

*Epoch=525 LR=0.00032
GenLosses:[0.47225419789552686]
ClaLosses:[0.4591751462557798]
ErrorEval=0.00570

*Epoch=526 LR=0.00032
GenLosses:[0.47194665124018986]
ClaLosses:[0.45932658902971873]
ErrorEval=0.00540

*Epoch=527 LR=0.00032
GenLosses:[0.472576331893603]
ClaLosses:[0.45971435312985826]
ErrorEval=0.00580

*Epoch=528 LR=0.00032
GenLosses:[0.4716571460167567]
ClaLosses:[0.4596271200676901]
ErrorEval=0.00620

*Epoch=529 LR=0.00032
GenLosses:[0.47268538902203244]
ClaLosses:[0.45950514267419756]
ErrorEval=0.00590

*Epoch=530 LR=0.00032
GenLosses:[0.4726346151034037]
ClaLosses:[0.45907978529971]
ErrorEval=0.00560

*Epoch=531 LR=0.00031
GenLosses:[0.47247786859671276]
ClaLosses:[0.4596640522490022]
ErrorEval=0.00600

*Epoch=532 LR=0.00031
GenLosses:[0.4723784343401591]
ClaLosses:[0.45954514824611586]
ErrorEval=0.00560

*Epoch=533 LR=0.00031
GenLosses:[0.4720059709747632]
ClaLosses:[0.4590330393721079]
ErrorEval=0.00550

*Epoch=534 LR=0.00031
GenLosses:[0.4721314291159312]
ClaLosses:[0.4597254081645403]
ErrorEval=0.00460

*Epoch=535 LR=0.00031
GenLosses:[0.4725356001655261]
ClaLosses:[0.45968715176536384]
ErrorEval=0.00550

*Epoch=536 LR=0.00031
GenLosses:[0.47254266877969103]
ClaLosses:[0.4598332942333758]
ErrorEval=0.00530

*Epoch=537 LR=0.00030
GenLosses:[0.47172713617483775]
ClaLosses:[0.45907089344887564]
ErrorEval=0.00500

*Epoch=538 LR=0.00030
GenLosses:[0.47175920466581983]
ClaLosses:[0.4596090634948203]
ErrorEval=0.00510

*Epoch=539 LR=0.00030
GenLosses:[0.4724804661671321]
ClaLosses:[0.45993427959070887]
ErrorEval=0.00480

*Epoch=540 LR=0.00030
GenLosses:[0.4718436021606127]
ClaLosses:[0.4593701098839907]
ErrorEval=0.00530

*Epoch=541 LR=0.00030
GenLosses:[0.47244045863548917]
ClaLosses:[0.45961153178754266]
ErrorEval=0.00530

*Epoch=542 LR=0.00030
GenLosses:[0.47204017341136933]
ClaLosses:[0.45966826401230454]
ErrorEval=0.00510

*Epoch=543 LR=0.00030
GenLosses:[0.47281375984350843]
ClaLosses:[0.459371851444039]
ErrorEval=0.00480

*Epoch=544 LR=0.00029
GenLosses:[0.4720326068003972]
ClaLosses:[0.4601640383545346]
ErrorEval=0.00480

*Epoch=545 LR=0.00029
GenLosses:[0.4719588780403137]
ClaLosses:[0.45982482933789515]
ErrorEval=0.00470

*Epoch=546 LR=0.00029
GenLosses:[0.47274213294188183]
ClaLosses:[0.4593479065344075]
ErrorEval=0.00530

*Epoch=547 LR=0.00029
GenLosses:[0.4728536672393481]
ClaLosses:[0.45965461745936426]
ErrorEval=0.00520

*Epoch=548 LR=0.00029
GenLosses:[0.4727679042021434]
ClaLosses:[0.45957014241960537]
ErrorEval=0.00500

*Epoch=549 LR=0.00029
GenLosses:[0.4721563943227132]
ClaLosses:[0.4594674070435314]
ErrorEval=0.00530

*Epoch=550 LR=0.00029
GenLosses:[0.4722193662325541]
ClaLosses:[0.4594724741940367]
ErrorEval=0.00510

*Epoch=551 LR=0.00028
GenLosses:[0.4725530634323756]
ClaLosses:[0.4594461519615363]
ErrorEval=0.00520

*Epoch=552 LR=0.00028
GenLosses:[0.47205307632684707]
ClaLosses:[0.4593518304844093]
ErrorEval=0.00500

*Epoch=553 LR=0.00028
GenLosses:[0.4726188297073046]
ClaLosses:[0.45925670900895343]
ErrorEval=0.00510

*Epoch=554 LR=0.00028
GenLosses:[0.47252889623244604]
ClaLosses:[0.4592521144546879]
ErrorEval=0.00510

*Epoch=555 LR=0.00028
GenLosses:[0.47215297718842825]
ClaLosses:[0.459246200752266]
ErrorEval=0.00510

*Epoch=556 LR=0.00028
GenLosses:[0.47272931387027106]
ClaLosses:[0.45976378166739756]
ErrorEval=0.00510

*Epoch=557 LR=0.00028
GenLosses:[0.47253390491008757]
ClaLosses:[0.4597002983862116]
ErrorEval=0.00520

*Epoch=558 LR=0.00027
GenLosses:[0.47268125653266907]
ClaLosses:[0.4596115974565069]
ErrorEval=0.00490

*Epoch=559 LR=0.00027
GenLosses:[0.47246816496054334]
ClaLosses:[0.4598382060803592]
ErrorEval=0.00500

*Epoch=560 LR=0.00027
GenLosses:[0.47281105736891427]
ClaLosses:[0.4594552465554331]
ErrorEval=0.00540

*Epoch=561 LR=0.00027
GenLosses:[0.4733550567428271]
ClaLosses:[0.4595973976824774]
ErrorEval=0.00500

*Epoch=562 LR=0.00027
GenLosses:[0.4721096909046173]
ClaLosses:[0.45955263939157825]
ErrorEval=0.00520

*Epoch=563 LR=0.00027
GenLosses:[0.47266221076250076]
ClaLosses:[0.45958680302024674]
ErrorEval=0.00520

*Epoch=564 LR=0.00027
GenLosses:[0.4728851122657458]
ClaLosses:[0.4594428745301728]
ErrorEval=0.00520

*Epoch=565 LR=0.00026
GenLosses:[0.4726247490445773]
ClaLosses:[0.45962289138192347]
ErrorEval=0.00530

*Epoch=566 LR=0.00026
GenLosses:[0.47251149783531826]
ClaLosses:[0.4589905826231159]
ErrorEval=0.00510

*Epoch=567 LR=0.00026
GenLosses:[0.472308919330438]
ClaLosses:[0.4589889619559976]
ErrorEval=0.00520

*Epoch=568 LR=0.00026
GenLosses:[0.47222305556138355]
ClaLosses:[0.45919881170293725]
ErrorEval=0.00540

*Epoch=569 LR=0.00026
GenLosses:[0.47222103387117387]
ClaLosses:[0.4597230599943553]
ErrorEval=0.00510

*Epoch=570 LR=0.00026
GenLosses:[0.47250210771958034]
ClaLosses:[0.4592061836786097]
ErrorEval=0.00550

*Epoch=571 LR=0.00026
GenLosses:[0.4726597825686137]
ClaLosses:[0.4593848963613514]
ErrorEval=0.00470

*Epoch=572 LR=0.00026
GenLosses:[0.47303964843352636]
ClaLosses:[0.4599705414798312]
ErrorEval=0.00490

*Epoch=573 LR=0.00025
GenLosses:[0.4722388127446175]
ClaLosses:[0.4593380732458068]
ErrorEval=0.00530

*Epoch=574 LR=0.00025
GenLosses:[0.47213008294502895]
ClaLosses:[0.4595401785132229]
ErrorEval=0.00540

*Epoch=575 LR=0.00025
GenLosses:[0.4727484102050463]
ClaLosses:[0.4592236629374434]
ErrorEval=0.00490

*Epoch=576 LR=0.00025
GenLosses:[0.4722415847579638]
ClaLosses:[0.45919178632832297]
ErrorEval=0.00480

*Epoch=577 LR=0.00025
GenLosses:[0.4724172137180964]
ClaLosses:[0.4593131453680968]
ErrorEval=0.00540

*Epoch=578 LR=0.00025
GenLosses:[0.47265051424503324]
ClaLosses:[0.45919997403879714]
ErrorEval=0.00520

*Epoch=579 LR=0.00025
GenLosses:[0.4724463907877604]
ClaLosses:[0.4590569038957299]
ErrorEval=0.00520

*Epoch=580 LR=0.00025
GenLosses:[0.4724195540944735]
ClaLosses:[0.45916503557127736]
ErrorEval=0.00480

*Epoch=581 LR=0.00024
GenLosses:[0.47273604770501454]
ClaLosses:[0.45910551823163787]
ErrorEval=0.00490

*Epoch=582 LR=0.00024
GenLosses:[0.4732641718784968]
ClaLosses:[0.45971137587009725]
ErrorEval=0.00490

*Epoch=583 LR=0.00024
GenLosses:[0.47299368371566136]
ClaLosses:[0.4589415561626916]
ErrorEval=0.00500

*Epoch=584 LR=0.00024
GenLosses:[0.4732224468390147]
ClaLosses:[0.4592991996598508]
ErrorEval=0.00540

*Epoch=585 LR=0.00024
GenLosses:[0.4723853474855423]
ClaLosses:[0.45926543311745005]
ErrorEval=0.00540

*Epoch=586 LR=0.00024
GenLosses:[0.47300096541643144]
ClaLosses:[0.45938890812092437]
ErrorEval=0.00540

*Epoch=587 LR=0.00024
GenLosses:[0.4727413519223531]
ClaLosses:[0.4596611001210435]
ErrorEval=0.00570

*Epoch=588 LR=0.00024
GenLosses:[0.4724907976388931]
ClaLosses:[0.459272945063153]
ErrorEval=0.00580

*Epoch=589 LR=0.00023
GenLosses:[0.4727573072910309]
ClaLosses:[0.45906013449931254]
ErrorEval=0.00560

*Epoch=590 LR=0.00023
GenLosses:[0.4723876590530078]
ClaLosses:[0.4590650455767471]
ErrorEval=0.00580

*Epoch=591 LR=0.00023
GenLosses:[0.4724081827203433]
ClaLosses:[0.45918722164619896]
ErrorEval=0.00530

*Epoch=592 LR=0.00023
GenLosses:[0.47265092621246974]
ClaLosses:[0.4589445388736212]
ErrorEval=0.00520

*Epoch=593 LR=0.00023
GenLosses:[0.47259738385677336]
ClaLosses:[0.45931949791075805]
ErrorEval=0.00540

*Epoch=594 LR=0.00023
GenLosses:[0.47293467849493026]
ClaLosses:[0.45906746788297437]
ErrorEval=0.00570

*Epoch=595 LR=0.00023
GenLosses:[0.4732349369923274]
ClaLosses:[0.45961866222592607]
ErrorEval=0.00560

*Epoch=596 LR=0.00023
GenLosses:[0.47304645329713824]
ClaLosses:[0.4596004709866625]
ErrorEval=0.00540

*Epoch=597 LR=0.00023
GenLosses:[0.47274813840786617]
ClaLosses:[0.4595952726197508]
ErrorEval=0.00540

*Epoch=598 LR=0.00022
GenLosses:[0.47279020299514135]
ClaLosses:[0.4591155000438378]
ErrorEval=0.00470

*Epoch=599 LR=0.00022
GenLosses:[0.47275325159231824]
ClaLosses:[0.45926767621637643]
ErrorEval=0.00500

*Epoch=600 LR=0.00022
GenLosses:[0.47238132456938425]
ClaLosses:[0.45930101679855967]
ErrorEval=0.00510

*Epoch=601 LR=0.00022
GenLosses:[0.4723136782646179]
ClaLosses:[0.45899717282284164]
ErrorEval=0.00500

*Epoch=602 LR=0.00022
GenLosses:[0.4725393431385358]
ClaLosses:[0.45940891252153343]
ErrorEval=0.00490

*Epoch=603 LR=0.00022
GenLosses:[0.47242797722419105]
ClaLosses:[0.4597476469473483]
ErrorEval=0.00530

*Epoch=604 LR=0.00022
GenLosses:[0.4726506490508715]
ClaLosses:[0.4593171172068006]
ErrorEval=0.00560

*Epoch=605 LR=0.00022
GenLosses:[0.47320118377606074]
ClaLosses:[0.46021136899331044]
ErrorEval=0.00560

*Epoch=606 LR=0.00022
GenLosses:[0.472866666217645]
ClaLosses:[0.4594858121225939]
ErrorEval=0.00560

*Epoch=607 LR=0.00021
GenLosses:[0.47252995838721595]
ClaLosses:[0.4593710271129504]
ErrorEval=0.00550

*Epoch=608 LR=0.00021
GenLosses:[0.4730767539143562]
ClaLosses:[0.45974791142350974]
ErrorEval=0.00560

*Epoch=609 LR=0.00021
GenLosses:[0.4729530022541682]
ClaLosses:[0.45908048467382667]
ErrorEval=0.00530

*Epoch=610 LR=0.00021
GenLosses:[0.47300308535496394]
ClaLosses:[0.45924853790878206]
ErrorEval=0.00560

*Epoch=611 LR=0.00021
GenLosses:[0.47266385714213055]
ClaLosses:[0.4594243141094219]
ErrorEval=0.00550

*Epoch=612 LR=0.00021
GenLosses:[0.4728457118074099]
ClaLosses:[0.45943761945070244]
ErrorEval=0.00530

*Epoch=613 LR=0.00021
GenLosses:[0.47339231222867967]
ClaLosses:[0.45931321323803975]
ErrorEval=0.00500

*Epoch=614 LR=0.00021
GenLosses:[0.4725753164291382]
ClaLosses:[0.45917179211640113]
ErrorEval=0.00530

*Epoch=615 LR=0.00021
GenLosses:[0.4721556355555852]
ClaLosses:[0.459523156762162]
ErrorEval=0.00510

*Epoch=616 LR=0.00021
GenLosses:[0.4729273553689321]
ClaLosses:[0.4586640989531737]
ErrorEval=0.00500

*Epoch=617 LR=0.00020
GenLosses:[0.4725269541144371]
ClaLosses:[0.45905410681891806]
ErrorEval=0.00490

*Epoch=618 LR=0.00020
GenLosses:[0.4733177736401558]
ClaLosses:[0.45932573151263045]
ErrorEval=0.00460

*Epoch=619 LR=0.00020
GenLosses:[0.47242408742507297]
ClaLosses:[0.45925878650425506]
ErrorEval=0.00490

*Epoch=620 LR=0.00020
GenLosses:[0.4725615182518959]
ClaLosses:[0.45929102104426106]
ErrorEval=0.00480

*Epoch=621 LR=0.00020
GenLosses:[0.47243181784947713]
ClaLosses:[0.4594050951678808]
ErrorEval=0.00510

*Epoch=622 LR=0.00020
GenLosses:[0.47275926113128663]
ClaLosses:[0.4591127377488626]
ErrorEval=0.00520

*Epoch=623 LR=0.00020
GenLosses:[0.4724240712324778]
ClaLosses:[0.4593656348668651]
ErrorEval=0.00510

*Epoch=624 LR=0.00020
GenLosses:[0.47240073134501775]
ClaLosses:[0.4591353719871346]
ErrorEval=0.00500

*Epoch=625 LR=0.00020
GenLosses:[0.4726682898402214]
ClaLosses:[0.4593720632510781]
ErrorEval=0.00550

*Epoch=626 LR=0.00020
GenLosses:[0.47292459358771644]
ClaLosses:[0.4597528955113796]
ErrorEval=0.00520

*Epoch=627 LR=0.00019
GenLosses:[0.4731073842446009]
ClaLosses:[0.45970529041329533]
ErrorEval=0.00490

*Epoch=628 LR=0.00019
GenLosses:[0.4722708511352539]
ClaLosses:[0.459261455936802]
ErrorEval=0.00500

*Epoch=629 LR=0.00019
GenLosses:[0.47285215149323145]
ClaLosses:[0.45942004940225095]
ErrorEval=0.00500

*Epoch=630 LR=0.00019
GenLosses:[0.4726486576596896]
ClaLosses:[0.4596028603441603]
ErrorEval=0.00520

*Epoch=631 LR=0.00019
GenLosses:[0.47293505281209947]
ClaLosses:[0.4594409441858565]
ErrorEval=0.00500

*Epoch=632 LR=0.00019
GenLosses:[0.4731778644522031]
ClaLosses:[0.45911818594661025]
ErrorEval=0.00520

*Epoch=633 LR=0.00019
GenLosses:[0.4730015833179156]
ClaLosses:[0.45911503776421286]
ErrorEval=0.00500

*Epoch=634 LR=0.00019
GenLosses:[0.4725963173309962]
ClaLosses:[0.4589617884520762]
ErrorEval=0.00520

*Epoch=635 LR=0.00019
GenLosses:[0.4725707150499026]
ClaLosses:[0.45891667132796765]
ErrorEval=0.00550

*Epoch=636 LR=0.00019
GenLosses:[0.4725853980580966]
ClaLosses:[0.459104729809545]
ErrorEval=0.00500

*Epoch=637 LR=0.00018
GenLosses:[0.4729127885897954]
ClaLosses:[0.4590660615805633]
ErrorEval=0.00550

*Epoch=638 LR=0.00018
GenLosses:[0.4727230314413706]
ClaLosses:[0.4595995892109417]
ErrorEval=0.00520

*Epoch=639 LR=0.00018
GenLosses:[0.4721935328841209]
ClaLosses:[0.4592516492041243]
ErrorEval=0.00570

*Epoch=640 LR=0.00018
GenLosses:[0.47317547877629595]
ClaLosses:[0.45950051330468145]
ErrorEval=0.00500

*Epoch=641 LR=0.00018
GenLosses:[0.47327236652374266]
ClaLosses:[0.4598651785059132]
ErrorEval=0.00500

*Epoch=642 LR=0.00018
GenLosses:[0.47288881450891496]
ClaLosses:[0.45898469381572404]
ErrorEval=0.00510

*Epoch=643 LR=0.00018
GenLosses:[0.47255678713321686]
ClaLosses:[0.4591681410451964]
ErrorEval=0.00510

*Epoch=644 LR=0.00018
GenLosses:[0.47274956355492276]
ClaLosses:[0.4595336815118279]
ErrorEval=0.00530

*Epoch=645 LR=0.00018
GenLosses:[0.47311219851175945]
ClaLosses:[0.4592327545781929]
ErrorEval=0.00500

*Epoch=646 LR=0.00018
GenLosses:[0.47287478735049565]
ClaLosses:[0.45906532537528627]
ErrorEval=0.00490

*Epoch=647 LR=0.00018
GenLosses:[0.472780520816644]
ClaLosses:[0.45877611629247267]
ErrorEval=0.00530

*Epoch=648 LR=0.00017
GenLosses:[0.473513033191363]
ClaLosses:[0.4590131017781215]
ErrorEval=0.00500

*Epoch=649 LR=0.00017
GenLosses:[0.47287325968345006]
ClaLosses:[0.4590687645459436]
ErrorEval=0.00530

*Epoch=650 LR=0.00017
GenLosses:[0.4731687528888385]
ClaLosses:[0.4590375749524759]
ErrorEval=0.00490

*Epoch=651 LR=0.00017
GenLosses:[0.4733412851889928]
ClaLosses:[0.45885109881720487]
ErrorEval=0.00490

*Epoch=652 LR=0.00017
GenLosses:[0.47331911712884905]
ClaLosses:[0.45957123656813875]
ErrorEval=0.00470

*Epoch=653 LR=0.00017
GenLosses:[0.4732143654425939]
ClaLosses:[0.4590164492836594]
ErrorEval=0.00450

*Epoch=654 LR=0.00017
GenLosses:[0.47299876739581426]
ClaLosses:[0.45927940102480724]
ErrorEval=0.00530

*Epoch=655 LR=0.00017
GenLosses:[0.47312058160702386]
ClaLosses:[0.4593252329987563]
ErrorEval=0.00530

*Epoch=656 LR=0.00017
GenLosses:[0.4726585736870766]
ClaLosses:[0.4592615784206302]
ErrorEval=0.00540

*Epoch=657 LR=0.00017
GenLosses:[0.4726662697394689]
ClaLosses:[0.45905672009267134]
ErrorEval=0.00500

*Epoch=658 LR=0.00017
GenLosses:[0.4726474170883497]
ClaLosses:[0.4591345907808534]
ErrorEval=0.00520

*Epoch=659 LR=0.00017
GenLosses:[0.47311769326527914]
ClaLosses:[0.45953604757349875]
ErrorEval=0.00500

*Epoch=660 LR=0.00016
GenLosses:[0.4727819820245107]
ClaLosses:[0.4589603387756574]
ErrorEval=0.00520

*Epoch=661 LR=0.00016
GenLosses:[0.473030342956384]
ClaLosses:[0.45877539139574774]
ErrorEval=0.00530

*Epoch=662 LR=0.00016
GenLosses:[0.4735784417390823]
ClaLosses:[0.45959151837946377]
ErrorEval=0.00510

*Epoch=663 LR=0.00016
GenLosses:[0.4728803837299347]
ClaLosses:[0.45936320651358065]
ErrorEval=0.00550

*Epoch=664 LR=0.00016
GenLosses:[0.47265895654757817]
ClaLosses:[0.45889896039067823]
ErrorEval=0.00530

*Epoch=665 LR=0.00016
GenLosses:[0.4730078289906184]
ClaLosses:[0.4592791763802948]
ErrorEval=0.00540

*Epoch=666 LR=0.00016
GenLosses:[0.47377126495043437]
ClaLosses:[0.45956123958231027]
ErrorEval=0.00500

*Epoch=667 LR=0.00016
GenLosses:[0.4725573545694351]
ClaLosses:[0.45867678570783793]
ErrorEval=0.00550

*Epoch=668 LR=0.00016
GenLosses:[0.47323131452004114]
ClaLosses:[0.4589778892402425]
ErrorEval=0.00520

*Epoch=669 LR=0.00016
GenLosses:[0.47312374820311864]
ClaLosses:[0.45895015267430667]
ErrorEval=0.00510

*Epoch=670 LR=0.00016
GenLosses:[0.47317095756530764]
ClaLosses:[0.45954422064497635]
ErrorEval=0.00540

*Epoch=671 LR=0.00016
GenLosses:[0.4731673753261566]
ClaLosses:[0.45848677905074103]
ErrorEval=0.00550

*Epoch=672 LR=0.00015
GenLosses:[0.4730038020014763]
ClaLosses:[0.45915534783830947]
ErrorEval=0.00510

*Epoch=673 LR=0.00015
GenLosses:[0.47328614483277004]
ClaLosses:[0.4589365684674054]
ErrorEval=0.00530

*Epoch=674 LR=0.00015
GenLosses:[0.47261852622032163]
ClaLosses:[0.4585775573305732]
ErrorEval=0.00530

*Epoch=675 LR=0.00015
GenLosses:[0.47299531122048694]
ClaLosses:[0.4589132696756438]
ErrorEval=0.00510

*Epoch=676 LR=0.00015
GenLosses:[0.4731308608253797]
ClaLosses:[0.4589223297117033]
ErrorEval=0.00540

*Epoch=677 LR=0.00015
GenLosses:[0.4731206890940666]
ClaLosses:[0.4592097923165654]
ErrorEval=0.00560

*Epoch=678 LR=0.00015
GenLosses:[0.473405576745669]
ClaLosses:[0.4586415963737167]
ErrorEval=0.00540

*Epoch=679 LR=0.00015
GenLosses:[0.47320899496475854]
ClaLosses:[0.4590314054918722]
ErrorEval=0.00520

*Epoch=680 LR=0.00015
GenLosses:[0.47259143511454266]
ClaLosses:[0.45935417775618315]
ErrorEval=0.00500

*Epoch=681 LR=0.00015
GenLosses:[0.473213357925415]
ClaLosses:[0.45888776378175533]
ErrorEval=0.00530

*Epoch=682 LR=0.00015
GenLosses:[0.4731233330567678]
ClaLosses:[0.4593053181557483]
ErrorEval=0.00530

*Epoch=683 LR=0.00015
GenLosses:[0.4729167314370473]
ClaLosses:[0.4588261113703685]
ErrorEval=0.00500

*Epoch=684 LR=0.00015
GenLosses:[0.4730487809578578]
ClaLosses:[0.4590142007227387]
ErrorEval=0.00550

*Epoch=685 LR=0.00015
GenLosses:[0.47344789425532025]
ClaLosses:[0.45906905821389754]
ErrorEval=0.00590

*Epoch=686 LR=0.00014
GenLosses:[0.4732925224304199]
ClaLosses:[0.4593930722089745]
ErrorEval=0.00550

*Epoch=687 LR=0.00014
GenLosses:[0.47260021924972534]
ClaLosses:[0.4593585912582886]
ErrorEval=0.00520

*Epoch=688 LR=0.00014
GenLosses:[0.473227580289046]
ClaLosses:[0.45955628451113495]
ErrorEval=0.00550

*Epoch=689 LR=0.00014
GenLosses:[0.4729894397656123]
ClaLosses:[0.45968294134994814]
ErrorEval=0.00570

*Epoch=690 LR=0.00014
GenLosses:[0.47273441225290297]
ClaLosses:[0.45886857581504814]
ErrorEval=0.00550

*Epoch=691 LR=0.00014
GenLosses:[0.47292695224285125]
ClaLosses:[0.4587758452264072]
ErrorEval=0.00530

*Epoch=692 LR=0.00014
GenLosses:[0.47304937958717347]
ClaLosses:[0.4591780509305812]
ErrorEval=0.00560

*Epoch=693 LR=0.00014
GenLosses:[0.47322793821493786]
ClaLosses:[0.4595382163376273]
ErrorEval=0.00550

*Epoch=694 LR=0.00014
GenLosses:[0.4733438964684804]
ClaLosses:[0.4591257083834894]
ErrorEval=0.00550

*Epoch=695 LR=0.00014
GenLosses:[0.47382947683334353]
ClaLosses:[0.45968061756070927]
ErrorEval=0.00570

*Epoch=696 LR=0.00014
GenLosses:[0.4725739486018817]
ClaLosses:[0.4589117221424042]
ErrorEval=0.00560

*Epoch=697 LR=0.00014
GenLosses:[0.47329312483469643]
ClaLosses:[0.4587371084474167]
ErrorEval=0.00530

*Epoch=698 LR=0.00014
GenLosses:[0.4730026508371035]
ClaLosses:[0.4595825582376281]
ErrorEval=0.00550

*Epoch=699 LR=0.00014
GenLosses:[0.47270521610975264]
ClaLosses:[0.458509504816722]
ErrorEval=0.00540

