*Epoch=1 LR=0.00100
GenLosses:[1.8065768193205198]
ClaLosses:[0.27395707316540185]
ErrorEval=0.03860

*Epoch=2 LR=0.00100
GenLosses:[1.0988169539968173]
ClaLosses:[0.024989511682700055]
ErrorEval=0.02470

*Epoch=3 LR=0.00100
GenLosses:[0.8657655651370685]
ClaLosses:[0.019191154800666677]
ErrorEval=0.02320

*Epoch=4 LR=0.00100
GenLosses:[0.7643789264559746]
ClaLosses:[0.016926047916186907]
ErrorEval=0.02150

*Epoch=5 LR=0.00100
GenLosses:[0.6826629589001337]
ClaLosses:[0.016152258704922238]
ErrorEval=0.02080

*Epoch=6 LR=0.00100
GenLosses:[0.6823225269714991]
ClaLosses:[0.014082738797123536]
ErrorEval=0.01930

*Epoch=7 LR=0.00100
GenLosses:[0.6179132475455602]
ClaLosses:[0.014416111851345942]
ErrorEval=0.02010

*Epoch=8 LR=0.00100
GenLosses:[0.5832656787832579]
ClaLosses:[0.014022827561417699]
ErrorEval=0.01900

*Epoch=9 LR=0.00100
GenLosses:[0.5773141956329346]
ClaLosses:[0.012942264906175952]
ErrorEval=0.01940

*Epoch=10 LR=0.00100
GenLosses:[0.5597506307562192]
ClaLosses:[0.4459861712756492]
ErrorEval=0.02120

*Epoch=11 LR=0.00100
GenLosses:[0.6498931937416395]
ClaLosses:[0.43440139763373176]
ErrorEval=0.02150

*Epoch=12 LR=0.00100
GenLosses:[0.8396930302182833]
ClaLosses:[0.41471920464462014]
ErrorEval=0.02100

*Epoch=13 LR=0.00100
GenLosses:[0.526533846706152]
ClaLosses:[0.4523290678473743]
ErrorEval=0.02050

*Epoch=14 LR=0.00100
GenLosses:[0.5257974819342295]
ClaLosses:[0.45147421580864944]
ErrorEval=0.02110

*Epoch=15 LR=0.00100
GenLosses:[0.7915707315504551]
ClaLosses:[0.4218376978683459]
ErrorEval=0.02030

*Epoch=16 LR=0.00100
GenLosses:[0.5500405811270078]
ClaLosses:[0.44776454956702394]
ErrorEval=0.01970

*Epoch=17 LR=0.00100
GenLosses:[0.6035949103037517]
ClaLosses:[0.4422428133754865]
ErrorEval=0.02270

*Epoch=18 LR=0.00100
GenLosses:[0.5297222073376179]
ClaLosses:[0.45220745774047033]
ErrorEval=0.01850

*Epoch=19 LR=0.00100
GenLosses:[0.5112996962666512]
ClaLosses:[0.4561105657437265]
ErrorEval=0.01840

*Epoch=20 LR=0.00100
GenLosses:[0.49376826827724773]
ClaLosses:[0.4576666187716878]
ErrorEval=0.01630

*Epoch=21 LR=0.00100
GenLosses:[0.4962221963206927]
ClaLosses:[0.45698331665430325]
ErrorEval=0.01960

*Epoch=22 LR=0.00100
GenLosses:[0.4911081504325072]
ClaLosses:[0.45861314143378656]
ErrorEval=0.01780

*Epoch=23 LR=0.00100
GenLosses:[0.5247661770880222]
ClaLosses:[0.45500309229053615]
ErrorEval=0.01880

*Epoch=24 LR=0.00100
GenLosses:[0.4859304323295752]
ClaLosses:[0.45880269684967345]
ErrorEval=0.01860

*Epoch=25 LR=0.00100
GenLosses:[0.4871140586336454]
ClaLosses:[0.45913999359205815]
ErrorEval=0.02440

*Epoch=26 LR=0.00100
GenLosses:[0.4789743119478226]
ClaLosses:[0.45994959123322343]
ErrorEval=0.01770

*Epoch=27 LR=0.00100
GenLosses:[0.479934047460556]
ClaLosses:[0.4596159087097409]
ErrorEval=0.01910

*Epoch=28 LR=0.00100
GenLosses:[0.48025949984788896]
ClaLosses:[0.4598582667894215]
ErrorEval=0.01750

*Epoch=29 LR=0.00100
GenLosses:[0.4781883210440477]
ClaLosses:[0.4598362825953978]
ErrorEval=0.01760

*Epoch=30 LR=0.00100
GenLosses:[0.4772408597668012]
ClaLosses:[0.46010347646419547]
ErrorEval=0.01890

*Epoch=31 LR=0.00100
GenLosses:[0.47669252375761667]
ClaLosses:[0.4601137544516475]
ErrorEval=0.02010

*Epoch=32 LR=0.00100
GenLosses:[0.4756823430458705]
ClaLosses:[0.45988460056065433]
ErrorEval=0.02080

*Epoch=33 LR=0.00100
GenLosses:[0.4754677818218867]
ClaLosses:[0.4598907180186517]
ErrorEval=0.01820

*Epoch=34 LR=0.00100
GenLosses:[0.47509426236152646]
ClaLosses:[0.4598476347174287]
ErrorEval=0.01710

*Epoch=35 LR=0.00100
GenLosses:[0.47432603225111963]
ClaLosses:[0.46020931332360865]
ErrorEval=0.01850

*Epoch=36 LR=0.00100
GenLosses:[0.4740873689452807]
ClaLosses:[0.4600553403497725]
ErrorEval=0.01800

*Epoch=37 LR=0.00100
GenLosses:[0.47319244479139644]
ClaLosses:[0.4604351220761066]
ErrorEval=0.01810

*Epoch=38 LR=0.00100
GenLosses:[0.47400520627697307]
ClaLosses:[0.46003738657954435]
ErrorEval=0.01960

*Epoch=39 LR=0.00100
GenLosses:[0.47214047973354656]
ClaLosses:[0.4601240823928804]
ErrorEval=0.02020

*Epoch=40 LR=0.00100
GenLosses:[0.4719255985319614]
ClaLosses:[0.4599749756823697]
ErrorEval=0.01740

*Epoch=41 LR=0.00100
GenLosses:[0.4724188057084878]
ClaLosses:[0.46061722253042076]
ErrorEval=0.01810

*Epoch=42 LR=0.00100
GenLosses:[0.4716812547047933]
ClaLosses:[0.45998461438059784]
ErrorEval=0.01610

*Epoch=43 LR=0.00100
GenLosses:[0.4724152533213298]
ClaLosses:[0.46025629662215606]
ErrorEval=0.01790

*Epoch=44 LR=0.00100
GenLosses:[0.4716686354080836]
ClaLosses:[0.4604401068451649]
ErrorEval=0.01620

*Epoch=45 LR=0.00100
GenLosses:[0.470983997831742]
ClaLosses:[0.4602782897846969]
ErrorEval=0.01760

*Epoch=46 LR=0.00100
GenLosses:[0.47101422463854153]
ClaLosses:[0.4599956169773362]
ErrorEval=0.02000

*Epoch=47 LR=0.00100
GenLosses:[0.47065899983048437]
ClaLosses:[0.4603334430090775]
ErrorEval=0.01980

*Epoch=48 LR=0.00100
GenLosses:[0.47123746971289315]
ClaLosses:[0.46042824918203584]
ErrorEval=0.01770

*Epoch=49 LR=0.00100
GenLosses:[0.4704773573577404]
ClaLosses:[0.46042356841566706]
ErrorEval=0.01840

*Epoch=50 LR=0.00100
GenLosses:[0.47048712452252706]
ClaLosses:[0.46014512139943103]
ErrorEval=0.01940

*Epoch=51 LR=0.00100
GenLosses:[0.47049467409650486]
ClaLosses:[0.4601394734346646]
ErrorEval=0.01760

*Epoch=52 LR=0.00100
GenLosses:[0.4704379769166311]
ClaLosses:[0.46065124259846585]
ErrorEval=0.02020

*Epoch=53 LR=0.00100
GenLosses:[0.4701236334939798]
ClaLosses:[0.4599849993454873]
ErrorEval=0.02010

*Epoch=54 LR=0.00100
GenLosses:[0.4707819799085458]
ClaLosses:[0.4600004997330235]
ErrorEval=0.01910

*Epoch=55 LR=0.00100
GenLosses:[0.4701370163758596]
ClaLosses:[0.46011683603490716]
ErrorEval=0.02210

*Epoch=56 LR=0.00100
GenLosses:[0.4696040503184001]
ClaLosses:[0.46060542500516516]
ErrorEval=0.01710

*Epoch=57 LR=0.00100
GenLosses:[0.4692330088218053]
ClaLosses:[0.4599914195183689]
ErrorEval=0.01780

*Epoch=58 LR=0.00100
GenLosses:[0.4695275623102983]
ClaLosses:[0.4600192962553141]
ErrorEval=0.01710

*Epoch=59 LR=0.00100
GenLosses:[0.4695124730467796]
ClaLosses:[0.4601273494993178]
ErrorEval=0.01620

*Epoch=60 LR=0.00100
GenLosses:[0.4696632251640161]
ClaLosses:[0.45996274758316436]
ErrorEval=0.01700

*Epoch=61 LR=0.00100
GenLosses:[0.4693420261144638]
ClaLosses:[0.4602872777001526]
ErrorEval=0.01670

*Epoch=62 LR=0.00100
GenLosses:[0.4689969252049923]
ClaLosses:[0.4598844176879528]
ErrorEval=0.01660

*Epoch=63 LR=0.00100
GenLosses:[0.46935700337092084]
ClaLosses:[0.4605349410970611]
ErrorEval=0.01540

*Epoch=64 LR=0.00100
GenLosses:[0.4696702191233635]
ClaLosses:[0.4600118467185624]
ErrorEval=0.01660

*Epoch=65 LR=0.00100
GenLosses:[0.46927996759613355]
ClaLosses:[0.46014038696764703]
ErrorEval=0.01960

*Epoch=66 LR=0.00100
GenLosses:[0.4691344787677129]
ClaLosses:[0.45969210140046207]
ErrorEval=0.02090

*Epoch=67 LR=0.00100
GenLosses:[0.46866880302627884]
ClaLosses:[0.4597600105966287]
ErrorEval=0.02090

*Epoch=68 LR=0.00100
GenLosses:[0.4692767542103926]
ClaLosses:[0.4603950040003262]
ErrorEval=0.01710

*Epoch=69 LR=0.00100
GenLosses:[0.46904996037483215]
ClaLosses:[0.4604377927356538]
ErrorEval=0.01690

*Epoch=70 LR=0.00100
GenLosses:[0.4692407497763634]
ClaLosses:[0.4602251314364753]
ErrorEval=0.01660

*Epoch=71 LR=0.00100
GenLosses:[0.4689113475382328]
ClaLosses:[0.46024905305095964]
ErrorEval=0.01690

*Epoch=72 LR=0.00100
GenLosses:[0.46861991509795187]
ClaLosses:[0.4602463181313819]
ErrorEval=0.01590

*Epoch=73 LR=0.00100
GenLosses:[0.4690424003700415]
ClaLosses:[0.45990625469136687]
ErrorEval=0.01650

*Epoch=74 LR=0.00100
GenLosses:[0.46889669974644976]
ClaLosses:[0.46023819767674096]
ErrorEval=0.01620

*Epoch=75 LR=0.00100
GenLosses:[0.46844454993804296]
ClaLosses:[0.46026809073444724]
ErrorEval=0.01600

*Epoch=76 LR=0.00100
GenLosses:[0.468722793807586]
ClaLosses:[0.4601727744261883]
ErrorEval=0.01760

*Epoch=77 LR=0.00100
GenLosses:[0.46831517000993095]
ClaLosses:[0.46034012065163465]
ErrorEval=0.01700

*Epoch=78 LR=0.00100
GenLosses:[0.46907706166307134]
ClaLosses:[0.45976175226428656]
ErrorEval=0.01550

*Epoch=79 LR=0.00100
GenLosses:[0.468547066450119]
ClaLosses:[0.45996771667067776]
ErrorEval=0.01720

*Epoch=80 LR=0.00100
GenLosses:[0.46841785262028374]
ClaLosses:[0.4602522143448588]
ErrorEval=0.01670

*Epoch=81 LR=0.00100
GenLosses:[0.46833270554741224]
ClaLosses:[0.4599130167273339]
ErrorEval=0.01750

*Epoch=82 LR=0.00100
GenLosses:[0.46838668276866274]
ClaLosses:[0.46033513461848957]
ErrorEval=0.01600

*Epoch=83 LR=0.00100
GenLosses:[0.46834114829699197]
ClaLosses:[0.45995298853051775]
ErrorEval=0.01710

*Epoch=84 LR=0.00100
GenLosses:[0.4681774944563707]
ClaLosses:[0.46003905135642964]
ErrorEval=0.02090

*Epoch=85 LR=0.00100
GenLosses:[0.4677593477567037]
ClaLosses:[0.45991594594869506]
ErrorEval=0.01890

*Epoch=86 LR=0.00100
GenLosses:[0.46793529922763505]
ClaLosses:[0.4596906430362525]
ErrorEval=0.01920

*Epoch=87 LR=0.00100
GenLosses:[0.4676936939358711]
ClaLosses:[0.46004070131015284]
ErrorEval=0.01860

*Epoch=88 LR=0.00100
GenLosses:[0.46776610260208445]
ClaLosses:[0.4600426645396945]
ErrorEval=0.02190

*Epoch=89 LR=0.00100
GenLosses:[0.46776679798960685]
ClaLosses:[0.45973861291400775]
ErrorEval=0.01930

*Epoch=90 LR=0.00100
GenLosses:[0.46798292617003123]
ClaLosses:[0.4605500720392827]
ErrorEval=0.02320

*Epoch=91 LR=0.00100
GenLosses:[0.46817249556382495]
ClaLosses:[0.46010649352209027]
ErrorEval=0.01840

*Epoch=92 LR=0.00100
GenLosses:[0.4681353105107943]
ClaLosses:[0.46011355612642574]
ErrorEval=0.01770

*Epoch=93 LR=0.00100
GenLosses:[0.4678230261305968]
ClaLosses:[0.46014721737169056]
ErrorEval=0.01790

*Epoch=94 LR=0.00100
GenLosses:[0.4676288159688314]
ClaLosses:[0.459992097056951]
ErrorEval=0.01780

*Epoch=95 LR=0.00100
GenLosses:[0.4677442093193531]
ClaLosses:[0.4599287198077051]
ErrorEval=0.01940

*Epoch=96 LR=0.00100
GenLosses:[0.4678050688902537]
ClaLosses:[0.4600704296657042]
ErrorEval=0.02020

*Epoch=97 LR=0.00100
GenLosses:[0.46691023096442225]
ClaLosses:[0.46012227683385004]
ErrorEval=0.01830

*Epoch=98 LR=0.00100
GenLosses:[0.4676772005359332]
ClaLosses:[0.45981280776963007]
ErrorEval=0.02020

*Epoch=99 LR=0.00100
GenLosses:[0.46749406759937606]
ClaLosses:[0.4597486596386822]
ErrorEval=0.01910

*Epoch=100 LR=0.00100
GenLosses:[0.46820229570070904]
ClaLosses:[0.4602744316994147]
ErrorEval=0.02020

*Epoch=101 LR=0.00100
GenLosses:[0.4674617652098338]
ClaLosses:[0.4598296441865093]
ErrorEval=0.01890

*Epoch=102 LR=0.00100
GenLosses:[0.4675058557589849]
ClaLosses:[0.4597682410299952]
ErrorEval=0.01870

*Epoch=103 LR=0.00100
GenLosses:[0.4679726236561934]
ClaLosses:[0.45994030452912643]
ErrorEval=0.01930

*Epoch=104 LR=0.00100
GenLosses:[0.46809940670927364]
ClaLosses:[0.45962130504048937]
ErrorEval=0.01720

*Epoch=105 LR=0.00100
GenLosses:[0.4679457185169061]
ClaLosses:[0.45967287024488174]
ErrorEval=0.02220

*Epoch=106 LR=0.00100
GenLosses:[0.4676521433889866]
ClaLosses:[0.4598399742618349]
ErrorEval=0.02040

*Epoch=107 LR=0.00100
GenLosses:[0.4676351574063301]
ClaLosses:[0.4598867414757194]
ErrorEval=0.01970

*Epoch=108 LR=0.00100
GenLosses:[0.46795289143919944]
ClaLosses:[0.4598867980457188]
ErrorEval=0.01720

*Epoch=109 LR=0.00100
GenLosses:[0.46796366189916927]
ClaLosses:[0.45969448899160636]
ErrorEval=0.01880

*Epoch=110 LR=0.00100
GenLosses:[0.4677738003432751]
ClaLosses:[0.459762621815044]
ErrorEval=0.01570

*Epoch=111 LR=0.00100
GenLosses:[0.4672765835126241]
ClaLosses:[0.45960925562490057]
ErrorEval=0.01490

*Epoch=112 LR=0.00100
GenLosses:[0.4676016787191232]
ClaLosses:[0.45972034952903273]
ErrorEval=0.01540

*Epoch=113 LR=0.00100
GenLosses:[0.467726292014122]
ClaLosses:[0.4597300376726033]
ErrorEval=0.01570

*Epoch=114 LR=0.00100
GenLosses:[0.4678494069476922]
ClaLosses:[0.4597494460864231]
ErrorEval=0.01520

*Epoch=115 LR=0.00100
GenLosses:[0.4677713061869144]
ClaLosses:[0.45991294644694325]
ErrorEval=0.01570

*Epoch=116 LR=0.00100
GenLosses:[0.4678204502662023]
ClaLosses:[0.45996131053993283]
ErrorEval=0.01730

*Epoch=117 LR=0.00100
GenLosses:[0.4671003225942453]
ClaLosses:[0.46018427825659985]
ErrorEval=0.01720

*Epoch=118 LR=0.00100
GenLosses:[0.4675674125552177]
ClaLosses:[0.4595270006970633]
ErrorEval=0.01620

*Epoch=119 LR=0.00100
GenLosses:[0.4676697458823522]
ClaLosses:[0.45948148850039433]
ErrorEval=0.01800

*Epoch=120 LR=0.00100
GenLosses:[0.4676532071332137]
ClaLosses:[0.4598395291618102]
ErrorEval=0.01730

*Epoch=121 LR=0.00100
GenLosses:[0.4676622779170672]
ClaLosses:[0.45929722918911836]
ErrorEval=0.01750

*Epoch=122 LR=0.00100
GenLosses:[0.46764010220766067]
ClaLosses:[0.46004070081542353]
ErrorEval=0.01700

*Epoch=123 LR=0.00100
GenLosses:[0.4675698863466581]
ClaLosses:[0.45982536528345447]
ErrorEval=0.01470

*Epoch=124 LR=0.00100
GenLosses:[0.46801306173205376]
ClaLosses:[0.46005557992931223]
ErrorEval=0.01500

*Epoch=125 LR=0.00100
GenLosses:[0.46764430657029155]
ClaLosses:[0.45943843568383375]
ErrorEval=0.01810

*Epoch=126 LR=0.00100
GenLosses:[0.46794155711929003]
ClaLosses:[0.4598555039646233]
ErrorEval=0.01630

*Epoch=127 LR=0.00100
GenLosses:[0.46733042801419894]
ClaLosses:[0.45930291689157154]
ErrorEval=0.01760

*Epoch=128 LR=0.00100
GenLosses:[0.4676325905323029]
ClaLosses:[0.45964422640036406]
ErrorEval=0.01950

*Epoch=129 LR=0.00100
GenLosses:[0.4675416764120261]
ClaLosses:[0.4598326479861916]
ErrorEval=0.01610

*Epoch=130 LR=0.00100
GenLosses:[0.46815509989857673]
ClaLosses:[0.45986491919457906]
ErrorEval=0.01610

*Epoch=131 LR=0.00100
GenLosses:[0.4672839954992135]
ClaLosses:[0.45945089450683735]
ErrorEval=0.01680

*Epoch=132 LR=0.00100
GenLosses:[0.46735478763779004]
ClaLosses:[0.45950580829277227]
ErrorEval=0.01540

*Epoch=133 LR=0.00100
GenLosses:[0.4673448132475217]
ClaLosses:[0.4595909236745113]
ErrorEval=0.01530

*Epoch=134 LR=0.00100
GenLosses:[0.46751395384470623]
ClaLosses:[0.4594146958991832]
ErrorEval=0.01840

*Epoch=135 LR=0.00100
GenLosses:[0.46738267133633293]
ClaLosses:[0.45948256146097605]
ErrorEval=0.02020

*Epoch=136 LR=0.00100
GenLosses:[0.46779745186368626]
ClaLosses:[0.4595496793560498]
ErrorEval=0.02150

*Epoch=137 LR=0.00100
GenLosses:[0.467917821953694]
ClaLosses:[0.4595298927676504]
ErrorEval=0.01750

*Epoch=138 LR=0.00100
GenLosses:[0.46747711921731633]
ClaLosses:[0.45956040978795243]
ErrorEval=0.01830

*Epoch=139 LR=0.00100
GenLosses:[0.4674203270673752]
ClaLosses:[0.4597020489864419]
ErrorEval=0.02090

*Epoch=140 LR=0.00100
GenLosses:[0.46738523319363595]
ClaLosses:[0.4596134956646479]
ErrorEval=0.01890

*Epoch=141 LR=0.00100
GenLosses:[0.46719241365790365]
ClaLosses:[0.4599931002808334]
ErrorEval=0.01810

*Epoch=142 LR=0.00100
GenLosses:[0.46791718204816185]
ClaLosses:[0.4598012777092645]
ErrorEval=0.01940

*Epoch=143 LR=0.00100
GenLosses:[0.46735426763693494]
ClaLosses:[0.4593691238543]
ErrorEval=0.01840

*Epoch=144 LR=0.00100
GenLosses:[0.4676949202020963]
ClaLosses:[0.4596966755056696]
ErrorEval=0.02210

*Epoch=145 LR=0.00100
GenLosses:[0.46772608761986095]
ClaLosses:[0.4596356870082957]
ErrorEval=0.01720

*Epoch=146 LR=0.00100
GenLosses:[0.4673954510688782]
ClaLosses:[0.4592478176945783]
ErrorEval=0.01640

*Epoch=147 LR=0.00100
GenLosses:[0.4677701525390148]
ClaLosses:[0.4596724186534291]
ErrorEval=0.01550

*Epoch=148 LR=0.00100
GenLosses:[0.467187313636144]
ClaLosses:[0.4593572011913693]
ErrorEval=0.01540

*Epoch=149 LR=0.00100
GenLosses:[0.467580947180589]
ClaLosses:[0.45948544241677314]
ErrorEval=0.01370

*Epoch=150 LR=0.00100
GenLosses:[0.4676095270613829]
ClaLosses:[0.4594993746697196]
ErrorEval=0.01460

*Epoch=151 LR=0.00100
GenLosses:[0.46773238574465115]
ClaLosses:[0.45956011669744623]
ErrorEval=0.01680

*Epoch=152 LR=0.00100
GenLosses:[0.4678794851899147]
ClaLosses:[0.4592248969812514]
ErrorEval=0.01980

*Epoch=153 LR=0.00100
GenLosses:[0.4675293100873629]
ClaLosses:[0.4600092584107253]
ErrorEval=0.02000

*Epoch=154 LR=0.00100
GenLosses:[0.46764277840654056]
ClaLosses:[0.4594047088733465]
ErrorEval=0.01820

*Epoch=155 LR=0.00100
GenLosses:[0.4678122765322526]
ClaLosses:[0.4594918130316291]
ErrorEval=0.01720

*Epoch=156 LR=0.00100
GenLosses:[0.4676475301384926]
ClaLosses:[0.4595865061798934]
ErrorEval=0.01770

*Epoch=157 LR=0.00100
GenLosses:[0.4673325049380461]
ClaLosses:[0.4593281708919946]
ErrorEval=0.01690

*Epoch=158 LR=0.00100
GenLosses:[0.46760403672854106]
ClaLosses:[0.4597898539659704]
ErrorEval=0.01830

*Epoch=159 LR=0.00100
GenLosses:[0.4673934686183929]
ClaLosses:[0.45963059551970314]
ErrorEval=0.01970

*Epoch=160 LR=0.00100
GenLosses:[0.4677834097544352]
ClaLosses:[0.45955164188497527]
ErrorEval=0.01880

*Epoch=161 LR=0.00100
GenLosses:[0.4677476900815964]
ClaLosses:[0.45989019740648246]
ErrorEval=0.01830

*Epoch=162 LR=0.00100
GenLosses:[0.4678193674484889]
ClaLosses:[0.4598399362977437]
ErrorEval=0.01840

*Epoch=163 LR=0.00100
GenLosses:[0.4674969546496868]
ClaLosses:[0.4591849231922319]
ErrorEval=0.01800

*Epoch=164 LR=0.00100
GenLosses:[0.4677878747880459]
ClaLosses:[0.4596417387114773]
ErrorEval=0.01590

*Epoch=165 LR=0.00100
GenLosses:[0.467806932926178]
ClaLosses:[0.4596006719000591]
ErrorEval=0.01740

*Epoch=166 LR=0.00100
GenLosses:[0.46812310616175334]
ClaLosses:[0.4593059834832047]
ErrorEval=0.01550

*Epoch=167 LR=0.00100
GenLosses:[0.4678069705267747]
ClaLosses:[0.45945609537746285]
ErrorEval=0.01850

*Epoch=168 LR=0.00100
GenLosses:[0.46786782493193946]
ClaLosses:[0.45932914377987505]
ErrorEval=0.01810

*Epoch=169 LR=0.00100
GenLosses:[0.46763731315732004]
ClaLosses:[0.45908783338434705]
ErrorEval=0.01860

*Epoch=170 LR=0.00100
GenLosses:[0.4677523378531138]
ClaLosses:[0.45938946745251114]
ErrorEval=0.01640

*Epoch=171 LR=0.00100
GenLosses:[0.467585044503212]
ClaLosses:[0.45928581541021524]
ErrorEval=0.01770

*Epoch=172 LR=0.00100
GenLosses:[0.46785171031951905]
ClaLosses:[0.4588712693949551]
ErrorEval=0.01870

*Epoch=173 LR=0.00100
GenLosses:[0.46753038560350735]
ClaLosses:[0.45922827894451984]
ErrorEval=0.01720

*Epoch=174 LR=0.00100
GenLosses:[0.46786867067217824]
ClaLosses:[0.4592988765336438]
ErrorEval=0.01740

*Epoch=175 LR=0.00100
GenLosses:[0.46737615411480266]
ClaLosses:[0.4593252696735489]
ErrorEval=0.01780

*Epoch=176 LR=0.00100
GenLosses:[0.4679529023170471]
ClaLosses:[0.45971378597648366]
ErrorEval=0.01950

*Epoch=177 LR=0.00100
GenLosses:[0.46744995380441345]
ClaLosses:[0.4593148898957923]
ErrorEval=0.01810

*Epoch=178 LR=0.00100
GenLosses:[0.46757319976886114]
ClaLosses:[0.45897823816935385]
ErrorEval=0.01840

*Epoch=179 LR=0.00100
GenLosses:[0.4678704192737738]
ClaLosses:[0.459373114909169]
ErrorEval=0.02030

*Epoch=180 LR=0.00100
GenLosses:[0.46821216483910877]
ClaLosses:[0.4595431043231603]
ErrorEval=0.01770

*Epoch=181 LR=0.00100
GenLosses:[0.46736760104695957]
ClaLosses:[0.458876972303606]
ErrorEval=0.01930

*Epoch=182 LR=0.00100
GenLosses:[0.46788153315583864]
ClaLosses:[0.45892478861282454]
ErrorEval=0.01950

*Epoch=183 LR=0.00100
GenLosses:[0.4673755620419979]
ClaLosses:[0.45867216000364047]
ErrorEval=0.01840

*Epoch=184 LR=0.00100
GenLosses:[0.4679658072193464]
ClaLosses:[0.459269438421901]
ErrorEval=0.01710

*Epoch=185 LR=0.00100
GenLosses:[0.4680628824234009]
ClaLosses:[0.45902328916627955]
ErrorEval=0.01640

*Epoch=186 LR=0.00100
GenLosses:[0.4678243858118852]
ClaLosses:[0.45953073057366917]
ErrorEval=0.01910

*Epoch=187 LR=0.00100
GenLosses:[0.4678934727112452]
ClaLosses:[0.4596443111316492]
ErrorEval=0.01800

*Epoch=188 LR=0.00100
GenLosses:[0.46739143595099447]
ClaLosses:[0.4590169822211422]
ErrorEval=0.01660

*Epoch=189 LR=0.00100
GenLosses:[0.4678346534570058]
ClaLosses:[0.4595774007637532]
ErrorEval=0.01890

*Epoch=190 LR=0.00100
GenLosses:[0.46762563958764075]
ClaLosses:[0.4590305894392001]
ErrorEval=0.01650

*Epoch=191 LR=0.00100
GenLosses:[0.4677856713036696]
ClaLosses:[0.45939920826082015]
ErrorEval=0.01470

*Epoch=192 LR=0.00100
GenLosses:[0.4678216281533241]
ClaLosses:[0.45972432057166923]
ErrorEval=0.01580

*Epoch=193 LR=0.00100
GenLosses:[0.4680232566595077]
ClaLosses:[0.4591531562174527]
ErrorEval=0.01600

*Epoch=194 LR=0.00100
GenLosses:[0.46828580473860104]
ClaLosses:[0.4591854002380133]
ErrorEval=0.01660

*Epoch=195 LR=0.00100
GenLosses:[0.4676465919613838]
ClaLosses:[0.45901945212899004]
ErrorEval=0.01760

*Epoch=196 LR=0.00100
GenLosses:[0.46783023968338966]
ClaLosses:[0.45939783749004437]
ErrorEval=0.01960

*Epoch=197 LR=0.00100
GenLosses:[0.46775275404254596]
ClaLosses:[0.4588375171108633]
ErrorEval=0.01700

*Epoch=198 LR=0.00100
GenLosses:[0.46806256418426834]
ClaLosses:[0.4591340940454965]
ErrorEval=0.01650

*Epoch=199 LR=0.00100
GenLosses:[0.4681990808745225]
ClaLosses:[0.45903720011021437]
ErrorEval=0.01670

*Epoch=200 LR=0.00100
GenLosses:[0.4681909952561061]
ClaLosses:[0.4592635643178397]
ErrorEval=0.01880

*Epoch=201 LR=0.00100
GenLosses:[0.46783602744340896]
ClaLosses:[0.45902260268336514]
ErrorEval=0.01810

*Epoch=202 LR=0.00100
GenLosses:[0.46792399019002917]
ClaLosses:[0.45887182719130504]
ErrorEval=0.02030

*Epoch=203 LR=0.00100
GenLosses:[0.4682076758146286]
ClaLosses:[0.45892191294913864]
ErrorEval=0.01950

*Epoch=204 LR=0.00100
GenLosses:[0.46792536323269207]
ClaLosses:[0.4587902837851734]
ErrorEval=0.01760

*Epoch=205 LR=0.00100
GenLosses:[0.4675658898552259]
ClaLosses:[0.4592220489055966]
ErrorEval=0.01800

*Epoch=206 LR=0.00100
GenLosses:[0.46815293197830515]
ClaLosses:[0.45905206592031733]
ErrorEval=0.01800

*Epoch=207 LR=0.00100
GenLosses:[0.46823378215233485]
ClaLosses:[0.4593996719857093]
ErrorEval=0.01850

*Epoch=208 LR=0.00100
GenLosses:[0.46821714282035826]
ClaLosses:[0.45903742910634854]
ErrorEval=0.02060

*Epoch=209 LR=0.00100
GenLosses:[0.46794841532905895]
ClaLosses:[0.4587319939337891]
ErrorEval=0.01760

*Epoch=210 LR=0.00100
GenLosses:[0.46804306358098985]
ClaLosses:[0.4590016066185075]
ErrorEval=0.01530

*Epoch=211 LR=0.00100
GenLosses:[0.4683266553282738]
ClaLosses:[0.45877992694424613]
ErrorEval=0.01550

*Epoch=212 LR=0.00100
GenLosses:[0.46831687514980636]
ClaLosses:[0.4592545541543275]
ErrorEval=0.01770

*Epoch=213 LR=0.00100
GenLosses:[0.4681413010259469]
ClaLosses:[0.45883763585973564]
ErrorEval=0.01770

*Epoch=214 LR=0.00100
GenLosses:[0.4681337430079778]
ClaLosses:[0.45916933996723497]
ErrorEval=0.01620

*Epoch=215 LR=0.00100
GenLosses:[0.46820237711071966]
ClaLosses:[0.4592691636941773]
ErrorEval=0.01630

*Epoch=216 LR=0.00100
GenLosses:[0.4681670362253984]
ClaLosses:[0.45879770639519973]
ErrorEval=0.01580

*Epoch=217 LR=0.00100
GenLosses:[0.4681279021501541]
ClaLosses:[0.4590159084341669]
ErrorEval=0.01810

*Epoch=218 LR=0.00100
GenLosses:[0.46825393090645473]
ClaLosses:[0.45907380295204775]
ErrorEval=0.01720

*Epoch=219 LR=0.00100
GenLosses:[0.46866956919431685]
ClaLosses:[0.4590333792641629]
ErrorEval=0.01730

*Epoch=220 LR=0.00100
GenLosses:[0.46791142856081325]
ClaLosses:[0.459428147023222]
ErrorEval=0.01830

*Epoch=221 LR=0.00100
GenLosses:[0.46803260723749796]
ClaLosses:[0.4589817791147002]
ErrorEval=0.02150

*Epoch=222 LR=0.00100
GenLosses:[0.4679721529285113]
ClaLosses:[0.45917973640600945]
ErrorEval=0.01850

*Epoch=223 LR=0.00100
GenLosses:[0.46859898750980694]
ClaLosses:[0.45879876112237894]
ErrorEval=0.01840

*Epoch=224 LR=0.00100
GenLosses:[0.4680227232476076]
ClaLosses:[0.459066125132274]
ErrorEval=0.01700

*Epoch=225 LR=0.00100
GenLosses:[0.4681120902796586]
ClaLosses:[0.4589559357999656]
ErrorEval=0.01640

*Epoch=226 LR=0.00100
GenLosses:[0.4682663149634997]
ClaLosses:[0.45920215553269667]
ErrorEval=0.01730

*Epoch=227 LR=0.00100
GenLosses:[0.4682920298477014]
ClaLosses:[0.45931830461818285]
ErrorEval=0.01580

*Epoch=228 LR=0.00100
GenLosses:[0.4682468264301618]
ClaLosses:[0.45873902391441124]
ErrorEval=0.01560

*Epoch=229 LR=0.00100
GenLosses:[0.4684025277197361]
ClaLosses:[0.4585915643379387]
ErrorEval=0.01480

*Epoch=230 LR=0.00100
GenLosses:[0.4681221185127894]
ClaLosses:[0.4586697123851798]
ErrorEval=0.01650

*Epoch=231 LR=0.00100
GenLosses:[0.4687522063155969]
ClaLosses:[0.45876924666748553]
ErrorEval=0.01620

*Epoch=232 LR=0.00100
GenLosses:[0.4683053493499756]
ClaLosses:[0.45908514725609545]
ErrorEval=0.01480

*Epoch=233 LR=0.00100
GenLosses:[0.4684650165836016]
ClaLosses:[0.4590222603846297]
ErrorEval=0.01590

*Epoch=234 LR=0.00100
GenLosses:[0.4683044920861721]
ClaLosses:[0.4592896435058096]
ErrorEval=0.01700

*Epoch=235 LR=0.00100
GenLosses:[0.4685548876722654]
ClaLosses:[0.4587634554869399]
ErrorEval=0.01710

*Epoch=236 LR=0.00100
GenLosses:[0.4684876542290052]
ClaLosses:[0.4587234697954088]
ErrorEval=0.01740

*Epoch=237 LR=0.00100
GenLosses:[0.4682898679872354]
ClaLosses:[0.4586496284687498]
ErrorEval=0.01750

*Epoch=238 LR=0.00100
GenLosses:[0.4685147805015246]
ClaLosses:[0.4591369651780235]
ErrorEval=0.01700

*Epoch=239 LR=0.00100
GenLosses:[0.46810814132293066]
ClaLosses:[0.45867795174798326]
ErrorEval=0.01710

*Epoch=240 LR=0.00100
GenLosses:[0.4686502741773923]
ClaLosses:[0.4591541572733387]
ErrorEval=0.01630

*Epoch=241 LR=0.00100
GenLosses:[0.4685811181366444]
ClaLosses:[0.4589927194545772]
ErrorEval=0.01890

*Epoch=242 LR=0.00100
GenLosses:[0.4683987180888653]
ClaLosses:[0.45866949900319054]
ErrorEval=0.01810

*Epoch=243 LR=0.00100
GenLosses:[0.46839054028193156]
ClaLosses:[0.4585362710784734]
ErrorEval=0.01600

*Epoch=244 LR=0.00100
GenLosses:[0.4687593803803126]
ClaLosses:[0.4588385042086739]
ErrorEval=0.01880

*Epoch=245 LR=0.00100
GenLosses:[0.4684892699619134]
ClaLosses:[0.45890903958129287]
ErrorEval=0.01940

*Epoch=246 LR=0.00100
GenLosses:[0.46828354557355245]
ClaLosses:[0.4590133347037615]
ErrorEval=0.01690

*Epoch=247 LR=0.00100
GenLosses:[0.46842802986502646]
ClaLosses:[0.4585881894171582]
ErrorEval=0.01320

*Epoch=248 LR=0.00100
GenLosses:[0.4683453319470088]
ClaLosses:[0.45858755378164173]
ErrorEval=0.01270

*Epoch=249 LR=0.00100
GenLosses:[0.4687188695371151]
ClaLosses:[0.4583389677051937]
ErrorEval=0.01300

*Epoch=250 LR=0.00100
GenLosses:[0.46859106262524924]
ClaLosses:[0.45901429899836443]
ErrorEval=0.01490

*Epoch=251 LR=0.00100
GenLosses:[0.46877258494496343]
ClaLosses:[0.45842309383414875]
ErrorEval=0.01530

*Epoch=252 LR=0.00100
GenLosses:[0.468904783030351]
ClaLosses:[0.4587389783488672]
ErrorEval=0.01500

*Epoch=253 LR=0.00100
GenLosses:[0.4688098380963008]
ClaLosses:[0.45850899945344364]
ErrorEval=0.01380

*Epoch=254 LR=0.00100
GenLosses:[0.468525165617466]
ClaLosses:[0.45878209223262717]
ErrorEval=0.01480

*Epoch=255 LR=0.00100
GenLosses:[0.46852695355812707]
ClaLosses:[0.45841008326824473]
ErrorEval=0.01560

*Epoch=256 LR=0.00100
GenLosses:[0.4689265124499798]
ClaLosses:[0.458644233432444]
ErrorEval=0.01760

*Epoch=257 LR=0.00100
GenLosses:[0.46860593939820927]
ClaLosses:[0.45857551177248723]
ErrorEval=0.01500

*Epoch=258 LR=0.00100
GenLosses:[0.4685978156328201]
ClaLosses:[0.45841038866860934]
ErrorEval=0.01670

*Epoch=259 LR=0.00100
GenLosses:[0.4683949963748455]
ClaLosses:[0.45865717557317365]
ErrorEval=0.01550

*Epoch=260 LR=0.00100
GenLosses:[0.46870231394966444]
ClaLosses:[0.4585837050850079]
ErrorEval=0.01570

*Epoch=261 LR=0.00100
GenLosses:[0.4685460289816062]
ClaLosses:[0.4586040229309456]
ErrorEval=0.01680

*Epoch=262 LR=0.00100
GenLosses:[0.46870053177078563]
ClaLosses:[0.4590931383645138]
ErrorEval=0.01460

*Epoch=263 LR=0.00100
GenLosses:[0.46878380691011745]
ClaLosses:[0.45850451828762534]
ErrorEval=0.01200

*Epoch=264 LR=0.00100
GenLosses:[0.468775053024292]
ClaLosses:[0.45897516918041475]
ErrorEval=0.01560

*Epoch=265 LR=0.00100
GenLosses:[0.4687856756647428]
ClaLosses:[0.4587895615415253]
ErrorEval=0.01680

*Epoch=266 LR=0.00100
GenLosses:[0.4692550118267536]
ClaLosses:[0.45841375125513245]
ErrorEval=0.01660

*Epoch=267 LR=0.00100
GenLosses:[0.468491573681434]
ClaLosses:[0.4589648106762894]
ErrorEval=0.01650

*Epoch=268 LR=0.00100
GenLosses:[0.4688300557434559]
ClaLosses:[0.45808503203067846]
ErrorEval=0.01510

*Epoch=269 LR=0.00100
GenLosses:[0.4691299546758334]
ClaLosses:[0.45876506387297533]
ErrorEval=0.01710

*Epoch=270 LR=0.00100
GenLosses:[0.4689818099141121]
ClaLosses:[0.4587310959870016]
ErrorEval=0.01710

*Epoch=271 LR=0.00100
GenLosses:[0.46933371275663377]
ClaLosses:[0.4587324431225886]
ErrorEval=0.01960

*Epoch=272 LR=0.00100
GenLosses:[0.4686655617256959]
ClaLosses:[0.45856814089446646]
ErrorEval=0.01730

*Epoch=273 LR=0.00100
GenLosses:[0.4688061414162318]
ClaLosses:[0.4585931268220271]
ErrorEval=0.01930

*Epoch=274 LR=0.00100
GenLosses:[0.46924631903568903]
ClaLosses:[0.4583888019930803]
ErrorEval=0.01970

*Epoch=275 LR=0.00100
GenLosses:[0.4686989208559195]
ClaLosses:[0.458712724338224]
ErrorEval=0.01690

*Epoch=276 LR=0.00100
GenLosses:[0.4686064878106117]
ClaLosses:[0.45869212859288294]
ErrorEval=0.01720

*Epoch=277 LR=0.00100
GenLosses:[0.46872465734680496]
ClaLosses:[0.4588222027269035]
ErrorEval=0.01530

*Epoch=278 LR=0.00100
GenLosses:[0.4691761104762554]
ClaLosses:[0.45880749207108257]
ErrorEval=0.01470

*Epoch=279 LR=0.00100
GenLosses:[0.46935655881961186]
ClaLosses:[0.4585689087526553]
ErrorEval=0.01670

*Epoch=280 LR=0.00100
GenLosses:[0.4692050244907538]
ClaLosses:[0.45874510886412606]
ErrorEval=0.01710

*Epoch=281 LR=0.00100
GenLosses:[0.46929985776543615]
ClaLosses:[0.4589441566841337]
ErrorEval=0.01560

*Epoch=282 LR=0.00100
GenLosses:[0.46939192901055016]
ClaLosses:[0.45840103719664277]
ErrorEval=0.01550

*Epoch=283 LR=0.00100
GenLosses:[0.4692319119970004]
ClaLosses:[0.4583851268689281]
ErrorEval=0.01560

*Epoch=284 LR=0.00100
GenLosses:[0.468619097918272]
ClaLosses:[0.45879065864180074]
ErrorEval=0.01720

*Epoch=285 LR=0.00100
GenLosses:[0.4692003220816453]
ClaLosses:[0.45845467602248]
ErrorEval=0.01750

*Epoch=286 LR=0.00100
GenLosses:[0.46933162609736123]
ClaLosses:[0.4583560702806054]
ErrorEval=0.01830

*Epoch=287 LR=0.00100
GenLosses:[0.46852353602647784]
ClaLosses:[0.45847064187924774]
ErrorEval=0.01590

*Epoch=288 LR=0.00100
GenLosses:[0.4692642686267694]
ClaLosses:[0.45913426696414983]
ErrorEval=0.01620

*Epoch=289 LR=0.00100
GenLosses:[0.4689285120864709]
ClaLosses:[0.45855539860044575]
ErrorEval=0.01630

*Epoch=290 LR=0.00100
GenLosses:[0.4691156490643819]
ClaLosses:[0.45829149653731843]
ErrorEval=0.01780

*Epoch=291 LR=0.00100
GenLosses:[0.4689346103866895]
ClaLosses:[0.458641462136869]
ErrorEval=0.01800

*Epoch=292 LR=0.00100
GenLosses:[0.46940106024344763]
ClaLosses:[0.45836266435188605]
ErrorEval=0.01890

*Epoch=293 LR=0.00100
GenLosses:[0.46926024571061137]
ClaLosses:[0.4585323010902228]
ErrorEval=0.01940

*Epoch=294 LR=0.00100
GenLosses:[0.46877496282259623]
ClaLosses:[0.4584815661838666]
ErrorEval=0.01970

*Epoch=295 LR=0.00100
GenLosses:[0.468712033778429]
ClaLosses:[0.45813664665271214]
ErrorEval=0.02160

*Epoch=296 LR=0.00100
GenLosses:[0.46885109881560005]
ClaLosses:[0.4583007289066512]
ErrorEval=0.01880

*Epoch=297 LR=0.00100
GenLosses:[0.46904451578855516]
ClaLosses:[0.4583868831849146]
ErrorEval=0.01820

*Epoch=298 LR=0.00100
GenLosses:[0.4696244818965594]
ClaLosses:[0.4585691186115228]
ErrorEval=0.01950

*Epoch=299 LR=0.00100
GenLosses:[0.46942576810717584]
ClaLosses:[0.45840635807788677]
ErrorEval=0.01880

*Epoch=300 LR=0.00100
GenLosses:[0.4690715826054414]
ClaLosses:[0.4727153790845506]
ErrorEval=0.01100

*Epoch=301 LR=0.00100
GenLosses:[0.4692101941506068]
ClaLosses:[0.4675198132267976]
ErrorEval=0.00980

*Epoch=302 LR=0.00099
GenLosses:[0.4691229321062565]
ClaLosses:[0.4656423336672274]
ErrorEval=0.00870

*Epoch=303 LR=0.00099
GenLosses:[0.4689781971772512]
ClaLosses:[0.4650092137624737]
ErrorEval=0.00850

*Epoch=304 LR=0.00098
GenLosses:[0.469393484244744]
ClaLosses:[0.4647206298015873]
ErrorEval=0.00730

*Epoch=305 LR=0.00098
GenLosses:[0.4688090548912684]
ClaLosses:[0.46511969075541176]
ErrorEval=0.00830

*Epoch=306 LR=0.00097
GenLosses:[0.46925448526938757]
ClaLosses:[0.46444754523742393]
ErrorEval=0.00770

*Epoch=307 LR=0.00097
GenLosses:[0.46959897701938946]
ClaLosses:[0.46411265547349084]
ErrorEval=0.00770

*Epoch=308 LR=0.00096
GenLosses:[0.46917184472084045]
ClaLosses:[0.46347283607709877]
ErrorEval=0.00800

*Epoch=309 LR=0.00096
GenLosses:[0.4693719921509425]
ClaLosses:[0.46392637486153254]
ErrorEval=0.00750

*Epoch=310 LR=0.00095
GenLosses:[0.4690913012623787]
ClaLosses:[0.4632938275330579]
ErrorEval=0.00770

*Epoch=311 LR=0.00095
GenLosses:[0.4694784651696682]
ClaLosses:[0.4629527005160971]
ErrorEval=0.00730

*Epoch=312 LR=0.00094
GenLosses:[0.4693548359473546]
ClaLosses:[0.46308508055485903]
ErrorEval=0.00710

*Epoch=313 LR=0.00094
GenLosses:[0.46946459367871285]
ClaLosses:[0.46291639141848095]
ErrorEval=0.00700

*Epoch=314 LR=0.00093
GenLosses:[0.46975796202818554]
ClaLosses:[0.46295813518058393]
ErrorEval=0.00660

*Epoch=315 LR=0.00093
GenLosses:[0.46967665319641433]
ClaLosses:[0.46227280953092836]
ErrorEval=0.00580

*Epoch=316 LR=0.00092
GenLosses:[0.4692936345934868]
ClaLosses:[0.4627998756589501]
ErrorEval=0.00580

*Epoch=317 LR=0.00092
GenLosses:[0.4695232742528121]
ClaLosses:[0.46224798857001065]
ErrorEval=0.00700

*Epoch=318 LR=0.00091
GenLosses:[0.4695620615780354]
ClaLosses:[0.46259775567491773]
ErrorEval=0.00700

*Epoch=319 LR=0.00091
GenLosses:[0.46938564414779343]
ClaLosses:[0.462824025410146]
ErrorEval=0.00680

*Epoch=320 LR=0.00090
GenLosses:[0.4700902075568835]
ClaLosses:[0.4623584632432595]
ErrorEval=0.00690

*Epoch=321 LR=0.00090
GenLosses:[0.46972379252314567]
ClaLosses:[0.4618470765144376]
ErrorEval=0.00620

*Epoch=322 LR=0.00090
GenLosses:[0.46961258227626484]
ClaLosses:[0.4624065895791612]
ErrorEval=0.00590

*Epoch=323 LR=0.00089
GenLosses:[0.46982235834002495]
ClaLosses:[0.46178414527683476]
ErrorEval=0.00580

*Epoch=324 LR=0.00089
GenLosses:[0.4696137765049934]
ClaLosses:[0.4622055961690704]
ErrorEval=0.00610

*Epoch=325 LR=0.00088
GenLosses:[0.46947511543830234]
ClaLosses:[0.4618859309421561]
ErrorEval=0.00590

*Epoch=326 LR=0.00088
GenLosses:[0.4701497827967008]
ClaLosses:[0.4619355974024858]
ErrorEval=0.00630

*Epoch=327 LR=0.00087
GenLosses:[0.4699321243663629]
ClaLosses:[0.46194661685405264]
ErrorEval=0.00610

*Epoch=328 LR=0.00087
GenLosses:[0.47018915077050527]
ClaLosses:[0.4624242055100869]
ErrorEval=0.00610

*Epoch=329 LR=0.00086
GenLosses:[0.46974844296773277]
ClaLosses:[0.4624390475625761]
ErrorEval=0.00610

*Epoch=330 LR=0.00086
GenLosses:[0.4700996689001719]
ClaLosses:[0.4618816838601953]
ErrorEval=0.00570

*Epoch=331 LR=0.00086
GenLosses:[0.4701504342754682]
ClaLosses:[0.4615362051188073]
ErrorEval=0.00580

*Epoch=332 LR=0.00085
GenLosses:[0.46995303307970365]
ClaLosses:[0.4614047016044045]
ErrorEval=0.00620

*Epoch=333 LR=0.00085
GenLosses:[0.4699176654219627]
ClaLosses:[0.46168431005232247]
ErrorEval=0.00620

*Epoch=334 LR=0.00084
GenLosses:[0.46945942148566244]
ClaLosses:[0.4611189781841761]
ErrorEval=0.00610

*Epoch=335 LR=0.00084
GenLosses:[0.46953958864013357]
ClaLosses:[0.46176149802962935]
ErrorEval=0.00570

*Epoch=336 LR=0.00083
GenLosses:[0.4700695992012819]
ClaLosses:[0.4614135307474981]
ErrorEval=0.00570

*Epoch=337 LR=0.00083
GenLosses:[0.4698650759458542]
ClaLosses:[0.46149582085192964]
ErrorEval=0.00600

*Epoch=338 LR=0.00083
GenLosses:[0.46978989655772846]
ClaLosses:[0.46142854854895354]
ErrorEval=0.00560

*Epoch=339 LR=0.00082
GenLosses:[0.47001727084318795]
ClaLosses:[0.4615007421965648]
ErrorEval=0.00550

*Epoch=340 LR=0.00082
GenLosses:[0.469727579553922]
ClaLosses:[0.4609068019099186]
ErrorEval=0.00650

*Epoch=341 LR=0.00081
GenLosses:[0.469661316772302]
ClaLosses:[0.4616699937610983]
ErrorEval=0.00610

*Epoch=342 LR=0.00081
GenLosses:[0.4701636477311452]
ClaLosses:[0.4611107436844966]
ErrorEval=0.00620

*Epoch=343 LR=0.00081
GenLosses:[0.47010985359549523]
ClaLosses:[0.46133323366927254]
ErrorEval=0.00600

*Epoch=344 LR=0.00080
GenLosses:[0.46970652575294175]
ClaLosses:[0.46086261528248884]
ErrorEval=0.00660

*Epoch=345 LR=0.00080
GenLosses:[0.46976554801066717]
ClaLosses:[0.46103934729252066]
ErrorEval=0.00580

*Epoch=346 LR=0.00079
GenLosses:[0.47030528937776883]
ClaLosses:[0.46110124539191627]
ErrorEval=0.00660

*Epoch=347 LR=0.00079
GenLosses:[0.4700984335442384]
ClaLosses:[0.46142774155552785]
ErrorEval=0.00580

*Epoch=348 LR=0.00079
GenLosses:[0.47004505266745883]
ClaLosses:[0.46072225595070676]
ErrorEval=0.00560

*Epoch=349 LR=0.00078
GenLosses:[0.47010906075437864]
ClaLosses:[0.46073905835286005]
ErrorEval=0.00620

*Epoch=350 LR=0.00078
GenLosses:[0.469993843237559]
ClaLosses:[0.460511411979673]
ErrorEval=0.00550

*Epoch=351 LR=0.00077
GenLosses:[0.47014600366353987]
ClaLosses:[0.4608956946746731]
ErrorEval=0.00580

*Epoch=352 LR=0.00077
GenLosses:[0.47018491278092067]
ClaLosses:[0.46062909195683155]
ErrorEval=0.00580

*Epoch=353 LR=0.00077
GenLosses:[0.4703949259718259]
ClaLosses:[0.46079676632824734]
ErrorEval=0.00580

*Epoch=354 LR=0.00076
GenLosses:[0.4699780403574308]
ClaLosses:[0.4611598080708626]
ErrorEval=0.00590

*Epoch=355 LR=0.00076
GenLosses:[0.4699672109882037]
ClaLosses:[0.46081907017634693]
ErrorEval=0.00600

*Epoch=356 LR=0.00076
GenLosses:[0.47038400441408157]
ClaLosses:[0.4611780464637655]
ErrorEval=0.00560

*Epoch=357 LR=0.00075
GenLosses:[0.4706994334856669]
ClaLosses:[0.46122025032904057]
ErrorEval=0.00560

*Epoch=358 LR=0.00075
GenLosses:[0.47010492652654645]
ClaLosses:[0.4606152947049866]
ErrorEval=0.00590

*Epoch=359 LR=0.00074
GenLosses:[0.4706389028827349]
ClaLosses:[0.4611489928812288]
ErrorEval=0.00600

*Epoch=360 LR=0.00074
GenLosses:[0.4700823645790418]
ClaLosses:[0.46050249441548163]
ErrorEval=0.00570

*Epoch=361 LR=0.00074
GenLosses:[0.47016193995873135]
ClaLosses:[0.4606250688678872]
ErrorEval=0.00560

*Epoch=362 LR=0.00073
GenLosses:[0.4702163668473562]
ClaLosses:[0.4614624480764341]
ErrorEval=0.00610

*Epoch=363 LR=0.00073
GenLosses:[0.4705808832248052]
ClaLosses:[0.4609373230019567]
ErrorEval=0.00570

*Epoch=364 LR=0.00073
GenLosses:[0.4705161272486051]
ClaLosses:[0.4605370525822999]
ErrorEval=0.00560

*Epoch=365 LR=0.00072
GenLosses:[0.4699308305978775]
ClaLosses:[0.46056695615759463]
ErrorEval=0.00540

*Epoch=366 LR=0.00072
GenLosses:[0.4703679457306862]
ClaLosses:[0.46100267987629345]
ErrorEval=0.00550

*Epoch=367 LR=0.00071
GenLosses:[0.47058802088101703]
ClaLosses:[0.4601848475814908]
ErrorEval=0.00580

*Epoch=368 LR=0.00071
GenLosses:[0.470303386002779]
ClaLosses:[0.46042711805604425]
ErrorEval=0.00570

*Epoch=369 LR=0.00071
GenLosses:[0.470273136695226]
ClaLosses:[0.46069116662454546]
ErrorEval=0.00580

*Epoch=370 LR=0.00070
GenLosses:[0.47044691279530526]
ClaLosses:[0.46054802642916287]
ErrorEval=0.00540

*Epoch=371 LR=0.00070
GenLosses:[0.4706119468808174]
ClaLosses:[0.46022426777723807]
ErrorEval=0.00550

*Epoch=372 LR=0.00070
GenLosses:[0.4705502728621165]
ClaLosses:[0.4604258685033043]
ErrorEval=0.00530

*Epoch=373 LR=0.00069
GenLosses:[0.47012643694877626]
ClaLosses:[0.4603466382496136]
ErrorEval=0.00550

*Epoch=374 LR=0.00069
GenLosses:[0.47016314963499706]
ClaLosses:[0.46045873622780326]
ErrorEval=0.00570

*Epoch=375 LR=0.00069
GenLosses:[0.47085708811879157]
ClaLosses:[0.46036503811976104]
ErrorEval=0.00490

*Epoch=376 LR=0.00068
GenLosses:[0.47067731981476146]
ClaLosses:[0.4603956549919751]
ErrorEval=0.00550

*Epoch=377 LR=0.00068
GenLosses:[0.4701815703014533]
ClaLosses:[0.46028681643087027]
ErrorEval=0.00510

*Epoch=378 LR=0.00068
GenLosses:[0.4706322881579399]
ClaLosses:[0.4607184906341988]
ErrorEval=0.00550

*Epoch=379 LR=0.00067
GenLosses:[0.47003510072827337]
ClaLosses:[0.46050450086675027]
ErrorEval=0.00510

*Epoch=380 LR=0.00067
GenLosses:[0.4705246090888977]
ClaLosses:[0.46064559056833465]
ErrorEval=0.00510

*Epoch=381 LR=0.00067
GenLosses:[0.4709881906211376]
ClaLosses:[0.46036457987567064]
ErrorEval=0.00510

*Epoch=382 LR=0.00066
GenLosses:[0.4704846786459287]
ClaLosses:[0.4604182116598061]
ErrorEval=0.00570

*Epoch=383 LR=0.00066
GenLosses:[0.47089620778958]
ClaLosses:[0.46057436711348393]
ErrorEval=0.00530

*Epoch=384 LR=0.00066
GenLosses:[0.470864173322916]
ClaLosses:[0.46030349408439947]
ErrorEval=0.00580

*Epoch=385 LR=0.00065
GenLosses:[0.470853425214688]
ClaLosses:[0.46030539970840245]
ErrorEval=0.00580

*Epoch=386 LR=0.00065
GenLosses:[0.4706483293076356]
ClaLosses:[0.4600950233590218]
ErrorEval=0.00550

*Epoch=387 LR=0.00065
GenLosses:[0.4704196099936962]
ClaLosses:[0.4598993594974087]
ErrorEval=0.00560

*Epoch=388 LR=0.00064
GenLosses:[0.47057069127758344]
ClaLosses:[0.4604467510878817]
ErrorEval=0.00520

*Epoch=389 LR=0.00064
GenLosses:[0.47044400875767073]
ClaLosses:[0.459954529690321]
ErrorEval=0.00550

*Epoch=390 LR=0.00064
GenLosses:[0.4704904528458913]
ClaLosses:[0.46019861496870834]
ErrorEval=0.00530

*Epoch=391 LR=0.00063
GenLosses:[0.47026093939940133]
ClaLosses:[0.4597746034890331]
ErrorEval=0.00520

*Epoch=392 LR=0.00063
GenLosses:[0.47071773931384087]
ClaLosses:[0.4599520064333705]
ErrorEval=0.00490

*Epoch=393 LR=0.00063
GenLosses:[0.4707404284179211]
ClaLosses:[0.4604254242267203]
ErrorEval=0.00540

*Epoch=394 LR=0.00062
GenLosses:[0.4708507591485977]
ClaLosses:[0.46058437023619536]
ErrorEval=0.00560

*Epoch=395 LR=0.00062
GenLosses:[0.4704656360546748]
ClaLosses:[0.4603078575230587]
ErrorEval=0.00550

*Epoch=396 LR=0.00062
GenLosses:[0.4704695501923561]
ClaLosses:[0.4600812208905363]
ErrorEval=0.00580

*Epoch=397 LR=0.00061
GenLosses:[0.4707534125447273]
ClaLosses:[0.4601001655121457]
ErrorEval=0.00590

*Epoch=398 LR=0.00061
GenLosses:[0.47060891196131704]
ClaLosses:[0.46006017678177397]
ErrorEval=0.00550

*Epoch=399 LR=0.00061
GenLosses:[0.4711033085982005]
ClaLosses:[0.4603290399390852]
ErrorEval=0.00540

*Epoch=400 LR=0.00061
GenLosses:[0.4705025210479895]
ClaLosses:[0.4602697661291618]
ErrorEval=0.00530

*Epoch=401 LR=0.00060
GenLosses:[0.4711026043196519]
ClaLosses:[0.4600921168987673]
ErrorEval=0.00550

*Epoch=402 LR=0.00060
GenLosses:[0.4707244010766347]
ClaLosses:[0.4602569267858038]
ErrorEval=0.00570

*Epoch=403 LR=0.00060
GenLosses:[0.4708691206077735]
ClaLosses:[0.46051426332400136]
ErrorEval=0.00510

*Epoch=404 LR=0.00059
GenLosses:[0.4710283281902472]
ClaLosses:[0.4599750599330621]
ErrorEval=0.00540

*Epoch=405 LR=0.00059
GenLosses:[0.47093412121136985]
ClaLosses:[0.4603030584502098]
ErrorEval=0.00530

*Epoch=406 LR=0.00059
GenLosses:[0.47068980887532236]
ClaLosses:[0.4600694594229304]
ErrorEval=0.00520

*Epoch=407 LR=0.00058
GenLosses:[0.4707548054059347]
ClaLosses:[0.4603368221496487]
ErrorEval=0.00550

*Epoch=408 LR=0.00058
GenLosses:[0.47096350505948065]
ClaLosses:[0.4602309143731992]
ErrorEval=0.00530

*Epoch=409 LR=0.00058
GenLosses:[0.47137234096725783]
ClaLosses:[0.4600228740464859]
ErrorEval=0.00590

*Epoch=410 LR=0.00058
GenLosses:[0.4707695438961188]
ClaLosses:[0.46029777670961486]
ErrorEval=0.00550

*Epoch=411 LR=0.00057
GenLosses:[0.4712055892745654]
ClaLosses:[0.4602323947333548]
ErrorEval=0.00570

*Epoch=412 LR=0.00057
GenLosses:[0.4706202594935894]
ClaLosses:[0.460041327321053]
ErrorEval=0.00540

*Epoch=413 LR=0.00057
GenLosses:[0.4710258916517099]
ClaLosses:[0.45970831227638653]
ErrorEval=0.00550

*Epoch=414 LR=0.00056
GenLosses:[0.47096418524781863]
ClaLosses:[0.45990018888451173]
ErrorEval=0.00510

*Epoch=415 LR=0.00056
GenLosses:[0.47089863965908685]
ClaLosses:[0.4596668236526105]
ErrorEval=0.00520

*Epoch=416 LR=0.00056
GenLosses:[0.47111844569444655]
ClaLosses:[0.4598814450202768]
ErrorEval=0.00490

*Epoch=417 LR=0.00056
GenLosses:[0.4708333107829094]
ClaLosses:[0.4594018579373203]
ErrorEval=0.00520

*Epoch=418 LR=0.00055
GenLosses:[0.47076167424519855]
ClaLosses:[0.4595883947184104]
ErrorEval=0.00540

*Epoch=419 LR=0.00055
GenLosses:[0.471484982719024]
ClaLosses:[0.46043913107368334]
ErrorEval=0.00590

*Epoch=420 LR=0.00055
GenLosses:[0.47134332115451494]
ClaLosses:[0.4599207141620268]
ErrorEval=0.00580

*Epoch=421 LR=0.00055
GenLosses:[0.4711185235281785]
ClaLosses:[0.4598692887513484]
ErrorEval=0.00510

*Epoch=422 LR=0.00054
GenLosses:[0.47084512367844583]
ClaLosses:[0.4600651110761878]
ErrorEval=0.00530

*Epoch=423 LR=0.00054
GenLosses:[0.4711500350634257]
ClaLosses:[0.4597862523882073]
ErrorEval=0.00530

*Epoch=424 LR=0.00054
GenLosses:[0.4712065557142099]
ClaLosses:[0.46002935024342273]
ErrorEval=0.00530

*Epoch=425 LR=0.00053
GenLosses:[0.47093902533253035]
ClaLosses:[0.4601258580686628]
ErrorEval=0.00580

*Epoch=426 LR=0.00053
GenLosses:[0.4712668101489544]
ClaLosses:[0.4594248802755192]
ErrorEval=0.00540

*Epoch=427 LR=0.00053
GenLosses:[0.47137250155210497]
ClaLosses:[0.45963369381002206]
ErrorEval=0.00520

*Epoch=428 LR=0.00053
GenLosses:[0.47103488037983576]
ClaLosses:[0.45964342355739357]
ErrorEval=0.00570

*Epoch=429 LR=0.00052
GenLosses:[0.47105135838190715]
ClaLosses:[0.46004865455720656]
ErrorEval=0.00540

*Epoch=430 LR=0.00052
GenLosses:[0.47093424409627915]
ClaLosses:[0.4596290856653749]
ErrorEval=0.00560

*Epoch=431 LR=0.00052
GenLosses:[0.4711176856358846]
ClaLosses:[0.4596674273552634]
ErrorEval=0.00530

*Epoch=432 LR=0.00052
GenLosses:[0.47124814758698147]
ClaLosses:[0.45945496747542297]
ErrorEval=0.00550

*Epoch=433 LR=0.00051
GenLosses:[0.471125307927529]
ClaLosses:[0.4600781039613517]
ErrorEval=0.00550

*Epoch=434 LR=0.00051
GenLosses:[0.4710745930671692]
ClaLosses:[0.4599386686823065]
ErrorEval=0.00540

*Epoch=435 LR=0.00051
GenLosses:[0.47120059803128245]
ClaLosses:[0.4597264278498552]
ErrorEval=0.00590

*Epoch=436 LR=0.00051
GenLosses:[0.47124135732650757]
ClaLosses:[0.4595664280987634]
ErrorEval=0.00560

*Epoch=437 LR=0.00050
GenLosses:[0.47135504702727]
ClaLosses:[0.4598724037506954]
ErrorEval=0.00490

*Epoch=438 LR=0.00050
GenLosses:[0.4714494889974594]
ClaLosses:[0.4601036202601253]
ErrorEval=0.00500

*Epoch=439 LR=0.00050
GenLosses:[0.4714553541938464]
ClaLosses:[0.4592611083903529]
ErrorEval=0.00530

*Epoch=440 LR=0.00050
GenLosses:[0.4712723514934381]
ClaLosses:[0.4596331167400983]
ErrorEval=0.00540

*Epoch=441 LR=0.00049
GenLosses:[0.47139860659837723]
ClaLosses:[0.46002311264238915]
ErrorEval=0.00530

*Epoch=442 LR=0.00049
GenLosses:[0.4712995984653632]
ClaLosses:[0.4602129654925108]
ErrorEval=0.00520

*Epoch=443 LR=0.00049
GenLosses:[0.47161169042189915]
ClaLosses:[0.4600424268912699]
ErrorEval=0.00500

*Epoch=444 LR=0.00049
GenLosses:[0.4713869219024976]
ClaLosses:[0.45947808859197986]
ErrorEval=0.00550

*Epoch=445 LR=0.00048
GenLosses:[0.47089874078830085]
ClaLosses:[0.459236454808767]
ErrorEval=0.00490

*Epoch=446 LR=0.00048
GenLosses:[0.4715346856911977]
ClaLosses:[0.4592081989178979]
ErrorEval=0.00550

*Epoch=447 LR=0.00048
GenLosses:[0.4715192716817061]
ClaLosses:[0.4592473384735633]
ErrorEval=0.00520

*Epoch=448 LR=0.00048
GenLosses:[0.4713227166235447]
ClaLosses:[0.4596889315709443]
ErrorEval=0.00500

*Epoch=449 LR=0.00047
GenLosses:[0.47147051284710567]
ClaLosses:[0.45974949956673505]
ErrorEval=0.00530

*Epoch=450 LR=0.00047
GenLosses:[0.47111061309774716]
ClaLosses:[0.45986941384730073]
ErrorEval=0.00510

*Epoch=451 LR=0.00047
GenLosses:[0.47136368264754613]
ClaLosses:[0.4598248503294539]
ErrorEval=0.00530

*Epoch=452 LR=0.00047
GenLosses:[0.4718603593111038]
ClaLosses:[0.45963962947949605]
ErrorEval=0.00520

*Epoch=453 LR=0.00046
GenLosses:[0.47133679111798604]
ClaLosses:[0.45950710342494155]
ErrorEval=0.00550

*Epoch=454 LR=0.00046
GenLosses:[0.47147299657265346]
ClaLosses:[0.45992001530056936]
ErrorEval=0.00530

*Epoch=455 LR=0.00046
GenLosses:[0.47134091253081956]
ClaLosses:[0.4597265602456043]
ErrorEval=0.00570

*Epoch=456 LR=0.00046
GenLosses:[0.4718352932234605]
ClaLosses:[0.45991766258648603]
ErrorEval=0.00540

*Epoch=457 LR=0.00046
GenLosses:[0.47164488380153974]
ClaLosses:[0.4594296311594611]
ErrorEval=0.00500

*Epoch=458 LR=0.00045
GenLosses:[0.47138269727428755]
ClaLosses:[0.45917930745403474]
ErrorEval=0.00520

*Epoch=459 LR=0.00045
GenLosses:[0.47144291187326115]
ClaLosses:[0.45932818573221423]
ErrorEval=0.00550

*Epoch=460 LR=0.00045
GenLosses:[0.4711755106349786]
ClaLosses:[0.4593435808219764]
ErrorEval=0.00510

*Epoch=461 LR=0.00045
GenLosses:[0.47136536851525307]
ClaLosses:[0.45952087643538087]
ErrorEval=0.00550

*Epoch=462 LR=0.00044
GenLosses:[0.471674742102623]
ClaLosses:[0.45972639584487285]
ErrorEval=0.00540

*Epoch=463 LR=0.00044
GenLosses:[0.4716884372631709]
ClaLosses:[0.4598852025252531]
ErrorEval=0.00590

*Epoch=464 LR=0.00044
GenLosses:[0.47157971978187563]
ClaLosses:[0.4592573889787917]
ErrorEval=0.00590

*Epoch=465 LR=0.00044
GenLosses:[0.4719845133523146]
ClaLosses:[0.45969924715187954]
ErrorEval=0.00580

*Epoch=466 LR=0.00044
GenLosses:[0.4715036320189635]
ClaLosses:[0.45958887989546404]
ErrorEval=0.00580

*Epoch=467 LR=0.00043
GenLosses:[0.4713603118062019]
ClaLosses:[0.4594921271160279]
ErrorEval=0.00570

*Epoch=468 LR=0.00043
GenLosses:[0.4715411514043808]
ClaLosses:[0.45988307055841954]
ErrorEval=0.00550

*Epoch=469 LR=0.00043
GenLosses:[0.4709201769530773]
ClaLosses:[0.4597875611649756]
ErrorEval=0.00580

*Epoch=470 LR=0.00043
GenLosses:[0.47185042505462965]
ClaLosses:[0.459439512666722]
ErrorEval=0.00550

*Epoch=471 LR=0.00042
GenLosses:[0.47135362471143405]
ClaLosses:[0.45951850232698055]
ErrorEval=0.00570

*Epoch=472 LR=0.00042
GenLosses:[0.4715046119193236]
ClaLosses:[0.4598975312021107]
ErrorEval=0.00590

*Epoch=473 LR=0.00042
GenLosses:[0.47181599999467533]
ClaLosses:[0.459788636779543]
ErrorEval=0.00560

*Epoch=474 LR=0.00042
GenLosses:[0.47183373947938284]
ClaLosses:[0.45918772206000835]
ErrorEval=0.00550

*Epoch=475 LR=0.00042
GenLosses:[0.4719198185702165]
ClaLosses:[0.45956525545962895]
ErrorEval=0.00530

*Epoch=476 LR=0.00041
GenLosses:[0.4717923970520496]
ClaLosses:[0.4591950181280696]
ErrorEval=0.00540

*Epoch=477 LR=0.00041
GenLosses:[0.47182067528367044]
ClaLosses:[0.4600059259151456]
ErrorEval=0.00560

*Epoch=478 LR=0.00041
GenLosses:[0.4713602714240551]
ClaLosses:[0.45894201817051394]
ErrorEval=0.00560

*Epoch=479 LR=0.00041
GenLosses:[0.4717357138792674]
ClaLosses:[0.4604076670892976]
ErrorEval=0.00510

*Epoch=480 LR=0.00041
GenLosses:[0.47182782207926116]
ClaLosses:[0.45927597648770085]
ErrorEval=0.00560

*Epoch=481 LR=0.00040
GenLosses:[0.4714825394252936]
ClaLosses:[0.4594527886964485]
ErrorEval=0.00520

*Epoch=482 LR=0.00040
GenLosses:[0.4713925802210967]
ClaLosses:[0.459669302663517]
ErrorEval=0.00500

*Epoch=483 LR=0.00040
GenLosses:[0.4715435784558455]
ClaLosses:[0.4593185541482859]
ErrorEval=0.00530

*Epoch=484 LR=0.00040
GenLosses:[0.4718760424355666]
ClaLosses:[0.45953251649472776]
ErrorEval=0.00510

*Epoch=485 LR=0.00040
GenLosses:[0.47150694017608963]
ClaLosses:[0.45937396913893974]
ErrorEval=0.00560

*Epoch=486 LR=0.00039
GenLosses:[0.47195072665810583]
ClaLosses:[0.4596092772287822]
ErrorEval=0.00550

*Epoch=487 LR=0.00039
GenLosses:[0.4719480350613594]
ClaLosses:[0.4596894941864502]
ErrorEval=0.00530

*Epoch=488 LR=0.00039
GenLosses:[0.4714421336849531]
ClaLosses:[0.45974029963758917]
ErrorEval=0.00580

*Epoch=489 LR=0.00039
GenLosses:[0.4717878978947798]
ClaLosses:[0.45990180088996824]
ErrorEval=0.00440

*Epoch=490 LR=0.00039
GenLosses:[0.47177955011526745]
ClaLosses:[0.4589719328085188]
ErrorEval=0.00550

*Epoch=491 LR=0.00038
GenLosses:[0.4718108782172203]
ClaLosses:[0.4597231182134458]
ErrorEval=0.00550

*Epoch=492 LR=0.00038
GenLosses:[0.47229641422629354]
ClaLosses:[0.4597122359503199]
ErrorEval=0.00520

*Epoch=493 LR=0.00038
GenLosses:[0.47159003471334776]
ClaLosses:[0.45907915945176475]
ErrorEval=0.00540

*Epoch=494 LR=0.00038
GenLosses:[0.47151218538482986]
ClaLosses:[0.45927030729968804]
ErrorEval=0.00510

*Epoch=495 LR=0.00038
GenLosses:[0.47200804501771926]
ClaLosses:[0.4596361079384502]
ErrorEval=0.00520

*Epoch=496 LR=0.00037
GenLosses:[0.472091240833203]
ClaLosses:[0.4595297586475498]
ErrorEval=0.00540

*Epoch=497 LR=0.00037
GenLosses:[0.47181240250666934]
ClaLosses:[0.45954816676136107]
ErrorEval=0.00490

*Epoch=498 LR=0.00037
GenLosses:[0.47187356690565746]
ClaLosses:[0.4594943382600226]
ErrorEval=0.00530

*Epoch=499 LR=0.00037
GenLosses:[0.472001001983881]
ClaLosses:[0.45940673770500884]
ErrorEval=0.00510

*Epoch=500 LR=0.00037
GenLosses:[0.4714106135070324]
ClaLosses:[0.4596033693285644]
ErrorEval=0.00520

*Epoch=501 LR=0.00037
GenLosses:[0.47160422469178837]
ClaLosses:[0.45952986667869566]
ErrorEval=0.00520

*Epoch=502 LR=0.00036
GenLosses:[0.47195194592078527]
ClaLosses:[0.45953221166057023]
ErrorEval=0.00530

*Epoch=503 LR=0.00036
GenLosses:[0.4718533280491829]
ClaLosses:[0.45953383728657426]
ErrorEval=0.00560

*Epoch=504 LR=0.00036
GenLosses:[0.4715823395550251]
ClaLosses:[0.45886752260221964]
ErrorEval=0.00560

*Epoch=505 LR=0.00036
GenLosses:[0.47181438008944193]
ClaLosses:[0.45967178989094787]
ErrorEval=0.00530

*Epoch=506 LR=0.00036
GenLosses:[0.47150163585940996]
ClaLosses:[0.4592010741152785]
ErrorEval=0.00550

*Epoch=507 LR=0.00035
GenLosses:[0.47179229070742923]
ClaLosses:[0.45902045813140535]
ErrorEval=0.00560

*Epoch=508 LR=0.00035
GenLosses:[0.47229738930861154]
ClaLosses:[0.4596600214209354]
ErrorEval=0.00560

*Epoch=509 LR=0.00035
GenLosses:[0.471657295525074]
ClaLosses:[0.4591901388790223]
ErrorEval=0.00510

*Epoch=510 LR=0.00035
GenLosses:[0.4718142116069794]
ClaLosses:[0.4593164043129772]
ErrorEval=0.00490

*Epoch=511 LR=0.00035
GenLosses:[0.4724247143169244]
ClaLosses:[0.4589807946709716]
ErrorEval=0.00530

*Epoch=512 LR=0.00035
GenLosses:[0.4721046614150206]
ClaLosses:[0.4599180440448368]
ErrorEval=0.00520

*Epoch=513 LR=0.00034
GenLosses:[0.47153019820650416]
ClaLosses:[0.45911018061891506]
ErrorEval=0.00530

*Epoch=514 LR=0.00034
GenLosses:[0.47190883616606394]
ClaLosses:[0.4595053353351938]
ErrorEval=0.00530

*Epoch=515 LR=0.00034
GenLosses:[0.47215949406226476]
ClaLosses:[0.45948388636916215]
ErrorEval=0.00550

*Epoch=516 LR=0.00034
GenLosses:[0.47202655548850697]
ClaLosses:[0.45894207504541074]
ErrorEval=0.00530

*Epoch=517 LR=0.00034
GenLosses:[0.47202523867289226]
ClaLosses:[0.4594476039526675]
ErrorEval=0.00530

*Epoch=518 LR=0.00034
GenLosses:[0.47233530883987745]
ClaLosses:[0.4596639778932495]
ErrorEval=0.00530

*Epoch=519 LR=0.00033
GenLosses:[0.47240210577845576]
ClaLosses:[0.4597292515589891]
ErrorEval=0.00510

*Epoch=520 LR=0.00033
GenLosses:[0.4718582578996817]
ClaLosses:[0.45917254989254275]
ErrorEval=0.00520

*Epoch=521 LR=0.00033
GenLosses:[0.47216991444428763]
ClaLosses:[0.45953912771212024]
ErrorEval=0.00490

*Epoch=522 LR=0.00033
GenLosses:[0.47190954397122065]
ClaLosses:[0.4592080143833798]
ErrorEval=0.00490

*Epoch=523 LR=0.00033
GenLosses:[0.47200031419595084]
ClaLosses:[0.4591411223932705]
ErrorEval=0.00500

*Epoch=524 LR=0.00033
GenLosses:[0.4715020003418128]
ClaLosses:[0.45902543973647897]
ErrorEval=0.00530

*Epoch=525 LR=0.00032
GenLosses:[0.4719849715630213]
ClaLosses:[0.4598474227206716]
ErrorEval=0.00560

*Epoch=526 LR=0.00032
GenLosses:[0.47186147918303806]
ClaLosses:[0.45936120973389305]
ErrorEval=0.00570

*Epoch=527 LR=0.00032
GenLosses:[0.4717548247178396]
ClaLosses:[0.45935160350464005]
ErrorEval=0.00550

*Epoch=528 LR=0.00032
GenLosses:[0.47150648539264994]
ClaLosses:[0.45965369033217496]
ErrorEval=0.00520

*Epoch=529 LR=0.00032
GenLosses:[0.4718208858370781]
ClaLosses:[0.45928774226850844]
ErrorEval=0.00470

*Epoch=530 LR=0.00032
GenLosses:[0.47215787559747696]
ClaLosses:[0.4596871197583937]
ErrorEval=0.00470

*Epoch=531 LR=0.00031
GenLosses:[0.47194211090604465]
ClaLosses:[0.4596414950251374]
ErrorEval=0.00530

*Epoch=532 LR=0.00031
GenLosses:[0.47189866294463473]
ClaLosses:[0.45937822130431544]
ErrorEval=0.00500

*Epoch=533 LR=0.00031
GenLosses:[0.472321585714817]
ClaLosses:[0.459394242084558]
ErrorEval=0.00530

*Epoch=534 LR=0.00031
GenLosses:[0.4723516051471233]
ClaLosses:[0.4594605382818688]
ErrorEval=0.00540

*Epoch=535 LR=0.00031
GenLosses:[0.4722778505583604]
ClaLosses:[0.45949934851179014]
ErrorEval=0.00530

*Epoch=536 LR=0.00031
GenLosses:[0.4719888152678808]
ClaLosses:[0.4595433393870182]
ErrorEval=0.00500

*Epoch=537 LR=0.00030
GenLosses:[0.4721047814687093]
ClaLosses:[0.4590703527589717]
ErrorEval=0.00570

*Epoch=538 LR=0.00030
GenLosses:[0.4718779176970323]
ClaLosses:[0.459346334247548]
ErrorEval=0.00500

*Epoch=539 LR=0.00030
GenLosses:[0.4718606127301852]
ClaLosses:[0.45940324892326845]
ErrorEval=0.00530

*Epoch=540 LR=0.00030
GenLosses:[0.4719764305651188]
ClaLosses:[0.45932763575726826]
ErrorEval=0.00500

*Epoch=541 LR=0.00030
GenLosses:[0.4720219054321448]
ClaLosses:[0.4595222389854777]
ErrorEval=0.00480

*Epoch=542 LR=0.00030
GenLosses:[0.4713092801471551]
ClaLosses:[0.45899016195072506]
ErrorEval=0.00550

*Epoch=543 LR=0.00030
GenLosses:[0.4722281922399998]
ClaLosses:[0.45904906026465625]
ErrorEval=0.00550

*Epoch=544 LR=0.00029
GenLosses:[0.47197295635938646]
ClaLosses:[0.45913699745536546]
ErrorEval=0.00540

*Epoch=545 LR=0.00029
GenLosses:[0.47206800187627473]
ClaLosses:[0.45931263393897315]
ErrorEval=0.00510

*Epoch=546 LR=0.00029
GenLosses:[0.47205118199189505]
ClaLosses:[0.4590581423797578]
ErrorEval=0.00550

*Epoch=547 LR=0.00029
GenLosses:[0.47193990021944043]
ClaLosses:[0.45936925514734545]
ErrorEval=0.00500

*Epoch=548 LR=0.00029
GenLosses:[0.4719101836780707]
ClaLosses:[0.4590992646429592]
ErrorEval=0.00520

*Epoch=549 LR=0.00029
GenLosses:[0.4719955925643444]
ClaLosses:[0.4593668900297983]
ErrorEval=0.00530

*Epoch=550 LR=0.00029
GenLosses:[0.47231037060419717]
ClaLosses:[0.4593661227313919]
ErrorEval=0.00580

*Epoch=551 LR=0.00028
GenLosses:[0.4721394659082095]
ClaLosses:[0.4592282599145716]
ErrorEval=0.00540

*Epoch=552 LR=0.00028
GenLosses:[0.47210487777988114]
ClaLosses:[0.45890913257372584]
ErrorEval=0.00540

*Epoch=553 LR=0.00028
GenLosses:[0.4723289169371128]
ClaLosses:[0.45943108172996344]
ErrorEval=0.00560

*Epoch=554 LR=0.00028
GenLosses:[0.4719982135792573]
ClaLosses:[0.45922455373851145]
ErrorEval=0.00610

*Epoch=555 LR=0.00028
GenLosses:[0.47206870138645174]
ClaLosses:[0.45894668905625907]
ErrorEval=0.00540

*Epoch=556 LR=0.00028
GenLosses:[0.4720250556866328]
ClaLosses:[0.4592827896366193]
ErrorEval=0.00590

*Epoch=557 LR=0.00028
GenLosses:[0.472002763201793]
ClaLosses:[0.45930634569042866]
ErrorEval=0.00550

*Epoch=558 LR=0.00027
GenLosses:[0.4719872229794661]
ClaLosses:[0.4598415123512038]
ErrorEval=0.00530

*Epoch=559 LR=0.00027
GenLosses:[0.4723454861839612]
ClaLosses:[0.4596125820554073]
ErrorEval=0.00550

*Epoch=560 LR=0.00027
GenLosses:[0.4720195043583711]
ClaLosses:[0.45907074520461566]
ErrorEval=0.00540

*Epoch=561 LR=0.00027
GenLosses:[0.4721191187699636]
ClaLosses:[0.45950427076402206]
ErrorEval=0.00540

*Epoch=562 LR=0.00027
GenLosses:[0.47212824727098146]
ClaLosses:[0.45921237630238154]
ErrorEval=0.00540

*Epoch=563 LR=0.00027
GenLosses:[0.47207532679041225]
ClaLosses:[0.45916918026059717]
ErrorEval=0.00530

*Epoch=564 LR=0.00027
GenLosses:[0.47210817381739617]
ClaLosses:[0.45947092706142373]
ErrorEval=0.00540

*Epoch=565 LR=0.00026
GenLosses:[0.47224456508954366]
ClaLosses:[0.4592222170510224]
ErrorEval=0.00500

*Epoch=566 LR=0.00026
GenLosses:[0.4721436270078023]
ClaLosses:[0.45940723840035264]
ErrorEval=0.00490

*Epoch=567 LR=0.00026
GenLosses:[0.47188958992560703]
ClaLosses:[0.4589134960149693]
ErrorEval=0.00550

*Epoch=568 LR=0.00026
GenLosses:[0.4724894341826439]
ClaLosses:[0.4589922187235969]
ErrorEval=0.00540

*Epoch=569 LR=0.00026
GenLosses:[0.4724549978971481]
ClaLosses:[0.4592161526939121]
ErrorEval=0.00520

*Epoch=570 LR=0.00026
GenLosses:[0.47197097693880397]
ClaLosses:[0.45941070203583784]
ErrorEval=0.00550

*Epoch=571 LR=0.00026
GenLosses:[0.4722856567800045]
ClaLosses:[0.4595515134238211]
ErrorEval=0.00540

*Epoch=572 LR=0.00026
GenLosses:[0.4724590586622556]
ClaLosses:[0.4591638595522614]
ErrorEval=0.00560

*Epoch=573 LR=0.00025
GenLosses:[0.471918332328399]
ClaLosses:[0.4596031896072092]
ErrorEval=0.00510

*Epoch=574 LR=0.00025
GenLosses:[0.47248529066642125]
ClaLosses:[0.45899584423272993]
ErrorEval=0.00550

*Epoch=575 LR=0.00025
GenLosses:[0.4725753087302049]
ClaLosses:[0.45915445302195385]
ErrorEval=0.00540

*Epoch=576 LR=0.00025
GenLosses:[0.4720456416904926]
ClaLosses:[0.4595747685416647]
ErrorEval=0.00560

*Epoch=577 LR=0.00025
GenLosses:[0.4723079217970371]
ClaLosses:[0.45933367424814986]
ErrorEval=0.00540

*Epoch=578 LR=0.00025
GenLosses:[0.47271748691797255]
ClaLosses:[0.45909317587666665]
ErrorEval=0.00580

*Epoch=579 LR=0.00025
GenLosses:[0.4726676512757937]
ClaLosses:[0.45971714667085023]
ErrorEval=0.00550

*Epoch=580 LR=0.00025
GenLosses:[0.4722970263659954]
ClaLosses:[0.4590841344464217]
ErrorEval=0.00570

*Epoch=581 LR=0.00024
GenLosses:[0.4724549559255441]
ClaLosses:[0.4595168488779645]
ErrorEval=0.00560

*Epoch=582 LR=0.00024
GenLosses:[0.4723254044850667]
ClaLosses:[0.4592766698340456]
ErrorEval=0.00530

*Epoch=583 LR=0.00024
GenLosses:[0.4724630430340767]
ClaLosses:[0.45888746983004297]
ErrorEval=0.00570

*Epoch=584 LR=0.00024
GenLosses:[0.4724306611716747]
ClaLosses:[0.4591164641830408]
ErrorEval=0.00530

*Epoch=585 LR=0.00024
GenLosses:[0.472194663832585]
ClaLosses:[0.45947974464331004]
ErrorEval=0.00540

*Epoch=586 LR=0.00024
GenLosses:[0.47237168908119204]
ClaLosses:[0.45961395891288465]
ErrorEval=0.00530

*Epoch=587 LR=0.00024
GenLosses:[0.47286493971943855]
ClaLosses:[0.45911952181924115]
ErrorEval=0.00570

*Epoch=588 LR=0.00024
GenLosses:[0.4724155709644159]
ClaLosses:[0.4590132618630388]
ErrorEval=0.00490

*Epoch=589 LR=0.00023
GenLosses:[0.47213983252644537]
ClaLosses:[0.45915486151077595]
ErrorEval=0.00490

*Epoch=590 LR=0.00023
GenLosses:[0.47214649120966595]
ClaLosses:[0.4593470958614466]
ErrorEval=0.00480

*Epoch=591 LR=0.00023
GenLosses:[0.472223049501578]
ClaLosses:[0.459183822913968]
ErrorEval=0.00510

*Epoch=592 LR=0.00023
GenLosses:[0.47201724027593933]
ClaLosses:[0.4593322072752795]
ErrorEval=0.00550

*Epoch=593 LR=0.00023
GenLosses:[0.4721966181695461]
ClaLosses:[0.45933774106681863]
ErrorEval=0.00550

*Epoch=594 LR=0.00023
GenLosses:[0.4723406613866488]
ClaLosses:[0.45911950224041836]
ErrorEval=0.00520

*Epoch=595 LR=0.00023
GenLosses:[0.4727648129065832]
ClaLosses:[0.45925033230797785]
ErrorEval=0.00510

*Epoch=596 LR=0.00023
GenLosses:[0.47246705015500384]
ClaLosses:[0.459548816419979]
ErrorEval=0.00530

*Epoch=597 LR=0.00023
GenLosses:[0.47217714592814447]
ClaLosses:[0.45927652820639747]
ErrorEval=0.00510

*Epoch=598 LR=0.00022
GenLosses:[0.47240792686740557]
ClaLosses:[0.45913013482453874]
ErrorEval=0.00470

*Epoch=599 LR=0.00022
GenLosses:[0.4728804120918115]
ClaLosses:[0.45910810228181004]
ErrorEval=0.00510

*Epoch=600 LR=0.00022
GenLosses:[0.4725488370160262]
ClaLosses:[0.4592071903911017]
ErrorEval=0.00500

*Epoch=601 LR=0.00022
GenLosses:[0.47215406035383545]
ClaLosses:[0.4588468773527423]
ErrorEval=0.00550

*Epoch=602 LR=0.00022
GenLosses:[0.47258714323242507]
ClaLosses:[0.4594402068400969]
ErrorEval=0.00510

*Epoch=603 LR=0.00022
GenLosses:[0.4721982773641745]
ClaLosses:[0.45907603111936746]
ErrorEval=0.00500

*Epoch=604 LR=0.00022
GenLosses:[0.4723690517246723]
ClaLosses:[0.4595722881804685]
ErrorEval=0.00510

*Epoch=605 LR=0.00022
GenLosses:[0.4720389473438263]
ClaLosses:[0.4589370339847984]
ErrorEval=0.00470

*Epoch=606 LR=0.00022
GenLosses:[0.4722588171561559]
ClaLosses:[0.4588503541003272]
ErrorEval=0.00530

*Epoch=607 LR=0.00021
GenLosses:[0.472803291430076]
ClaLosses:[0.45870996458493246]
ErrorEval=0.00550

*Epoch=608 LR=0.00021
GenLosses:[0.4722318215171496]
ClaLosses:[0.45918786075814344]
ErrorEval=0.00510

*Epoch=609 LR=0.00021
GenLosses:[0.47245549753308297]
ClaLosses:[0.45903183017706983]
ErrorEval=0.00530

*Epoch=610 LR=0.00021
GenLosses:[0.4726134264469147]
ClaLosses:[0.4592319295612117]
ErrorEval=0.00540

*Epoch=611 LR=0.00021
GenLosses:[0.47254072392980256]
ClaLosses:[0.45894383906038694]
ErrorEval=0.00520

*Epoch=612 LR=0.00021
GenLosses:[0.4725517310202122]
ClaLosses:[0.4595368565349161]
ErrorEval=0.00590

*Epoch=613 LR=0.00021
GenLosses:[0.472079887141784]
ClaLosses:[0.45915197967489046]
ErrorEval=0.00500

*Epoch=614 LR=0.00021
GenLosses:[0.4725311955312888]
ClaLosses:[0.4591970743496498]
ErrorEval=0.00510

*Epoch=615 LR=0.00021
GenLosses:[0.4724761880437533]
ClaLosses:[0.4589603438652846]
ErrorEval=0.00530

*Epoch=616 LR=0.00021
GenLosses:[0.47247779662410416]
ClaLosses:[0.45917265764809334]
ErrorEval=0.00540

*Epoch=617 LR=0.00020
GenLosses:[0.4722637609144052]
ClaLosses:[0.45897067697306465]
ErrorEval=0.00540

*Epoch=618 LR=0.00020
GenLosses:[0.4724094355603059]
ClaLosses:[0.45866731861504223]
ErrorEval=0.00550

*Epoch=619 LR=0.00020
GenLosses:[0.4726457490523656]
ClaLosses:[0.4594224788231067]
ErrorEval=0.00570

*Epoch=620 LR=0.00020
GenLosses:[0.4724524047970772]
ClaLosses:[0.45920027733078417]
ErrorEval=0.00530

*Epoch=621 LR=0.00020
GenLosses:[0.47252819399038953]
ClaLosses:[0.45941688138485925]
ErrorEval=0.00500

*Epoch=622 LR=0.00020
GenLosses:[0.4722251772880554]
ClaLosses:[0.4589416092402046]
ErrorEval=0.00530

*Epoch=623 LR=0.00020
GenLosses:[0.47243549903233845]
ClaLosses:[0.4595204824962447]
ErrorEval=0.00500

*Epoch=624 LR=0.00020
GenLosses:[0.4728804568449656]
ClaLosses:[0.45931181633157164]
ErrorEval=0.00510

*Epoch=625 LR=0.00020
GenLosses:[0.47269486740231514]
ClaLosses:[0.45914336017861485]
ErrorEval=0.00530

*Epoch=626 LR=0.00020
GenLosses:[0.47263555735349655]
ClaLosses:[0.4594226091295325]
ErrorEval=0.00530

*Epoch=627 LR=0.00019
GenLosses:[0.47248010446627936]
ClaLosses:[0.4589346068975707]
ErrorEval=0.00500

*Epoch=628 LR=0.00019
GenLosses:[0.4722839432458083]
ClaLosses:[0.45881605883565907]
ErrorEval=0.00540

*Epoch=629 LR=0.00019
GenLosses:[0.47268005708853406]
ClaLosses:[0.45897228159352615]
ErrorEval=0.00510

*Epoch=630 LR=0.00019
GenLosses:[0.4721389896670977]
ClaLosses:[0.4594898175098063]
ErrorEval=0.00540

*Epoch=631 LR=0.00019
GenLosses:[0.47254478340347605]
ClaLosses:[0.4590534127452074]
ErrorEval=0.00600

*Epoch=632 LR=0.00019
GenLosses:[0.47241222168008484]
ClaLosses:[0.45897551479083554]
ErrorEval=0.00520

*Epoch=633 LR=0.00019
GenLosses:[0.47274201512336733]
ClaLosses:[0.4592215573948922]
ErrorEval=0.00530

*Epoch=634 LR=0.00019
GenLosses:[0.4725267808139324]
ClaLosses:[0.458976668293644]
ErrorEval=0.00500

*Epoch=635 LR=0.00019
GenLosses:[0.4726730455458164]
ClaLosses:[0.459207234233922]
ErrorEval=0.00530

*Epoch=636 LR=0.00019
GenLosses:[0.472374471227328]
ClaLosses:[0.4591047598080764]
ErrorEval=0.00560

*Epoch=637 LR=0.00018
GenLosses:[0.47267878040671346]
ClaLosses:[0.4585853820225868]
ErrorEval=0.00550

*Epoch=638 LR=0.00018
GenLosses:[0.47306607802708944]
ClaLosses:[0.45904250070623864]
ErrorEval=0.00520

*Epoch=639 LR=0.00018
GenLosses:[0.4723811142146587]
ClaLosses:[0.45885178004160365]
ErrorEval=0.00520

*Epoch=640 LR=0.00018
GenLosses:[0.47273404866456986]
ClaLosses:[0.459215548755258]
ErrorEval=0.00510

*Epoch=641 LR=0.00018
GenLosses:[0.4724252237379551]
ClaLosses:[0.459193728419613]
ErrorEval=0.00500

*Epoch=642 LR=0.00018
GenLosses:[0.4728004294633865]
ClaLosses:[0.45910359313124444]
ErrorEval=0.00500

*Epoch=643 LR=0.00018
GenLosses:[0.4729783258835475]
ClaLosses:[0.45890178840767787]
ErrorEval=0.00500

*Epoch=644 LR=0.00018
GenLosses:[0.47261820365985235]
ClaLosses:[0.45965894843625826]
ErrorEval=0.00520

*Epoch=645 LR=0.00018
GenLosses:[0.4723284963766734]
ClaLosses:[0.45900607911761804]
ErrorEval=0.00540

*Epoch=646 LR=0.00018
GenLosses:[0.4727421052753925]
ClaLosses:[0.45914417662806367]
ErrorEval=0.00570

*Epoch=647 LR=0.00018
GenLosses:[0.47266589050491653]
ClaLosses:[0.45933954799479987]
ErrorEval=0.00470

*Epoch=648 LR=0.00017
GenLosses:[0.4724756795167923]
ClaLosses:[0.4592351747880736]
ErrorEval=0.00470

*Epoch=649 LR=0.00017
GenLosses:[0.4725309038658937]
ClaLosses:[0.4589748443538061]
ErrorEval=0.00500

*Epoch=650 LR=0.00017
GenLosses:[0.472394130975008]
ClaLosses:[0.4587622466110943]
ErrorEval=0.00490

*Epoch=651 LR=0.00017
GenLosses:[0.472580957810084]
ClaLosses:[0.45915403635842544]
ErrorEval=0.00530

*Epoch=652 LR=0.00017
GenLosses:[0.47247353196144104]
ClaLosses:[0.4591597282743467]
ErrorEval=0.00520

*Epoch=653 LR=0.00017
GenLosses:[0.4730608880519867]
ClaLosses:[0.4588570189801725]
ErrorEval=0.00550

*Epoch=654 LR=0.00017
GenLosses:[0.47240581502517065]
ClaLosses:[0.4593540120824598]
ErrorEval=0.00510

*Epoch=655 LR=0.00017
GenLosses:[0.4726847907404105]
ClaLosses:[0.45918008179666164]
ErrorEval=0.00500

*Epoch=656 LR=0.00017
GenLosses:[0.4723407365878423]
ClaLosses:[0.4591014568658309]
ErrorEval=0.00510

*Epoch=657 LR=0.00017
GenLosses:[0.47286302109559375]
ClaLosses:[0.45927383412617245]
ErrorEval=0.00480

*Epoch=658 LR=0.00017
GenLosses:[0.4725470422705014]
ClaLosses:[0.4589499098838695]
ErrorEval=0.00490

*Epoch=659 LR=0.00017
GenLosses:[0.4725442895293236]
ClaLosses:[0.4589623739250691]
ErrorEval=0.00580

*Epoch=660 LR=0.00016
GenLosses:[0.47237804214159645]
ClaLosses:[0.45931296078602696]
ErrorEval=0.00530

*Epoch=661 LR=0.00016
GenLosses:[0.4724339166780313]
ClaLosses:[0.45903431307498427]
ErrorEval=0.00570

*Epoch=662 LR=0.00016
GenLosses:[0.473006628404061]
ClaLosses:[0.45911646047374605]
ErrorEval=0.00580

*Epoch=663 LR=0.00016
GenLosses:[0.472586059619983]
ClaLosses:[0.45922170554215647]
ErrorEval=0.00550

*Epoch=664 LR=0.00016
GenLosses:[0.4725249545276165]
ClaLosses:[0.45923884094801226]
ErrorEval=0.00540

*Epoch=665 LR=0.00016
GenLosses:[0.4725533876816432]
ClaLosses:[0.45933849325977455]
ErrorEval=0.00560

*Epoch=666 LR=0.00016
GenLosses:[0.4724061525861422]
ClaLosses:[0.45910406032736395]
ErrorEval=0.00530

*Epoch=667 LR=0.00016
GenLosses:[0.47270179599523543]
ClaLosses:[0.4591928230472483]
ErrorEval=0.00560

*Epoch=668 LR=0.00016
GenLosses:[0.4731509263813496]
ClaLosses:[0.45937021400406924]
ErrorEval=0.00560

*Epoch=669 LR=0.00016
GenLosses:[0.4724301646649838]
ClaLosses:[0.4592627847523723]
ErrorEval=0.00510

*Epoch=670 LR=0.00016
GenLosses:[0.4727528398732344]
ClaLosses:[0.4592636467358857]
ErrorEval=0.00560

*Epoch=671 LR=0.00016
GenLosses:[0.47274865875641503]
ClaLosses:[0.4592325051881424]
ErrorEval=0.00570

*Epoch=672 LR=0.00015
GenLosses:[0.47245540281136833]
ClaLosses:[0.4588631130811165]
ErrorEval=0.00550

*Epoch=673 LR=0.00015
GenLosses:[0.47303053160508474]
ClaLosses:[0.4591862050895922]
ErrorEval=0.00530

*Epoch=674 LR=0.00015
GenLosses:[0.47242027093966804]
ClaLosses:[0.45908887286400735]
ErrorEval=0.00500

*Epoch=675 LR=0.00015
GenLosses:[0.472759323567152]
ClaLosses:[0.4594235355703035]
ErrorEval=0.00500

*Epoch=676 LR=0.00015
GenLosses:[0.47256194581588107]
ClaLosses:[0.45939457249769383]
ErrorEval=0.00550

*Epoch=677 LR=0.00015
GenLosses:[0.47246093943715095]
ClaLosses:[0.45867742553662044]
ErrorEval=0.00490

*Epoch=678 LR=0.00015
GenLosses:[0.47292401601870854]
ClaLosses:[0.4592628760915166]
ErrorEval=0.00560

*Epoch=679 LR=0.00015
GenLosses:[0.4723910271624724]
ClaLosses:[0.45923470311518033]
ErrorEval=0.00540

*Epoch=680 LR=0.00015
GenLosses:[0.4726589584847291]
ClaLosses:[0.4592058218215243]
ErrorEval=0.00530

*Epoch=681 LR=0.00015
GenLosses:[0.4727624964217345]
ClaLosses:[0.45930691980345095]
ErrorEval=0.00540

*Epoch=682 LR=0.00015
GenLosses:[0.4727226454516252]
ClaLosses:[0.45898458130990083]
ErrorEval=0.00540

*Epoch=683 LR=0.00015
GenLosses:[0.4731107402344545]
ClaLosses:[0.45922972089434866]
ErrorEval=0.00530

*Epoch=684 LR=0.00015
GenLosses:[0.47277603154381115]
ClaLosses:[0.4591480235212751]
ErrorEval=0.00550

*Epoch=685 LR=0.00015
GenLosses:[0.4725001569588979]
ClaLosses:[0.4592292706789563]
ErrorEval=0.00560

*Epoch=686 LR=0.00014
GenLosses:[0.47283863191803294]
ClaLosses:[0.45928735921512676]
ErrorEval=0.00500

*Epoch=687 LR=0.00014
GenLosses:[0.4730095792810122]
ClaLosses:[0.459387107020268]
ErrorEval=0.00510

*Epoch=688 LR=0.00014
GenLosses:[0.472729752411445]
ClaLosses:[0.4594449641499934]
ErrorEval=0.00530

*Epoch=689 LR=0.00014
GenLosses:[0.47264553199211756]
ClaLosses:[0.459203477926005]
ErrorEval=0.00530

*Epoch=690 LR=0.00014
GenLosses:[0.47259160031874975]
ClaLosses:[0.4585109981627763]
ErrorEval=0.00520

*Epoch=691 LR=0.00014
GenLosses:[0.47274434452255565]
ClaLosses:[0.45900689572386094]
ErrorEval=0.00550

*Epoch=692 LR=0.00014
GenLosses:[0.47258416429162026]
ClaLosses:[0.4591243724508459]
ErrorEval=0.00540

*Epoch=693 LR=0.00014
GenLosses:[0.4725028625627359]
ClaLosses:[0.4588795053866356]
ErrorEval=0.00540

*Epoch=694 LR=0.00014
GenLosses:[0.4725540074209372]
ClaLosses:[0.45919790902923885]
ErrorEval=0.00530

*Epoch=695 LR=0.00014
GenLosses:[0.4722839734951655]
ClaLosses:[0.4592451105922368]
ErrorEval=0.00520

*Epoch=696 LR=0.00014
GenLosses:[0.47302714253465333]
ClaLosses:[0.4592799887653636]
ErrorEval=0.00520

*Epoch=697 LR=0.00014
GenLosses:[0.4729626376430194]
ClaLosses:[0.4592873631310282]
ErrorEval=0.00550

*Epoch=698 LR=0.00014
GenLosses:[0.4724188916881879]
ClaLosses:[0.4590308044437814]
ErrorEval=0.00550

*Epoch=699 LR=0.00014
GenLosses:[0.47279887840151785]
ClaLosses:[0.4595937072294393]
ErrorEval=0.00540

