*Epoch=1 LR=0.00100
GenLosses:[1.7575039845705032]
ClaLosses:[0.3098497435788686]
ErrorEval=0.03110

*Epoch=2 LR=0.00100
GenLosses:[1.0422327463825545]
ClaLosses:[0.02485495024499396]
ErrorEval=0.02560

*Epoch=3 LR=0.00100
GenLosses:[0.8577552091081937]
ClaLosses:[0.01903121644422509]
ErrorEval=0.02230

*Epoch=4 LR=0.00100
GenLosses:[0.832123541533947]
ClaLosses:[0.0165581181428547]
ErrorEval=0.01890

*Epoch=5 LR=0.00100
GenLosses:[0.6754098752140999]
ClaLosses:[0.016331491293465256]
ErrorEval=0.01770

*Epoch=6 LR=0.00100
GenLosses:[0.6279460084438324]
ClaLosses:[0.014636872852082608]
ErrorEval=0.01790

*Epoch=7 LR=0.00100
GenLosses:[0.6008277456959089]
ClaLosses:[0.01509964307023797]
ErrorEval=0.01870

*Epoch=8 LR=0.00100
GenLosses:[0.5800893449783325]
ClaLosses:[0.013229737760905448]
ErrorEval=0.01760

*Epoch=9 LR=0.00100
GenLosses:[0.5648607409000397]
ClaLosses:[0.012939009222910343]
ErrorEval=0.01770

*Epoch=10 LR=0.00100
GenLosses:[0.5567848427593708]
ClaLosses:[0.4460929751821411]
ErrorEval=0.01660

*Epoch=11 LR=0.00100
GenLosses:[0.5429118788739046]
ClaLosses:[0.4483427630407551]
ErrorEval=0.01760

*Epoch=12 LR=0.00100
GenLosses:[0.8433847351372242]
ClaLosses:[0.41908331740095506]
ErrorEval=0.01600

*Epoch=13 LR=0.00100
GenLosses:[0.65307713235418]
ClaLosses:[0.432826951806257]
ErrorEval=0.01950

*Epoch=14 LR=0.00100
GenLosses:[0.5643469375371933]
ClaLosses:[0.4461600435586245]
ErrorEval=0.01850

*Epoch=15 LR=0.00100
GenLosses:[0.5564270366231601]
ClaLosses:[0.4486728874593332]
ErrorEval=0.01840

*Epoch=16 LR=0.00100
GenLosses:[0.5068588908016681]
ClaLosses:[0.45517507510220234]
ErrorEval=0.01780

*Epoch=17 LR=0.00100
GenLosses:[0.5601336408158143]
ClaLosses:[0.4483401008282575]
ErrorEval=0.01670

*Epoch=18 LR=0.00100
GenLosses:[0.5037943754593531]
ClaLosses:[0.4545998554675031]
ErrorEval=0.01660

*Epoch=19 LR=0.00100
GenLosses:[0.5033099284768104]
ClaLosses:[0.45596527532101255]
ErrorEval=0.01790

*Epoch=20 LR=0.00100
GenLosses:[0.49757833833495774]
ClaLosses:[0.4572070699201353]
ErrorEval=0.01790

*Epoch=21 LR=0.00100
GenLosses:[0.512850762506326]
ClaLosses:[0.4551878716844166]
ErrorEval=0.01860

*Epoch=22 LR=0.00100
GenLosses:[0.48561867102980616]
ClaLosses:[0.45912447781930743]
ErrorEval=0.01790

*Epoch=23 LR=0.00100
GenLosses:[0.49454777494072916]
ClaLosses:[0.4573610115035393]
ErrorEval=0.01730

*Epoch=24 LR=0.00100
GenLosses:[0.4820840020477772]
ClaLosses:[0.45943370582371407]
ErrorEval=0.01860

*Epoch=25 LR=0.00100
GenLosses:[0.4814760562280814]
ClaLosses:[0.45930596160373854]
ErrorEval=0.01690

*Epoch=26 LR=0.00100
GenLosses:[0.48222327316800756]
ClaLosses:[0.45856540113600736]
ErrorEval=0.01850

*Epoch=27 LR=0.00100
GenLosses:[0.4792668869594733]
ClaLosses:[0.4594127560862235]
ErrorEval=0.01870

*Epoch=28 LR=0.00100
GenLosses:[0.4797027521332105]
ClaLosses:[0.4598457041689978]
ErrorEval=0.02140

*Epoch=29 LR=0.00100
GenLosses:[0.47850633814930915]
ClaLosses:[0.4596458161836916]
ErrorEval=0.01900

*Epoch=30 LR=0.00100
GenLosses:[0.47812097599109016]
ClaLosses:[0.4593778911958184]
ErrorEval=0.02140

*Epoch=31 LR=0.00100
GenLosses:[0.477141332278649]
ClaLosses:[0.4600647832122639]
ErrorEval=0.01850

*Epoch=32 LR=0.00100
GenLosses:[0.4756678268313408]
ClaLosses:[0.46050334876617816]
ErrorEval=0.01860

*Epoch=33 LR=0.00100
GenLosses:[0.47601934308807053]
ClaLosses:[0.4595225452002007]
ErrorEval=0.01960

*Epoch=34 LR=0.00100
GenLosses:[0.47487524325648944]
ClaLosses:[0.45947500637157807]
ErrorEval=0.01710

*Epoch=35 LR=0.00100
GenLosses:[0.4748390452067057]
ClaLosses:[0.4596389355598982]
ErrorEval=0.01710

*Epoch=36 LR=0.00100
GenLosses:[0.47634259179234506]
ClaLosses:[0.45969431927094034]
ErrorEval=0.01670

*Epoch=37 LR=0.00100
GenLosses:[0.4745540689428647]
ClaLosses:[0.4595498592235585]
ErrorEval=0.01710

*Epoch=38 LR=0.00100
GenLosses:[0.4731731079518795]
ClaLosses:[0.4596175463328056]
ErrorEval=0.01900

*Epoch=39 LR=0.00100
GenLosses:[0.47349265550573666]
ClaLosses:[0.45947471089693487]
ErrorEval=0.01850

*Epoch=40 LR=0.00100
GenLosses:[0.4730226482450962]
ClaLosses:[0.4600094324346991]
ErrorEval=0.01790

*Epoch=41 LR=0.00100
GenLosses:[0.47283920392394063]
ClaLosses:[0.46024097626578214]
ErrorEval=0.01730

*Epoch=42 LR=0.00100
GenLosses:[0.47244620775183044]
ClaLosses:[0.46044246007523565]
ErrorEval=0.01800

*Epoch=43 LR=0.00100
GenLosses:[0.47193673367301625]
ClaLosses:[0.460052240601172]
ErrorEval=0.01930

*Epoch=44 LR=0.00100
GenLosses:[0.47185982421040534]
ClaLosses:[0.46012837000409706]
ErrorEval=0.02150

*Epoch=45 LR=0.00100
GenLosses:[0.4721963019669056]
ClaLosses:[0.4595941910224633]
ErrorEval=0.02350

*Epoch=46 LR=0.00100
GenLosses:[0.47198979601264]
ClaLosses:[0.4602973021053943]
ErrorEval=0.02250

*Epoch=47 LR=0.00100
GenLosses:[0.4713610069950422]
ClaLosses:[0.460297970153093]
ErrorEval=0.02270

*Epoch=48 LR=0.00100
GenLosses:[0.4722281201183796]
ClaLosses:[0.46019120070503705]
ErrorEval=0.02520

*Epoch=49 LR=0.00100
GenLosses:[0.4713333284358184]
ClaLosses:[0.4600357517460962]
ErrorEval=0.01800

*Epoch=50 LR=0.00100
GenLosses:[0.47175344000260033]
ClaLosses:[0.46000957737425285]
ErrorEval=0.01820

*Epoch=51 LR=0.00100
GenLosses:[0.47111462578177454]
ClaLosses:[0.4598217038215568]
ErrorEval=0.01900

*Epoch=52 LR=0.00100
GenLosses:[0.47087861170371376]
ClaLosses:[0.45960760853370686]
ErrorEval=0.01800

*Epoch=53 LR=0.00100
GenLosses:[0.47116834864020346]
ClaLosses:[0.4596134736878046]
ErrorEval=0.01810

*Epoch=54 LR=0.00100
GenLosses:[0.4700417706370354]
ClaLosses:[0.4605012270943339]
ErrorEval=0.02070

*Epoch=55 LR=0.00100
GenLosses:[0.47056807229916253]
ClaLosses:[0.4599408019390796]
ErrorEval=0.02070

*Epoch=56 LR=0.00100
GenLosses:[0.4706821896135807]
ClaLosses:[0.45995682192619775]
ErrorEval=0.01980

*Epoch=57 LR=0.00100
GenLosses:[0.4701125357548396]
ClaLosses:[0.46039247676686906]
ErrorEval=0.02080

*Epoch=58 LR=0.00100
GenLosses:[0.4703498536348343]
ClaLosses:[0.46013104311649444]
ErrorEval=0.02080

*Epoch=59 LR=0.00100
GenLosses:[0.47036571870247523]
ClaLosses:[0.45992267252856306]
ErrorEval=0.02160

*Epoch=60 LR=0.00100
GenLosses:[0.46956990043322244]
ClaLosses:[0.45992821402841494]
ErrorEval=0.01960

*Epoch=61 LR=0.00100
GenLosses:[0.470228786667188]
ClaLosses:[0.4597586049857866]
ErrorEval=0.01960

*Epoch=62 LR=0.00100
GenLosses:[0.4700786062081655]
ClaLosses:[0.45973117272398106]
ErrorEval=0.01960

*Epoch=63 LR=0.00100
GenLosses:[0.46967332914471627]
ClaLosses:[0.45974265388633917]
ErrorEval=0.01990

*Epoch=64 LR=0.00100
GenLosses:[0.4694689559439818]
ClaLosses:[0.4601642633193215]
ErrorEval=0.01680

*Epoch=65 LR=0.00100
GenLosses:[0.46947056382894514]
ClaLosses:[0.4601564259212073]
ErrorEval=0.01790

*Epoch=66 LR=0.00100
GenLosses:[0.4692102300127347]
ClaLosses:[0.4594795287939205]
ErrorEval=0.01830

*Epoch=67 LR=0.00100
GenLosses:[0.4693326577047507]
ClaLosses:[0.45994698983429344]
ErrorEval=0.01730

*Epoch=68 LR=0.00100
GenLosses:[0.46921781768401466]
ClaLosses:[0.46021862805110175]
ErrorEval=0.01660

*Epoch=69 LR=0.00100
GenLosses:[0.46897259334723157]
ClaLosses:[0.4600421744567454]
ErrorEval=0.01920

*Epoch=70 LR=0.00100
GenLosses:[0.4690228670835495]
ClaLosses:[0.45989807852050074]
ErrorEval=0.01820

*Epoch=71 LR=0.00100
GenLosses:[0.4689306699236234]
ClaLosses:[0.46005996161964463]
ErrorEval=0.01930

*Epoch=72 LR=0.00100
GenLosses:[0.4686654092371464]
ClaLosses:[0.45955819394162156]
ErrorEval=0.01820

*Epoch=73 LR=0.00100
GenLosses:[0.4684630395968755]
ClaLosses:[0.45961454802418283]
ErrorEval=0.01790

*Epoch=74 LR=0.00100
GenLosses:[0.4685413527488709]
ClaLosses:[0.460252903899683]
ErrorEval=0.01800

*Epoch=75 LR=0.00100
GenLosses:[0.4687707422176997]
ClaLosses:[0.46013880048394973]
ErrorEval=0.01880

*Epoch=76 LR=0.00100
GenLosses:[0.46911561409632363]
ClaLosses:[0.45982590921681826]
ErrorEval=0.01590

*Epoch=77 LR=0.00100
GenLosses:[0.46839964265624684]
ClaLosses:[0.460209491762207]
ErrorEval=0.01830

*Epoch=78 LR=0.00100
GenLosses:[0.4685287274420261]
ClaLosses:[0.4601342457099171]
ErrorEval=0.01730

*Epoch=79 LR=0.00100
GenLosses:[0.46865064005057017]
ClaLosses:[0.4597968280348327]
ErrorEval=0.01710

*Epoch=80 LR=0.00100
GenLosses:[0.4682804910838604]
ClaLosses:[0.4594803931330242]
ErrorEval=0.01740

*Epoch=81 LR=0.00100
GenLosses:[0.46890406876802443]
ClaLosses:[0.46009588013207237]
ErrorEval=0.01750

*Epoch=82 LR=0.00100
GenLosses:[0.46820043529073396]
ClaLosses:[0.46021296605072043]
ErrorEval=0.01590

*Epoch=83 LR=0.00100
GenLosses:[0.4680554615954558]
ClaLosses:[0.4599052106884025]
ErrorEval=0.01780

*Epoch=84 LR=0.00100
GenLosses:[0.46827775180339815]
ClaLosses:[0.4599525746521945]
ErrorEval=0.01740

*Epoch=85 LR=0.00100
GenLosses:[0.4683667209744453]
ClaLosses:[0.4596254967533687]
ErrorEval=0.01850

*Epoch=86 LR=0.00100
GenLosses:[0.4678403352200985]
ClaLosses:[0.45974417597018324]
ErrorEval=0.01710

*Epoch=87 LR=0.00100
GenLosses:[0.4685119758546352]
ClaLosses:[0.45946045864318374]
ErrorEval=0.01900

*Epoch=88 LR=0.00100
GenLosses:[0.46847355097532273]
ClaLosses:[0.4596635255521797]
ErrorEval=0.01640

*Epoch=89 LR=0.00100
GenLosses:[0.4682821378608545]
ClaLosses:[0.4602530109135308]
ErrorEval=0.01780

*Epoch=90 LR=0.00100
GenLosses:[0.46816513771812124]
ClaLosses:[0.4596861389210858]
ErrorEval=0.01620

*Epoch=91 LR=0.00100
GenLosses:[0.46827258681257566]
ClaLosses:[0.46013967394127986]
ErrorEval=0.01650

*Epoch=92 LR=0.00100
GenLosses:[0.4682528698941072]
ClaLosses:[0.45982156496747173]
ErrorEval=0.01650

*Epoch=93 LR=0.00100
GenLosses:[0.4682770685851574]
ClaLosses:[0.4598645723454584]
ErrorEval=0.01640

*Epoch=94 LR=0.00100
GenLosses:[0.4685638368626436]
ClaLosses:[0.4597456406396705]
ErrorEval=0.01700

*Epoch=95 LR=0.00100
GenLosses:[0.4678978107869625]
ClaLosses:[0.4597217407012432]
ErrorEval=0.01710

*Epoch=96 LR=0.00100
GenLosses:[0.468539682328701]
ClaLosses:[0.46028374618275225]
ErrorEval=0.01610

*Epoch=97 LR=0.00100
GenLosses:[0.4685271625717481]
ClaLosses:[0.45948307719346776]
ErrorEval=0.01630

*Epoch=98 LR=0.00100
GenLosses:[0.467945850888888]
ClaLosses:[0.45977024751630646]
ErrorEval=0.01640

*Epoch=99 LR=0.00100
GenLosses:[0.46807408849398296]
ClaLosses:[0.45959007734300733]
ErrorEval=0.01870

*Epoch=100 LR=0.00100
GenLosses:[0.4679383171101411]
ClaLosses:[0.4594156120497023]
ErrorEval=0.01590

*Epoch=101 LR=0.00100
GenLosses:[0.4679629061619441]
ClaLosses:[0.4594535753973686]
ErrorEval=0.01720

*Epoch=102 LR=0.00100
GenLosses:[0.4681289886434873]
ClaLosses:[0.4596383802823944]
ErrorEval=0.01600

*Epoch=103 LR=0.00100
GenLosses:[0.46795332660277683]
ClaLosses:[0.45957642754600453]
ErrorEval=0.01770

*Epoch=104 LR=0.00100
GenLosses:[0.4680506759385268]
ClaLosses:[0.4594066641687932]
ErrorEval=0.01680

*Epoch=105 LR=0.00100
GenLosses:[0.46791930014888444]
ClaLosses:[0.4592737201140791]
ErrorEval=0.01620

*Epoch=106 LR=0.00100
GenLosses:[0.4681179165840149]
ClaLosses:[0.45976380659776644]
ErrorEval=0.01770

*Epoch=107 LR=0.00100
GenLosses:[0.4679902216295401]
ClaLosses:[0.45985186351656354]
ErrorEval=0.01730

*Epoch=108 LR=0.00100
GenLosses:[0.46813845296700796]
ClaLosses:[0.4595045188225178]
ErrorEval=0.01860

*Epoch=109 LR=0.00100
GenLosses:[0.46795747553308803]
ClaLosses:[0.4600490633531366]
ErrorEval=0.01390

*Epoch=110 LR=0.00100
GenLosses:[0.4678825901945432]
ClaLosses:[0.45973060494840146]
ErrorEval=0.01290

*Epoch=111 LR=0.00100
GenLosses:[0.4680191446840763]
ClaLosses:[0.4590804129742159]
ErrorEval=0.01290

*Epoch=112 LR=0.00100
GenLosses:[0.46737111056844394]
ClaLosses:[0.45963572092284494]
ErrorEval=0.01490

*Epoch=113 LR=0.00100
GenLosses:[0.46758845160404844]
ClaLosses:[0.45960971891969055]
ErrorEval=0.01660

*Epoch=114 LR=0.00100
GenLosses:[0.4679339436193307]
ClaLosses:[0.4592289457195986]
ErrorEval=0.01510

*Epoch=115 LR=0.00100
GenLosses:[0.46778635909159977]
ClaLosses:[0.45981870008740694]
ErrorEval=0.01810

*Epoch=116 LR=0.00100
GenLosses:[0.46808718303839364]
ClaLosses:[0.45966861258095937]
ErrorEval=0.01560

*Epoch=117 LR=0.00100
GenLosses:[0.46807549476623533]
ClaLosses:[0.45985174429203285]
ErrorEval=0.01750

*Epoch=118 LR=0.00100
GenLosses:[0.46761748065551123]
ClaLosses:[0.45961105704376887]
ErrorEval=0.01620

*Epoch=119 LR=0.00100
GenLosses:[0.46817565023899077]
ClaLosses:[0.45956427161649077]
ErrorEval=0.01380

*Epoch=120 LR=0.00100
GenLosses:[0.4682313577334086]
ClaLosses:[0.45963225303974714]
ErrorEval=0.01410

*Epoch=121 LR=0.00100
GenLosses:[0.4679356360435486]
ClaLosses:[0.45985189810382326]
ErrorEval=0.01300

*Epoch=122 LR=0.00100
GenLosses:[0.4676411410669486]
ClaLosses:[0.45949876857113753]
ErrorEval=0.01210

*Epoch=123 LR=0.00100
GenLosses:[0.46790244261423747]
ClaLosses:[0.4591232110297139]
ErrorEval=0.01330

*Epoch=124 LR=0.00100
GenLosses:[0.46814535185694695]
ClaLosses:[0.45968563451781025]
ErrorEval=0.01390

*Epoch=125 LR=0.00100
GenLosses:[0.46769070183237393]
ClaLosses:[0.4596330680357738]
ErrorEval=0.01280

*Epoch=126 LR=0.00100
GenLosses:[0.46750957240660984]
ClaLosses:[0.4596596107523064]
ErrorEval=0.01550

*Epoch=127 LR=0.00100
GenLosses:[0.46787753731012344]
ClaLosses:[0.4597091725819312]
ErrorEval=0.01380

*Epoch=128 LR=0.00100
GenLosses:[0.4678833702206612]
ClaLosses:[0.4598115872204221]
ErrorEval=0.01450

*Epoch=129 LR=0.00100
GenLosses:[0.46815204098820684]
ClaLosses:[0.45924375499375636]
ErrorEval=0.01680

*Epoch=130 LR=0.00100
GenLosses:[0.4682976222534974]
ClaLosses:[0.45952734785222615]
ErrorEval=0.01390

*Epoch=131 LR=0.00100
GenLosses:[0.46803824841976166]
ClaLosses:[0.4593896360592536]
ErrorEval=0.01520

*Epoch=132 LR=0.00100
GenLosses:[0.46808741937081016]
ClaLosses:[0.4596346396328762]
ErrorEval=0.01330

*Epoch=133 LR=0.00100
GenLosses:[0.46798048372069995]
ClaLosses:[0.4594939484586971]
ErrorEval=0.01400

*Epoch=134 LR=0.00100
GenLosses:[0.4678150167564551]
ClaLosses:[0.45931707470815736]
ErrorEval=0.01500

*Epoch=135 LR=0.00100
GenLosses:[0.46804964140057564]
ClaLosses:[0.45948495749363505]
ErrorEval=0.01190

*Epoch=136 LR=0.00100
GenLosses:[0.4680531176428]
ClaLosses:[0.45922581203579604]
ErrorEval=0.01260

*Epoch=137 LR=0.00100
GenLosses:[0.46798901875813803]
ClaLosses:[0.4599058234990982]
ErrorEval=0.01230

*Epoch=138 LR=0.00100
GenLosses:[0.4681781756877899]
ClaLosses:[0.4595869075714404]
ErrorEval=0.01350

*Epoch=139 LR=0.00100
GenLosses:[0.46751237521568934]
ClaLosses:[0.4595798956993298]
ErrorEval=0.01620

*Epoch=140 LR=0.00100
GenLosses:[0.46796227430303894]
ClaLosses:[0.4590458736386879]
ErrorEval=0.01310

*Epoch=141 LR=0.00100
GenLosses:[0.46808479304114975]
ClaLosses:[0.4596570609765746]
ErrorEval=0.01310

*Epoch=142 LR=0.00100
GenLosses:[0.46774284864465393]
ClaLosses:[0.4589810875491433]
ErrorEval=0.01450

*Epoch=143 LR=0.00100
GenLosses:[0.4679921036461989]
ClaLosses:[0.459786319392239]
ErrorEval=0.01670

*Epoch=144 LR=0.00100
GenLosses:[0.46806850031018254]
ClaLosses:[0.4596289196798805]
ErrorEval=0.01480

*Epoch=145 LR=0.00100
GenLosses:[0.46788828308383623]
ClaLosses:[0.4592671135099136]
ErrorEval=0.01510

*Epoch=146 LR=0.00100
GenLosses:[0.46785838559269904]
ClaLosses:[0.4596287171074078]
ErrorEval=0.01560

*Epoch=147 LR=0.00100
GenLosses:[0.46806787624955176]
ClaLosses:[0.45952534524084293]
ErrorEval=0.01400

*Epoch=148 LR=0.00100
GenLosses:[0.4684790508945783]
ClaLosses:[0.45935439255226773]
ErrorEval=0.01200

*Epoch=149 LR=0.00100
GenLosses:[0.46801096106568973]
ClaLosses:[0.45901069699051267]
ErrorEval=0.01440

*Epoch=150 LR=0.00100
GenLosses:[0.4677463253835837]
ClaLosses:[0.45954322392008395]
ErrorEval=0.01460

*Epoch=151 LR=0.00100
GenLosses:[0.4684108454485734]
ClaLosses:[0.4595232284530032]
ErrorEval=0.01420

*Epoch=152 LR=0.00100
GenLosses:[0.46814861411849656]
ClaLosses:[0.4595287977972013]
ErrorEval=0.01070

*Epoch=153 LR=0.00100
GenLosses:[0.46780903135736784]
ClaLosses:[0.4590187865176352]
ErrorEval=0.01170

*Epoch=154 LR=0.00100
GenLosses:[0.46806365440289177]
ClaLosses:[0.4586619711233946]
ErrorEval=0.01300

*Epoch=155 LR=0.00100
GenLosses:[0.4682695602377256]
ClaLosses:[0.45925356368161147]
ErrorEval=0.01480

*Epoch=156 LR=0.00100
GenLosses:[0.46821217397848763]
ClaLosses:[0.4593330246231254]
ErrorEval=0.01530

*Epoch=157 LR=0.00100
GenLosses:[0.4681985957423846]
ClaLosses:[0.45954424418524764]
ErrorEval=0.01420

*Epoch=158 LR=0.00100
GenLosses:[0.46816804895798364]
ClaLosses:[0.4591925253470405]
ErrorEval=0.01600

*Epoch=159 LR=0.00100
GenLosses:[0.4677214378118515]
ClaLosses:[0.4591021757747301]
ErrorEval=0.01380

*Epoch=160 LR=0.00100
GenLosses:[0.4683439416686694]
ClaLosses:[0.4592786974757283]
ErrorEval=0.01450

*Epoch=161 LR=0.00100
GenLosses:[0.4679299351076285]
ClaLosses:[0.45914969392162824]
ErrorEval=0.01440

*Epoch=162 LR=0.00100
GenLosses:[0.46801086227099103]
ClaLosses:[0.45900356956013977]
ErrorEval=0.01490

*Epoch=163 LR=0.00100
GenLosses:[0.4687842494249344]
ClaLosses:[0.4592357261559781]
ErrorEval=0.01440

*Epoch=164 LR=0.00100
GenLosses:[0.4683000849187374]
ClaLosses:[0.4589404758416728]
ErrorEval=0.01310

*Epoch=165 LR=0.00100
GenLosses:[0.46760544101397195]
ClaLosses:[0.45941274403986665]
ErrorEval=0.01550

*Epoch=166 LR=0.00100
GenLosses:[0.4680193485319614]
ClaLosses:[0.4591669888557331]
ErrorEval=0.01530

*Epoch=167 LR=0.00100
GenLosses:[0.46812537719806036]
ClaLosses:[0.4594013989848767]
ErrorEval=0.01590

*Epoch=168 LR=0.00100
GenLosses:[0.467823686003685]
ClaLosses:[0.4589640982120317]
ErrorEval=0.01480

*Epoch=169 LR=0.00100
GenLosses:[0.4682410223285357]
ClaLosses:[0.4592175447690099]
ErrorEval=0.01520

*Epoch=170 LR=0.00100
GenLosses:[0.46818919653693836]
ClaLosses:[0.45913573138342534]
ErrorEval=0.01540

*Epoch=171 LR=0.00100
GenLosses:[0.46802983298897743]
ClaLosses:[0.45906520365220965]
ErrorEval=0.01470

*Epoch=172 LR=0.00100
GenLosses:[0.4680638621747494]
ClaLosses:[0.4588353615833847]
ErrorEval=0.01480

*Epoch=173 LR=0.00100
GenLosses:[0.46845714807510375]
ClaLosses:[0.45918575312515286]
ErrorEval=0.01490

*Epoch=174 LR=0.00100
GenLosses:[0.4679894340535005]
ClaLosses:[0.45906899775400445]
ErrorEval=0.01780

*Epoch=175 LR=0.00100
GenLosses:[0.4683063337703546]
ClaLosses:[0.45929802548079174]
ErrorEval=0.01620

*Epoch=176 LR=0.00100
GenLosses:[0.4686467571059863]
ClaLosses:[0.45885279049471156]
ErrorEval=0.01540

*Epoch=177 LR=0.00100
GenLosses:[0.4685134131213029]
ClaLosses:[0.4592762756969471]
ErrorEval=0.01550

*Epoch=178 LR=0.00100
GenLosses:[0.46839409992098807]
ClaLosses:[0.4590098068962513]
ErrorEval=0.01470

*Epoch=179 LR=0.00100
GenLosses:[0.46884966055552163]
ClaLosses:[0.4587841391757386]
ErrorEval=0.01510

*Epoch=180 LR=0.00100
GenLosses:[0.4683024931450685]
ClaLosses:[0.4590336947706055]
ErrorEval=0.01540

*Epoch=181 LR=0.00100
GenLosses:[0.4679923976957798]
ClaLosses:[0.4588644800659669]
ErrorEval=0.01390

*Epoch=182 LR=0.00100
GenLosses:[0.46825227573513983]
ClaLosses:[0.45881846808582055]
ErrorEval=0.01390

*Epoch=183 LR=0.00100
GenLosses:[0.468292442659537]
ClaLosses:[0.4589334675851642]
ErrorEval=0.01580

*Epoch=184 LR=0.00100
GenLosses:[0.4684023137390614]
ClaLosses:[0.45872905218564647]
ErrorEval=0.01560

*Epoch=185 LR=0.00100
GenLosses:[0.46807419796784716]
ClaLosses:[0.4591059697115284]
ErrorEval=0.01740

*Epoch=186 LR=0.00100
GenLosses:[0.4686879669626554]
ClaLosses:[0.45906783675532997]
ErrorEval=0.01510

*Epoch=187 LR=0.00100
GenLosses:[0.46865483701229094]
ClaLosses:[0.4591255843244144]
ErrorEval=0.01560

*Epoch=188 LR=0.00100
GenLosses:[0.4679191551109155]
ClaLosses:[0.45909840124553547]
ErrorEval=0.01460

*Epoch=189 LR=0.00100
GenLosses:[0.4683794316152732]
ClaLosses:[0.45951871642307635]
ErrorEval=0.01560

*Epoch=190 LR=0.00100
GenLosses:[0.46833445320526756]
ClaLosses:[0.45873843178290846]
ErrorEval=0.01510

*Epoch=191 LR=0.00100
GenLosses:[0.4680607824524244]
ClaLosses:[0.45894485259062473]
ErrorEval=0.01370

*Epoch=192 LR=0.00100
GenLosses:[0.46841821471850076]
ClaLosses:[0.45901534118544257]
ErrorEval=0.01490

*Epoch=193 LR=0.00100
GenLosses:[0.4684652128815651]
ClaLosses:[0.458756921973832]
ErrorEval=0.01470

*Epoch=194 LR=0.00100
GenLosses:[0.46804647783438363]
ClaLosses:[0.45854583096045864]
ErrorEval=0.01630

*Epoch=195 LR=0.00100
GenLosses:[0.46824391250809033]
ClaLosses:[0.4590220484268709]
ErrorEval=0.01640

*Epoch=196 LR=0.00100
GenLosses:[0.46837511196732523]
ClaLosses:[0.4590563557698934]
ErrorEval=0.01510

*Epoch=197 LR=0.00100
GenLosses:[0.46838727802038194]
ClaLosses:[0.4587681313681321]
ErrorEval=0.01550

*Epoch=198 LR=0.00100
GenLosses:[0.46832262297471366]
ClaLosses:[0.4590833428768527]
ErrorEval=0.01510

*Epoch=199 LR=0.00100
GenLosses:[0.46875869179765384]
ClaLosses:[0.4588229723637914]
ErrorEval=0.01440

*Epoch=200 LR=0.00100
GenLosses:[0.4684235001603762]
ClaLosses:[0.45891020609201777]
ErrorEval=0.01600

*Epoch=201 LR=0.00100
GenLosses:[0.4689794913927714]
ClaLosses:[0.4587955929434287]
ErrorEval=0.01540

*Epoch=202 LR=0.00100
GenLosses:[0.4685186562935511]
ClaLosses:[0.4589558814822606]
ErrorEval=0.01660

*Epoch=203 LR=0.00100
GenLosses:[0.46849912241101266]
ClaLosses:[0.45900399472782927]
ErrorEval=0.01640

*Epoch=204 LR=0.00100
GenLosses:[0.4683609676361084]
ClaLosses:[0.4589044642778214]
ErrorEval=0.01560

*Epoch=205 LR=0.00100
GenLosses:[0.4685898170868556]
ClaLosses:[0.459066296392395]
ErrorEval=0.01480

*Epoch=206 LR=0.00100
GenLosses:[0.46867896646261215]
ClaLosses:[0.4587437801602463]
ErrorEval=0.01410

*Epoch=207 LR=0.00100
GenLosses:[0.46848525777459143]
ClaLosses:[0.45871790538628904]
ErrorEval=0.01580

*Epoch=208 LR=0.00100
GenLosses:[0.4691166254878044]
ClaLosses:[0.458759586153733]
ErrorEval=0.01730

*Epoch=209 LR=0.00100
GenLosses:[0.46866467222571373]
ClaLosses:[0.45847264036070223]
ErrorEval=0.01500

*Epoch=210 LR=0.00100
GenLosses:[0.46853594412406285]
ClaLosses:[0.45950590770243754]
ErrorEval=0.01450

*Epoch=211 LR=0.00100
GenLosses:[0.4687919966876507]
ClaLosses:[0.458925579074051]
ErrorEval=0.01660

*Epoch=212 LR=0.00100
GenLosses:[0.46896630426247915]
ClaLosses:[0.45903754716207296]
ErrorEval=0.02000

*Epoch=213 LR=0.00100
GenLosses:[0.4683768015106519]
ClaLosses:[0.4590795406859683]
ErrorEval=0.01780

*Epoch=214 LR=0.00100
GenLosses:[0.46813382228215533]
ClaLosses:[0.45921029875130764]
ErrorEval=0.01500

*Epoch=215 LR=0.00100
GenLosses:[0.4682929366827011]
ClaLosses:[0.4586985825118226]
ErrorEval=0.01560

*Epoch=216 LR=0.00100
GenLosses:[0.4689136839906375]
ClaLosses:[0.4585696021977675]
ErrorEval=0.01670

*Epoch=217 LR=0.00100
GenLosses:[0.46897434631983437]
ClaLosses:[0.458580098577265]
ErrorEval=0.01750

*Epoch=218 LR=0.00100
GenLosses:[0.4690268850823243]
ClaLosses:[0.4589670502513022]
ErrorEval=0.01810

*Epoch=219 LR=0.00100
GenLosses:[0.46913308347264926]
ClaLosses:[0.45848298597006704]
ErrorEval=0.01550

*Epoch=220 LR=0.00100
GenLosses:[0.46874214296539624]
ClaLosses:[0.458921963537146]
ErrorEval=0.01510

*Epoch=221 LR=0.00100
GenLosses:[0.4684795073668162]
ClaLosses:[0.45858725676031675]
ErrorEval=0.01470

*Epoch=222 LR=0.00100
GenLosses:[0.46859248677889503]
ClaLosses:[0.45920690973997563]
ErrorEval=0.01410

*Epoch=223 LR=0.00100
GenLosses:[0.4687002344429493]
ClaLosses:[0.45893240901577365]
ErrorEval=0.01450

*Epoch=224 LR=0.00100
GenLosses:[0.468447741518418]
ClaLosses:[0.4588390372880389]
ErrorEval=0.01530

*Epoch=225 LR=0.00100
GenLosses:[0.46895236512025196]
ClaLosses:[0.45871804664119376]
ErrorEval=0.01660

*Epoch=226 LR=0.00100
GenLosses:[0.4685279056429863]
ClaLosses:[0.4586754100267182]
ErrorEval=0.01650

*Epoch=227 LR=0.00100
GenLosses:[0.46874910657604535]
ClaLosses:[0.4590137091932647]
ErrorEval=0.01600

*Epoch=228 LR=0.00100
GenLosses:[0.4688303104539712]
ClaLosses:[0.4589880004140405]
ErrorEval=0.01640

*Epoch=229 LR=0.00100
GenLosses:[0.46876474112272265]
ClaLosses:[0.45871228700790323]
ErrorEval=0.01740

*Epoch=230 LR=0.00100
GenLosses:[0.46931676124533017]
ClaLosses:[0.45922463108846917]
ErrorEval=0.01800

*Epoch=231 LR=0.00100
GenLosses:[0.4686142830550671]
ClaLosses:[0.4587692338069208]
ErrorEval=0.01630

*Epoch=232 LR=0.00100
GenLosses:[0.46861601193745933]
ClaLosses:[0.4585965677045693]
ErrorEval=0.01680

*Epoch=233 LR=0.00100
GenLosses:[0.46874399681886036]
ClaLosses:[0.45830742323930385]
ErrorEval=0.01710

*Epoch=234 LR=0.00100
GenLosses:[0.46853343486785887]
ClaLosses:[0.4583072667361383]
ErrorEval=0.01630

*Epoch=235 LR=0.00100
GenLosses:[0.46877565667033194]
ClaLosses:[0.4586714677822526]
ErrorEval=0.01570

*Epoch=236 LR=0.00100
GenLosses:[0.46872699692845343]
ClaLosses:[0.45832267422374323]
ErrorEval=0.01660

*Epoch=237 LR=0.00100
GenLosses:[0.4691856483121713]
ClaLosses:[0.4581609207538106]
ErrorEval=0.01670

*Epoch=238 LR=0.00100
GenLosses:[0.4690271951754888]
ClaLosses:[0.45909664932570327]
ErrorEval=0.01900

*Epoch=239 LR=0.00100
GenLosses:[0.4691805296639601]
ClaLosses:[0.45899945624644206]
ErrorEval=0.01810

*Epoch=240 LR=0.00100
GenLosses:[0.46913983553648]
ClaLosses:[0.458279448414415]
ErrorEval=0.01520

*Epoch=241 LR=0.00100
GenLosses:[0.4689431703090668]
ClaLosses:[0.45860861680240267]
ErrorEval=0.01600

*Epoch=242 LR=0.00100
GenLosses:[0.46893305947383246]
ClaLosses:[0.4585276790320337]
ErrorEval=0.01340

*Epoch=243 LR=0.00100
GenLosses:[0.4689327673614025]
ClaLosses:[0.4587123940091418]
ErrorEval=0.01520

*Epoch=244 LR=0.00100
GenLosses:[0.46875889192024867]
ClaLosses:[0.45830974732745355]
ErrorEval=0.01590

*Epoch=245 LR=0.00100
GenLosses:[0.46900911842783294]
ClaLosses:[0.45825918499060464]
ErrorEval=0.01480

*Epoch=246 LR=0.00100
GenLosses:[0.4691631895303726]
ClaLosses:[0.458389696193906]
ErrorEval=0.01470

*Epoch=247 LR=0.00100
GenLosses:[0.46950153713425]
ClaLosses:[0.45855012327023503]
ErrorEval=0.01580

*Epoch=248 LR=0.00100
GenLosses:[0.46880897000432015]
ClaLosses:[0.4582132895874733]
ErrorEval=0.01620

*Epoch=249 LR=0.00100
GenLosses:[0.4694381695489089]
ClaLosses:[0.45856643992150187]
ErrorEval=0.01650

*Epoch=250 LR=0.00100
GenLosses:[0.46922240147988004]
ClaLosses:[0.4586172763244748]
ErrorEval=0.01490

*Epoch=251 LR=0.00100
GenLosses:[0.4692311136424541]
ClaLosses:[0.45831990634019043]
ErrorEval=0.01520

*Epoch=252 LR=0.00100
GenLosses:[0.46909434874852496]
ClaLosses:[0.4590413493851601]
ErrorEval=0.01430

*Epoch=253 LR=0.00100
GenLosses:[0.469330035696427]
ClaLosses:[0.458479905629596]
ErrorEval=0.01430

*Epoch=254 LR=0.00100
GenLosses:[0.4691700382530689]
ClaLosses:[0.4584687541303564]
ErrorEval=0.01640

*Epoch=255 LR=0.00100
GenLosses:[0.46896583755811055]
ClaLosses:[0.45820776510710015]
ErrorEval=0.01490

*Epoch=256 LR=0.00100
GenLosses:[0.4692624227205912]
ClaLosses:[0.45846504951247613]
ErrorEval=0.01500

*Epoch=257 LR=0.00100
GenLosses:[0.4692040638625622]
ClaLosses:[0.4588689769693606]
ErrorEval=0.01780

*Epoch=258 LR=0.00100
GenLosses:[0.4696749649445216]
ClaLosses:[0.45818185067294387]
ErrorEval=0.01600

*Epoch=259 LR=0.00100
GenLosses:[0.46914056768019996]
ClaLosses:[0.4583331841917017]
ErrorEval=0.01440

*Epoch=260 LR=0.00100
GenLosses:[0.46945962791641555]
ClaLosses:[0.45845373082598695]
ErrorEval=0.01590

*Epoch=261 LR=0.00100
GenLosses:[0.46921490346392]
ClaLosses:[0.458560997565401]
ErrorEval=0.01380

*Epoch=262 LR=0.00100
GenLosses:[0.46952251220742863]
ClaLosses:[0.4584927582543793]
ErrorEval=0.01370

*Epoch=263 LR=0.00100
GenLosses:[0.46894982337951663]
ClaLosses:[0.4582392759499905]
ErrorEval=0.01260

*Epoch=264 LR=0.00100
GenLosses:[0.4690233722825845]
ClaLosses:[0.45844242060651047]
ErrorEval=0.01320

*Epoch=265 LR=0.00100
GenLosses:[0.46935012012720106]
ClaLosses:[0.45850191466774165]
ErrorEval=0.01160

*Epoch=266 LR=0.00100
GenLosses:[0.46925206035375594]
ClaLosses:[0.45811522700165075]
ErrorEval=0.01370

*Epoch=267 LR=0.00100
GenLosses:[0.46963336194554967]
ClaLosses:[0.4580039193380109]
ErrorEval=0.01270

*Epoch=268 LR=0.00100
GenLosses:[0.4691321549812953]
ClaLosses:[0.45838140902762137]
ErrorEval=0.01360

*Epoch=269 LR=0.00100
GenLosses:[0.4695418167610963]
ClaLosses:[0.4580279705148993]
ErrorEval=0.01360

*Epoch=270 LR=0.00100
GenLosses:[0.46916695540150005]
ClaLosses:[0.4586336187915789]
ErrorEval=0.01270

*Epoch=271 LR=0.00100
GenLosses:[0.46933090830842655]
ClaLosses:[0.45836996279766357]
ErrorEval=0.01410

*Epoch=272 LR=0.00100
GenLosses:[0.4697763360540072]
ClaLosses:[0.45865934611668013]
ErrorEval=0.01470

*Epoch=273 LR=0.00100
GenLosses:[0.46967465842763584]
ClaLosses:[0.45845038369405]
ErrorEval=0.01430

*Epoch=274 LR=0.00100
GenLosses:[0.4692720383405685]
ClaLosses:[0.4578567823328486]
ErrorEval=0.01280

*Epoch=275 LR=0.00100
GenLosses:[0.46942881991465885]
ClaLosses:[0.4584119933482309]
ErrorEval=0.01430

*Epoch=276 LR=0.00100
GenLosses:[0.46933404346307117]
ClaLosses:[0.458123806184896]
ErrorEval=0.01310

*Epoch=277 LR=0.00100
GenLosses:[0.4692461231350899]
ClaLosses:[0.45789080312074637]
ErrorEval=0.01160

*Epoch=278 LR=0.00100
GenLosses:[0.4688378563523293]
ClaLosses:[0.458312390431884]
ErrorEval=0.01160

*Epoch=279 LR=0.00100
GenLosses:[0.46957774887482323]
ClaLosses:[0.4583724565564906]
ErrorEval=0.01380

*Epoch=280 LR=0.00100
GenLosses:[0.46925695265332856]
ClaLosses:[0.45862449784839676]
ErrorEval=0.01050

*Epoch=281 LR=0.00100
GenLosses:[0.47030545483032865]
ClaLosses:[0.4580458324834293]
ErrorEval=0.01300

*Epoch=282 LR=0.00100
GenLosses:[0.4695114579300086]
ClaLosses:[0.4583190504327904]
ErrorEval=0.01280

*Epoch=283 LR=0.00100
GenLosses:[0.4697425789634387]
ClaLosses:[0.45815453136219986]
ErrorEval=0.01330

*Epoch=284 LR=0.00100
GenLosses:[0.4695535954336325]
ClaLosses:[0.45854354368900224]
ErrorEval=0.01620

*Epoch=285 LR=0.00100
GenLosses:[0.46969913974404337]
ClaLosses:[0.4581126813674491]
ErrorEval=0.01430

*Epoch=286 LR=0.00100
GenLosses:[0.46945746312538783]
ClaLosses:[0.4584188206739274]
ErrorEval=0.01350

*Epoch=287 LR=0.00100
GenLosses:[0.46971704388658203]
ClaLosses:[0.45856671057675497]
ErrorEval=0.01440

*Epoch=288 LR=0.00100
GenLosses:[0.469691940198342]
ClaLosses:[0.45822934570926693]
ErrorEval=0.01410

*Epoch=289 LR=0.00100
GenLosses:[0.46957440401117007]
ClaLosses:[0.45847142174084193]
ErrorEval=0.01280

*Epoch=290 LR=0.00100
GenLosses:[0.4690478194753329]
ClaLosses:[0.458390701591672]
ErrorEval=0.01430

*Epoch=291 LR=0.00100
GenLosses:[0.4694652706384659]
ClaLosses:[0.45849115319920125]
ErrorEval=0.01450

*Epoch=292 LR=0.00100
GenLosses:[0.4694536311427752]
ClaLosses:[0.4585119818403205]
ErrorEval=0.01660

*Epoch=293 LR=0.00100
GenLosses:[0.4698703134059906]
ClaLosses:[0.4582845416348362]
ErrorEval=0.01520

*Epoch=294 LR=0.00100
GenLosses:[0.46970403323570886]
ClaLosses:[0.45849278631499146]
ErrorEval=0.01470

*Epoch=295 LR=0.00100
GenLosses:[0.4694638353586197]
ClaLosses:[0.45857100632421965]
ErrorEval=0.01390

*Epoch=296 LR=0.00100
GenLosses:[0.46970175703366596]
ClaLosses:[0.45841260746150436]
ErrorEval=0.01430

*Epoch=297 LR=0.00100
GenLosses:[0.46957253525654474]
ClaLosses:[0.45867611551134485]
ErrorEval=0.01690

*Epoch=298 LR=0.00100
GenLosses:[0.46961066449681915]
ClaLosses:[0.4577590753172211]
ErrorEval=0.01500

*Epoch=299 LR=0.00100
GenLosses:[0.46980215683579446]
ClaLosses:[0.45821543321833774]
ErrorEval=0.01540

*Epoch=300 LR=0.00100
GenLosses:[0.4695445178449154]
ClaLosses:[0.47143354896451123]
ErrorEval=0.00840

*Epoch=301 LR=0.00100
GenLosses:[0.46953101505835854]
ClaLosses:[0.46613625325983227]
ErrorEval=0.00830

*Epoch=302 LR=0.00099
GenLosses:[0.4695450866719087]
ClaLosses:[0.46510312583894686]
ErrorEval=0.00790

*Epoch=303 LR=0.00099
GenLosses:[0.46981346999605494]
ClaLosses:[0.46478364571558256]
ErrorEval=0.00770

*Epoch=304 LR=0.00098
GenLosses:[0.46967193936308227]
ClaLosses:[0.46406414860457895]
ErrorEval=0.00680

*Epoch=305 LR=0.00098
GenLosses:[0.46946912452578543]
ClaLosses:[0.4638180343413154]
ErrorEval=0.00690

*Epoch=306 LR=0.00097
GenLosses:[0.47007508859038355]
ClaLosses:[0.4632594715821807]
ErrorEval=0.00640

*Epoch=307 LR=0.00097
GenLosses:[0.47002491414546965]
ClaLosses:[0.4632900773246874]
ErrorEval=0.00710

*Epoch=308 LR=0.00096
GenLosses:[0.46978120133280754]
ClaLosses:[0.46329395087543485]
ErrorEval=0.00690

*Epoch=309 LR=0.00096
GenLosses:[0.46955990716814994]
ClaLosses:[0.46283028497785317]
ErrorEval=0.00640

*Epoch=310 LR=0.00095
GenLosses:[0.4701765068372091]
ClaLosses:[0.4629324096293979]
ErrorEval=0.00610

*Epoch=311 LR=0.00095
GenLosses:[0.4695472803711891]
ClaLosses:[0.46281780375523246]
ErrorEval=0.00680

*Epoch=312 LR=0.00094
GenLosses:[0.46938602447509764]
ClaLosses:[0.46211038429986984]
ErrorEval=0.00700

*Epoch=313 LR=0.00094
GenLosses:[0.4699872150520484]
ClaLosses:[0.4624303192283635]
ErrorEval=0.00640

*Epoch=314 LR=0.00093
GenLosses:[0.47008790135383605]
ClaLosses:[0.46205649736982274]
ErrorEval=0.00650

*Epoch=315 LR=0.00093
GenLosses:[0.4696839502453804]
ClaLosses:[0.46187971811788686]
ErrorEval=0.00670

*Epoch=316 LR=0.00092
GenLosses:[0.470215299675862]
ClaLosses:[0.4622973775741638]
ErrorEval=0.00630

*Epoch=317 LR=0.00092
GenLosses:[0.4700535899400711]
ClaLosses:[0.4615547372898153]
ErrorEval=0.00700

*Epoch=318 LR=0.00091
GenLosses:[0.469932256937027]
ClaLosses:[0.46193886421662445]
ErrorEval=0.00650

*Epoch=319 LR=0.00091
GenLosses:[0.4701942787071069]
ClaLosses:[0.46132065752960577]
ErrorEval=0.00600

*Epoch=320 LR=0.00090
GenLosses:[0.46965526898701987]
ClaLosses:[0.4613336939565211]
ErrorEval=0.00670

*Epoch=321 LR=0.00090
GenLosses:[0.46979108432928723]
ClaLosses:[0.4623710257943129]
ErrorEval=0.00630

*Epoch=322 LR=0.00090
GenLosses:[0.46968853399157523]
ClaLosses:[0.4616720809718715]
ErrorEval=0.00610

*Epoch=323 LR=0.00089
GenLosses:[0.47043513452013336]
ClaLosses:[0.4615782224462754]
ErrorEval=0.00630

*Epoch=324 LR=0.00089
GenLosses:[0.47013394445180895]
ClaLosses:[0.46209021825899205]
ErrorEval=0.00620

*Epoch=325 LR=0.00088
GenLosses:[0.470428034166495]
ClaLosses:[0.4612987079559604]
ErrorEval=0.00570

*Epoch=326 LR=0.00088
GenLosses:[0.4701667003830274]
ClaLosses:[0.46204155282211207]
ErrorEval=0.00580

*Epoch=327 LR=0.00087
GenLosses:[0.470110225379467]
ClaLosses:[0.4608994039625106]
ErrorEval=0.00580

*Epoch=328 LR=0.00087
GenLosses:[0.4703286578754584]
ClaLosses:[0.46162888391548335]
ErrorEval=0.00500

*Epoch=329 LR=0.00086
GenLosses:[0.4703002420067787]
ClaLosses:[0.46156084378706264]
ErrorEval=0.00550

*Epoch=330 LR=0.00086
GenLosses:[0.4702960856755575]
ClaLosses:[0.46128357778899803]
ErrorEval=0.00540

*Epoch=331 LR=0.00086
GenLosses:[0.47034144555528956]
ClaLosses:[0.4616188509296861]
ErrorEval=0.00520

*Epoch=332 LR=0.00085
GenLosses:[0.4697656625509262]
ClaLosses:[0.46120076684526384]
ErrorEval=0.00550

*Epoch=333 LR=0.00085
GenLosses:[0.47021282836794853]
ClaLosses:[0.4607048433281756]
ErrorEval=0.00510

*Epoch=334 LR=0.00084
GenLosses:[0.4703725395103296]
ClaLosses:[0.46123743357661956]
ErrorEval=0.00490

*Epoch=335 LR=0.00084
GenLosses:[0.47020223140716555]
ClaLosses:[0.46086893859249445]
ErrorEval=0.00570

*Epoch=336 LR=0.00083
GenLosses:[0.4704318658510844]
ClaLosses:[0.46108638753573966]
ErrorEval=0.00600

*Epoch=337 LR=0.00083
GenLosses:[0.47003132656216623]
ClaLosses:[0.46110604759779583]
ErrorEval=0.00510

*Epoch=338 LR=0.00083
GenLosses:[0.47037288919091225]
ClaLosses:[0.4605949901779423]
ErrorEval=0.00520

*Epoch=339 LR=0.00082
GenLosses:[0.470174284974734]
ClaLosses:[0.46140432712410623]
ErrorEval=0.00560

*Epoch=340 LR=0.00082
GenLosses:[0.4705580236017704]
ClaLosses:[0.46119719040549834]
ErrorEval=0.00570

*Epoch=341 LR=0.00081
GenLosses:[0.4701727318763733]
ClaLosses:[0.4608169501115716]
ErrorEval=0.00570

*Epoch=342 LR=0.00081
GenLosses:[0.4705559087296327]
ClaLosses:[0.4610868093694096]
ErrorEval=0.00560

*Epoch=343 LR=0.00081
GenLosses:[0.4701897979279359]
ClaLosses:[0.4607389119498665]
ErrorEval=0.00520

*Epoch=344 LR=0.00080
GenLosses:[0.4706410899261634]
ClaLosses:[0.4612058250878491]
ErrorEval=0.00520

*Epoch=345 LR=0.00080
GenLosses:[0.4704728628198306]
ClaLosses:[0.46088316568956106]
ErrorEval=0.00480

*Epoch=346 LR=0.00079
GenLosses:[0.47057507748405136]
ClaLosses:[0.46104019988498074]
ErrorEval=0.00530

*Epoch=347 LR=0.00079
GenLosses:[0.47046445061763126]
ClaLosses:[0.4606258949515412]
ErrorEval=0.00560

*Epoch=348 LR=0.00079
GenLosses:[0.47049732993046445]
ClaLosses:[0.4612890102232758]
ErrorEval=0.00520

*Epoch=349 LR=0.00078
GenLosses:[0.4701109140614669]
ClaLosses:[0.46073044892295606]
ErrorEval=0.00530

*Epoch=350 LR=0.00078
GenLosses:[0.47037094404300056]
ClaLosses:[0.4610457911488964]
ErrorEval=0.00550

*Epoch=351 LR=0.00077
GenLosses:[0.4702206534643968]
ClaLosses:[0.4607270549064204]
ErrorEval=0.00530

*Epoch=352 LR=0.00077
GenLosses:[0.4705551844338576]
ClaLosses:[0.45992261574063986]
ErrorEval=0.00510

*Epoch=353 LR=0.00077
GenLosses:[0.4705627312759558]
ClaLosses:[0.46052332457241607]
ErrorEval=0.00480

*Epoch=354 LR=0.00076
GenLosses:[0.47083709716796873]
ClaLosses:[0.4606333479449964]
ErrorEval=0.00490

*Epoch=355 LR=0.00076
GenLosses:[0.4705025477210681]
ClaLosses:[0.46035450975454645]
ErrorEval=0.00490

*Epoch=356 LR=0.00076
GenLosses:[0.47093128055334094]
ClaLosses:[0.4602429851808328]
ErrorEval=0.00520

*Epoch=357 LR=0.00075
GenLosses:[0.4707386233409246]
ClaLosses:[0.46078681252998527]
ErrorEval=0.00530

*Epoch=358 LR=0.00075
GenLosses:[0.4711812916398048]
ClaLosses:[0.46073423225930316]
ErrorEval=0.00530

*Epoch=359 LR=0.00074
GenLosses:[0.47031903704007466]
ClaLosses:[0.4606622552141769]
ErrorEval=0.00530

*Epoch=360 LR=0.00074
GenLosses:[0.4709251291553179]
ClaLosses:[0.46056205519489085]
ErrorEval=0.00510

*Epoch=361 LR=0.00074
GenLosses:[0.470784345070521]
ClaLosses:[0.46070472359768805]
ErrorEval=0.00530

*Epoch=362 LR=0.00073
GenLosses:[0.4701924797395865]
ClaLosses:[0.45988555268757203]
ErrorEval=0.00510

*Epoch=363 LR=0.00073
GenLosses:[0.47094678223133085]
ClaLosses:[0.4605361808782405]
ErrorEval=0.00560

*Epoch=364 LR=0.00073
GenLosses:[0.47045448775092763]
ClaLosses:[0.4603428314676691]
ErrorEval=0.00570

*Epoch=365 LR=0.00072
GenLosses:[0.47052219897508624]
ClaLosses:[0.460336810719081]
ErrorEval=0.00590

*Epoch=366 LR=0.00072
GenLosses:[0.4707446952164173]
ClaLosses:[0.46023913067731437]
ErrorEval=0.00530

*Epoch=367 LR=0.00071
GenLosses:[0.4709411617616812]
ClaLosses:[0.4602144920920086]
ErrorEval=0.00520

*Epoch=368 LR=0.00071
GenLosses:[0.47107958629727364]
ClaLosses:[0.4604518241461173]
ErrorEval=0.00510

*Epoch=369 LR=0.00071
GenLosses:[0.4708334280053775]
ClaLosses:[0.4599447506926553]
ErrorEval=0.00540

*Epoch=370 LR=0.00070
GenLosses:[0.4707018764813741]
ClaLosses:[0.4603143301610435]
ErrorEval=0.00500

*Epoch=371 LR=0.00070
GenLosses:[0.47079759354392686]
ClaLosses:[0.46038054575090825]
ErrorEval=0.00500

*Epoch=372 LR=0.00070
GenLosses:[0.47138719767332077]
ClaLosses:[0.46015859657054875]
ErrorEval=0.00490

*Epoch=373 LR=0.00069
GenLosses:[0.4708414799968402]
ClaLosses:[0.4601442552943173]
ErrorEval=0.00560

*Epoch=374 LR=0.00069
GenLosses:[0.4705191723505656]
ClaLosses:[0.4602992162538569]
ErrorEval=0.00480

*Epoch=375 LR=0.00069
GenLosses:[0.47077596351504325]
ClaLosses:[0.4603737388998271]
ErrorEval=0.00490

*Epoch=376 LR=0.00068
GenLosses:[0.47079793443282447]
ClaLosses:[0.46035006484800267]
ErrorEval=0.00500

*Epoch=377 LR=0.00068
GenLosses:[0.4708267263074716]
ClaLosses:[0.46031741158217965]
ErrorEval=0.00500

*Epoch=378 LR=0.00068
GenLosses:[0.47105686604976654]
ClaLosses:[0.45993419041556755]
ErrorEval=0.00530

*Epoch=379 LR=0.00067
GenLosses:[0.4704903315007687]
ClaLosses:[0.46043108250972975]
ErrorEval=0.00500

*Epoch=380 LR=0.00067
GenLosses:[0.4706495841840903]
ClaLosses:[0.4601482558449745]
ErrorEval=0.00490

*Epoch=381 LR=0.00067
GenLosses:[0.4708555675546328]
ClaLosses:[0.46014276558310513]
ErrorEval=0.00490

*Epoch=382 LR=0.00066
GenLosses:[0.4709733825425307]
ClaLosses:[0.46040097268496966]
ErrorEval=0.00460

*Epoch=383 LR=0.00066
GenLosses:[0.4707197238008181]
ClaLosses:[0.459515224250482]
ErrorEval=0.00520

*Epoch=384 LR=0.00066
GenLosses:[0.4710375168422858]
ClaLosses:[0.4599358151832223]
ErrorEval=0.00510

*Epoch=385 LR=0.00065
GenLosses:[0.47038678189118704]
ClaLosses:[0.4603317531301409]
ErrorEval=0.00520

*Epoch=386 LR=0.00065
GenLosses:[0.4707905977964401]
ClaLosses:[0.4604888161601964]
ErrorEval=0.00520

*Epoch=387 LR=0.00065
GenLosses:[0.4709079045554002]
ClaLosses:[0.4600021830432037]
ErrorEval=0.00500

*Epoch=388 LR=0.00064
GenLosses:[0.4708623451987902]
ClaLosses:[0.4602557833220107]
ErrorEval=0.00500

*Epoch=389 LR=0.00064
GenLosses:[0.4709799101948738]
ClaLosses:[0.4602911879449988]
ErrorEval=0.00540

*Epoch=390 LR=0.00064
GenLosses:[0.4712828575074673]
ClaLosses:[0.46001775027237585]
ErrorEval=0.00540

*Epoch=391 LR=0.00063
GenLosses:[0.4708687830468019]
ClaLosses:[0.45987339677266664]
ErrorEval=0.00530

*Epoch=392 LR=0.00063
GenLosses:[0.4708266014357408]
ClaLosses:[0.46039431659103525]
ErrorEval=0.00540

*Epoch=393 LR=0.00063
GenLosses:[0.4709715346992016]
ClaLosses:[0.4602831961918171]
ErrorEval=0.00530

*Epoch=394 LR=0.00062
GenLosses:[0.4713264565666517]
ClaLosses:[0.46021466350760626]
ErrorEval=0.00510

*Epoch=395 LR=0.00062
GenLosses:[0.4709110606213411]
ClaLosses:[0.4599704438332697]
ErrorEval=0.00510

*Epoch=396 LR=0.00062
GenLosses:[0.47128541380167005]
ClaLosses:[0.45954789749880587]
ErrorEval=0.00480

*Epoch=397 LR=0.00061
GenLosses:[0.47156652972102164]
ClaLosses:[0.46000683680941307]
ErrorEval=0.00530

*Epoch=398 LR=0.00061
GenLosses:[0.4712670319279035]
ClaLosses:[0.46022586868861975]
ErrorEval=0.00500

*Epoch=399 LR=0.00061
GenLosses:[0.470816961179177]
ClaLosses:[0.4600866285478029]
ErrorEval=0.00500

*Epoch=400 LR=0.00061
GenLosses:[0.4715341611703237]
ClaLosses:[0.4601434569037064]
ErrorEval=0.00500

*Epoch=401 LR=0.00060
GenLosses:[0.47104304646452266]
ClaLosses:[0.4597360913388728]
ErrorEval=0.00530

*Epoch=402 LR=0.00060
GenLosses:[0.4710902104775111]
ClaLosses:[0.4595053872276507]
ErrorEval=0.00460

*Epoch=403 LR=0.00060
GenLosses:[0.4710587093234062]
ClaLosses:[0.46015692225755556]
ErrorEval=0.00460

*Epoch=404 LR=0.00059
GenLosses:[0.4711944010357062]
ClaLosses:[0.459832435015764]
ErrorEval=0.00510

*Epoch=405 LR=0.00059
GenLosses:[0.4716631396114826]
ClaLosses:[0.4600761426443353]
ErrorEval=0.00480

*Epoch=406 LR=0.00059
GenLosses:[0.4715236775080363]
ClaLosses:[0.45968431025635376]
ErrorEval=0.00470

*Epoch=407 LR=0.00058
GenLosses:[0.47130598639448484]
ClaLosses:[0.4596307478829787]
ErrorEval=0.00510

*Epoch=408 LR=0.00058
GenLosses:[0.47154220337669056]
ClaLosses:[0.45989749148076187]
ErrorEval=0.00470

*Epoch=409 LR=0.00058
GenLosses:[0.4717545320093632]
ClaLosses:[0.4598464350030567]
ErrorEval=0.00520

*Epoch=410 LR=0.00058
GenLosses:[0.4715105540553729]
ClaLosses:[0.45965761786473336]
ErrorEval=0.00500

*Epoch=411 LR=0.00057
GenLosses:[0.4714032607277234]
ClaLosses:[0.460004201467288]
ErrorEval=0.00500

*Epoch=412 LR=0.00057
GenLosses:[0.47128281523784]
ClaLosses:[0.4592502789095396]
ErrorEval=0.00450

*Epoch=413 LR=0.00057
GenLosses:[0.4712055817246437]
ClaLosses:[0.460071306081025]
ErrorEval=0.00500

*Epoch=414 LR=0.00056
GenLosses:[0.4714749287068844]
ClaLosses:[0.4593306952582511]
ErrorEval=0.00450

*Epoch=415 LR=0.00056
GenLosses:[0.47144098540147145]
ClaLosses:[0.4596990142871896]
ErrorEval=0.00520

*Epoch=416 LR=0.00056
GenLosses:[0.4714051300287247]
ClaLosses:[0.45971167666005786]
ErrorEval=0.00540

*Epoch=417 LR=0.00056
GenLosses:[0.47156091819206875]
ClaLosses:[0.45971230046478495]
ErrorEval=0.00500

*Epoch=418 LR=0.00055
GenLosses:[0.47115916351477305]
ClaLosses:[0.45973388304705376]
ErrorEval=0.00480

*Epoch=419 LR=0.00055
GenLosses:[0.471861122349898]
ClaLosses:[0.45943613936743066]
ErrorEval=0.00500

*Epoch=420 LR=0.00055
GenLosses:[0.47104478418827056]
ClaLosses:[0.46012407788424486]
ErrorEval=0.00550

*Epoch=421 LR=0.00055
GenLosses:[0.47143921405076983]
ClaLosses:[0.4599578694636667]
ErrorEval=0.00530

*Epoch=422 LR=0.00054
GenLosses:[0.4714914052685102]
ClaLosses:[0.4595623850673144]
ErrorEval=0.00590

*Epoch=423 LR=0.00054
GenLosses:[0.47161237890521684]
ClaLosses:[0.45964327330089266]
ErrorEval=0.00540

*Epoch=424 LR=0.00054
GenLosses:[0.4711814601222674]
ClaLosses:[0.4597824518293059]
ErrorEval=0.00570

*Epoch=425 LR=0.00053
GenLosses:[0.47127012992898626]
ClaLosses:[0.4598125340118231]
ErrorEval=0.00550

*Epoch=426 LR=0.00053
GenLosses:[0.47152643352746965]
ClaLosses:[0.4594215392504255]
ErrorEval=0.00510

*Epoch=427 LR=0.00053
GenLosses:[0.47183826605478923]
ClaLosses:[0.4595031263339508]
ErrorEval=0.00510

*Epoch=428 LR=0.00053
GenLosses:[0.471531121134758]
ClaLosses:[0.45962940403816843]
ErrorEval=0.00510

*Epoch=429 LR=0.00052
GenLosses:[0.47155401051044465]
ClaLosses:[0.4597096481877972]
ErrorEval=0.00470

*Epoch=430 LR=0.00052
GenLosses:[0.47170434961716334]
ClaLosses:[0.459143761791006]
ErrorEval=0.00490

*Epoch=431 LR=0.00052
GenLosses:[0.47179370587070785]
ClaLosses:[0.4597587707396507]
ErrorEval=0.00530

*Epoch=432 LR=0.00052
GenLosses:[0.47183214540282886]
ClaLosses:[0.4596500138995049]
ErrorEval=0.00520

*Epoch=433 LR=0.00051
GenLosses:[0.47146942108869555]
ClaLosses:[0.4594770690040601]
ErrorEval=0.00540

*Epoch=434 LR=0.00051
GenLosses:[0.4716951806843281]
ClaLosses:[0.45960594071732674]
ErrorEval=0.00480

*Epoch=435 LR=0.00051
GenLosses:[0.4717938011884689]
ClaLosses:[0.45949619804239633]
ErrorEval=0.00520

*Epoch=436 LR=0.00051
GenLosses:[0.4717434625824293]
ClaLosses:[0.45955453289086684]
ErrorEval=0.00490

*Epoch=437 LR=0.00050
GenLosses:[0.47184652705987296]
ClaLosses:[0.46000181180730615]
ErrorEval=0.00520

*Epoch=438 LR=0.00050
GenLosses:[0.4712409836053848]
ClaLosses:[0.4597450821670099]
ErrorEval=0.00440

*Epoch=439 LR=0.00050
GenLosses:[0.4717044277489185]
ClaLosses:[0.4596346110434761]
ErrorEval=0.00480

*Epoch=440 LR=0.00050
GenLosses:[0.471798287332058]
ClaLosses:[0.4597384596617561]
ErrorEval=0.00490

*Epoch=441 LR=0.00049
GenLosses:[0.4715486440062523]
ClaLosses:[0.45958719520781405]
ErrorEval=0.00500

*Epoch=442 LR=0.00049
GenLosses:[0.4717149868110816]
ClaLosses:[0.45980849607572993]
ErrorEval=0.00480

*Epoch=443 LR=0.00049
GenLosses:[0.4715780368944009]
ClaLosses:[0.4596085581975649]
ErrorEval=0.00480

*Epoch=444 LR=0.00049
GenLosses:[0.47168410778045655]
ClaLosses:[0.4593818269903225]
ErrorEval=0.00470

*Epoch=445 LR=0.00048
GenLosses:[0.47186442856987315]
ClaLosses:[0.4593258680345221]
ErrorEval=0.00500

*Epoch=446 LR=0.00048
GenLosses:[0.47176532819867134]
ClaLosses:[0.4593277661602072]
ErrorEval=0.00500

*Epoch=447 LR=0.00048
GenLosses:[0.4713601536552111]
ClaLosses:[0.45941404296905297]
ErrorEval=0.00530

*Epoch=448 LR=0.00048
GenLosses:[0.47171734323104225]
ClaLosses:[0.4594253833551862]
ErrorEval=0.00550

*Epoch=449 LR=0.00047
GenLosses:[0.47181056732932725]
ClaLosses:[0.45985011604912085]
ErrorEval=0.00510

*Epoch=450 LR=0.00047
GenLosses:[0.47174312353134157]
ClaLosses:[0.45971258365639794]
ErrorEval=0.00530

*Epoch=451 LR=0.00047
GenLosses:[0.4715603105723858]
ClaLosses:[0.4594320004912108]
ErrorEval=0.00530

*Epoch=452 LR=0.00047
GenLosses:[0.4718159520129363]
ClaLosses:[0.45955370281181795]
ErrorEval=0.00540

*Epoch=453 LR=0.00046
GenLosses:[0.4716627672314644]
ClaLosses:[0.4596735864454894]
ErrorEval=0.00520

*Epoch=454 LR=0.00046
GenLosses:[0.4719742252926032]
ClaLosses:[0.4591994460978773]
ErrorEval=0.00520

*Epoch=455 LR=0.00046
GenLosses:[0.4719392978151639]
ClaLosses:[0.45935507879980114]
ErrorEval=0.00530

*Epoch=456 LR=0.00046
GenLosses:[0.4719008506337802]
ClaLosses:[0.45972557375305684]
ErrorEval=0.00520

*Epoch=457 LR=0.00046
GenLosses:[0.47207784910996753]
ClaLosses:[0.4594773417409074]
ErrorEval=0.00490

*Epoch=458 LR=0.00045
GenLosses:[0.4721724723279476]
ClaLosses:[0.45931243427628116]
ErrorEval=0.00490

*Epoch=459 LR=0.00045
GenLosses:[0.47182416091362633]
ClaLosses:[0.45928875387881635]
ErrorEval=0.00500

*Epoch=460 LR=0.00045
GenLosses:[0.47167327264944714]
ClaLosses:[0.4593912852346355]
ErrorEval=0.00510

*Epoch=461 LR=0.00045
GenLosses:[0.472195732096831]
ClaLosses:[0.45982445398695]
ErrorEval=0.00510

*Epoch=462 LR=0.00044
GenLosses:[0.47155605067809425]
ClaLosses:[0.45959018302778076]
ErrorEval=0.00500

*Epoch=463 LR=0.00044
GenLosses:[0.47176318819324176]
ClaLosses:[0.45996243495049716]
ErrorEval=0.00490

*Epoch=464 LR=0.00044
GenLosses:[0.47156440501411756]
ClaLosses:[0.45936414896389627]
ErrorEval=0.00540

*Epoch=465 LR=0.00044
GenLosses:[0.4721022879580657]
ClaLosses:[0.4592247104496306]
ErrorEval=0.00520

*Epoch=466 LR=0.00044
GenLosses:[0.4718223601082961]
ClaLosses:[0.4590148109261856]
ErrorEval=0.00490

*Epoch=467 LR=0.00043
GenLosses:[0.4719055180748304]
ClaLosses:[0.4592021555637418]
ErrorEval=0.00520

*Epoch=468 LR=0.00043
GenLosses:[0.4721038290858269]
ClaLosses:[0.45983569946313985]
ErrorEval=0.00520

*Epoch=469 LR=0.00043
GenLosses:[0.4717234534025192]
ClaLosses:[0.45888313809972014]
ErrorEval=0.00500

*Epoch=470 LR=0.00043
GenLosses:[0.4721246401965618]
ClaLosses:[0.4595212805423771]
ErrorEval=0.00520

*Epoch=471 LR=0.00042
GenLosses:[0.4717561526099841]
ClaLosses:[0.45940203283582276]
ErrorEval=0.00470

*Epoch=472 LR=0.00042
GenLosses:[0.4723608223597209]
ClaLosses:[0.45948480376125916]
ErrorEval=0.00460

*Epoch=473 LR=0.00042
GenLosses:[0.47187723105152446]
ClaLosses:[0.4597560756887904]
ErrorEval=0.00490

*Epoch=474 LR=0.00042
GenLosses:[0.4721012161672115]
ClaLosses:[0.45901506732303166]
ErrorEval=0.00420

*Epoch=475 LR=0.00042
GenLosses:[0.4718659917016824]
ClaLosses:[0.45936435256538183]
ErrorEval=0.00540

*Epoch=476 LR=0.00041
GenLosses:[0.47225640162825583]
ClaLosses:[0.459688088649627]
ErrorEval=0.00510

*Epoch=477 LR=0.00041
GenLosses:[0.4722627992928028]
ClaLosses:[0.45919293751457285]
ErrorEval=0.00510

*Epoch=478 LR=0.00041
GenLosses:[0.47178032154838245]
ClaLosses:[0.45899330077311673]
ErrorEval=0.00530

*Epoch=479 LR=0.00041
GenLosses:[0.4718968850870927]
ClaLosses:[0.45893061174149596]
ErrorEval=0.00510

*Epoch=480 LR=0.00041
GenLosses:[0.47210689504941306]
ClaLosses:[0.4596174533091903]
ErrorEval=0.00540

*Epoch=481 LR=0.00040
GenLosses:[0.47174455573161445]
ClaLosses:[0.45929807382856874]
ErrorEval=0.00520

*Epoch=482 LR=0.00040
GenLosses:[0.4718488485614459]
ClaLosses:[0.4592456752884601]
ErrorEval=0.00490

*Epoch=483 LR=0.00040
GenLosses:[0.4723507701853911]
ClaLosses:[0.45971001020263297]
ErrorEval=0.00500

*Epoch=484 LR=0.00040
GenLosses:[0.4717915266255538]
ClaLosses:[0.4594506095688546]
ErrorEval=0.00520

*Epoch=485 LR=0.00040
GenLosses:[0.4721427056193352]
ClaLosses:[0.4590166892844447]
ErrorEval=0.00520

*Epoch=486 LR=0.00039
GenLosses:[0.47231408551335335]
ClaLosses:[0.45955271697792255]
ErrorEval=0.00510

*Epoch=487 LR=0.00039
GenLosses:[0.47207052355011303]
ClaLosses:[0.45891791564420864]
ErrorEval=0.00510

*Epoch=488 LR=0.00039
GenLosses:[0.4721078309416771]
ClaLosses:[0.4594812204354906]
ErrorEval=0.00530

*Epoch=489 LR=0.00039
GenLosses:[0.4719771854082743]
ClaLosses:[0.4595072740536809]
ErrorEval=0.00540

*Epoch=490 LR=0.00039
GenLosses:[0.4720660566786925]
ClaLosses:[0.4592133356199529]
ErrorEval=0.00510

*Epoch=491 LR=0.00038
GenLosses:[0.4718722814321518]
ClaLosses:[0.45928170417597614]
ErrorEval=0.00540

*Epoch=492 LR=0.00038
GenLosses:[0.47170654545227686]
ClaLosses:[0.4593205035216886]
ErrorEval=0.00560

*Epoch=493 LR=0.00038
GenLosses:[0.47220153590043384]
ClaLosses:[0.45943515702231336]
ErrorEval=0.00530

*Epoch=494 LR=0.00038
GenLosses:[0.47234702145059904]
ClaLosses:[0.4592932807894316]
ErrorEval=0.00530

*Epoch=495 LR=0.00038
GenLosses:[0.47204171831409136]
ClaLosses:[0.45907506768959044]
ErrorEval=0.00520

*Epoch=496 LR=0.00037
GenLosses:[0.47203309630354245]
ClaLosses:[0.4593824913963012]
ErrorEval=0.00510

*Epoch=497 LR=0.00037
GenLosses:[0.47220277855793635]
ClaLosses:[0.45948028146775943]
ErrorEval=0.00540

*Epoch=498 LR=0.00037
GenLosses:[0.472273106276989]
ClaLosses:[0.4591994234432246]
ErrorEval=0.00570

*Epoch=499 LR=0.00037
GenLosses:[0.4726030058662097]
ClaLosses:[0.45966593524495397]
ErrorEval=0.00550

*Epoch=500 LR=0.00037
GenLosses:[0.47193856780727705]
ClaLosses:[0.4593976069648565]
ErrorEval=0.00530

*Epoch=501 LR=0.00037
GenLosses:[0.47147554780046147]
ClaLosses:[0.4592096469632799]
ErrorEval=0.00570

*Epoch=502 LR=0.00036
GenLosses:[0.47166776766379676]
ClaLosses:[0.45930082025144003]
ErrorEval=0.00520

*Epoch=503 LR=0.00036
GenLosses:[0.4721269571284453]
ClaLosses:[0.4591644592497853]
ErrorEval=0.00500

*Epoch=504 LR=0.00036
GenLosses:[0.4719158800939719]
ClaLosses:[0.45903345392718214]
ErrorEval=0.00500

*Epoch=505 LR=0.00036
GenLosses:[0.47225524668892227]
ClaLosses:[0.45920156978914994]
ErrorEval=0.00510

*Epoch=506 LR=0.00036
GenLosses:[0.47200220728913944]
ClaLosses:[0.4598208806785062]
ErrorEval=0.00520

*Epoch=507 LR=0.00035
GenLosses:[0.47225927114486693]
ClaLosses:[0.4592920005508707]
ErrorEval=0.00510

*Epoch=508 LR=0.00035
GenLosses:[0.472595765242974]
ClaLosses:[0.45896217924294463]
ErrorEval=0.00560

*Epoch=509 LR=0.00035
GenLosses:[0.4720453949272633]
ClaLosses:[0.4591166170502007]
ErrorEval=0.00480

*Epoch=510 LR=0.00035
GenLosses:[0.47247936576604843]
ClaLosses:[0.45957044940691116]
ErrorEval=0.00490

*Epoch=511 LR=0.00035
GenLosses:[0.4722326043744882]
ClaLosses:[0.4592547226230311]
ErrorEval=0.00520

*Epoch=512 LR=0.00035
GenLosses:[0.47195335750778517]
ClaLosses:[0.45948589614377217]
ErrorEval=0.00520

*Epoch=513 LR=0.00034
GenLosses:[0.4724007031818231]
ClaLosses:[0.4589975726198596]
ErrorEval=0.00540

*Epoch=514 LR=0.00034
GenLosses:[0.47227356225252154]
ClaLosses:[0.45961741060834177]
ErrorEval=0.00510

*Epoch=515 LR=0.00034
GenLosses:[0.4718424845735232]
ClaLosses:[0.45886058625263815]
ErrorEval=0.00510

*Epoch=516 LR=0.00034
GenLosses:[0.4726097902158896]
ClaLosses:[0.45940485641626]
ErrorEval=0.00520

*Epoch=517 LR=0.00034
GenLosses:[0.4723015316327413]
ClaLosses:[0.45944193627026114]
ErrorEval=0.00510

*Epoch=518 LR=0.00034
GenLosses:[0.47251465181509655]
ClaLosses:[0.4595341917624784]
ErrorEval=0.00500

*Epoch=519 LR=0.00033
GenLosses:[0.472092414945364]
ClaLosses:[0.4589648304530635]
ErrorEval=0.00510

*Epoch=520 LR=0.00033
GenLosses:[0.4722221976021926]
ClaLosses:[0.45947273308404446]
ErrorEval=0.00500

*Epoch=521 LR=0.00033
GenLosses:[0.4723008346060912]
ClaLosses:[0.45963616065531104]
ErrorEval=0.00540

*Epoch=522 LR=0.00033
GenLosses:[0.47248184924324355]
ClaLosses:[0.4594307900281393]
ErrorEval=0.00560

*Epoch=523 LR=0.00033
GenLosses:[0.4722573988636335]
ClaLosses:[0.45934235977557836]
ErrorEval=0.00540

*Epoch=524 LR=0.00033
GenLosses:[0.47228315646449726]
ClaLosses:[0.45960973401716976]
ErrorEval=0.00570

*Epoch=525 LR=0.00032
GenLosses:[0.4726421902577082]
ClaLosses:[0.45929889782478955]
ErrorEval=0.00550

*Epoch=526 LR=0.00032
GenLosses:[0.4721192733446757]
ClaLosses:[0.459181201828259]
ErrorEval=0.00510

*Epoch=527 LR=0.00032
GenLosses:[0.47214898144205414]
ClaLosses:[0.4590744648808281]
ErrorEval=0.00510

*Epoch=528 LR=0.00032
GenLosses:[0.4720865641037623]
ClaLosses:[0.45936835479161725]
ErrorEval=0.00530

*Epoch=529 LR=0.00032
GenLosses:[0.47245405877629915]
ClaLosses:[0.4593319290859628]
ErrorEval=0.00520

*Epoch=530 LR=0.00032
GenLosses:[0.47228773425022763]
ClaLosses:[0.45918744863548916]
ErrorEval=0.00550

*Epoch=531 LR=0.00031
GenLosses:[0.47261259620388346]
ClaLosses:[0.45915944550202925]
ErrorEval=0.00560

*Epoch=532 LR=0.00031
GenLosses:[0.4723831489185492]
ClaLosses:[0.4592642428689823]
ErrorEval=0.00490

*Epoch=533 LR=0.00031
GenLosses:[0.4727625688413779]
ClaLosses:[0.4592547872038791]
ErrorEval=0.00540

*Epoch=534 LR=0.00031
GenLosses:[0.4720588678618272]
ClaLosses:[0.4588987087082946]
ErrorEval=0.00490

*Epoch=535 LR=0.00031
GenLosses:[0.47234738980730373]
ClaLosses:[0.4592182665113974]
ErrorEval=0.00570

*Epoch=536 LR=0.00031
GenLosses:[0.47210417519013087]
ClaLosses:[0.45909285789952065]
ErrorEval=0.00550

*Epoch=537 LR=0.00030
GenLosses:[0.47283687844872474]
ClaLosses:[0.4593994828333273]
ErrorEval=0.00480

*Epoch=538 LR=0.00030
GenLosses:[0.4725530307988326]
ClaLosses:[0.45931544192879953]
ErrorEval=0.00530

*Epoch=539 LR=0.00030
GenLosses:[0.4725960287451744]
ClaLosses:[0.4593367893301555]
ErrorEval=0.00550

*Epoch=540 LR=0.00030
GenLosses:[0.47218089297413823]
ClaLosses:[0.4594819485796706]
ErrorEval=0.00510

*Epoch=541 LR=0.00030
GenLosses:[0.472301907936732]
ClaLosses:[0.45842179636123165]
ErrorEval=0.00550

*Epoch=542 LR=0.00030
GenLosses:[0.47229926218589147]
ClaLosses:[0.45936843182056514]
ErrorEval=0.00530

*Epoch=543 LR=0.00030
GenLosses:[0.4724518063664436]
ClaLosses:[0.45946564682167623]
ErrorEval=0.00520

*Epoch=544 LR=0.00029
GenLosses:[0.47245336676637334]
ClaLosses:[0.4587258021354645]
ErrorEval=0.00540

*Epoch=545 LR=0.00029
GenLosses:[0.4722141560912132]
ClaLosses:[0.45912664377982754]
ErrorEval=0.00500

*Epoch=546 LR=0.00029
GenLosses:[0.4724486784140269]
ClaLosses:[0.45955804880756573]
ErrorEval=0.00510

*Epoch=547 LR=0.00029
GenLosses:[0.47200682158271473]
ClaLosses:[0.45912077052684414]
ErrorEval=0.00500

*Epoch=548 LR=0.00029
GenLosses:[0.47256381377577783]
ClaLosses:[0.45932972525176285]
ErrorEval=0.00510

*Epoch=549 LR=0.00029
GenLosses:[0.47211907029151917]
ClaLosses:[0.4590863398150489]
ErrorEval=0.00510

*Epoch=550 LR=0.00029
GenLosses:[0.472402412990729]
ClaLosses:[0.4589518391453749]
ErrorEval=0.00500

*Epoch=551 LR=0.00028
GenLosses:[0.4722606528798739]
ClaLosses:[0.45927812956157243]
ErrorEval=0.00480

*Epoch=552 LR=0.00028
GenLosses:[0.4722674122949441]
ClaLosses:[0.45913693677520956]
ErrorEval=0.00510

*Epoch=553 LR=0.00028
GenLosses:[0.4723669782280922]
ClaLosses:[0.45904295700907854]
ErrorEval=0.00520

*Epoch=554 LR=0.00028
GenLosses:[0.472583609521389]
ClaLosses:[0.4591322107783187]
ErrorEval=0.00500

*Epoch=555 LR=0.00028
GenLosses:[0.4723932683467865]
ClaLosses:[0.45924108376552597]
ErrorEval=0.00490

*Epoch=556 LR=0.00028
GenLosses:[0.4726907708744208]
ClaLosses:[0.4592355417370034]
ErrorEval=0.00500

*Epoch=557 LR=0.00028
GenLosses:[0.47238531316320104]
ClaLosses:[0.45894587676715515]
ErrorEval=0.00470

*Epoch=558 LR=0.00027
GenLosses:[0.47212242792050046]
ClaLosses:[0.4589637489027577]
ErrorEval=0.00450

*Epoch=559 LR=0.00027
GenLosses:[0.4721962769329548]
ClaLosses:[0.4593751310658962]
ErrorEval=0.00490

*Epoch=560 LR=0.00027
GenLosses:[0.47263975992798807]
ClaLosses:[0.4590384351270004]
ErrorEval=0.00490

*Epoch=561 LR=0.00027
GenLosses:[0.47247269491354627]
ClaLosses:[0.459340027481394]
ErrorEval=0.00500

*Epoch=562 LR=0.00027
GenLosses:[0.4723515393833319]
ClaLosses:[0.458940148071163]
ErrorEval=0.00500

*Epoch=563 LR=0.00027
GenLosses:[0.4723305049041907]
ClaLosses:[0.45920176174509225]
ErrorEval=0.00500

*Epoch=564 LR=0.00027
GenLosses:[0.47238120113809906]
ClaLosses:[0.4591525930318504]
ErrorEval=0.00490

*Epoch=565 LR=0.00026
GenLosses:[0.47212496091922124]
ClaLosses:[0.4585879730976655]
ErrorEval=0.00540

*Epoch=566 LR=0.00026
GenLosses:[0.4728028071920077]
ClaLosses:[0.45933154935224363]
ErrorEval=0.00530

*Epoch=567 LR=0.00026
GenLosses:[0.4728672361373901]
ClaLosses:[0.45915346967693654]
ErrorEval=0.00490

*Epoch=568 LR=0.00026
GenLosses:[0.4726517229278882]
ClaLosses:[0.4591935514009769]
ErrorEval=0.00500

*Epoch=569 LR=0.00026
GenLosses:[0.4725819756090641]
ClaLosses:[0.4594019545448232]
ErrorEval=0.00500

*Epoch=570 LR=0.00026
GenLosses:[0.47265873114267987]
ClaLosses:[0.4594153110095088]
ErrorEval=0.00510

*Epoch=571 LR=0.00026
GenLosses:[0.47283280005057654]
ClaLosses:[0.458814946193561]
ErrorEval=0.00520

*Epoch=572 LR=0.00026
GenLosses:[0.47272307122747104]
ClaLosses:[0.4595074579525114]
ErrorEval=0.00510

*Epoch=573 LR=0.00025
GenLosses:[0.4723927200337251]
ClaLosses:[0.45927184933062865]
ErrorEval=0.00510

*Epoch=574 LR=0.00025
GenLosses:[0.4726438760260741]
ClaLosses:[0.45887287115222697]
ErrorEval=0.00510

*Epoch=575 LR=0.00025
GenLosses:[0.4724650844434897]
ClaLosses:[0.4592558396296933]
ErrorEval=0.00490

*Epoch=576 LR=0.00025
GenLosses:[0.47217797537644707]
ClaLosses:[0.4590004085662242]
ErrorEval=0.00470

*Epoch=577 LR=0.00025
GenLosses:[0.4723389947414398]
ClaLosses:[0.45878827286803653]
ErrorEval=0.00490

*Epoch=578 LR=0.00025
GenLosses:[0.47242079173525175]
ClaLosses:[0.45916206269967225]
ErrorEval=0.00500

*Epoch=579 LR=0.00025
GenLosses:[0.47228096733490627]
ClaLosses:[0.4586032317747474]
ErrorEval=0.00510

*Epoch=580 LR=0.00025
GenLosses:[0.47269357641537985]
ClaLosses:[0.45886944245876066]
ErrorEval=0.00500

*Epoch=581 LR=0.00024
GenLosses:[0.47277431160211564]
ClaLosses:[0.4598537847664711]
ErrorEval=0.00500

*Epoch=582 LR=0.00024
GenLosses:[0.4726296717921893]
ClaLosses:[0.45907699014232295]
ErrorEval=0.00490

*Epoch=583 LR=0.00024
GenLosses:[0.47241766507426897]
ClaLosses:[0.4589036351117823]
ErrorEval=0.00510

*Epoch=584 LR=0.00024
GenLosses:[0.4728413303693136]
ClaLosses:[0.4589998439194004]
ErrorEval=0.00550

*Epoch=585 LR=0.00024
GenLosses:[0.4723726328710715]
ClaLosses:[0.4588383062976558]
ErrorEval=0.00500

*Epoch=586 LR=0.00024
GenLosses:[0.472600588152806]
ClaLosses:[0.4587658403446266]
ErrorEval=0.00490

*Epoch=587 LR=0.00024
GenLosses:[0.4730819567541281]
ClaLosses:[0.45910866814865053]
ErrorEval=0.00490

*Epoch=588 LR=0.00024
GenLosses:[0.47277092789610226]
ClaLosses:[0.4591907838602052]
ErrorEval=0.00510

*Epoch=589 LR=0.00023
GenLosses:[0.4727241845428944]
ClaLosses:[0.4596095022747458]
ErrorEval=0.00510

*Epoch=590 LR=0.00023
GenLosses:[0.4727887300153573]
ClaLosses:[0.45931465554086404]
ErrorEval=0.00490

*Epoch=591 LR=0.00023
GenLosses:[0.4725858220954736]
ClaLosses:[0.4589090446948614]
ErrorEval=0.00520

*Epoch=592 LR=0.00023
GenLosses:[0.47256205876668295]
ClaLosses:[0.45910226755297484]
ErrorEval=0.00470

*Epoch=593 LR=0.00023
GenLosses:[0.47284550110499063]
ClaLosses:[0.4592118717963651]
ErrorEval=0.00510

*Epoch=594 LR=0.00023
GenLosses:[0.4723306015630563]
ClaLosses:[0.45942761975003443]
ErrorEval=0.00500

*Epoch=595 LR=0.00023
GenLosses:[0.4722631033261617]
ClaLosses:[0.45937040351054825]
ErrorEval=0.00520

*Epoch=596 LR=0.00023
GenLosses:[0.4727711678047975]
ClaLosses:[0.4591785151205973]
ErrorEval=0.00480

*Epoch=597 LR=0.00023
GenLosses:[0.47267247398694356]
ClaLosses:[0.4588853262626844]
ErrorEval=0.00490

*Epoch=598 LR=0.00022
GenLosses:[0.4727103289961815]
ClaLosses:[0.4587999082928256]
ErrorEval=0.00490

*Epoch=599 LR=0.00022
GenLosses:[0.4721875803172588]
ClaLosses:[0.45896283875892363]
ErrorEval=0.00510

*Epoch=600 LR=0.00022
GenLosses:[0.4724968373278777]
ClaLosses:[0.45886078666437063]
ErrorEval=0.00490

*Epoch=601 LR=0.00022
GenLosses:[0.47257911215225856]
ClaLosses:[0.4588779529169744]
ErrorEval=0.00490

*Epoch=602 LR=0.00022
GenLosses:[0.47229972238341966]
ClaLosses:[0.4586122126617835]
ErrorEval=0.00500

*Epoch=603 LR=0.00022
GenLosses:[0.4728159043689569]
ClaLosses:[0.45890130161002635]
ErrorEval=0.00460

*Epoch=604 LR=0.00022
GenLosses:[0.4724461305141449]
ClaLosses:[0.45900025130939837]
ErrorEval=0.00520

*Epoch=605 LR=0.00022
GenLosses:[0.47234573553005854]
ClaLosses:[0.4590146192651534]
ErrorEval=0.00500

*Epoch=606 LR=0.00022
GenLosses:[0.4726856842140357]
ClaLosses:[0.45925683701016246]
ErrorEval=0.00490

*Epoch=607 LR=0.00021
GenLosses:[0.47293616930643717]
ClaLosses:[0.4590690756858923]
ErrorEval=0.00520

*Epoch=608 LR=0.00021
GenLosses:[0.4727608193953832]
ClaLosses:[0.4591275294288879]
ErrorEval=0.00530

*Epoch=609 LR=0.00021
GenLosses:[0.47263078967730204]
ClaLosses:[0.45914520623441274]
ErrorEval=0.00490

*Epoch=610 LR=0.00021
GenLosses:[0.4730580350756645]
ClaLosses:[0.45901110334795114]
ErrorEval=0.00520

*Epoch=611 LR=0.00021
GenLosses:[0.4725641267001629]
ClaLosses:[0.4585622754449429]
ErrorEval=0.00480

*Epoch=612 LR=0.00021
GenLosses:[0.4725299299756686]
ClaLosses:[0.4587055478405596]
ErrorEval=0.00520

*Epoch=613 LR=0.00021
GenLosses:[0.4728159327805042]
ClaLosses:[0.4593330033009253]
ErrorEval=0.00500

*Epoch=614 LR=0.00021
GenLosses:[0.4728161537150542]
ClaLosses:[0.45912550748304654]
ErrorEval=0.00530

*Epoch=615 LR=0.00021
GenLosses:[0.47285591969887414]
ClaLosses:[0.4591292206758609]
ErrorEval=0.00490

*Epoch=616 LR=0.00021
GenLosses:[0.47229237750172615]
ClaLosses:[0.4589986446529012]
ErrorEval=0.00460

*Epoch=617 LR=0.00020
GenLosses:[0.472594766219457]
ClaLosses:[0.45889526528004076]
ErrorEval=0.00460

*Epoch=618 LR=0.00020
GenLosses:[0.4727796309689681]
ClaLosses:[0.4589739742259038]
ErrorEval=0.00490

*Epoch=619 LR=0.00020
GenLosses:[0.47287137895822523]
ClaLosses:[0.4588092234642485]
ErrorEval=0.00500

*Epoch=620 LR=0.00020
GenLosses:[0.472762915045023]
ClaLosses:[0.45917754005906847]
ErrorEval=0.00520

*Epoch=621 LR=0.00020
GenLosses:[0.4728957064449787]
ClaLosses:[0.45907354664412914]
ErrorEval=0.00490

*Epoch=622 LR=0.00020
GenLosses:[0.4727670705318451]
ClaLosses:[0.45929139352440207]
ErrorEval=0.00510

*Epoch=623 LR=0.00020
GenLosses:[0.4724651206036409]
ClaLosses:[0.4593120787561597]
ErrorEval=0.00460

*Epoch=624 LR=0.00020
GenLosses:[0.4729472107688586]
ClaLosses:[0.45888535920240525]
ErrorEval=0.00460

*Epoch=625 LR=0.00020
GenLosses:[0.4726069341599941]
ClaLosses:[0.4592524375884101]
ErrorEval=0.00490

*Epoch=626 LR=0.00020
GenLosses:[0.4724639132618904]
ClaLosses:[0.45894763269644917]
ErrorEval=0.00480

*Epoch=627 LR=0.00019
GenLosses:[0.47218051622311275]
ClaLosses:[0.4591757131485932]
ErrorEval=0.00520

*Epoch=628 LR=0.00019
GenLosses:[0.47305018310745556]
ClaLosses:[0.45924832091657103]
ErrorEval=0.00490

*Epoch=629 LR=0.00019
GenLosses:[0.47277658954262736]
ClaLosses:[0.4592410909316058]
ErrorEval=0.00490

*Epoch=630 LR=0.00019
GenLosses:[0.47261374101042747]
ClaLosses:[0.45913927313901565]
ErrorEval=0.00500

*Epoch=631 LR=0.00019
GenLosses:[0.4726865827043851]
ClaLosses:[0.45931721358520805]
ErrorEval=0.00480

*Epoch=632 LR=0.00019
GenLosses:[0.4728630106647809]
ClaLosses:[0.45872775670711413]
ErrorEval=0.00500

*Epoch=633 LR=0.00019
GenLosses:[0.4729190886517366]
ClaLosses:[0.4589350196514572]
ErrorEval=0.00510

*Epoch=634 LR=0.00019
GenLosses:[0.47260077009598417]
ClaLosses:[0.45895971688346104]
ErrorEval=0.00500

*Epoch=635 LR=0.00019
GenLosses:[0.4729132441182931]
ClaLosses:[0.45890539901640787]
ErrorEval=0.00510

*Epoch=636 LR=0.00019
GenLosses:[0.47281931936740873]
ClaLosses:[0.45926815401952675]
ErrorEval=0.00480

*Epoch=637 LR=0.00018
GenLosses:[0.4729089427491029]
ClaLosses:[0.4591615790438134]
ErrorEval=0.00470

*Epoch=638 LR=0.00018
GenLosses:[0.47271552761395774]
ClaLosses:[0.4589430268858564]
ErrorEval=0.00470

*Epoch=639 LR=0.00018
GenLosses:[0.4726435079177221]
ClaLosses:[0.458714798210025]
ErrorEval=0.00470

*Epoch=640 LR=0.00018
GenLosses:[0.4728279596070449]
ClaLosses:[0.4588223565220409]
ErrorEval=0.00500

*Epoch=641 LR=0.00018
GenLosses:[0.4727757927775383]
ClaLosses:[0.4589469477053953]
ErrorEval=0.00500

*Epoch=642 LR=0.00018
GenLosses:[0.47298382555445034]
ClaLosses:[0.4589217155332101]
ErrorEval=0.00470

*Epoch=643 LR=0.00018
GenLosses:[0.4731836706399918]
ClaLosses:[0.45903601106407155]
ErrorEval=0.00450

*Epoch=644 LR=0.00018
GenLosses:[0.4730449388424555]
ClaLosses:[0.4590339979721484]
ErrorEval=0.00450

*Epoch=645 LR=0.00018
GenLosses:[0.47267386997739474]
ClaLosses:[0.45926765854151075]
ErrorEval=0.00460

*Epoch=646 LR=0.00018
GenLosses:[0.4726815314590931]
ClaLosses:[0.4590172108660095]
ErrorEval=0.00490

*Epoch=647 LR=0.00018
GenLosses:[0.4730425491432349]
ClaLosses:[0.4590270263500311]
ErrorEval=0.00540

*Epoch=648 LR=0.00017
GenLosses:[0.47289153198401135]
ClaLosses:[0.458814350692783]
ErrorEval=0.00470

*Epoch=649 LR=0.00017
GenLosses:[0.47272622436285017]
ClaLosses:[0.45925924169937776]
ErrorEval=0.00510

*Epoch=650 LR=0.00017
GenLosses:[0.47274706383546194]
ClaLosses:[0.45903246606224274]
ErrorEval=0.00490

*Epoch=651 LR=0.00017
GenLosses:[0.4725549686948458]
ClaLosses:[0.45866510483081624]
ErrorEval=0.00510

*Epoch=652 LR=0.00017
GenLosses:[0.47280030354857444]
ClaLosses:[0.458853336284479]
ErrorEval=0.00530

*Epoch=653 LR=0.00017
GenLosses:[0.4732814265290896]
ClaLosses:[0.45861447605287403]
ErrorEval=0.00510

*Epoch=654 LR=0.00017
GenLosses:[0.47329723273714386]
ClaLosses:[0.4592350010748328]
ErrorEval=0.00490

*Epoch=655 LR=0.00017
GenLosses:[0.4733189673225085]
ClaLosses:[0.4589289931397718]
ErrorEval=0.00500

*Epoch=656 LR=0.00017
GenLosses:[0.47288505936662356]
ClaLosses:[0.45925938232311486]
ErrorEval=0.00480

*Epoch=657 LR=0.00017
GenLosses:[0.47293862437208495]
ClaLosses:[0.4591360830816594]
ErrorEval=0.00530

*Epoch=658 LR=0.00017
GenLosses:[0.47341682374477384]
ClaLosses:[0.45920066768374196]
ErrorEval=0.00490

*Epoch=659 LR=0.00017
GenLosses:[0.4729649017751217]
ClaLosses:[0.45922113825441246]
ErrorEval=0.00480

*Epoch=660 LR=0.00016
GenLosses:[0.472960022042195]
ClaLosses:[0.45904034770997193]
ErrorEval=0.00460

*Epoch=661 LR=0.00016
GenLosses:[0.47300079027811687]
ClaLosses:[0.4588181596076659]
ErrorEval=0.00480

*Epoch=662 LR=0.00016
GenLosses:[0.47302699988087016]
ClaLosses:[0.45900395146978507]
ErrorEval=0.00460

*Epoch=663 LR=0.00016
GenLosses:[0.47298511137564975]
ClaLosses:[0.45903115363863234]
ErrorEval=0.00480

*Epoch=664 LR=0.00016
GenLosses:[0.47300711234410603]
ClaLosses:[0.4592855048138993]
ErrorEval=0.00460

*Epoch=665 LR=0.00016
GenLosses:[0.47257479826609294]
ClaLosses:[0.4590010593229122]
ErrorEval=0.00490

*Epoch=666 LR=0.00016
GenLosses:[0.4725778440137704]
ClaLosses:[0.4589114680724618]
ErrorEval=0.00480

*Epoch=667 LR=0.00016
GenLosses:[0.47312051862478255]
ClaLosses:[0.45924600839302987]
ErrorEval=0.00500

*Epoch=668 LR=0.00016
GenLosses:[0.47276943748195965]
ClaLosses:[0.4590961746932132]
ErrorEval=0.00500

*Epoch=669 LR=0.00016
GenLosses:[0.4729060177505016]
ClaLosses:[0.4587939324155922]
ErrorEval=0.00470

*Epoch=670 LR=0.00016
GenLosses:[0.47295625458161034]
ClaLosses:[0.4587892333011297]
ErrorEval=0.00450

*Epoch=671 LR=0.00016
GenLosses:[0.4727194165686766]
ClaLosses:[0.45881914819041214]
ErrorEval=0.00510

*Epoch=672 LR=0.00015
GenLosses:[0.47293977414568267]
ClaLosses:[0.45918145003208605]
ErrorEval=0.00500

*Epoch=673 LR=0.00015
GenLosses:[0.4729254110654195]
ClaLosses:[0.4591119384243045]
ErrorEval=0.00480

*Epoch=674 LR=0.00015
GenLosses:[0.4728516751031081]
ClaLosses:[0.45897413893001676]
ErrorEval=0.00490

*Epoch=675 LR=0.00015
GenLosses:[0.47276606276631356]
ClaLosses:[0.4591330154666712]
ErrorEval=0.00500

*Epoch=676 LR=0.00015
GenLosses:[0.4730903309583664]
ClaLosses:[0.45879076997820817]
ErrorEval=0.00460

*Epoch=677 LR=0.00015
GenLosses:[0.47303460737069447]
ClaLosses:[0.4594991784865915]
ErrorEval=0.00460

*Epoch=678 LR=0.00015
GenLosses:[0.47269890864690145]
ClaLosses:[0.45868105316959334]
ErrorEval=0.00510

*Epoch=679 LR=0.00015
GenLosses:[0.4730234662195047]
ClaLosses:[0.45874307491975286]
ErrorEval=0.00490

*Epoch=680 LR=0.00015
GenLosses:[0.4730498031278451]
ClaLosses:[0.45864523095231646]
ErrorEval=0.00440

*Epoch=681 LR=0.00015
GenLosses:[0.4730563191572825]
ClaLosses:[0.45895733663286736]
ErrorEval=0.00500

*Epoch=682 LR=0.00015
GenLosses:[0.4731106374164422]
ClaLosses:[0.45905282875970793]
ErrorEval=0.00450

*Epoch=683 LR=0.00015
GenLosses:[0.47315758009751635]
ClaLosses:[0.45938714493692817]
ErrorEval=0.00500

*Epoch=684 LR=0.00015
GenLosses:[0.47288220927119257]
ClaLosses:[0.4589476828085885]
ErrorEval=0.00500

*Epoch=685 LR=0.00015
GenLosses:[0.47301326925555864]
ClaLosses:[0.4590471107133665]
ErrorEval=0.00460

*Epoch=686 LR=0.00014
GenLosses:[0.47276872470974923]
ClaLosses:[0.45904461550297415]
ErrorEval=0.00490

*Epoch=687 LR=0.00014
GenLosses:[0.47275030811627705]
ClaLosses:[0.45904379400616124]
ErrorEval=0.00490

*Epoch=688 LR=0.00014
GenLosses:[0.47309597169359524]
ClaLosses:[0.4589664679133197]
ErrorEval=0.00480

*Epoch=689 LR=0.00014
GenLosses:[0.47281583487987516]
ClaLosses:[0.45889341950165186]
ErrorEval=0.00460

*Epoch=690 LR=0.00014
GenLosses:[0.4729348297417164]
ClaLosses:[0.4584432799208244]
ErrorEval=0.00470

*Epoch=691 LR=0.00014
GenLosses:[0.4729850182433923]
ClaLosses:[0.45941920093138255]
ErrorEval=0.00480

*Epoch=692 LR=0.00014
GenLosses:[0.472980692833662]
ClaLosses:[0.45933750764887493]
ErrorEval=0.00500

*Epoch=693 LR=0.00014
GenLosses:[0.4733092464009921]
ClaLosses:[0.45944391964850684]
ErrorEval=0.00480

*Epoch=694 LR=0.00014
GenLosses:[0.47269014686346056]
ClaLosses:[0.4587288124146527]
ErrorEval=0.00480

*Epoch=695 LR=0.00014
GenLosses:[0.4731700757642587]
ClaLosses:[0.45881495448098986]
ErrorEval=0.00490

*Epoch=696 LR=0.00014
GenLosses:[0.473465119600296]
ClaLosses:[0.45875998940309765]
ErrorEval=0.00510

*Epoch=697 LR=0.00014
GenLosses:[0.4732888725399971]
ClaLosses:[0.45871413799163197]
ErrorEval=0.00500

*Epoch=698 LR=0.00014
GenLosses:[0.4727067516247431]
ClaLosses:[0.45884150612469576]
ErrorEval=0.00490

*Epoch=699 LR=0.00014
GenLosses:[0.47275281220674514]
ClaLosses:[0.45933021114066663]
ErrorEval=0.00530

