*Epoch=1 LR=0.00100
GenLosses:[1.6409492785731952]
ClaLosses:[0.023492617797771856]
ErrorEval=0.10120

*Epoch=2 LR=0.00100
GenLosses:[2.8614883184432984]
ClaLosses:[0.018741284197844144]
ErrorEval=0.08560

*Epoch=3 LR=0.00100
GenLosses:[2.3446231822172803]
ClaLosses:[0.01656361832847981]
ErrorEval=0.07060

*Epoch=4 LR=0.00100
GenLosses:[1.4393119648098947]
ClaLosses:[0.015431514458472956]
ErrorEval=0.06120

*Epoch=5 LR=0.00100
GenLosses:[1.4109645456075668]
ClaLosses:[0.059230810508205604]
ErrorEval=0.09470

*Epoch=6 LR=0.00100
GenLosses:[1.238607000807921]
ClaLosses:[0.02407669073802706]
ErrorEval=0.08580

*Epoch=7 LR=0.00100
GenLosses:[1.119709946711858]
ClaLosses:[0.020002519478552947]
ErrorEval=0.07370

*Epoch=8 LR=0.00100
GenLosses:[1.064156640569369]
ClaLosses:[0.028644966708029622]
ErrorEval=0.07200

*Epoch=9 LR=0.00100
GenLosses:[1.0842167561252911]
ClaLosses:[0.020681823405901367]
ErrorEval=0.07550

*Epoch=10 LR=0.00100
GenLosses:[0.9366454089681308]
ClaLosses:[0.3981322314742862]
ErrorEval=0.05650

*Epoch=11 LR=0.00100
GenLosses:[0.8690610359112422]
ClaLosses:[0.41233197840698]
ErrorEval=0.04930

*Epoch=12 LR=0.00100
GenLosses:[0.8587745095292727]
ClaLosses:[0.3998320429022185]
ErrorEval=0.05510

*Epoch=13 LR=0.00100
GenLosses:[0.78261525730292]
ClaLosses:[0.4059320570553084]
ErrorEval=0.05330

*Epoch=14 LR=0.00100
GenLosses:[0.8156783071657022]
ClaLosses:[0.39918233845626616]
ErrorEval=0.05080

*Epoch=15 LR=0.00100
GenLosses:[0.7134112129608791]
ClaLosses:[0.40592870892430183]
ErrorEval=0.04780

*Epoch=16 LR=0.00100
GenLosses:[0.696825547516346]
ClaLosses:[0.4124302126323261]
ErrorEval=0.04690

*Epoch=17 LR=0.00100
GenLosses:[0.6880245640873909]
ClaLosses:[0.4153154595104546]
ErrorEval=0.04580

*Epoch=18 LR=0.00100
GenLosses:[0.6875880464911461]
ClaLosses:[0.4156908249125092]
ErrorEval=0.04470

*Epoch=19 LR=0.00100
GenLosses:[0.662519350151221]
ClaLosses:[0.4183001777023938]
ErrorEval=0.04610

*Epoch=20 LR=0.00100
GenLosses:[0.6568152867257595]
ClaLosses:[0.4188056918808326]
ErrorEval=0.04850

*Epoch=21 LR=0.00100
GenLosses:[0.6385177200039228]
ClaLosses:[0.42242693820465954]
ErrorEval=0.04590

*Epoch=22 LR=0.00100
GenLosses:[0.6300547763705253]
ClaLosses:[0.42242588553697596]
ErrorEval=0.04290

*Epoch=23 LR=0.00100
GenLosses:[0.6147558594743411]
ClaLosses:[0.4267125180046923]
ErrorEval=0.04230

*Epoch=24 LR=0.00100
GenLosses:[0.6170615697900454]
ClaLosses:[0.4263927914968236]
ErrorEval=0.04030

*Epoch=25 LR=0.00100
GenLosses:[0.6153125494718552]
ClaLosses:[0.4269178059436765]
ErrorEval=0.03900

*Epoch=26 LR=0.00100
GenLosses:[0.6044378404815992]
ClaLosses:[0.42722384913323697]
ErrorEval=0.03780

*Epoch=27 LR=0.00100
GenLosses:[0.603801728785038]
ClaLosses:[0.4274904817361639]
ErrorEval=0.03870

*Epoch=28 LR=0.00100
GenLosses:[0.6010510231057803]
ClaLosses:[0.4315705682524554]
ErrorEval=0.03900

*Epoch=29 LR=0.00100
GenLosses:[0.5978489488363266]
ClaLosses:[0.42913974359771373]
ErrorEval=0.03760

*Epoch=30 LR=0.00100
GenLosses:[0.6702102407813072]
ClaLosses:[0.4400330278729499]
ErrorEval=0.04580

*Epoch=31 LR=0.00100
GenLosses:[0.5889488562941552]
ClaLosses:[0.43988608951001384]
ErrorEval=0.04680

*Epoch=32 LR=0.00100
GenLosses:[0.5698989431063334]
ClaLosses:[0.43639232838474384]
ErrorEval=0.04520

*Epoch=33 LR=0.00100
GenLosses:[0.5698904340465863]
ClaLosses:[0.4381142230869656]
ErrorEval=0.04310

*Epoch=34 LR=0.00100
GenLosses:[0.5719591329495112]
ClaLosses:[0.43735766486988775]
ErrorEval=0.04180

*Epoch=35 LR=0.00100
GenLosses:[0.574799353380998]
ClaLosses:[0.43843911961735377]
ErrorEval=0.04010

*Epoch=36 LR=0.00100
GenLosses:[0.56401570190986]
ClaLosses:[0.4385063543764993]
ErrorEval=0.03980

*Epoch=37 LR=0.00100
GenLosses:[0.5643971013526122]
ClaLosses:[0.43937052017072065]
ErrorEval=0.03970

*Epoch=38 LR=0.00100
GenLosses:[0.5638780534267426]
ClaLosses:[0.4388300637914616]
ErrorEval=0.03820

*Epoch=39 LR=0.00100
GenLosses:[0.5630738161504268]
ClaLosses:[0.43999724734710693]
ErrorEval=0.03850

*Epoch=40 LR=0.00100
GenLosses:[0.8485562585294246]
ClaLosses:[0.38887114695442565]
ErrorEval=0.03860

*Epoch=41 LR=0.00100
GenLosses:[0.5512213120857875]
ClaLosses:[0.44188288230516626]
ErrorEval=0.03560

*Epoch=42 LR=0.00100
GenLosses:[0.6036132151881853]
ClaLosses:[0.4249975570204895]
ErrorEval=0.03480

*Epoch=43 LR=0.00100
GenLosses:[0.5981204524636269]
ClaLosses:[0.44196125025923344]
ErrorEval=0.03630

*Epoch=44 LR=0.00100
GenLosses:[0.6097491676608722]
ClaLosses:[0.4208906456934793]
ErrorEval=0.03560

*Epoch=45 LR=0.00100
GenLosses:[0.6221870109438896]
ClaLosses:[0.4383595652785995]
ErrorEval=0.03410

*Epoch=46 LR=0.00100
GenLosses:[0.5164577965935071]
ClaLosses:[0.44589910953636286]
ErrorEval=0.03420

*Epoch=47 LR=0.00100
GenLosses:[0.5255458354949951]
ClaLosses:[0.44572880666142667]
ErrorEval=0.03400

*Epoch=48 LR=0.00100
GenLosses:[0.5275961302220822]
ClaLosses:[0.44460946508619636]
ErrorEval=0.03370

*Epoch=49 LR=0.00100
GenLosses:[0.5300390474498272]
ClaLosses:[0.446177493580741]
ErrorEval=0.03400

*Epoch=50 LR=0.00100
GenLosses:[0.53358776619037]
ClaLosses:[0.445420349956791]
ErrorEval=0.03390

*Epoch=51 LR=0.00100
GenLosses:[0.5334763752917449]
ClaLosses:[0.44618258553274726]
ErrorEval=0.03420

*Epoch=52 LR=0.00100
GenLosses:[0.5297693376739819]
ClaLosses:[0.4457198379965978]
ErrorEval=0.03340

*Epoch=53 LR=0.00100
GenLosses:[0.5255272520085176]
ClaLosses:[0.44572819902473493]
ErrorEval=0.03300

*Epoch=54 LR=0.00100
GenLosses:[0.5258616074919701]
ClaLosses:[0.44565572283409843]
ErrorEval=0.03250

*Epoch=55 LR=0.00100
GenLosses:[0.5271500552694003]
ClaLosses:[0.44663012306776684]
ErrorEval=0.03340

*Epoch=56 LR=0.00100
GenLosses:[0.9564383581280709]
ClaLosses:[0.3786137867845099]
ErrorEval=0.03370

*Epoch=57 LR=0.00100
GenLosses:[1.5643806606531143]
ClaLosses:[0.3138379348418122]
ErrorEval=0.03350

*Epoch=58 LR=0.00100
GenLosses:[0.6995835368831952]
ClaLosses:[0.4270180165721313]
ErrorEval=0.03410

*Epoch=59 LR=0.00100
GenLosses:[0.5484514604012172]
ClaLosses:[0.4403409604343228]
ErrorEval=0.03390

*Epoch=60 LR=0.00100
GenLosses:[0.5250862965981166]
ClaLosses:[0.44375347629584827]
ErrorEval=0.03570

*Epoch=61 LR=0.00100
GenLosses:[0.5253601215779782]
ClaLosses:[0.4476955157681116]
ErrorEval=0.03480

*Epoch=62 LR=0.00100
GenLosses:[0.5157073497772217]
ClaLosses:[0.44729902672647914]
ErrorEval=0.03380

*Epoch=63 LR=0.00100
GenLosses:[0.5353468981881936]
ClaLosses:[0.4445646134725526]
ErrorEval=0.03160

*Epoch=64 LR=0.00100
GenLosses:[0.5119273076454799]
ClaLosses:[0.44944480364512057]
ErrorEval=0.03160

*Epoch=65 LR=0.00100
GenLosses:[0.509534897406896]
ClaLosses:[0.44852858090476655]
ErrorEval=0.03190

*Epoch=66 LR=0.00100
GenLosses:[0.5800898497303327]
ClaLosses:[0.42252565746471227]
ErrorEval=0.03100

*Epoch=67 LR=0.00100
GenLosses:[1.0101298900942008]
ClaLosses:[0.3677288266109379]
ErrorEval=0.03130

*Epoch=68 LR=0.00100
GenLosses:[0.9917530924081802]
ClaLosses:[0.3902718627909616]
ErrorEval=0.03150

*Epoch=69 LR=0.00100
GenLosses:[0.5210831301907698]
ClaLosses:[0.4461847612103035]
ErrorEval=0.03100

*Epoch=70 LR=0.00100
GenLosses:[0.5122081453601519]
ClaLosses:[0.4481009988278993]
ErrorEval=0.03080

*Epoch=71 LR=0.00100
GenLosses:[0.50513751283288]
ClaLosses:[0.4514837539600318]
ErrorEval=0.03260

*Epoch=72 LR=0.00100
GenLosses:[0.502023313442866]
ClaLosses:[0.45086743776951166]
ErrorEval=0.03220

*Epoch=73 LR=0.00100
GenLosses:[0.5032950684428215]
ClaLosses:[0.48549511650920735]
ErrorEval=0.04240

*Epoch=74 LR=0.00100
GenLosses:[0.5020416510601838]
ClaLosses:[0.45661860384658837]
ErrorEval=0.04900

*Epoch=75 LR=0.00100
GenLosses:[0.49827899485826493]
ClaLosses:[0.4548857377775591]
ErrorEval=0.04490

*Epoch=76 LR=0.00100
GenLosses:[0.5379438216487566]
ClaLosses:[0.45057395281683843]
ErrorEval=0.04980

*Epoch=77 LR=0.00100
GenLosses:[0.4980363470812639]
ClaLosses:[0.45750590533443936]
ErrorEval=0.05230

*Epoch=78 LR=0.00100
GenLosses:[0.49230109974741937]
ClaLosses:[0.45598797326044127]
ErrorEval=0.04870

*Epoch=79 LR=0.00100
GenLosses:[0.5625985813637574]
ClaLosses:[0.44456683449809425]
ErrorEval=0.04350

*Epoch=80 LR=0.00100
GenLosses:[0.4852025183538596]
ClaLosses:[0.4609452371671327]
ErrorEval=0.04000

*Epoch=81 LR=0.00100
GenLosses:[0.4813960775732994]
ClaLosses:[0.4569786336792839]
ErrorEval=0.03840

*Epoch=82 LR=0.00100
GenLosses:[0.5436151991287868]
ClaLosses:[0.44706016717917824]
ErrorEval=0.03780

*Epoch=83 LR=0.00100
GenLosses:[0.534915528446436]
ClaLosses:[0.45090278315281945]
ErrorEval=0.03650

*Epoch=84 LR=0.00100
GenLosses:[0.48005146235227586]
ClaLosses:[0.4570342927245997]
ErrorEval=0.03600

*Epoch=85 LR=0.00100
GenLosses:[0.48067358483870826]
ClaLosses:[0.4567689936463986]
ErrorEval=0.03590

*Epoch=86 LR=0.00100
GenLosses:[0.48150931745767594]
ClaLosses:[0.4566078450049663]
ErrorEval=0.03570

*Epoch=87 LR=0.00100
GenLosses:[0.5361395006378492]
ClaLosses:[0.44721406201398156]
ErrorEval=0.03450

*Epoch=88 LR=0.00100
GenLosses:[0.5519776890675226]
ClaLosses:[0.4359765660865447]
ErrorEval=0.03480

*Epoch=89 LR=0.00100
GenLosses:[0.501709112028281]
ClaLosses:[0.46296108017882565]
ErrorEval=0.03450

*Epoch=90 LR=0.00100
GenLosses:[0.4916214433809121]
ClaLosses:[0.45067567286327304]
ErrorEval=0.03340

*Epoch=91 LR=0.00100
GenLosses:[0.496783746778965]
ClaLosses:[0.4596782102924386]
ErrorEval=0.03300

*Epoch=92 LR=0.00100
GenLosses:[0.5388977579772473]
ClaLosses:[0.44282197827032604]
ErrorEval=0.03250

*Epoch=93 LR=0.00100
GenLosses:[0.5202990226447582]
ClaLosses:[0.4530140598497807]
ErrorEval=0.03300

*Epoch=94 LR=0.00100
GenLosses:[0.4833788459499677]
ClaLosses:[0.46560970808342]
ErrorEval=0.03260

*Epoch=95 LR=0.00100
GenLosses:[0.4878538720309734]
ClaLosses:[0.4644852556260048]
ErrorEval=0.04510

*Epoch=96 LR=0.00100
GenLosses:[0.5269672448436419]
ClaLosses:[0.44629252995370733]
ErrorEval=0.04340

*Epoch=97 LR=0.00100
GenLosses:[0.4985132572551568]
ClaLosses:[0.46203645563958945]
ErrorEval=0.04050

*Epoch=98 LR=0.00100
GenLosses:[0.4885736013452212]
ClaLosses:[0.45336099837903504]
ErrorEval=0.03850

*Epoch=99 LR=0.00100
GenLosses:[0.5489186331629753]
ClaLosses:[0.44954028876177143]
ErrorEval=0.03660

*Epoch=100 LR=0.00100
GenLosses:[0.47696652164061865]
ClaLosses:[0.5086033967813907]
ErrorEval=0.03380

*Epoch=101 LR=0.00100
GenLosses:[0.5066228441894054]
ClaLosses:[0.4811615081715489]
ErrorEval=0.03400

*Epoch=102 LR=0.00099
GenLosses:[0.4808312130471071]
ClaLosses:[0.48127608286545853]
ErrorEval=0.03370

*Epoch=103 LR=0.00099
GenLosses:[0.4771006611486276]
ClaLosses:[0.4788062274838002]
ErrorEval=0.03320

*Epoch=104 LR=0.00098
GenLosses:[0.5011104588707288]
ClaLosses:[0.4714532706961089]
ErrorEval=0.03150

*Epoch=105 LR=0.00098
GenLosses:[0.4864059162636598]
ClaLosses:[0.4733332315462747]
ErrorEval=0.03070

*Epoch=106 LR=0.00097
GenLosses:[0.48056233699123063]
ClaLosses:[0.474793073420006]
ErrorEval=0.03010

*Epoch=107 LR=0.00097
GenLosses:[0.47812963972489037]
ClaLosses:[0.47169690412344206]
ErrorEval=0.02920

*Epoch=108 LR=0.00096
GenLosses:[0.48170610864957175]
ClaLosses:[0.4700687095337925]
ErrorEval=0.02840

*Epoch=109 LR=0.00096
GenLosses:[0.5377958578368028]
ClaLosses:[0.46452926202072137]
ErrorEval=0.02780

*Epoch=110 LR=0.00095
GenLosses:[0.4825583674013615]
ClaLosses:[0.473328329094075]
ErrorEval=0.02770

*Epoch=111 LR=0.00095
GenLosses:[0.4816685440639655]
ClaLosses:[0.47085888308296986]
ErrorEval=0.02810

*Epoch=112 LR=0.00094
GenLosses:[0.5005408038695653]
ClaLosses:[0.4673119576147167]
ErrorEval=0.02700

*Epoch=113 LR=0.00094
GenLosses:[0.47927290325363475]
ClaLosses:[0.4686799018751998]
ErrorEval=0.02660

*Epoch=114 LR=0.00093
GenLosses:[0.4796220896144708]
ClaLosses:[0.46997635655513204]
ErrorEval=0.02610

*Epoch=115 LR=0.00093
GenLosses:[0.4795577863852183]
ClaLosses:[0.46892393663082177]
ErrorEval=0.02720

*Epoch=116 LR=0.00092
GenLosses:[0.47901163349548975]
ClaLosses:[0.4677725879359834]
ErrorEval=0.02610

*Epoch=117 LR=0.00092
GenLosses:[0.48105091278751694]
ClaLosses:[0.46693779345672076]
ErrorEval=0.02570

*Epoch=118 LR=0.00091
GenLosses:[0.4819793127477169]
ClaLosses:[0.46699838085002826]
ErrorEval=0.02530

*Epoch=119 LR=0.00091
GenLosses:[0.48433653513590497]
ClaLosses:[0.4670496086617076]
ErrorEval=0.02570

*Epoch=120 LR=0.00090
GenLosses:[0.4807515648504098]
ClaLosses:[0.46673049341586]
ErrorEval=0.02580

*Epoch=121 LR=0.00090
GenLosses:[0.48167252242565156]
ClaLosses:[0.4662200845218374]
ErrorEval=0.02570

*Epoch=122 LR=0.00090
GenLosses:[0.48180516536037127]
ClaLosses:[0.46687299342336164]
ErrorEval=0.02570

*Epoch=123 LR=0.00089
GenLosses:[0.4805701697866122]
ClaLosses:[0.46717954755441793]
ErrorEval=0.02550

*Epoch=124 LR=0.00089
GenLosses:[0.48015696903069816]
ClaLosses:[0.46601048852135657]
ErrorEval=0.02540

*Epoch=125 LR=0.00088
GenLosses:[0.47912843748927114]
ClaLosses:[0.46490473654233727]
ErrorEval=0.02580

*Epoch=126 LR=0.00088
GenLosses:[0.4806636482477188]
ClaLosses:[0.4662065287232615]
ErrorEval=0.02600

*Epoch=127 LR=0.00087
GenLosses:[0.4827826820313931]
ClaLosses:[0.4660082278359008]
ErrorEval=0.02550

*Epoch=128 LR=0.00087
GenLosses:[0.47941961710651715]
ClaLosses:[0.4652055669060206]
ErrorEval=0.02550

*Epoch=129 LR=0.00086
GenLosses:[0.4790088079869747]
ClaLosses:[0.4647479891436363]
ErrorEval=0.02460

*Epoch=130 LR=0.00086
GenLosses:[0.4801435716450214]
ClaLosses:[0.46507695518167325]
ErrorEval=0.02390

*Epoch=131 LR=0.00086
GenLosses:[0.48140279377500217]
ClaLosses:[0.4650279490163122]
ErrorEval=0.02400

*Epoch=132 LR=0.00085
GenLosses:[0.4795180375377337]
ClaLosses:[0.46496310069540986]
ErrorEval=0.02350

*Epoch=133 LR=0.00085
GenLosses:[0.48096007282535236]
ClaLosses:[0.4654882693703295]
ErrorEval=0.02350

*Epoch=134 LR=0.00084
GenLosses:[0.4800824070970217]
ClaLosses:[0.46525518447196723]
ErrorEval=0.02340

*Epoch=135 LR=0.00084
GenLosses:[0.4806932551165422]
ClaLosses:[0.4650128534110815]
ErrorEval=0.02360

*Epoch=136 LR=0.00083
GenLosses:[0.4812139287590981]
ClaLosses:[0.4646025584118705]
ErrorEval=0.02380

*Epoch=137 LR=0.00083
GenLosses:[0.4799686886370182]
ClaLosses:[0.464113109966027]
ErrorEval=0.02380

*Epoch=138 LR=0.00083
GenLosses:[0.4772780219713847]
ClaLosses:[0.4635365929881272]
ErrorEval=0.02300

*Epoch=139 LR=0.00082
GenLosses:[0.4791299648582935]
ClaLosses:[0.46466639770614265]
ErrorEval=0.02330

*Epoch=140 LR=0.00082
GenLosses:[0.4796211451292038]
ClaLosses:[0.46556086490996856]
ErrorEval=0.02310

*Epoch=141 LR=0.00081
GenLosses:[0.4784930542111397]
ClaLosses:[0.4647372917489552]
ErrorEval=0.02370

*Epoch=142 LR=0.00081
GenLosses:[0.4806103490293026]
ClaLosses:[0.46501005390508937]
ErrorEval=0.02320

*Epoch=143 LR=0.00081
GenLosses:[0.4796289198100567]
ClaLosses:[0.4645722748948721]
ErrorEval=0.02360

*Epoch=144 LR=0.00080
GenLosses:[0.47823209191362065]
ClaLosses:[0.46394672903170053]
ErrorEval=0.02330

*Epoch=145 LR=0.00080
GenLosses:[0.4794876277446747]
ClaLosses:[0.46300120409347395]
ErrorEval=0.02300

*Epoch=146 LR=0.00079
GenLosses:[0.4784957324465116]
ClaLosses:[0.46355802522524103]
ErrorEval=0.02310

*Epoch=147 LR=0.00079
GenLosses:[0.47787060439586637]
ClaLosses:[0.4641568076015458]
ErrorEval=0.02260

*Epoch=148 LR=0.00079
GenLosses:[0.4780103454987208]
ClaLosses:[0.4635252373577094]
ErrorEval=0.02220

*Epoch=149 LR=0.00078
GenLosses:[0.4770634353160858]
ClaLosses:[0.4628997940515373]
ErrorEval=0.02260

*Epoch=150 LR=0.00078
GenLosses:[0.4786689646542072]
ClaLosses:[0.4648301455805999]
ErrorEval=0.02210

*Epoch=151 LR=0.00077
GenLosses:[0.4791528545320034]
ClaLosses:[0.4638615192651282]
ErrorEval=0.02240

*Epoch=152 LR=0.00077
GenLosses:[0.47866562033692994]
ClaLosses:[0.46318233302759343]
ErrorEval=0.02240

*Epoch=153 LR=0.00077
GenLosses:[0.47887610718607904]
ClaLosses:[0.4631719790050369]
ErrorEval=0.02180

*Epoch=154 LR=0.00076
GenLosses:[0.47837674617767334]
ClaLosses:[0.46302024769350525]
ErrorEval=0.02140

*Epoch=155 LR=0.00076
GenLosses:[0.47765866791208583]
ClaLosses:[0.46327952941364337]
ErrorEval=0.02190

*Epoch=156 LR=0.00076
GenLosses:[0.47762533922990164]
ClaLosses:[0.4634104160469563]
ErrorEval=0.02240

*Epoch=157 LR=0.00075
GenLosses:[0.4760679562886556]
ClaLosses:[0.4636845981306845]
ErrorEval=0.02160

*Epoch=158 LR=0.00075
GenLosses:[0.4768857138852278]
ClaLosses:[0.4631699106363799]
ErrorEval=0.02160

*Epoch=159 LR=0.00074
GenLosses:[0.4783133561412493]
ClaLosses:[0.4629138470905845]
ErrorEval=0.02100

*Epoch=160 LR=0.00074
GenLosses:[0.4768633748094241]
ClaLosses:[0.4628425062477334]
ErrorEval=0.02050

*Epoch=161 LR=0.00074
GenLosses:[0.47738120183348653]
ClaLosses:[0.46364923576664435]
ErrorEval=0.02040

*Epoch=162 LR=0.00073
GenLosses:[0.477041566123565]
ClaLosses:[0.462798777478206]
ErrorEval=0.02020

*Epoch=163 LR=0.00073
GenLosses:[0.4769574870665868]
ClaLosses:[0.4627970376039536]
ErrorEval=0.02110

*Epoch=164 LR=0.00073
GenLosses:[0.47860106577475864]
ClaLosses:[0.4642723679028772]
ErrorEval=0.02010

*Epoch=165 LR=0.00072
GenLosses:[0.4767172833283742]
ClaLosses:[0.463509588956162]
ErrorEval=0.02120

*Epoch=166 LR=0.00072
GenLosses:[0.4768263719975948]
ClaLosses:[0.4634165616105413]
ErrorEval=0.02090

*Epoch=167 LR=0.00071
GenLosses:[0.47793281078338623]
ClaLosses:[0.46330806460082924]
ErrorEval=0.02140

*Epoch=168 LR=0.00071
GenLosses:[0.4776209513346354]
ClaLosses:[0.4629808157224812]
ErrorEval=0.02060

*Epoch=169 LR=0.00071
GenLosses:[0.4767754914859931]
ClaLosses:[0.4616968731970434]
ErrorEval=0.02050

*Epoch=170 LR=0.00070
GenLosses:[0.47697781870762507]
ClaLosses:[0.4631877936325549]
ErrorEval=0.02060

*Epoch=171 LR=0.00070
GenLosses:[0.47650185401240985]
ClaLosses:[0.46363648616826814]
ErrorEval=0.01980

*Epoch=172 LR=0.00070
GenLosses:[0.4764394760131836]
ClaLosses:[0.4630115079356693]
ErrorEval=0.01980

*Epoch=173 LR=0.00069
GenLosses:[0.47578317696849504]
ClaLosses:[0.46310417465015075]
ErrorEval=0.02070

*Epoch=174 LR=0.00069
GenLosses:[0.47590665395061177]
ClaLosses:[0.46220343152236987]
ErrorEval=0.02080

*Epoch=175 LR=0.00069
GenLosses:[0.47787282317876817]
ClaLosses:[0.4629492105379243]
ErrorEval=0.01970

*Epoch=176 LR=0.00068
GenLosses:[0.4774018337329229]
ClaLosses:[0.46359973780696084]
ErrorEval=0.01960

*Epoch=177 LR=0.00068
GenLosses:[0.476190322637558]
ClaLosses:[0.46376628599404524]
ErrorEval=0.01830

*Epoch=178 LR=0.00068
GenLosses:[0.4758951000869274]
ClaLosses:[0.46254104055836415]
ErrorEval=0.01760

*Epoch=179 LR=0.00067
GenLosses:[0.4769955369333426]
ClaLosses:[0.4632723366073547]
ErrorEval=0.01700

*Epoch=180 LR=0.00067
GenLosses:[0.4757946829001109]
ClaLosses:[0.46257764336614143]
ErrorEval=0.01750

*Epoch=181 LR=0.00067
GenLosses:[0.4765353615085284]
ClaLosses:[0.4628426616820917]
ErrorEval=0.01720

*Epoch=182 LR=0.00066
GenLosses:[0.47628394067287444]
ClaLosses:[0.46340975113432964]
ErrorEval=0.01740

*Epoch=183 LR=0.00066
GenLosses:[0.4759976046780745]
ClaLosses:[0.4632672820082043]
ErrorEval=0.01790

*Epoch=184 LR=0.00066
GenLosses:[0.475143941740195]
ClaLosses:[0.4620022764750437]
ErrorEval=0.01770

*Epoch=185 LR=0.00065
GenLosses:[0.4751611289878686]
ClaLosses:[0.462598353885228]
ErrorEval=0.01770

*Epoch=186 LR=0.00065
GenLosses:[0.47606940840681394]
ClaLosses:[0.46190573914509636]
ErrorEval=0.01730

*Epoch=187 LR=0.00065
GenLosses:[0.4753908239305019]
ClaLosses:[0.4620709160118961]
ErrorEval=0.01680

*Epoch=188 LR=0.00064
GenLosses:[0.4778075190881888]
ClaLosses:[0.4628699641828724]
ErrorEval=0.01670

*Epoch=189 LR=0.00064
GenLosses:[0.47642639130353925]
ClaLosses:[0.4625640727097636]
ErrorEval=0.01570

*Epoch=190 LR=0.00064
GenLosses:[0.4754004515707493]
ClaLosses:[0.46297687321494124]
ErrorEval=0.01530

*Epoch=191 LR=0.00063
GenLosses:[0.4742176473140717]
ClaLosses:[0.46209634147813006]
ErrorEval=0.01580

*Epoch=192 LR=0.00063
GenLosses:[0.47664882242679596]
ClaLosses:[0.46274995679173697]
ErrorEval=0.01550

*Epoch=193 LR=0.00063
GenLosses:[0.4749767949183782]
ClaLosses:[0.462377922718141]
ErrorEval=0.01570

*Epoch=194 LR=0.00062
GenLosses:[0.475426592429479]
ClaLosses:[0.4618380600807112]
ErrorEval=0.01540

*Epoch=195 LR=0.00062
GenLosses:[0.4754057087004185]
ClaLosses:[0.46236367233507625]
ErrorEval=0.01530

*Epoch=196 LR=0.00062
GenLosses:[0.47465501055121423]
ClaLosses:[0.4616847417084468]
ErrorEval=0.01530

*Epoch=197 LR=0.00061
GenLosses:[0.4750747010111809]
ClaLosses:[0.46287411464876593]
ErrorEval=0.01470

*Epoch=198 LR=0.00061
GenLosses:[0.4751845394571622]
ClaLosses:[0.46207401869518144]
ErrorEval=0.01490

*Epoch=199 LR=0.00061
GenLosses:[0.4755281299352646]
ClaLosses:[0.4626044180619516]
ErrorEval=0.01470

*Epoch=200 LR=0.00061
GenLosses:[0.4744524729748567]
ClaLosses:[0.4628092561849862]
ErrorEval=0.01440

*Epoch=201 LR=0.00060
GenLosses:[0.47594873756170275]
ClaLosses:[0.4625034799219962]
ErrorEval=0.01370

*Epoch=202 LR=0.00060
GenLosses:[0.4755397491157055]
ClaLosses:[0.4624474805644109]
ErrorEval=0.01390

*Epoch=203 LR=0.00060
GenLosses:[0.4754928876956304]
ClaLosses:[0.4629060997001829]
ErrorEval=0.01430

*Epoch=204 LR=0.00059
GenLosses:[0.4752659539381663]
ClaLosses:[0.46163868227127414]
ErrorEval=0.01480

*Epoch=205 LR=0.00059
GenLosses:[0.4746747662623723]
ClaLosses:[0.4621831971104092]
ErrorEval=0.01440

*Epoch=206 LR=0.00059
GenLosses:[0.4753951278825601]
ClaLosses:[0.46250626227081415]
ErrorEval=0.01440

*Epoch=207 LR=0.00058
GenLosses:[0.4754578140874704]
ClaLosses:[0.46221845707925585]
ErrorEval=0.01500

*Epoch=208 LR=0.00058
GenLosses:[0.47439721450209615]
ClaLosses:[0.46261982524023526]
ErrorEval=0.01480

*Epoch=209 LR=0.00058
GenLosses:[0.47447946717341744]
ClaLosses:[0.4618199884138247]
ErrorEval=0.01380

*Epoch=210 LR=0.00058
GenLosses:[0.4739165104925632]
ClaLosses:[0.46181350072246524]
ErrorEval=0.01330

*Epoch=211 LR=0.00057
GenLosses:[0.4748789163927237]
ClaLosses:[0.46316332706688557]
ErrorEval=0.01340

*Epoch=212 LR=0.00057
GenLosses:[0.4751637821396192]
ClaLosses:[0.4628591972246373]
ErrorEval=0.01420

*Epoch=213 LR=0.00057
GenLosses:[0.4753962409993013]
ClaLosses:[0.46252156034652475]
ErrorEval=0.01370

*Epoch=214 LR=0.00056
GenLosses:[0.4736412676672141]
ClaLosses:[0.462444833860168]
ErrorEval=0.01370

*Epoch=215 LR=0.00056
GenLosses:[0.47486978098750116]
ClaLosses:[0.4626713800906137]
ErrorEval=0.01380

*Epoch=216 LR=0.00056
GenLosses:[0.4750542809565862]
ClaLosses:[0.4620872447837239]
ErrorEval=0.01290

*Epoch=217 LR=0.00056
GenLosses:[0.4739258902768294]
ClaLosses:[0.4616028156387435]
ErrorEval=0.01230

*Epoch=218 LR=0.00055
GenLosses:[0.4747719742357731]
ClaLosses:[0.46230723353436715]
ErrorEval=0.01230

*Epoch=219 LR=0.00055
GenLosses:[0.47504326576987904]
ClaLosses:[0.46151523282335677]
ErrorEval=0.01300

*Epoch=220 LR=0.00055
GenLosses:[0.4752706803381443]
ClaLosses:[0.4625411137848686]
ErrorEval=0.01250

*Epoch=221 LR=0.00055
GenLosses:[0.47530205398797987]
ClaLosses:[0.46199955961362804]
ErrorEval=0.01180

*Epoch=222 LR=0.00054
GenLosses:[0.4745261162519455]
ClaLosses:[0.4629586396678632]
ErrorEval=0.01170

*Epoch=223 LR=0.00054
GenLosses:[0.4750023171305656]
ClaLosses:[0.46182036011189814]
ErrorEval=0.01150

*Epoch=224 LR=0.00054
GenLosses:[0.4752684734761715]
ClaLosses:[0.4614598758201095]
ErrorEval=0.01130

*Epoch=225 LR=0.00053
GenLosses:[0.4739325928191344]
ClaLosses:[0.46272985068401934]
ErrorEval=0.01150

*Epoch=226 LR=0.00053
GenLosses:[0.47418414254983265]
ClaLosses:[0.4616880557752545]
ErrorEval=0.01110

*Epoch=227 LR=0.00053
GenLosses:[0.47402405564983685]
ClaLosses:[0.4616306413005644]
ErrorEval=0.01140

*Epoch=228 LR=0.00053
GenLosses:[0.4749892289439837]
ClaLosses:[0.46194214544204]
ErrorEval=0.01150

*Epoch=229 LR=0.00052
GenLosses:[0.4740024022758007]
ClaLosses:[0.46202128944886217]
ErrorEval=0.01130

*Epoch=230 LR=0.00052
GenLosses:[0.4753990558286508]
ClaLosses:[0.461593080922741]
ErrorEval=0.01200

*Epoch=231 LR=0.00052
GenLosses:[0.47333065097530685]
ClaLosses:[0.46130060104838966]
ErrorEval=0.01210

*Epoch=232 LR=0.00052
GenLosses:[0.47433754056692123]
ClaLosses:[0.46239649380494385]
ErrorEval=0.01220

*Epoch=233 LR=0.00051
GenLosses:[0.4746011843283971]
ClaLosses:[0.46160775924682285]
ErrorEval=0.01140

*Epoch=234 LR=0.00051
GenLosses:[0.474114877730608]
ClaLosses:[0.4618703844401957]
ErrorEval=0.01120

*Epoch=235 LR=0.00051
GenLosses:[0.47365208516518276]
ClaLosses:[0.4613693050907563]
ErrorEval=0.01090

*Epoch=236 LR=0.00051
GenLosses:[0.47381547540426255]
ClaLosses:[0.4616254468039086]
ErrorEval=0.01150

*Epoch=237 LR=0.00050
GenLosses:[0.47415075773994125]
ClaLosses:[0.4625540488053766]
ErrorEval=0.01120

*Epoch=238 LR=0.00050
GenLosses:[0.4745437781016032]
ClaLosses:[0.4621822174121564]
ErrorEval=0.01060

*Epoch=239 LR=0.00050
GenLosses:[0.47434540713826817]
ClaLosses:[0.46175189219755114]
ErrorEval=0.01100

*Epoch=240 LR=0.00050
GenLosses:[0.47372704098622004]
ClaLosses:[0.4614224483561816]
ErrorEval=0.01070

*Epoch=241 LR=0.00049
GenLosses:[0.4739512542883555]
ClaLosses:[0.46174010592294834]
ErrorEval=0.01100

*Epoch=242 LR=0.00049
GenLosses:[0.4749938736359278]
ClaLosses:[0.46229710328290863]
ErrorEval=0.01090

*Epoch=243 LR=0.00049
GenLosses:[0.4738694657882055]
ClaLosses:[0.4618616560185594]
ErrorEval=0.01120

*Epoch=244 LR=0.00049
GenLosses:[0.47334191302458445]
ClaLosses:[0.4608360223776687]
ErrorEval=0.01130

*Epoch=245 LR=0.00048
GenLosses:[0.4736973357697328]
ClaLosses:[0.46228476160022025]
ErrorEval=0.01060

*Epoch=246 LR=0.00048
GenLosses:[0.47386027698715527]
ClaLosses:[0.46124010175142227]
ErrorEval=0.01050

*Epoch=247 LR=0.00048
GenLosses:[0.4732525403300921]
ClaLosses:[0.4609822538816346]
ErrorEval=0.01030

*Epoch=248 LR=0.00048
GenLosses:[0.47407891203959784]
ClaLosses:[0.46066456182137167]
ErrorEval=0.01070

*Epoch=249 LR=0.00047
GenLosses:[0.47398942708969116]
ClaLosses:[0.4611294888945883]
ErrorEval=0.01080

*Epoch=250 LR=0.00047
GenLosses:[0.47476918722192446]
ClaLosses:[0.4624822956326388]
ErrorEval=0.01040

*Epoch=251 LR=0.00047
GenLosses:[0.4738082562883695]
ClaLosses:[0.4610218294889579]
ErrorEval=0.01010

*Epoch=252 LR=0.00047
GenLosses:[0.47325973187883696]
ClaLosses:[0.4609740554988587]
ErrorEval=0.01020

*Epoch=253 LR=0.00046
GenLosses:[0.47449979186058044]
ClaLosses:[0.4608552019206184]
ErrorEval=0.01010

*Epoch=254 LR=0.00046
GenLosses:[0.47476296896735826]
ClaLosses:[0.4614081039580776]
ErrorEval=0.01030

*Epoch=255 LR=0.00046
GenLosses:[0.473581762611866]
ClaLosses:[0.46184450703417884]
ErrorEval=0.00950

*Epoch=256 LR=0.00046
GenLosses:[0.47259172424674034]
ClaLosses:[0.46155143701985085]
ErrorEval=0.00980

*Epoch=257 LR=0.00046
GenLosses:[0.47371247261762617]
ClaLosses:[0.4616538125578161]
ErrorEval=0.01000

*Epoch=258 LR=0.00045
GenLosses:[0.47469630613923075]
ClaLosses:[0.46153969285022256]
ErrorEval=0.00970

*Epoch=259 LR=0.00045
GenLosses:[0.4728689449528853]
ClaLosses:[0.46141834107268076]
ErrorEval=0.00900

*Epoch=260 LR=0.00045
GenLosses:[0.47363508865237236]
ClaLosses:[0.46098051336578566]
ErrorEval=0.00930

*Epoch=261 LR=0.00045
GenLosses:[0.473676697909832]
ClaLosses:[0.4616824805474528]
ErrorEval=0.00960

*Epoch=262 LR=0.00044
GenLosses:[0.4735652945935726]
ClaLosses:[0.4612008662566458]
ErrorEval=0.00940

*Epoch=263 LR=0.00044
GenLosses:[0.4727658309042454]
ClaLosses:[0.46092768987805927]
ErrorEval=0.00910

*Epoch=264 LR=0.00044
GenLosses:[0.4730720341205597]
ClaLosses:[0.46181683342308144]
ErrorEval=0.00900

*Epoch=265 LR=0.00044
GenLosses:[0.47268460765480996]
ClaLosses:[0.46087487157043594]
ErrorEval=0.00910

*Epoch=266 LR=0.00044
GenLosses:[0.4731051223973433]
ClaLosses:[0.46081330265511783]
ErrorEval=0.00910

*Epoch=267 LR=0.00043
GenLosses:[0.47302274852991105]
ClaLosses:[0.46108990450848697]
ErrorEval=0.00920

*Epoch=268 LR=0.00043
GenLosses:[0.47249310538172723]
ClaLosses:[0.460900775990171]
ErrorEval=0.00960

*Epoch=269 LR=0.00043
GenLosses:[0.4737267456948757]
ClaLosses:[0.4616352853515478]
ErrorEval=0.00990

*Epoch=270 LR=0.00043
GenLosses:[0.47367613539099696]
ClaLosses:[0.46059769462694866]
ErrorEval=0.01010

*Epoch=271 LR=0.00042
GenLosses:[0.4732618930439154]
ClaLosses:[0.4603688911045234]
ErrorEval=0.01020

*Epoch=272 LR=0.00042
GenLosses:[0.4728056768576304]
ClaLosses:[0.46039801340043435]
ErrorEval=0.01010

*Epoch=273 LR=0.00042
GenLosses:[0.4734663128852844]
ClaLosses:[0.4616117976599467]
ErrorEval=0.00980

*Epoch=274 LR=0.00042
GenLosses:[0.47408680990338326]
ClaLosses:[0.4612327985669304]
ErrorEval=0.00950

*Epoch=275 LR=0.00042
GenLosses:[0.4735097768406073]
ClaLosses:[0.4615386276149859]
ErrorEval=0.00970

*Epoch=276 LR=0.00041
GenLosses:[0.4736178606748581]
ClaLosses:[0.46166438561942263]
ErrorEval=0.00940

*Epoch=277 LR=0.00041
GenLosses:[0.47302689353624977]
ClaLosses:[0.46093685583381444]
ErrorEval=0.00990

*Epoch=278 LR=0.00041
GenLosses:[0.4744176966448625]
ClaLosses:[0.4607787912778512]
ErrorEval=0.00930

*Epoch=279 LR=0.00041
GenLosses:[0.4738235302269459]
ClaLosses:[0.4604239282385051]
ErrorEval=0.00920

*Epoch=280 LR=0.00041
GenLosses:[0.4736402298013369]
ClaLosses:[0.4610162095296303]
ErrorEval=0.00970

*Epoch=281 LR=0.00040
GenLosses:[0.47273172388474144]
ClaLosses:[0.460701387737705]
ErrorEval=0.00990

*Epoch=282 LR=0.00040
GenLosses:[0.473139492670695]
ClaLosses:[0.46036438286258774]
ErrorEval=0.00970

*Epoch=283 LR=0.00040
GenLosses:[0.47315142179528874]
ClaLosses:[0.461000811897156]
ErrorEval=0.01020

*Epoch=284 LR=0.00040
GenLosses:[0.473004895200332]
ClaLosses:[0.4610200232974767]
ErrorEval=0.01000

*Epoch=285 LR=0.00040
GenLosses:[0.47276456306378045]
ClaLosses:[0.4609757270034385]
ErrorEval=0.00940

*Epoch=286 LR=0.00039
GenLosses:[0.47318461959560715]
ClaLosses:[0.46084151882087093]
ErrorEval=0.00930

*Epoch=287 LR=0.00039
GenLosses:[0.4722743096450965]
ClaLosses:[0.45956386764862994]
ErrorEval=0.00980

*Epoch=288 LR=0.00039
GenLosses:[0.47385544528563817]
ClaLosses:[0.4610565026319217]
ErrorEval=0.00970

*Epoch=289 LR=0.00039
GenLosses:[0.47219449083010356]
ClaLosses:[0.46032040260727963]
ErrorEval=0.00970

*Epoch=290 LR=0.00039
GenLosses:[0.4730887678762277]
ClaLosses:[0.4613114759782533]
ErrorEval=0.00980

*Epoch=291 LR=0.00038
GenLosses:[0.4733551482359568]
ClaLosses:[0.4608084884967686]
ErrorEval=0.00970

*Epoch=292 LR=0.00038
GenLosses:[0.4723044586678346]
ClaLosses:[0.46078262442984486]
ErrorEval=0.00940

*Epoch=293 LR=0.00038
GenLosses:[0.4723559387028217]
ClaLosses:[0.4604691237822248]
ErrorEval=0.00940

*Epoch=294 LR=0.00038
GenLosses:[0.4730259120464325]
ClaLosses:[0.4603266834938028]
ErrorEval=0.00860

*Epoch=295 LR=0.00038
GenLosses:[0.473790385077397]
ClaLosses:[0.4611975414923298]
ErrorEval=0.00900

*Epoch=296 LR=0.00037
GenLosses:[0.4742385516564051]
ClaLosses:[0.4610040957182822]
ErrorEval=0.00910

*Epoch=297 LR=0.00037
GenLosses:[0.4728430370489756]
ClaLosses:[0.46112165207277894]
ErrorEval=0.00860

*Epoch=298 LR=0.00037
GenLosses:[0.4730029662450155]
ClaLosses:[0.4610398752647908]
ErrorEval=0.00890

*Epoch=299 LR=0.00037
GenLosses:[0.47267650862534843]
ClaLosses:[0.4612971163291805]
ErrorEval=0.00870

*Epoch=300 LR=0.00037
GenLosses:[0.4719544373452663]
ClaLosses:[0.4609379358045727]
ErrorEval=0.00910

*Epoch=301 LR=0.00037
GenLosses:[0.4730946823954582]
ClaLosses:[0.46089000041831824]
ErrorEval=0.00920

*Epoch=302 LR=0.00036
GenLosses:[0.4727765070895354]
ClaLosses:[0.4605257574705972]
ErrorEval=0.00910

*Epoch=303 LR=0.00036
GenLosses:[0.4739668572942416]
ClaLosses:[0.46094656841577014]
ErrorEval=0.00910

*Epoch=304 LR=0.00036
GenLosses:[0.4724504962563515]
ClaLosses:[0.46035103314818315]
ErrorEval=0.00920

*Epoch=305 LR=0.00036
GenLosses:[0.4723997657497724]
ClaLosses:[0.4606084327311311]
ErrorEval=0.00910

*Epoch=306 LR=0.00036
GenLosses:[0.4744617318113645]
ClaLosses:[0.4618520402603267]
ErrorEval=0.00950

*Epoch=307 LR=0.00035
GenLosses:[0.4731670195857684]
ClaLosses:[0.460298949281154]
ErrorEval=0.00910

*Epoch=308 LR=0.00035
GenLosses:[0.47237769365310667]
ClaLosses:[0.4611065896260326]
ErrorEval=0.00990

*Epoch=309 LR=0.00035
GenLosses:[0.47302474106351533]
ClaLosses:[0.46089955021414375]
ErrorEval=0.00950

*Epoch=310 LR=0.00035
GenLosses:[0.4728913647433122]
ClaLosses:[0.4605226055737968]
ErrorEval=0.00930

*Epoch=311 LR=0.00035
GenLosses:[0.47354075039426485]
ClaLosses:[0.4604111344914086]
ErrorEval=0.00920

*Epoch=312 LR=0.00035
GenLosses:[0.47269431029756864]
ClaLosses:[0.4608852456361745]
ErrorEval=0.00930

*Epoch=313 LR=0.00034
GenLosses:[0.4725795452793439]
ClaLosses:[0.4601793641810691]
ErrorEval=0.00980

*Epoch=314 LR=0.00034
GenLosses:[0.4730370948712031]
ClaLosses:[0.4611794369772651]
ErrorEval=0.00930

*Epoch=315 LR=0.00034
GenLosses:[0.4743696038921674]
ClaLosses:[0.46141009576768793]
ErrorEval=0.00930

*Epoch=316 LR=0.00034
GenLosses:[0.472808866451184]
ClaLosses:[0.4600429657671079]
ErrorEval=0.00900

*Epoch=317 LR=0.00034
GenLosses:[0.4731875004867713]
ClaLosses:[0.4608280057582011]
ErrorEval=0.00930

*Epoch=318 LR=0.00034
GenLosses:[0.47423000608881316]
ClaLosses:[0.4618205820117905]
ErrorEval=0.00930

*Epoch=319 LR=0.00033
GenLosses:[0.4738390522698561]
ClaLosses:[0.46089380497915866]
ErrorEval=0.00900

*Epoch=320 LR=0.00033
GenLosses:[0.4742104100684325]
ClaLosses:[0.46040785484743446]
ErrorEval=0.00940

*Epoch=321 LR=0.00033
GenLosses:[0.4735915350417296]
ClaLosses:[0.46082633736252643]
ErrorEval=0.00900

*Epoch=322 LR=0.00033
GenLosses:[0.473661004503568]
ClaLosses:[0.46100179744447006]
ErrorEval=0.00890

*Epoch=323 LR=0.00033
GenLosses:[0.4738421340783437]
ClaLosses:[0.46071268938737225]
ErrorEval=0.00880

*Epoch=324 LR=0.00033
GenLosses:[0.4734765949348609]
ClaLosses:[0.4598947546054105]
ErrorEval=0.00910

*Epoch=325 LR=0.00032
GenLosses:[0.47297439351677895]
ClaLosses:[0.4602999742766171]
ErrorEval=0.00930

*Epoch=326 LR=0.00032
GenLosses:[0.4734976448118687]
ClaLosses:[0.46030261819504315]
ErrorEval=0.00900

*Epoch=327 LR=0.00032
GenLosses:[0.473381407558918]
ClaLosses:[0.4598018910882549]
ErrorEval=0.00900

*Epoch=328 LR=0.00032
GenLosses:[0.47367842495441437]
ClaLosses:[0.46067648782205795]
ErrorEval=0.00890

*Epoch=329 LR=0.00032
GenLosses:[0.4736494441827138]
ClaLosses:[0.4607462296828761]
ErrorEval=0.00860

*Epoch=330 LR=0.00032
GenLosses:[0.47364174152414]
ClaLosses:[0.45995824465000035]
ErrorEval=0.00860

*Epoch=331 LR=0.00031
GenLosses:[0.4737482835849126]
ClaLosses:[0.4604072032402401]
ErrorEval=0.00840

*Epoch=332 LR=0.00031
GenLosses:[0.47267209763328233]
ClaLosses:[0.4603465368190751]
ErrorEval=0.00940

*Epoch=333 LR=0.00031
GenLosses:[0.4734540767967701]
ClaLosses:[0.4604228323846273]
ErrorEval=0.00930

*Epoch=334 LR=0.00031
GenLosses:[0.47332055419683455]
ClaLosses:[0.46003697950327277]
ErrorEval=0.00920

*Epoch=335 LR=0.00031
GenLosses:[0.4734228976070881]
ClaLosses:[0.4600860976252873]
ErrorEval=0.00920

*Epoch=336 LR=0.00031
GenLosses:[0.47362486148873967]
ClaLosses:[0.4611257903114373]
ErrorEval=0.00920

*Epoch=337 LR=0.00030
GenLosses:[0.47317255834738414]
ClaLosses:[0.4610368563976956]
ErrorEval=0.00910

*Epoch=338 LR=0.00030
GenLosses:[0.47325348953406016]
ClaLosses:[0.45995682097530677]
ErrorEval=0.00930

*Epoch=339 LR=0.00030
GenLosses:[0.4728650157650312]
ClaLosses:[0.4609370994410879]
ErrorEval=0.00890

*Epoch=340 LR=0.00030
GenLosses:[0.4730401342113813]
ClaLosses:[0.4600704492506623]
ErrorEval=0.00920

*Epoch=341 LR=0.00030
GenLosses:[0.472896749774615]
ClaLosses:[0.45975817385039597]
ErrorEval=0.00870

*Epoch=342 LR=0.00030
GenLosses:[0.4733344463010629]
ClaLosses:[0.4610279761027851]
ErrorEval=0.00900

*Epoch=343 LR=0.00030
GenLosses:[0.4729420733948549]
ClaLosses:[0.4601215120912872]
ErrorEval=0.00880

*Epoch=344 LR=0.00029
GenLosses:[0.47317550232013067]
ClaLosses:[0.45987314839393734]
ErrorEval=0.00860

*Epoch=345 LR=0.00029
GenLosses:[0.4725131136675676]
ClaLosses:[0.46025634872262405]
ErrorEval=0.00850

*Epoch=346 LR=0.00029
GenLosses:[0.47333419099450114]
ClaLosses:[0.46058573616589443]
ErrorEval=0.00830

*Epoch=347 LR=0.00029
GenLosses:[0.474104010562102]
ClaLosses:[0.46048397373967365]
ErrorEval=0.00860

*Epoch=348 LR=0.00029
GenLosses:[0.47301991035540897]
ClaLosses:[0.4602405752574885]
ErrorEval=0.00880

*Epoch=349 LR=0.00029
GenLosses:[0.4740738749504089]
ClaLosses:[0.4608274622179354]
ErrorEval=0.00880

*Epoch=350 LR=0.00029
GenLosses:[0.47388905212283133]
ClaLosses:[0.46083051201288344]
ErrorEval=0.00860

*Epoch=351 LR=0.00028
GenLosses:[0.47340868413448334]
ClaLosses:[0.45970337969872443]
ErrorEval=0.00850

*Epoch=352 LR=0.00028
GenLosses:[0.4723925565679868]
ClaLosses:[0.46068294481916866]
ErrorEval=0.00870

*Epoch=353 LR=0.00028
GenLosses:[0.4727668009698391]
ClaLosses:[0.4610115360517453]
ErrorEval=0.00850

*Epoch=354 LR=0.00028
GenLosses:[0.47300453831752143]
ClaLosses:[0.46011108983167487]
ErrorEval=0.00880

*Epoch=355 LR=0.00028
GenLosses:[0.47289293160041174]
ClaLosses:[0.46003527380954884]
ErrorEval=0.00880

*Epoch=356 LR=0.00028
GenLosses:[0.4733625642955303]
ClaLosses:[0.46041686072827276]
ErrorEval=0.00900

*Epoch=357 LR=0.00028
GenLosses:[0.47330827737847964]
ClaLosses:[0.4600775336767514]
ErrorEval=0.00850

*Epoch=358 LR=0.00027
GenLosses:[0.4729449490706126]
ClaLosses:[0.46020236538307163]
ErrorEval=0.00890

*Epoch=359 LR=0.00027
GenLosses:[0.4733728379011154]
ClaLosses:[0.46158393103000317]
ErrorEval=0.00890

*Epoch=360 LR=0.00027
GenLosses:[0.4729902811348438]
ClaLosses:[0.46024457456417517]
ErrorEval=0.00910

*Epoch=361 LR=0.00027
GenLosses:[0.4727746039628983]
ClaLosses:[0.4596767843649585]
ErrorEval=0.00910

*Epoch=362 LR=0.00027
GenLosses:[0.4726985583702723]
ClaLosses:[0.46004165229025273]
ErrorEval=0.00890

*Epoch=363 LR=0.00027
GenLosses:[0.47297890012462934]
ClaLosses:[0.4602008326259332]
ErrorEval=0.00850

*Epoch=364 LR=0.00027
GenLosses:[0.47276616940895716]
ClaLosses:[0.4605501025710197]
ErrorEval=0.00870

*Epoch=365 LR=0.00026
GenLosses:[0.47309196094671885]
ClaLosses:[0.4602275588062927]
ErrorEval=0.00900

*Epoch=366 LR=0.00026
GenLosses:[0.47358716328938805]
ClaLosses:[0.4603640635392308]
ErrorEval=0.00880

*Epoch=367 LR=0.00026
GenLosses:[0.47286979282895725]
ClaLosses:[0.4596610511203899]
ErrorEval=0.00880

*Epoch=368 LR=0.00026
GenLosses:[0.4738210029900074]
ClaLosses:[0.4603083654652422]
ErrorEval=0.00910

*Epoch=369 LR=0.00026
GenLosses:[0.47358248954017956]
ClaLosses:[0.46082207825020655]
ErrorEval=0.00930

*Epoch=370 LR=0.00026
GenLosses:[0.47316178381443025]
ClaLosses:[0.45983148335266194]
ErrorEval=0.00970

*Epoch=371 LR=0.00026
GenLosses:[0.4731764949858189]
ClaLosses:[0.4608503048089971]
ErrorEval=0.00880

*Epoch=372 LR=0.00026
GenLosses:[0.4722334548830986]
ClaLosses:[0.45940265759016363]
ErrorEval=0.00930

*Epoch=373 LR=0.00025
GenLosses:[0.4722517202297846]
ClaLosses:[0.4605330088040668]
ErrorEval=0.00880

*Epoch=374 LR=0.00025
GenLosses:[0.47313875183463094]
ClaLosses:[0.45960546511799094]
ErrorEval=0.00900

*Epoch=375 LR=0.00025
GenLosses:[0.4731353091696898]
ClaLosses:[0.4596952593049073]
ErrorEval=0.00890

*Epoch=376 LR=0.00025
GenLosses:[0.47325758611162505]
ClaLosses:[0.45982617840636836]
ErrorEval=0.00930

*Epoch=377 LR=0.00025
GenLosses:[0.4732816949486732]
ClaLosses:[0.46004720666553456]
ErrorEval=0.00960

*Epoch=378 LR=0.00025
GenLosses:[0.4730184393624465]
ClaLosses:[0.46037079267020525]
ErrorEval=0.00940

*Epoch=379 LR=0.00025
GenLosses:[0.4737260428567727]
ClaLosses:[0.4601132171070346]
ErrorEval=0.00890

*Epoch=380 LR=0.00025
GenLosses:[0.4742648827532927]
ClaLosses:[0.46131518301958124]
ErrorEval=0.00880

*Epoch=381 LR=0.00024
GenLosses:[0.4732193412880103]
ClaLosses:[0.4599190045028972]
ErrorEval=0.00930

*Epoch=382 LR=0.00024
GenLosses:[0.47269729574521385]
ClaLosses:[0.46001879069197915]
ErrorEval=0.00910

*Epoch=383 LR=0.00024
GenLosses:[0.4731132763127486]
ClaLosses:[0.45961147847008765]
ErrorEval=0.00960

*Epoch=384 LR=0.00024
GenLosses:[0.4733695318301519]
ClaLosses:[0.4593440998743789]
ErrorEval=0.00970

*Epoch=385 LR=0.00024
GenLosses:[0.47288717006643616]
ClaLosses:[0.4596891675808276]
ErrorEval=0.00920

*Epoch=386 LR=0.00024
GenLosses:[0.47315863519907]
ClaLosses:[0.4596902300973223]
ErrorEval=0.00960

*Epoch=387 LR=0.00024
GenLosses:[0.47291102409362795]
ClaLosses:[0.45990314809578015]
ErrorEval=0.00940

*Epoch=388 LR=0.00024
GenLosses:[0.4733421052495638]
ClaLosses:[0.4601430989907105]
ErrorEval=0.00930

*Epoch=389 LR=0.00023
GenLosses:[0.47275738790631294]
ClaLosses:[0.4601488028338608]
ErrorEval=0.00900

*Epoch=390 LR=0.00023
GenLosses:[0.4726719612876574]
ClaLosses:[0.45957226255767425]
ErrorEval=0.00910

*Epoch=391 LR=0.00023
GenLosses:[0.472345528503259]
ClaLosses:[0.45992779849953674]
ErrorEval=0.00910

*Epoch=392 LR=0.00023
GenLosses:[0.47379553094506266]
ClaLosses:[0.4599625169065033]
ErrorEval=0.00910

*Epoch=393 LR=0.00023
GenLosses:[0.47390784372886025]
ClaLosses:[0.4595250034366924]
ErrorEval=0.00910

*Epoch=394 LR=0.00023
GenLosses:[0.4737015781303247]
ClaLosses:[0.4605971427027277]
ErrorEval=0.00900

*Epoch=395 LR=0.00023
GenLosses:[0.473025710384051]
ClaLosses:[0.4601021968494787]
ErrorEval=0.00940

*Epoch=396 LR=0.00023
GenLosses:[0.47263123393058776]
ClaLosses:[0.4595634741750515]
ErrorEval=0.00910

*Epoch=397 LR=0.00023
GenLosses:[0.4730254389345646]
ClaLosses:[0.4597669120776092]
ErrorEval=0.00900

*Epoch=398 LR=0.00022
GenLosses:[0.47293530479073526]
ClaLosses:[0.4593036266547489]
ErrorEval=0.00930

*Epoch=399 LR=0.00022
GenLosses:[0.4737023485203584]
ClaLosses:[0.459807522501742]
ErrorEval=0.00930

